[2021-01-23 20:53:32,384] INFO: set_init_models_and_get_retrievals
[2021-01-23 20:53:32,384] INFO: set_init_models_and_get_retrievals
[2021-01-23 20:53:32,388] INFO: loading model_word2vec_bibl_bible_bcn
[2021-01-23 20:53:32,388] INFO: loading model_word2vec_bibl_bible_bcn
[2021-01-23 20:53:32,388] INFO: loading Word2Vec object from /Users/neo1/PycharmProjects/vec4irltr/model/ir/20210121231330551/model_word2vec_bibl_bible_bcn
[2021-01-23 20:53:32,388] INFO: loading Word2Vec object from /Users/neo1/PycharmProjects/vec4irltr/model/ir/20210121231330551/model_word2vec_bibl_bible_bcn
[2021-01-23 20:53:32,390] INFO: loading wv recursively from /Users/neo1/PycharmProjects/vec4irltr/model/ir/20210121231330551/model_word2vec_bibl_bible_bcn.wv.* with mmap=None
[2021-01-23 20:53:32,390] INFO: loading wv recursively from /Users/neo1/PycharmProjects/vec4irltr/model/ir/20210121231330551/model_word2vec_bibl_bible_bcn.wv.* with mmap=None
[2021-01-23 20:53:32,390] INFO: setting ignored attribute vectors_norm to None
[2021-01-23 20:53:32,390] INFO: setting ignored attribute vectors_norm to None
[2021-01-23 20:53:32,390] INFO: loading vocabulary recursively from /Users/neo1/PycharmProjects/vec4irltr/model/ir/20210121231330551/model_word2vec_bibl_bible_bcn.vocabulary.* with mmap=None
[2021-01-23 20:53:32,390] INFO: loading vocabulary recursively from /Users/neo1/PycharmProjects/vec4irltr/model/ir/20210121231330551/model_word2vec_bibl_bible_bcn.vocabulary.* with mmap=None
[2021-01-23 20:53:32,391] INFO: loading trainables recursively from /Users/neo1/PycharmProjects/vec4irltr/model/ir/20210121231330551/model_word2vec_bibl_bible_bcn.trainables.* with mmap=None
[2021-01-23 20:53:32,391] INFO: loading trainables recursively from /Users/neo1/PycharmProjects/vec4irltr/model/ir/20210121231330551/model_word2vec_bibl_bible_bcn.trainables.* with mmap=None
[2021-01-23 20:53:32,391] INFO: setting ignored attribute cum_table to None
[2021-01-23 20:53:32,391] INFO: setting ignored attribute cum_table to None
[2021-01-23 20:53:32,391] INFO: loaded /Users/neo1/PycharmProjects/vec4irltr/model/ir/20210121231330551/model_word2vec_bibl_bible_bcn
[2021-01-23 20:53:32,391] INFO: loaded /Users/neo1/PycharmProjects/vec4irltr/model/ir/20210121231330551/model_word2vec_bibl_bible_bcn
[2021-01-23 20:53:32,392] INFO: load time:0.0040090084075927734
[2021-01-23 20:53:32,392] INFO: load time:0.0040090084075927734
[2021-01-23 20:53:33,397] INFO: pid:47564 done | load time: 1.0087239742279053
[2021-01-23 20:53:33,397] INFO: pid:47564 done | load time: 1.0087239742279053
[2021-01-23 20:53:33,397] INFO: loading model_word2vec_bibl_content
[2021-01-23 20:53:33,397] INFO: loading model_word2vec_bibl_content
[2021-01-23 20:53:33,397] INFO: loading Word2Vec object from /Users/neo1/PycharmProjects/vec4irltr/model/ir/20210121231330551/model_word2vec_bibl_content
[2021-01-23 20:53:33,397] INFO: loading Word2Vec object from /Users/neo1/PycharmProjects/vec4irltr/model/ir/20210121231330551/model_word2vec_bibl_content
[2021-01-23 20:53:33,408] INFO: loading wv recursively from /Users/neo1/PycharmProjects/vec4irltr/model/ir/20210121231330551/model_word2vec_bibl_content.wv.* with mmap=None
[2021-01-23 20:53:33,408] INFO: loading wv recursively from /Users/neo1/PycharmProjects/vec4irltr/model/ir/20210121231330551/model_word2vec_bibl_content.wv.* with mmap=None
[2021-01-23 20:53:33,409] INFO: setting ignored attribute vectors_norm to None
[2021-01-23 20:53:33,409] INFO: setting ignored attribute vectors_norm to None
[2021-01-23 20:53:33,409] INFO: loading vocabulary recursively from /Users/neo1/PycharmProjects/vec4irltr/model/ir/20210121231330551/model_word2vec_bibl_content.vocabulary.* with mmap=None
[2021-01-23 20:53:33,409] INFO: loading vocabulary recursively from /Users/neo1/PycharmProjects/vec4irltr/model/ir/20210121231330551/model_word2vec_bibl_content.vocabulary.* with mmap=None
[2021-01-23 20:53:33,409] INFO: loading trainables recursively from /Users/neo1/PycharmProjects/vec4irltr/model/ir/20210121231330551/model_word2vec_bibl_content.trainables.* with mmap=None
[2021-01-23 20:53:33,409] INFO: loading trainables recursively from /Users/neo1/PycharmProjects/vec4irltr/model/ir/20210121231330551/model_word2vec_bibl_content.trainables.* with mmap=None
[2021-01-23 20:53:33,410] INFO: setting ignored attribute cum_table to None
[2021-01-23 20:53:33,410] INFO: setting ignored attribute cum_table to None
[2021-01-23 20:53:33,410] INFO: loaded /Users/neo1/PycharmProjects/vec4irltr/model/ir/20210121231330551/model_word2vec_bibl_content
[2021-01-23 20:53:33,410] INFO: loaded /Users/neo1/PycharmProjects/vec4irltr/model/ir/20210121231330551/model_word2vec_bibl_content
[2021-01-23 20:53:33,412] INFO: load time:0.014381885528564453
[2021-01-23 20:53:33,412] INFO: load time:0.014381885528564453
[2021-01-23 20:53:34,416] INFO: pid:47564 done | load time: 1.0189778804779053
[2021-01-23 20:53:34,416] INFO: pid:47564 done | load time: 1.0189778804779053
[2021-01-23 20:53:34,417] INFO: loading model_word2vec_bibl_econtent
[2021-01-23 20:53:34,417] INFO: loading model_word2vec_bibl_econtent
[2021-01-23 20:53:34,417] INFO: loading Word2Vec object from /Users/neo1/PycharmProjects/vec4irltr/model/ir/20210121231330551/model_word2vec_bibl_econtent
[2021-01-23 20:53:34,417] INFO: loading Word2Vec object from /Users/neo1/PycharmProjects/vec4irltr/model/ir/20210121231330551/model_word2vec_bibl_econtent
[2021-01-23 20:53:34,418] INFO: loading wv recursively from /Users/neo1/PycharmProjects/vec4irltr/model/ir/20210121231330551/model_word2vec_bibl_econtent.wv.* with mmap=None
[2021-01-23 20:53:34,418] INFO: loading wv recursively from /Users/neo1/PycharmProjects/vec4irltr/model/ir/20210121231330551/model_word2vec_bibl_econtent.wv.* with mmap=None
[2021-01-23 20:53:34,419] INFO: setting ignored attribute vectors_norm to None
[2021-01-23 20:53:34,419] INFO: setting ignored attribute vectors_norm to None
[2021-01-23 20:53:34,419] INFO: loading vocabulary recursively from /Users/neo1/PycharmProjects/vec4irltr/model/ir/20210121231330551/model_word2vec_bibl_econtent.vocabulary.* with mmap=None
[2021-01-23 20:53:34,419] INFO: loading vocabulary recursively from /Users/neo1/PycharmProjects/vec4irltr/model/ir/20210121231330551/model_word2vec_bibl_econtent.vocabulary.* with mmap=None
[2021-01-23 20:53:34,419] INFO: loading trainables recursively from /Users/neo1/PycharmProjects/vec4irltr/model/ir/20210121231330551/model_word2vec_bibl_econtent.trainables.* with mmap=None
[2021-01-23 20:53:34,419] INFO: loading trainables recursively from /Users/neo1/PycharmProjects/vec4irltr/model/ir/20210121231330551/model_word2vec_bibl_econtent.trainables.* with mmap=None
[2021-01-23 20:53:34,420] INFO: setting ignored attribute cum_table to None
[2021-01-23 20:53:34,420] INFO: setting ignored attribute cum_table to None
[2021-01-23 20:53:34,420] INFO: loaded /Users/neo1/PycharmProjects/vec4irltr/model/ir/20210121231330551/model_word2vec_bibl_econtent
[2021-01-23 20:53:34,420] INFO: loaded /Users/neo1/PycharmProjects/vec4irltr/model/ir/20210121231330551/model_word2vec_bibl_econtent
[2021-01-23 20:53:34,420] INFO: load time:0.0030820369720458984
[2021-01-23 20:53:34,420] INFO: load time:0.0030820369720458984
[2021-01-23 20:53:35,422] INFO: pid:47564 done | load time: 1.0046501159667969
[2021-01-23 20:53:35,422] INFO: pid:47564 done | load time: 1.0046501159667969
