[2021-01-24 02:33:05,433] INFO: set_init_models_and_get_retrievals
[2021-01-24 02:33:05,433] INFO: set_init_models_and_get_retrievals
[2021-01-24 02:33:05,439] INFO: loading model_word2vec_bibl_bible_bcn
[2021-01-24 02:33:05,439] INFO: loading model_word2vec_bibl_bible_bcn
[2021-01-24 02:33:05,440] INFO: loading Word2Vec object from /Users/neo1/PycharmProjects/vec4irltr/model/ir/20210121231330551/model_word2vec_bibl_bible_bcn
[2021-01-24 02:33:05,440] INFO: loading Word2Vec object from /Users/neo1/PycharmProjects/vec4irltr/model/ir/20210121231330551/model_word2vec_bibl_bible_bcn
[2021-01-24 02:33:05,443] INFO: loading wv recursively from /Users/neo1/PycharmProjects/vec4irltr/model/ir/20210121231330551/model_word2vec_bibl_bible_bcn.wv.* with mmap=None
[2021-01-24 02:33:05,443] INFO: loading wv recursively from /Users/neo1/PycharmProjects/vec4irltr/model/ir/20210121231330551/model_word2vec_bibl_bible_bcn.wv.* with mmap=None
[2021-01-24 02:33:05,443] INFO: setting ignored attribute vectors_norm to None
[2021-01-24 02:33:05,443] INFO: setting ignored attribute vectors_norm to None
[2021-01-24 02:33:05,444] INFO: loading vocabulary recursively from /Users/neo1/PycharmProjects/vec4irltr/model/ir/20210121231330551/model_word2vec_bibl_bible_bcn.vocabulary.* with mmap=None
[2021-01-24 02:33:05,444] INFO: loading vocabulary recursively from /Users/neo1/PycharmProjects/vec4irltr/model/ir/20210121231330551/model_word2vec_bibl_bible_bcn.vocabulary.* with mmap=None
[2021-01-24 02:33:05,445] INFO: loading trainables recursively from /Users/neo1/PycharmProjects/vec4irltr/model/ir/20210121231330551/model_word2vec_bibl_bible_bcn.trainables.* with mmap=None
[2021-01-24 02:33:05,445] INFO: loading trainables recursively from /Users/neo1/PycharmProjects/vec4irltr/model/ir/20210121231330551/model_word2vec_bibl_bible_bcn.trainables.* with mmap=None
[2021-01-24 02:33:05,445] INFO: setting ignored attribute cum_table to None
[2021-01-24 02:33:05,445] INFO: setting ignored attribute cum_table to None
[2021-01-24 02:33:05,446] INFO: loaded /Users/neo1/PycharmProjects/vec4irltr/model/ir/20210121231330551/model_word2vec_bibl_bible_bcn
[2021-01-24 02:33:05,446] INFO: loaded /Users/neo1/PycharmProjects/vec4irltr/model/ir/20210121231330551/model_word2vec_bibl_bible_bcn
[2021-01-24 02:33:05,447] INFO: load time:0.007411956787109375
[2021-01-24 02:33:05,447] INFO: load time:0.007411956787109375
[2021-01-24 02:33:06,453] INFO: pid:71693 done | load time: 1.0126521587371826
[2021-01-24 02:33:06,453] INFO: pid:71693 done | load time: 1.0126521587371826
[2021-01-24 02:33:06,453] INFO: loading model_word2vec_bibl_content
[2021-01-24 02:33:06,453] INFO: loading model_word2vec_bibl_content
[2021-01-24 02:33:06,454] INFO: loading Word2Vec object from /Users/neo1/PycharmProjects/vec4irltr/model/ir/20210121231330551/model_word2vec_bibl_content
[2021-01-24 02:33:06,454] INFO: loading Word2Vec object from /Users/neo1/PycharmProjects/vec4irltr/model/ir/20210121231330551/model_word2vec_bibl_content
[2021-01-24 02:33:06,465] INFO: loading wv recursively from /Users/neo1/PycharmProjects/vec4irltr/model/ir/20210121231330551/model_word2vec_bibl_content.wv.* with mmap=None
[2021-01-24 02:33:06,465] INFO: loading wv recursively from /Users/neo1/PycharmProjects/vec4irltr/model/ir/20210121231330551/model_word2vec_bibl_content.wv.* with mmap=None
[2021-01-24 02:33:06,466] INFO: setting ignored attribute vectors_norm to None
[2021-01-24 02:33:06,466] INFO: setting ignored attribute vectors_norm to None
[2021-01-24 02:33:06,467] INFO: loading vocabulary recursively from /Users/neo1/PycharmProjects/vec4irltr/model/ir/20210121231330551/model_word2vec_bibl_content.vocabulary.* with mmap=None
[2021-01-24 02:33:06,467] INFO: loading vocabulary recursively from /Users/neo1/PycharmProjects/vec4irltr/model/ir/20210121231330551/model_word2vec_bibl_content.vocabulary.* with mmap=None
[2021-01-24 02:33:06,467] INFO: loading trainables recursively from /Users/neo1/PycharmProjects/vec4irltr/model/ir/20210121231330551/model_word2vec_bibl_content.trainables.* with mmap=None
[2021-01-24 02:33:06,467] INFO: loading trainables recursively from /Users/neo1/PycharmProjects/vec4irltr/model/ir/20210121231330551/model_word2vec_bibl_content.trainables.* with mmap=None
[2021-01-24 02:33:06,468] INFO: setting ignored attribute cum_table to None
[2021-01-24 02:33:06,468] INFO: setting ignored attribute cum_table to None
[2021-01-24 02:33:06,469] INFO: loaded /Users/neo1/PycharmProjects/vec4irltr/model/ir/20210121231330551/model_word2vec_bibl_content
[2021-01-24 02:33:06,469] INFO: loaded /Users/neo1/PycharmProjects/vec4irltr/model/ir/20210121231330551/model_word2vec_bibl_content
[2021-01-24 02:33:06,472] INFO: load time:0.01813793182373047
[2021-01-24 02:33:06,472] INFO: load time:0.01813793182373047
[2021-01-24 02:33:07,476] INFO: pid:71693 done | load time: 1.0225069522857666
[2021-01-24 02:33:07,476] INFO: pid:71693 done | load time: 1.0225069522857666
[2021-01-24 02:33:07,477] INFO: loading model_word2vec_bibl_econtent
[2021-01-24 02:33:07,477] INFO: loading model_word2vec_bibl_econtent
[2021-01-24 02:33:07,478] INFO: loading Word2Vec object from /Users/neo1/PycharmProjects/vec4irltr/model/ir/20210121231330551/model_word2vec_bibl_econtent
[2021-01-24 02:33:07,478] INFO: loading Word2Vec object from /Users/neo1/PycharmProjects/vec4irltr/model/ir/20210121231330551/model_word2vec_bibl_econtent
[2021-01-24 02:33:07,479] INFO: loading wv recursively from /Users/neo1/PycharmProjects/vec4irltr/model/ir/20210121231330551/model_word2vec_bibl_econtent.wv.* with mmap=None
[2021-01-24 02:33:07,479] INFO: loading wv recursively from /Users/neo1/PycharmProjects/vec4irltr/model/ir/20210121231330551/model_word2vec_bibl_econtent.wv.* with mmap=None
[2021-01-24 02:33:07,480] INFO: setting ignored attribute vectors_norm to None
[2021-01-24 02:33:07,480] INFO: setting ignored attribute vectors_norm to None
[2021-01-24 02:33:07,481] INFO: loading vocabulary recursively from /Users/neo1/PycharmProjects/vec4irltr/model/ir/20210121231330551/model_word2vec_bibl_econtent.vocabulary.* with mmap=None
[2021-01-24 02:33:07,481] INFO: loading vocabulary recursively from /Users/neo1/PycharmProjects/vec4irltr/model/ir/20210121231330551/model_word2vec_bibl_econtent.vocabulary.* with mmap=None
[2021-01-24 02:33:07,481] INFO: loading trainables recursively from /Users/neo1/PycharmProjects/vec4irltr/model/ir/20210121231330551/model_word2vec_bibl_econtent.trainables.* with mmap=None
[2021-01-24 02:33:07,481] INFO: loading trainables recursively from /Users/neo1/PycharmProjects/vec4irltr/model/ir/20210121231330551/model_word2vec_bibl_econtent.trainables.* with mmap=None
[2021-01-24 02:33:07,482] INFO: setting ignored attribute cum_table to None
[2021-01-24 02:33:07,482] INFO: setting ignored attribute cum_table to None
[2021-01-24 02:33:07,483] INFO: loaded /Users/neo1/PycharmProjects/vec4irltr/model/ir/20210121231330551/model_word2vec_bibl_econtent
[2021-01-24 02:33:07,483] INFO: loaded /Users/neo1/PycharmProjects/vec4irltr/model/ir/20210121231330551/model_word2vec_bibl_econtent
[2021-01-24 02:33:07,483] INFO: load time:0.005593299865722656
[2021-01-24 02:33:07,483] INFO: load time:0.005593299865722656
[2021-01-24 02:33:08,486] INFO: pid:71693 done | load time: 1.0086400508880615
[2021-01-24 02:33:08,486] INFO: pid:71693 done | load time: 1.0086400508880615
[2021-01-24 02:33:50,432] INFO: set_init_models_and_get_retrievals
[2021-01-24 02:33:50,432] INFO: set_init_models_and_get_retrievals
[2021-01-24 02:33:50,438] INFO: loading model_word2vec_bibl_bible_bcn
[2021-01-24 02:33:50,438] INFO: loading model_word2vec_bibl_bible_bcn
[2021-01-24 02:33:50,439] INFO: loading Word2Vec object from /Users/neo1/PycharmProjects/vec4irltr/model/ir/20210121231330551/model_word2vec_bibl_bible_bcn
[2021-01-24 02:33:50,439] INFO: loading Word2Vec object from /Users/neo1/PycharmProjects/vec4irltr/model/ir/20210121231330551/model_word2vec_bibl_bible_bcn
[2021-01-24 02:33:50,442] INFO: loading wv recursively from /Users/neo1/PycharmProjects/vec4irltr/model/ir/20210121231330551/model_word2vec_bibl_bible_bcn.wv.* with mmap=None
[2021-01-24 02:33:50,442] INFO: loading wv recursively from /Users/neo1/PycharmProjects/vec4irltr/model/ir/20210121231330551/model_word2vec_bibl_bible_bcn.wv.* with mmap=None
[2021-01-24 02:33:50,443] INFO: setting ignored attribute vectors_norm to None
[2021-01-24 02:33:50,443] INFO: setting ignored attribute vectors_norm to None
[2021-01-24 02:33:50,443] INFO: loading vocabulary recursively from /Users/neo1/PycharmProjects/vec4irltr/model/ir/20210121231330551/model_word2vec_bibl_bible_bcn.vocabulary.* with mmap=None
[2021-01-24 02:33:50,443] INFO: loading vocabulary recursively from /Users/neo1/PycharmProjects/vec4irltr/model/ir/20210121231330551/model_word2vec_bibl_bible_bcn.vocabulary.* with mmap=None
[2021-01-24 02:33:50,444] INFO: loading trainables recursively from /Users/neo1/PycharmProjects/vec4irltr/model/ir/20210121231330551/model_word2vec_bibl_bible_bcn.trainables.* with mmap=None
[2021-01-24 02:33:50,444] INFO: loading trainables recursively from /Users/neo1/PycharmProjects/vec4irltr/model/ir/20210121231330551/model_word2vec_bibl_bible_bcn.trainables.* with mmap=None
[2021-01-24 02:33:50,444] INFO: setting ignored attribute cum_table to None
[2021-01-24 02:33:50,444] INFO: setting ignored attribute cum_table to None
[2021-01-24 02:33:50,445] INFO: loaded /Users/neo1/PycharmProjects/vec4irltr/model/ir/20210121231330551/model_word2vec_bibl_bible_bcn
[2021-01-24 02:33:50,445] INFO: loaded /Users/neo1/PycharmProjects/vec4irltr/model/ir/20210121231330551/model_word2vec_bibl_bible_bcn
[2021-01-24 02:33:50,446] INFO: load time:0.007102012634277344
[2021-01-24 02:33:50,446] INFO: load time:0.007102012634277344
[2021-01-24 02:33:51,448] INFO: pid:71757 done | load time: 1.0087802410125732
[2021-01-24 02:33:51,448] INFO: pid:71757 done | load time: 1.0087802410125732
[2021-01-24 02:33:51,448] INFO: loading model_word2vec_bibl_content
[2021-01-24 02:33:51,448] INFO: loading model_word2vec_bibl_content
[2021-01-24 02:33:51,449] INFO: loading Word2Vec object from /Users/neo1/PycharmProjects/vec4irltr/model/ir/20210121231330551/model_word2vec_bibl_content
[2021-01-24 02:33:51,449] INFO: loading Word2Vec object from /Users/neo1/PycharmProjects/vec4irltr/model/ir/20210121231330551/model_word2vec_bibl_content
[2021-01-24 02:33:51,460] INFO: loading wv recursively from /Users/neo1/PycharmProjects/vec4irltr/model/ir/20210121231330551/model_word2vec_bibl_content.wv.* with mmap=None
[2021-01-24 02:33:51,460] INFO: loading wv recursively from /Users/neo1/PycharmProjects/vec4irltr/model/ir/20210121231330551/model_word2vec_bibl_content.wv.* with mmap=None
[2021-01-24 02:33:51,461] INFO: setting ignored attribute vectors_norm to None
[2021-01-24 02:33:51,461] INFO: setting ignored attribute vectors_norm to None
[2021-01-24 02:33:51,462] INFO: loading vocabulary recursively from /Users/neo1/PycharmProjects/vec4irltr/model/ir/20210121231330551/model_word2vec_bibl_content.vocabulary.* with mmap=None
[2021-01-24 02:33:51,462] INFO: loading vocabulary recursively from /Users/neo1/PycharmProjects/vec4irltr/model/ir/20210121231330551/model_word2vec_bibl_content.vocabulary.* with mmap=None
[2021-01-24 02:33:51,462] INFO: loading trainables recursively from /Users/neo1/PycharmProjects/vec4irltr/model/ir/20210121231330551/model_word2vec_bibl_content.trainables.* with mmap=None
[2021-01-24 02:33:51,462] INFO: loading trainables recursively from /Users/neo1/PycharmProjects/vec4irltr/model/ir/20210121231330551/model_word2vec_bibl_content.trainables.* with mmap=None
[2021-01-24 02:33:51,463] INFO: setting ignored attribute cum_table to None
[2021-01-24 02:33:51,463] INFO: setting ignored attribute cum_table to None
[2021-01-24 02:33:51,463] INFO: loaded /Users/neo1/PycharmProjects/vec4irltr/model/ir/20210121231330551/model_word2vec_bibl_content
[2021-01-24 02:33:51,463] INFO: loaded /Users/neo1/PycharmProjects/vec4irltr/model/ir/20210121231330551/model_word2vec_bibl_content
[2021-01-24 02:33:51,467] INFO: load time:0.017941951751708984
[2021-01-24 02:33:51,467] INFO: load time:0.017941951751708984
[2021-01-24 02:33:52,471] INFO: pid:71757 done | load time: 1.021914005279541
[2021-01-24 02:33:52,471] INFO: pid:71757 done | load time: 1.021914005279541
[2021-01-24 02:33:52,472] INFO: loading model_word2vec_bibl_econtent
[2021-01-24 02:33:52,472] INFO: loading model_word2vec_bibl_econtent
[2021-01-24 02:33:52,473] INFO: loading Word2Vec object from /Users/neo1/PycharmProjects/vec4irltr/model/ir/20210121231330551/model_word2vec_bibl_econtent
[2021-01-24 02:33:52,473] INFO: loading Word2Vec object from /Users/neo1/PycharmProjects/vec4irltr/model/ir/20210121231330551/model_word2vec_bibl_econtent
[2021-01-24 02:33:52,475] INFO: loading wv recursively from /Users/neo1/PycharmProjects/vec4irltr/model/ir/20210121231330551/model_word2vec_bibl_econtent.wv.* with mmap=None
[2021-01-24 02:33:52,475] INFO: loading wv recursively from /Users/neo1/PycharmProjects/vec4irltr/model/ir/20210121231330551/model_word2vec_bibl_econtent.wv.* with mmap=None
[2021-01-24 02:33:52,475] INFO: setting ignored attribute vectors_norm to None
[2021-01-24 02:33:52,475] INFO: setting ignored attribute vectors_norm to None
[2021-01-24 02:33:52,476] INFO: loading vocabulary recursively from /Users/neo1/PycharmProjects/vec4irltr/model/ir/20210121231330551/model_word2vec_bibl_econtent.vocabulary.* with mmap=None
[2021-01-24 02:33:52,476] INFO: loading vocabulary recursively from /Users/neo1/PycharmProjects/vec4irltr/model/ir/20210121231330551/model_word2vec_bibl_econtent.vocabulary.* with mmap=None
[2021-01-24 02:33:52,477] INFO: loading trainables recursively from /Users/neo1/PycharmProjects/vec4irltr/model/ir/20210121231330551/model_word2vec_bibl_econtent.trainables.* with mmap=None
[2021-01-24 02:33:52,477] INFO: loading trainables recursively from /Users/neo1/PycharmProjects/vec4irltr/model/ir/20210121231330551/model_word2vec_bibl_econtent.trainables.* with mmap=None
[2021-01-24 02:33:52,477] INFO: setting ignored attribute cum_table to None
[2021-01-24 02:33:52,477] INFO: setting ignored attribute cum_table to None
[2021-01-24 02:33:52,478] INFO: loaded /Users/neo1/PycharmProjects/vec4irltr/model/ir/20210121231330551/model_word2vec_bibl_econtent
[2021-01-24 02:33:52,478] INFO: loaded /Users/neo1/PycharmProjects/vec4irltr/model/ir/20210121231330551/model_word2vec_bibl_econtent
[2021-01-24 02:33:52,479] INFO: load time:0.006269931793212891
[2021-01-24 02:33:52,479] INFO: load time:0.006269931793212891
[2021-01-24 02:33:53,483] INFO: pid:71757 done | load time: 1.0107920169830322
[2021-01-24 02:33:53,483] INFO: pid:71757 done | load time: 1.0107920169830322
