[2021-01-23 19:05:37,419] INFO: set_init_models_and_get_retrievals
[2021-01-23 19:05:37,419] INFO: set_init_models_and_get_retrievals
[2021-01-23 19:05:37,425] INFO: loading model_word2vec_bibl_bible_bcn
[2021-01-23 19:05:37,425] INFO: loading model_word2vec_bibl_bible_bcn
[2021-01-23 19:05:37,425] INFO: loading Word2Vec object from /Users/neo1/PycharmProjects/vec4irltr/model/ir/20210121231330551/model_word2vec_bibl_bible_bcn
[2021-01-23 19:05:37,425] INFO: loading Word2Vec object from /Users/neo1/PycharmProjects/vec4irltr/model/ir/20210121231330551/model_word2vec_bibl_bible_bcn
[2021-01-23 19:05:37,428] INFO: loading wv recursively from /Users/neo1/PycharmProjects/vec4irltr/model/ir/20210121231330551/model_word2vec_bibl_bible_bcn.wv.* with mmap=None
[2021-01-23 19:05:37,428] INFO: loading wv recursively from /Users/neo1/PycharmProjects/vec4irltr/model/ir/20210121231330551/model_word2vec_bibl_bible_bcn.wv.* with mmap=None
[2021-01-23 19:05:37,429] INFO: setting ignored attribute vectors_norm to None
[2021-01-23 19:05:37,429] INFO: setting ignored attribute vectors_norm to None
[2021-01-23 19:05:37,429] INFO: loading vocabulary recursively from /Users/neo1/PycharmProjects/vec4irltr/model/ir/20210121231330551/model_word2vec_bibl_bible_bcn.vocabulary.* with mmap=None
[2021-01-23 19:05:37,429] INFO: loading vocabulary recursively from /Users/neo1/PycharmProjects/vec4irltr/model/ir/20210121231330551/model_word2vec_bibl_bible_bcn.vocabulary.* with mmap=None
[2021-01-23 19:05:37,430] INFO: loading trainables recursively from /Users/neo1/PycharmProjects/vec4irltr/model/ir/20210121231330551/model_word2vec_bibl_bible_bcn.trainables.* with mmap=None
[2021-01-23 19:05:37,430] INFO: loading trainables recursively from /Users/neo1/PycharmProjects/vec4irltr/model/ir/20210121231330551/model_word2vec_bibl_bible_bcn.trainables.* with mmap=None
[2021-01-23 19:05:37,431] INFO: setting ignored attribute cum_table to None
[2021-01-23 19:05:37,431] INFO: setting ignored attribute cum_table to None
[2021-01-23 19:05:37,431] INFO: loaded /Users/neo1/PycharmProjects/vec4irltr/model/ir/20210121231330551/model_word2vec_bibl_bible_bcn
[2021-01-23 19:05:37,431] INFO: loaded /Users/neo1/PycharmProjects/vec4irltr/model/ir/20210121231330551/model_word2vec_bibl_bible_bcn
[2021-01-23 19:05:37,432] INFO: load time:0.006579160690307617
[2021-01-23 19:05:37,432] INFO: load time:0.006579160690307617
[2021-01-23 19:05:38,437] INFO: pid:39700 done | load time: 1.0117483139038086
[2021-01-23 19:05:38,437] INFO: pid:39700 done | load time: 1.0117483139038086
[2021-01-23 19:05:38,438] INFO: loading model_word2vec_bibl_content
[2021-01-23 19:05:38,438] INFO: loading model_word2vec_bibl_content
[2021-01-23 19:05:38,439] INFO: loading Word2Vec object from /Users/neo1/PycharmProjects/vec4irltr/model/ir/20210121231330551/model_word2vec_bibl_content
[2021-01-23 19:05:38,439] INFO: loading Word2Vec object from /Users/neo1/PycharmProjects/vec4irltr/model/ir/20210121231330551/model_word2vec_bibl_content
[2021-01-23 19:05:38,450] INFO: loading wv recursively from /Users/neo1/PycharmProjects/vec4irltr/model/ir/20210121231330551/model_word2vec_bibl_content.wv.* with mmap=None
[2021-01-23 19:05:38,450] INFO: loading wv recursively from /Users/neo1/PycharmProjects/vec4irltr/model/ir/20210121231330551/model_word2vec_bibl_content.wv.* with mmap=None
[2021-01-23 19:05:38,450] INFO: setting ignored attribute vectors_norm to None
[2021-01-23 19:05:38,450] INFO: setting ignored attribute vectors_norm to None
[2021-01-23 19:05:38,451] INFO: loading vocabulary recursively from /Users/neo1/PycharmProjects/vec4irltr/model/ir/20210121231330551/model_word2vec_bibl_content.vocabulary.* with mmap=None
[2021-01-23 19:05:38,451] INFO: loading vocabulary recursively from /Users/neo1/PycharmProjects/vec4irltr/model/ir/20210121231330551/model_word2vec_bibl_content.vocabulary.* with mmap=None
[2021-01-23 19:05:38,452] INFO: loading trainables recursively from /Users/neo1/PycharmProjects/vec4irltr/model/ir/20210121231330551/model_word2vec_bibl_content.trainables.* with mmap=None
[2021-01-23 19:05:38,452] INFO: loading trainables recursively from /Users/neo1/PycharmProjects/vec4irltr/model/ir/20210121231330551/model_word2vec_bibl_content.trainables.* with mmap=None
[2021-01-23 19:05:38,453] INFO: setting ignored attribute cum_table to None
[2021-01-23 19:05:38,453] INFO: setting ignored attribute cum_table to None
[2021-01-23 19:05:38,453] INFO: loaded /Users/neo1/PycharmProjects/vec4irltr/model/ir/20210121231330551/model_word2vec_bibl_content
[2021-01-23 19:05:38,453] INFO: loaded /Users/neo1/PycharmProjects/vec4irltr/model/ir/20210121231330551/model_word2vec_bibl_content
[2021-01-23 19:05:38,457] INFO: load time:0.01839900016784668
[2021-01-23 19:05:38,457] INFO: load time:0.01839900016784668
[2021-01-23 19:05:39,460] INFO: pid:39700 done | load time: 1.0210680961608887
[2021-01-23 19:05:39,460] INFO: pid:39700 done | load time: 1.0210680961608887
[2021-01-23 19:05:39,461] INFO: loading model_word2vec_bibl_econtent
[2021-01-23 19:05:39,461] INFO: loading model_word2vec_bibl_econtent
[2021-01-23 19:05:39,461] INFO: loading Word2Vec object from /Users/neo1/PycharmProjects/vec4irltr/model/ir/20210121231330551/model_word2vec_bibl_econtent
[2021-01-23 19:05:39,461] INFO: loading Word2Vec object from /Users/neo1/PycharmProjects/vec4irltr/model/ir/20210121231330551/model_word2vec_bibl_econtent
[2021-01-23 19:05:39,463] INFO: loading wv recursively from /Users/neo1/PycharmProjects/vec4irltr/model/ir/20210121231330551/model_word2vec_bibl_econtent.wv.* with mmap=None
[2021-01-23 19:05:39,463] INFO: loading wv recursively from /Users/neo1/PycharmProjects/vec4irltr/model/ir/20210121231330551/model_word2vec_bibl_econtent.wv.* with mmap=None
[2021-01-23 19:05:39,464] INFO: setting ignored attribute vectors_norm to None
[2021-01-23 19:05:39,464] INFO: setting ignored attribute vectors_norm to None
[2021-01-23 19:05:39,465] INFO: loading vocabulary recursively from /Users/neo1/PycharmProjects/vec4irltr/model/ir/20210121231330551/model_word2vec_bibl_econtent.vocabulary.* with mmap=None
[2021-01-23 19:05:39,465] INFO: loading vocabulary recursively from /Users/neo1/PycharmProjects/vec4irltr/model/ir/20210121231330551/model_word2vec_bibl_econtent.vocabulary.* with mmap=None
[2021-01-23 19:05:39,465] INFO: loading trainables recursively from /Users/neo1/PycharmProjects/vec4irltr/model/ir/20210121231330551/model_word2vec_bibl_econtent.trainables.* with mmap=None
[2021-01-23 19:05:39,465] INFO: loading trainables recursively from /Users/neo1/PycharmProjects/vec4irltr/model/ir/20210121231330551/model_word2vec_bibl_econtent.trainables.* with mmap=None
[2021-01-23 19:05:39,466] INFO: setting ignored attribute cum_table to None
[2021-01-23 19:05:39,466] INFO: setting ignored attribute cum_table to None
[2021-01-23 19:05:39,467] INFO: loaded /Users/neo1/PycharmProjects/vec4irltr/model/ir/20210121231330551/model_word2vec_bibl_econtent
[2021-01-23 19:05:39,467] INFO: loaded /Users/neo1/PycharmProjects/vec4irltr/model/ir/20210121231330551/model_word2vec_bibl_econtent
[2021-01-23 19:05:39,467] INFO: load time:0.006114959716796875
[2021-01-23 19:05:39,467] INFO: load time:0.006114959716796875
[2021-01-23 19:05:40,471] INFO: pid:39700 done | load time: 1.009263038635254
[2021-01-23 19:05:40,471] INFO: pid:39700 done | load time: 1.009263038635254
