[2021-01-24 10:57:08,683] INFO: set_init_models_and_get_retrievals
[2021-01-24 10:57:08,683] INFO: set_init_models_and_get_retrievals
[2021-01-24 10:57:08,687] INFO: loading model_word2vec_bibl_bible_bcn
[2021-01-24 10:57:08,687] INFO: loading model_word2vec_bibl_bible_bcn
[2021-01-24 10:57:08,688] INFO: loading Word2Vec object from /Users/neo1/PycharmProjects/vec4irltr/model/ir/20210121231330551/model_word2vec_bibl_bible_bcn
[2021-01-24 10:57:08,688] INFO: loading Word2Vec object from /Users/neo1/PycharmProjects/vec4irltr/model/ir/20210121231330551/model_word2vec_bibl_bible_bcn
[2021-01-24 10:57:08,690] INFO: loading wv recursively from /Users/neo1/PycharmProjects/vec4irltr/model/ir/20210121231330551/model_word2vec_bibl_bible_bcn.wv.* with mmap=None
[2021-01-24 10:57:08,690] INFO: loading wv recursively from /Users/neo1/PycharmProjects/vec4irltr/model/ir/20210121231330551/model_word2vec_bibl_bible_bcn.wv.* with mmap=None
[2021-01-24 10:57:08,691] INFO: setting ignored attribute vectors_norm to None
[2021-01-24 10:57:08,691] INFO: setting ignored attribute vectors_norm to None
[2021-01-24 10:57:08,692] INFO: loading vocabulary recursively from /Users/neo1/PycharmProjects/vec4irltr/model/ir/20210121231330551/model_word2vec_bibl_bible_bcn.vocabulary.* with mmap=None
[2021-01-24 10:57:08,692] INFO: loading vocabulary recursively from /Users/neo1/PycharmProjects/vec4irltr/model/ir/20210121231330551/model_word2vec_bibl_bible_bcn.vocabulary.* with mmap=None
[2021-01-24 10:57:08,692] INFO: loading trainables recursively from /Users/neo1/PycharmProjects/vec4irltr/model/ir/20210121231330551/model_word2vec_bibl_bible_bcn.trainables.* with mmap=None
[2021-01-24 10:57:08,692] INFO: loading trainables recursively from /Users/neo1/PycharmProjects/vec4irltr/model/ir/20210121231330551/model_word2vec_bibl_bible_bcn.trainables.* with mmap=None
[2021-01-24 10:57:08,693] INFO: setting ignored attribute cum_table to None
[2021-01-24 10:57:08,693] INFO: setting ignored attribute cum_table to None
[2021-01-24 10:57:08,693] INFO: loaded /Users/neo1/PycharmProjects/vec4irltr/model/ir/20210121231330551/model_word2vec_bibl_bible_bcn
[2021-01-24 10:57:08,693] INFO: loaded /Users/neo1/PycharmProjects/vec4irltr/model/ir/20210121231330551/model_word2vec_bibl_bible_bcn
[2021-01-24 10:57:08,694] INFO: load time:0.006044864654541016
[2021-01-24 10:57:08,694] INFO: load time:0.006044864654541016
[2021-01-24 10:57:09,699] INFO: pid:2377 done | load time: 1.0114891529083252
[2021-01-24 10:57:09,699] INFO: pid:2377 done | load time: 1.0114891529083252
[2021-01-24 10:57:09,700] INFO: loading model_word2vec_bibl_content
[2021-01-24 10:57:09,700] INFO: loading model_word2vec_bibl_content
[2021-01-24 10:57:09,700] INFO: loading Word2Vec object from /Users/neo1/PycharmProjects/vec4irltr/model/ir/20210121231330551/model_word2vec_bibl_content
[2021-01-24 10:57:09,700] INFO: loading Word2Vec object from /Users/neo1/PycharmProjects/vec4irltr/model/ir/20210121231330551/model_word2vec_bibl_content
[2021-01-24 10:57:09,711] INFO: loading wv recursively from /Users/neo1/PycharmProjects/vec4irltr/model/ir/20210121231330551/model_word2vec_bibl_content.wv.* with mmap=None
[2021-01-24 10:57:09,711] INFO: loading wv recursively from /Users/neo1/PycharmProjects/vec4irltr/model/ir/20210121231330551/model_word2vec_bibl_content.wv.* with mmap=None
[2021-01-24 10:57:09,711] INFO: setting ignored attribute vectors_norm to None
[2021-01-24 10:57:09,711] INFO: setting ignored attribute vectors_norm to None
[2021-01-24 10:57:09,711] INFO: loading vocabulary recursively from /Users/neo1/PycharmProjects/vec4irltr/model/ir/20210121231330551/model_word2vec_bibl_content.vocabulary.* with mmap=None
[2021-01-24 10:57:09,711] INFO: loading vocabulary recursively from /Users/neo1/PycharmProjects/vec4irltr/model/ir/20210121231330551/model_word2vec_bibl_content.vocabulary.* with mmap=None
[2021-01-24 10:57:09,712] INFO: loading trainables recursively from /Users/neo1/PycharmProjects/vec4irltr/model/ir/20210121231330551/model_word2vec_bibl_content.trainables.* with mmap=None
[2021-01-24 10:57:09,712] INFO: loading trainables recursively from /Users/neo1/PycharmProjects/vec4irltr/model/ir/20210121231330551/model_word2vec_bibl_content.trainables.* with mmap=None
[2021-01-24 10:57:09,712] INFO: setting ignored attribute cum_table to None
[2021-01-24 10:57:09,712] INFO: setting ignored attribute cum_table to None
[2021-01-24 10:57:09,712] INFO: loaded /Users/neo1/PycharmProjects/vec4irltr/model/ir/20210121231330551/model_word2vec_bibl_content
[2021-01-24 10:57:09,712] INFO: loaded /Users/neo1/PycharmProjects/vec4irltr/model/ir/20210121231330551/model_word2vec_bibl_content
[2021-01-24 10:57:09,714] INFO: load time:0.013837099075317383
[2021-01-24 10:57:09,714] INFO: load time:0.013837099075317383
[2021-01-24 10:57:10,718] INFO: pid:2377 done | load time: 1.017791986465454
[2021-01-24 10:57:10,718] INFO: pid:2377 done | load time: 1.017791986465454
[2021-01-24 10:57:10,719] INFO: loading model_word2vec_bibl_econtent
[2021-01-24 10:57:10,719] INFO: loading model_word2vec_bibl_econtent
[2021-01-24 10:57:10,719] INFO: loading Word2Vec object from /Users/neo1/PycharmProjects/vec4irltr/model/ir/20210121231330551/model_word2vec_bibl_econtent
[2021-01-24 10:57:10,719] INFO: loading Word2Vec object from /Users/neo1/PycharmProjects/vec4irltr/model/ir/20210121231330551/model_word2vec_bibl_econtent
[2021-01-24 10:57:10,721] INFO: loading wv recursively from /Users/neo1/PycharmProjects/vec4irltr/model/ir/20210121231330551/model_word2vec_bibl_econtent.wv.* with mmap=None
[2021-01-24 10:57:10,721] INFO: loading wv recursively from /Users/neo1/PycharmProjects/vec4irltr/model/ir/20210121231330551/model_word2vec_bibl_econtent.wv.* with mmap=None
[2021-01-24 10:57:10,721] INFO: setting ignored attribute vectors_norm to None
[2021-01-24 10:57:10,721] INFO: setting ignored attribute vectors_norm to None
[2021-01-24 10:57:10,721] INFO: loading vocabulary recursively from /Users/neo1/PycharmProjects/vec4irltr/model/ir/20210121231330551/model_word2vec_bibl_econtent.vocabulary.* with mmap=None
[2021-01-24 10:57:10,721] INFO: loading vocabulary recursively from /Users/neo1/PycharmProjects/vec4irltr/model/ir/20210121231330551/model_word2vec_bibl_econtent.vocabulary.* with mmap=None
[2021-01-24 10:57:10,722] INFO: loading trainables recursively from /Users/neo1/PycharmProjects/vec4irltr/model/ir/20210121231330551/model_word2vec_bibl_econtent.trainables.* with mmap=None
[2021-01-24 10:57:10,722] INFO: loading trainables recursively from /Users/neo1/PycharmProjects/vec4irltr/model/ir/20210121231330551/model_word2vec_bibl_econtent.trainables.* with mmap=None
[2021-01-24 10:57:10,722] INFO: setting ignored attribute cum_table to None
[2021-01-24 10:57:10,722] INFO: setting ignored attribute cum_table to None
[2021-01-24 10:57:10,723] INFO: loaded /Users/neo1/PycharmProjects/vec4irltr/model/ir/20210121231330551/model_word2vec_bibl_econtent
[2021-01-24 10:57:10,723] INFO: loaded /Users/neo1/PycharmProjects/vec4irltr/model/ir/20210121231330551/model_word2vec_bibl_econtent
[2021-01-24 10:57:10,723] INFO: load time:0.003880023956298828
[2021-01-24 10:57:10,723] INFO: load time:0.003880023956298828
[2021-01-24 10:57:11,728] INFO: pid:2377 done | load time: 1.0083658695220947
[2021-01-24 10:57:11,728] INFO: pid:2377 done | load time: 1.0083658695220947
[2021-01-24 10:57:20,182] INFO: api/search?q=하나님
[2021-01-24 10:57:20,182] INFO: api/search?q=하나님
[2021-01-24 12:25:41,090] WARNING: Not Found: /api2/search
[2021-01-24 12:25:41,090] WARNING: Not Found: /api2/search
[2021-01-24 12:26:00,043] WARNING: Not Found: /api2/docs
[2021-01-24 12:26:00,043] WARNING: Not Found: /api2/docs
