[2021-01-23 22:30:45,586] INFO: set_init_models_and_get_retrievals
[2021-01-23 22:30:45,586] INFO: set_init_models_and_get_retrievals
[2021-01-23 22:30:45,589] INFO: loading model_word2vec_bibl_bible_bcn
[2021-01-23 22:30:45,589] INFO: loading model_word2vec_bibl_bible_bcn
[2021-01-23 22:30:45,590] INFO: loading Word2Vec object from /Users/neo1/PycharmProjects/vec4irltr/model/ir/20210121231330551/model_word2vec_bibl_bible_bcn
[2021-01-23 22:30:45,590] INFO: loading Word2Vec object from /Users/neo1/PycharmProjects/vec4irltr/model/ir/20210121231330551/model_word2vec_bibl_bible_bcn
[2021-01-23 22:30:45,593] INFO: loading wv recursively from /Users/neo1/PycharmProjects/vec4irltr/model/ir/20210121231330551/model_word2vec_bibl_bible_bcn.wv.* with mmap=None
[2021-01-23 22:30:45,593] INFO: loading wv recursively from /Users/neo1/PycharmProjects/vec4irltr/model/ir/20210121231330551/model_word2vec_bibl_bible_bcn.wv.* with mmap=None
[2021-01-23 22:30:45,593] INFO: setting ignored attribute vectors_norm to None
[2021-01-23 22:30:45,593] INFO: setting ignored attribute vectors_norm to None
[2021-01-23 22:30:45,594] INFO: loading vocabulary recursively from /Users/neo1/PycharmProjects/vec4irltr/model/ir/20210121231330551/model_word2vec_bibl_bible_bcn.vocabulary.* with mmap=None
[2021-01-23 22:30:45,594] INFO: loading vocabulary recursively from /Users/neo1/PycharmProjects/vec4irltr/model/ir/20210121231330551/model_word2vec_bibl_bible_bcn.vocabulary.* with mmap=None
[2021-01-23 22:30:45,594] INFO: loading trainables recursively from /Users/neo1/PycharmProjects/vec4irltr/model/ir/20210121231330551/model_word2vec_bibl_bible_bcn.trainables.* with mmap=None
[2021-01-23 22:30:45,594] INFO: loading trainables recursively from /Users/neo1/PycharmProjects/vec4irltr/model/ir/20210121231330551/model_word2vec_bibl_bible_bcn.trainables.* with mmap=None
[2021-01-23 22:30:45,594] INFO: setting ignored attribute cum_table to None
[2021-01-23 22:30:45,594] INFO: setting ignored attribute cum_table to None
[2021-01-23 22:30:45,595] INFO: loaded /Users/neo1/PycharmProjects/vec4irltr/model/ir/20210121231330551/model_word2vec_bibl_bible_bcn
[2021-01-23 22:30:45,595] INFO: loaded /Users/neo1/PycharmProjects/vec4irltr/model/ir/20210121231330551/model_word2vec_bibl_bible_bcn
[2021-01-23 22:30:45,595] INFO: load time:0.005533933639526367
[2021-01-23 22:30:45,595] INFO: load time:0.005533933639526367
[2021-01-23 22:30:46,600] INFO: pid:54568 done | load time: 1.0103669166564941
[2021-01-23 22:30:46,600] INFO: pid:54568 done | load time: 1.0103669166564941
[2021-01-23 22:30:46,601] INFO: loading model_word2vec_bibl_content
[2021-01-23 22:30:46,601] INFO: loading model_word2vec_bibl_content
[2021-01-23 22:30:46,601] INFO: loading Word2Vec object from /Users/neo1/PycharmProjects/vec4irltr/model/ir/20210121231330551/model_word2vec_bibl_content
[2021-01-23 22:30:46,601] INFO: loading Word2Vec object from /Users/neo1/PycharmProjects/vec4irltr/model/ir/20210121231330551/model_word2vec_bibl_content
[2021-01-23 22:30:46,619] INFO: loading wv recursively from /Users/neo1/PycharmProjects/vec4irltr/model/ir/20210121231330551/model_word2vec_bibl_content.wv.* with mmap=None
[2021-01-23 22:30:46,619] INFO: loading wv recursively from /Users/neo1/PycharmProjects/vec4irltr/model/ir/20210121231330551/model_word2vec_bibl_content.wv.* with mmap=None
[2021-01-23 22:30:46,619] INFO: setting ignored attribute vectors_norm to None
[2021-01-23 22:30:46,619] INFO: setting ignored attribute vectors_norm to None
[2021-01-23 22:30:46,620] INFO: loading vocabulary recursively from /Users/neo1/PycharmProjects/vec4irltr/model/ir/20210121231330551/model_word2vec_bibl_content.vocabulary.* with mmap=None
[2021-01-23 22:30:46,620] INFO: loading vocabulary recursively from /Users/neo1/PycharmProjects/vec4irltr/model/ir/20210121231330551/model_word2vec_bibl_content.vocabulary.* with mmap=None
[2021-01-23 22:30:46,620] INFO: loading trainables recursively from /Users/neo1/PycharmProjects/vec4irltr/model/ir/20210121231330551/model_word2vec_bibl_content.trainables.* with mmap=None
[2021-01-23 22:30:46,620] INFO: loading trainables recursively from /Users/neo1/PycharmProjects/vec4irltr/model/ir/20210121231330551/model_word2vec_bibl_content.trainables.* with mmap=None
[2021-01-23 22:30:46,620] INFO: setting ignored attribute cum_table to None
[2021-01-23 22:30:46,620] INFO: setting ignored attribute cum_table to None
[2021-01-23 22:30:46,621] INFO: loaded /Users/neo1/PycharmProjects/vec4irltr/model/ir/20210121231330551/model_word2vec_bibl_content
[2021-01-23 22:30:46,621] INFO: loaded /Users/neo1/PycharmProjects/vec4irltr/model/ir/20210121231330551/model_word2vec_bibl_content
[2021-01-23 22:30:46,623] INFO: load time:0.022421836853027344
[2021-01-23 22:30:46,623] INFO: load time:0.022421836853027344
[2021-01-23 22:30:47,628] INFO: pid:54568 done | load time: 1.0272130966186523
[2021-01-23 22:30:47,628] INFO: pid:54568 done | load time: 1.0272130966186523
[2021-01-23 22:30:47,628] INFO: loading model_word2vec_bibl_econtent
[2021-01-23 22:30:47,628] INFO: loading model_word2vec_bibl_econtent
[2021-01-23 22:30:47,629] INFO: loading Word2Vec object from /Users/neo1/PycharmProjects/vec4irltr/model/ir/20210121231330551/model_word2vec_bibl_econtent
[2021-01-23 22:30:47,629] INFO: loading Word2Vec object from /Users/neo1/PycharmProjects/vec4irltr/model/ir/20210121231330551/model_word2vec_bibl_econtent
[2021-01-23 22:30:47,634] INFO: loading wv recursively from /Users/neo1/PycharmProjects/vec4irltr/model/ir/20210121231330551/model_word2vec_bibl_econtent.wv.* with mmap=None
[2021-01-23 22:30:47,634] INFO: loading wv recursively from /Users/neo1/PycharmProjects/vec4irltr/model/ir/20210121231330551/model_word2vec_bibl_econtent.wv.* with mmap=None
[2021-01-23 22:30:47,634] INFO: setting ignored attribute vectors_norm to None
[2021-01-23 22:30:47,634] INFO: setting ignored attribute vectors_norm to None
[2021-01-23 22:30:47,634] INFO: loading vocabulary recursively from /Users/neo1/PycharmProjects/vec4irltr/model/ir/20210121231330551/model_word2vec_bibl_econtent.vocabulary.* with mmap=None
[2021-01-23 22:30:47,634] INFO: loading vocabulary recursively from /Users/neo1/PycharmProjects/vec4irltr/model/ir/20210121231330551/model_word2vec_bibl_econtent.vocabulary.* with mmap=None
[2021-01-23 22:30:47,635] INFO: loading trainables recursively from /Users/neo1/PycharmProjects/vec4irltr/model/ir/20210121231330551/model_word2vec_bibl_econtent.trainables.* with mmap=None
[2021-01-23 22:30:47,635] INFO: loading trainables recursively from /Users/neo1/PycharmProjects/vec4irltr/model/ir/20210121231330551/model_word2vec_bibl_econtent.trainables.* with mmap=None
[2021-01-23 22:30:47,635] INFO: setting ignored attribute cum_table to None
[2021-01-23 22:30:47,635] INFO: setting ignored attribute cum_table to None
[2021-01-23 22:30:47,635] INFO: loaded /Users/neo1/PycharmProjects/vec4irltr/model/ir/20210121231330551/model_word2vec_bibl_econtent
[2021-01-23 22:30:47,635] INFO: loaded /Users/neo1/PycharmProjects/vec4irltr/model/ir/20210121231330551/model_word2vec_bibl_econtent
[2021-01-23 22:30:47,636] INFO: load time:0.0068700313568115234
[2021-01-23 22:30:47,636] INFO: load time:0.0068700313568115234
[2021-01-23 22:30:48,638] INFO: pid:54568 done | load time: 1.0089759826660156
[2021-01-23 22:30:48,638] INFO: pid:54568 done | load time: 1.0089759826660156
