[2021-01-27 21:06:27,983] INFO: set_init_models_and_get_retrievals
[2021-01-27 21:06:27,983] INFO: set_init_models_and_get_retrievals
[2021-01-27 21:06:28,155] INFO: loading model_word2vec_bibl_bible_bcn
[2021-01-27 21:06:28,155] INFO: loading model_word2vec_bibl_bible_bcn
[2021-01-27 21:06:28,156] INFO: loading Word2Vec object from /Users/neo1/PycharmProjects/vec4irltr/model/ir/20210127210618894/model_word2vec_bibl_bible_bcn
[2021-01-27 21:06:28,156] INFO: loading Word2Vec object from /Users/neo1/PycharmProjects/vec4irltr/model/ir/20210127210618894/model_word2vec_bibl_bible_bcn
[2021-01-27 21:06:28,158] INFO: loading wv recursively from /Users/neo1/PycharmProjects/vec4irltr/model/ir/20210127210618894/model_word2vec_bibl_bible_bcn.wv.* with mmap=None
[2021-01-27 21:06:28,158] INFO: loading wv recursively from /Users/neo1/PycharmProjects/vec4irltr/model/ir/20210127210618894/model_word2vec_bibl_bible_bcn.wv.* with mmap=None
[2021-01-27 21:06:28,159] INFO: setting ignored attribute vectors_norm to None
[2021-01-27 21:06:28,159] INFO: setting ignored attribute vectors_norm to None
[2021-01-27 21:06:28,159] INFO: loading vocabulary recursively from /Users/neo1/PycharmProjects/vec4irltr/model/ir/20210127210618894/model_word2vec_bibl_bible_bcn.vocabulary.* with mmap=None
[2021-01-27 21:06:28,159] INFO: loading vocabulary recursively from /Users/neo1/PycharmProjects/vec4irltr/model/ir/20210127210618894/model_word2vec_bibl_bible_bcn.vocabulary.* with mmap=None
[2021-01-27 21:06:28,160] INFO: loading trainables recursively from /Users/neo1/PycharmProjects/vec4irltr/model/ir/20210127210618894/model_word2vec_bibl_bible_bcn.trainables.* with mmap=None
[2021-01-27 21:06:28,160] INFO: loading trainables recursively from /Users/neo1/PycharmProjects/vec4irltr/model/ir/20210127210618894/model_word2vec_bibl_bible_bcn.trainables.* with mmap=None
[2021-01-27 21:06:28,160] INFO: setting ignored attribute cum_table to None
[2021-01-27 21:06:28,160] INFO: setting ignored attribute cum_table to None
[2021-01-27 21:06:28,161] INFO: loaded /Users/neo1/PycharmProjects/vec4irltr/model/ir/20210127210618894/model_word2vec_bibl_bible_bcn
[2021-01-27 21:06:28,161] INFO: loaded /Users/neo1/PycharmProjects/vec4irltr/model/ir/20210127210618894/model_word2vec_bibl_bible_bcn
[2021-01-27 21:06:28,161] INFO: load time:0.005549907684326172
[2021-01-27 21:06:28,161] INFO: load time:0.005549907684326172
[2021-01-27 21:06:29,163] INFO: pid:3136 done | load time: 1.0075569152832031
[2021-01-27 21:06:29,163] INFO: pid:3136 done | load time: 1.0075569152832031
[2021-01-27 21:06:29,164] INFO: loading model_word2vec_bibl_content
[2021-01-27 21:06:29,164] INFO: loading model_word2vec_bibl_content
[2021-01-27 21:06:29,164] INFO: loading Word2Vec object from /Users/neo1/PycharmProjects/vec4irltr/model/ir/20210127210618894/model_word2vec_bibl_content
[2021-01-27 21:06:29,164] INFO: loading Word2Vec object from /Users/neo1/PycharmProjects/vec4irltr/model/ir/20210127210618894/model_word2vec_bibl_content
[2021-01-27 21:06:29,176] INFO: loading wv recursively from /Users/neo1/PycharmProjects/vec4irltr/model/ir/20210127210618894/model_word2vec_bibl_content.wv.* with mmap=None
[2021-01-27 21:06:29,176] INFO: loading wv recursively from /Users/neo1/PycharmProjects/vec4irltr/model/ir/20210127210618894/model_word2vec_bibl_content.wv.* with mmap=None
[2021-01-27 21:06:29,176] INFO: setting ignored attribute vectors_norm to None
[2021-01-27 21:06:29,176] INFO: setting ignored attribute vectors_norm to None
[2021-01-27 21:06:29,176] INFO: loading vocabulary recursively from /Users/neo1/PycharmProjects/vec4irltr/model/ir/20210127210618894/model_word2vec_bibl_content.vocabulary.* with mmap=None
[2021-01-27 21:06:29,176] INFO: loading vocabulary recursively from /Users/neo1/PycharmProjects/vec4irltr/model/ir/20210127210618894/model_word2vec_bibl_content.vocabulary.* with mmap=None
[2021-01-27 21:06:29,177] INFO: loading trainables recursively from /Users/neo1/PycharmProjects/vec4irltr/model/ir/20210127210618894/model_word2vec_bibl_content.trainables.* with mmap=None
[2021-01-27 21:06:29,177] INFO: loading trainables recursively from /Users/neo1/PycharmProjects/vec4irltr/model/ir/20210127210618894/model_word2vec_bibl_content.trainables.* with mmap=None
[2021-01-27 21:06:29,177] INFO: setting ignored attribute cum_table to None
[2021-01-27 21:06:29,177] INFO: setting ignored attribute cum_table to None
[2021-01-27 21:06:29,177] INFO: loaded /Users/neo1/PycharmProjects/vec4irltr/model/ir/20210127210618894/model_word2vec_bibl_content
[2021-01-27 21:06:29,177] INFO: loaded /Users/neo1/PycharmProjects/vec4irltr/model/ir/20210127210618894/model_word2vec_bibl_content
[2021-01-27 21:06:29,180] INFO: load time:0.015951871871948242
[2021-01-27 21:06:29,180] INFO: load time:0.015951871871948242
[2021-01-27 21:06:30,185] INFO: pid:3136 done | load time: 1.0207509994506836
[2021-01-27 21:06:30,185] INFO: pid:3136 done | load time: 1.0207509994506836
[2021-01-27 21:06:30,185] INFO: loading model_word2vec_bibl_econtent
[2021-01-27 21:06:30,185] INFO: loading model_word2vec_bibl_econtent
[2021-01-27 21:06:30,186] INFO: loading Word2Vec object from /Users/neo1/PycharmProjects/vec4irltr/model/ir/20210127210618894/model_word2vec_bibl_econtent
[2021-01-27 21:06:30,186] INFO: loading Word2Vec object from /Users/neo1/PycharmProjects/vec4irltr/model/ir/20210127210618894/model_word2vec_bibl_econtent
[2021-01-27 21:06:30,187] INFO: loading wv recursively from /Users/neo1/PycharmProjects/vec4irltr/model/ir/20210127210618894/model_word2vec_bibl_econtent.wv.* with mmap=None
[2021-01-27 21:06:30,187] INFO: loading wv recursively from /Users/neo1/PycharmProjects/vec4irltr/model/ir/20210127210618894/model_word2vec_bibl_econtent.wv.* with mmap=None
[2021-01-27 21:06:30,188] INFO: setting ignored attribute vectors_norm to None
[2021-01-27 21:06:30,188] INFO: setting ignored attribute vectors_norm to None
[2021-01-27 21:06:30,188] INFO: loading vocabulary recursively from /Users/neo1/PycharmProjects/vec4irltr/model/ir/20210127210618894/model_word2vec_bibl_econtent.vocabulary.* with mmap=None
[2021-01-27 21:06:30,188] INFO: loading vocabulary recursively from /Users/neo1/PycharmProjects/vec4irltr/model/ir/20210127210618894/model_word2vec_bibl_econtent.vocabulary.* with mmap=None
[2021-01-27 21:06:30,188] INFO: loading trainables recursively from /Users/neo1/PycharmProjects/vec4irltr/model/ir/20210127210618894/model_word2vec_bibl_econtent.trainables.* with mmap=None
[2021-01-27 21:06:30,188] INFO: loading trainables recursively from /Users/neo1/PycharmProjects/vec4irltr/model/ir/20210127210618894/model_word2vec_bibl_econtent.trainables.* with mmap=None
[2021-01-27 21:06:30,189] INFO: setting ignored attribute cum_table to None
[2021-01-27 21:06:30,189] INFO: setting ignored attribute cum_table to None
[2021-01-27 21:06:30,189] INFO: loaded /Users/neo1/PycharmProjects/vec4irltr/model/ir/20210127210618894/model_word2vec_bibl_econtent
[2021-01-27 21:06:30,189] INFO: loaded /Users/neo1/PycharmProjects/vec4irltr/model/ir/20210127210618894/model_word2vec_bibl_econtent
[2021-01-27 21:06:30,190] INFO: load time:0.004082918167114258
[2021-01-27 21:06:30,190] INFO: load time:0.004082918167114258
[2021-01-27 21:06:31,190] INFO: pid:3136 done | load time: 1.0048120021820068
[2021-01-27 21:06:31,190] INFO: pid:3136 done | load time: 1.0048120021820068
[2021-01-27 21:11:52,712] WARNING: Not Found: /css/bootstrap.min.css
[2021-01-27 21:11:52,712] WARNING: Not Found: /css/bootstrap.min.css
[2021-01-27 21:11:53,140] INFO: {'rows': 1000, 'start': 0, 'fl': ['id', 'sales_i', 'expenses_i', 'savings_i', 'share_value_i', 'created_dt'], 'q': 'created_dt:[2021-01-20T00:00:00Z TO 2021-01-27T00:00:00Z]'}
[2021-01-27 21:11:53,140] INFO: {'rows': 1000, 'start': 0, 'fl': ['id', 'sales_i', 'expenses_i', 'savings_i', 'share_value_i', 'created_dt'], 'q': 'created_dt:[2021-01-20T00:00:00Z TO 2021-01-27T00:00:00Z]'}
[2021-01-27 21:11:53,152] INFO: {'rows': 6, 'start': 0, 'facet': 'on', 'facet.limit': 10, 'facet.offset': 0, 'facet.range': 'created_dt', 'facet.range.start': '2021-01-20T00:00:00Z', 'facet.range.end': '2021-01-27T00:00:00Z', 'facet.range.gap': '+1DAY', 'fl': ['id', 'domain_s', 'created_dt'], 'q': 'created_dt:[2021-01-20T00:00:00Z TO 2021-01-27T00:00:00Z]'}
[2021-01-27 21:11:53,152] INFO: {'rows': 6, 'start': 0, 'facet': 'on', 'facet.limit': 10, 'facet.offset': 0, 'facet.range': 'created_dt', 'facet.range.start': '2021-01-20T00:00:00Z', 'facet.range.end': '2021-01-27T00:00:00Z', 'facet.range.gap': '+1DAY', 'fl': ['id', 'domain_s', 'created_dt'], 'q': 'created_dt:[2021-01-20T00:00:00Z TO 2021-01-27T00:00:00Z]'}
[2021-01-27 21:11:53,160] INFO: {'rows': 6, 'start': 0, 'facet': 'on', 'facet.limit': 10, 'facet.offset': 0, 'facet.range': 'pub_date_dt', 'facet.range.start': '2021-01-20T00:00:00Z', 'facet.range.end': '2021-01-27T00:00:00Z', 'facet.range.gap': '+1DAY', 'fl': ['id', 'title_s', 'domain_s', 'pub_date_dt'], 'q': 'pub_date_dt:[2021-01-20T00:00:00Z TO 2021-01-27T00:00:00Z]'}
[2021-01-27 21:11:53,160] INFO: {'rows': 6, 'start': 0, 'facet': 'on', 'facet.limit': 10, 'facet.offset': 0, 'facet.range': 'pub_date_dt', 'facet.range.start': '2021-01-20T00:00:00Z', 'facet.range.end': '2021-01-27T00:00:00Z', 'facet.range.gap': '+1DAY', 'fl': ['id', 'title_s', 'domain_s', 'pub_date_dt'], 'q': 'pub_date_dt:[2021-01-20T00:00:00Z TO 2021-01-27T00:00:00Z]'}
[2021-01-27 21:11:53,232] WARNING: Not Found: /favicon.ico
[2021-01-27 21:11:53,232] WARNING: Not Found: /favicon.ico
