[2021-01-23 12:46:53,915] INFO: set_init_models_and_get_retrievals
[2021-01-23 12:46:53,921] INFO: loading model_word2vec_bibl_bible_bcn
[2021-01-23 12:46:53,922] INFO: loading Word2Vec object from /Users/neo1/PycharmProjects/vec4irltr/model/ir/20210121231330551/model_word2vec_bibl_bible_bcn
[2021-01-23 12:46:53,925] INFO: loading wv recursively from /Users/neo1/PycharmProjects/vec4irltr/model/ir/20210121231330551/model_word2vec_bibl_bible_bcn.wv.* with mmap=None
[2021-01-23 12:46:53,925] INFO: setting ignored attribute vectors_norm to None
[2021-01-23 12:46:53,926] INFO: loading vocabulary recursively from /Users/neo1/PycharmProjects/vec4irltr/model/ir/20210121231330551/model_word2vec_bibl_bible_bcn.vocabulary.* with mmap=None
[2021-01-23 12:46:53,926] INFO: loading trainables recursively from /Users/neo1/PycharmProjects/vec4irltr/model/ir/20210121231330551/model_word2vec_bibl_bible_bcn.trainables.* with mmap=None
[2021-01-23 12:46:53,927] INFO: setting ignored attribute cum_table to None
[2021-01-23 12:46:53,927] INFO: loaded /Users/neo1/PycharmProjects/vec4irltr/model/ir/20210121231330551/model_word2vec_bibl_bible_bcn
[2021-01-23 12:46:53,928] INFO: load time:0.00649714469909668
[2021-01-23 12:46:54,933] INFO: pid:12782 done | load time: 1.0118210315704346
[2021-01-23 12:46:54,934] INFO: loading model_word2vec_bibl_content
[2021-01-23 12:46:54,935] INFO: loading Word2Vec object from /Users/neo1/PycharmProjects/vec4irltr/model/ir/20210121231330551/model_word2vec_bibl_content
[2021-01-23 12:46:54,946] INFO: loading wv recursively from /Users/neo1/PycharmProjects/vec4irltr/model/ir/20210121231330551/model_word2vec_bibl_content.wv.* with mmap=None
[2021-01-23 12:46:54,946] INFO: setting ignored attribute vectors_norm to None
[2021-01-23 12:46:54,947] INFO: loading vocabulary recursively from /Users/neo1/PycharmProjects/vec4irltr/model/ir/20210121231330551/model_word2vec_bibl_content.vocabulary.* with mmap=None
[2021-01-23 12:46:54,947] INFO: loading trainables recursively from /Users/neo1/PycharmProjects/vec4irltr/model/ir/20210121231330551/model_word2vec_bibl_content.trainables.* with mmap=None
[2021-01-23 12:46:54,948] INFO: setting ignored attribute cum_table to None
[2021-01-23 12:46:54,948] INFO: loaded /Users/neo1/PycharmProjects/vec4irltr/model/ir/20210121231330551/model_word2vec_bibl_content
[2021-01-23 12:46:54,951] INFO: load time:0.01653599739074707
[2021-01-23 12:46:55,952] INFO: pid:12782 done | load time: 1.0173938274383545
[2021-01-23 12:46:55,953] INFO: loading model_word2vec_bibl_econtent
[2021-01-23 12:46:55,953] INFO: loading Word2Vec object from /Users/neo1/PycharmProjects/vec4irltr/model/ir/20210121231330551/model_word2vec_bibl_econtent
[2021-01-23 12:46:55,955] INFO: loading wv recursively from /Users/neo1/PycharmProjects/vec4irltr/model/ir/20210121231330551/model_word2vec_bibl_econtent.wv.* with mmap=None
[2021-01-23 12:46:55,955] INFO: setting ignored attribute vectors_norm to None
[2021-01-23 12:46:55,955] INFO: loading vocabulary recursively from /Users/neo1/PycharmProjects/vec4irltr/model/ir/20210121231330551/model_word2vec_bibl_econtent.vocabulary.* with mmap=None
[2021-01-23 12:46:55,956] INFO: loading trainables recursively from /Users/neo1/PycharmProjects/vec4irltr/model/ir/20210121231330551/model_word2vec_bibl_econtent.trainables.* with mmap=None
[2021-01-23 12:46:55,956] INFO: setting ignored attribute cum_table to None
[2021-01-23 12:46:55,957] INFO: loaded /Users/neo1/PycharmProjects/vec4irltr/model/ir/20210121231330551/model_word2vec_bibl_econtent
[2021-01-23 12:46:55,957] INFO: load time:0.004293203353881836
[2021-01-23 12:46:56,961] INFO: pid:12782 done | load time: 1.007784366607666
[2021-01-23 12:47:09,374] INFO: loading model_fasttext_bibl_bible_bcn
[2021-01-23 12:47:09,375] INFO: loading FastText object from /Users/neo1/PycharmProjects/vec4irltr/model/ir/20210121231330551/model_fasttext_bibl_bible_bcn
[2021-01-23 12:47:09,382] INFO: loading wv recursively from /Users/neo1/PycharmProjects/vec4irltr/model/ir/20210121231330551/model_fasttext_bibl_bible_bcn.wv.* with mmap=None
[2021-01-23 12:47:09,383] INFO: loading vectors_ngrams from /Users/neo1/PycharmProjects/vec4irltr/model/ir/20210121231330551/model_fasttext_bibl_bible_bcn.wv.vectors_ngrams.npy with mmap=None
[2021-01-23 12:47:11,095] INFO: setting ignored attribute vectors_norm to None
[2021-01-23 12:47:11,097] INFO: setting ignored attribute vectors_vocab_norm to None
[2021-01-23 12:47:11,098] INFO: setting ignored attribute vectors_ngrams_norm to None
[2021-01-23 12:47:11,098] INFO: setting ignored attribute buckets_word to None
[2021-01-23 12:47:11,099] INFO: loading vocabulary recursively from /Users/neo1/PycharmProjects/vec4irltr/model/ir/20210121231330551/model_fasttext_bibl_bible_bcn.vocabulary.* with mmap=None
[2021-01-23 12:47:11,100] INFO: loading trainables recursively from /Users/neo1/PycharmProjects/vec4irltr/model/ir/20210121231330551/model_fasttext_bibl_bible_bcn.trainables.* with mmap=None
[2021-01-23 12:47:11,101] INFO: loading vectors_ngrams_lockf from /Users/neo1/PycharmProjects/vec4irltr/model/ir/20210121231330551/model_fasttext_bibl_bible_bcn.trainables.vectors_ngrams_lockf.npy with mmap=None
[2021-01-23 12:47:13,348] INFO: loaded /Users/neo1/PycharmProjects/vec4irltr/model/ir/20210121231330551/model_fasttext_bibl_bible_bcn
[2021-01-23 12:47:13,349] INFO: load time:3.9741370677948
[2021-01-23 12:47:14,354] INFO: pid:12782 done | load time: 4.9792799949646
[2021-01-23 12:47:14,355] INFO: loading model_fasttext_bibl_content
[2021-01-23 12:47:14,356] INFO: loading FastText object from /Users/neo1/PycharmProjects/vec4irltr/model/ir/20210121231330551/model_fasttext_bibl_content
[2021-01-23 12:47:14,381] INFO: loading wv recursively from /Users/neo1/PycharmProjects/vec4irltr/model/ir/20210121231330551/model_fasttext_bibl_content.wv.* with mmap=None
[2021-01-23 12:47:14,382] INFO: loading vectors_ngrams from /Users/neo1/PycharmProjects/vec4irltr/model/ir/20210121231330551/model_fasttext_bibl_content.wv.vectors_ngrams.npy with mmap=None
[2021-01-23 12:47:16,972] INFO: setting ignored attribute vectors_norm to None
[2021-01-23 12:47:16,973] INFO: setting ignored attribute vectors_vocab_norm to None
[2021-01-23 12:47:16,973] INFO: setting ignored attribute vectors_ngrams_norm to None
[2021-01-23 12:47:16,974] INFO: setting ignored attribute buckets_word to None
[2021-01-23 12:47:16,974] INFO: loading vocabulary recursively from /Users/neo1/PycharmProjects/vec4irltr/model/ir/20210121231330551/model_fasttext_bibl_content.vocabulary.* with mmap=None
[2021-01-23 12:47:16,975] INFO: loading trainables recursively from /Users/neo1/PycharmProjects/vec4irltr/model/ir/20210121231330551/model_fasttext_bibl_content.trainables.* with mmap=None
[2021-01-23 12:47:16,975] INFO: loading vectors_ngrams_lockf from /Users/neo1/PycharmProjects/vec4irltr/model/ir/20210121231330551/model_fasttext_bibl_content.trainables.vectors_ngrams_lockf.npy with mmap=None
[2021-01-23 12:47:19,188] INFO: loaded /Users/neo1/PycharmProjects/vec4irltr/model/ir/20210121231330551/model_fasttext_bibl_content
[2021-01-23 12:47:19,192] INFO: load time:4.836199998855591
[2021-01-23 12:47:20,193] INFO: pid:12782 done | load time: 5.837906360626221
[2021-01-23 12:47:20,194] INFO: loading model_fasttext_bibl_econtent
[2021-01-23 12:47:20,195] INFO: loading FastText object from /Users/neo1/PycharmProjects/vec4irltr/model/ir/20210121231330551/model_fasttext_bibl_econtent
[2021-01-23 12:47:20,200] INFO: loading wv recursively from /Users/neo1/PycharmProjects/vec4irltr/model/ir/20210121231330551/model_fasttext_bibl_econtent.wv.* with mmap=None
[2021-01-23 12:47:20,201] INFO: loading vectors_ngrams from /Users/neo1/PycharmProjects/vec4irltr/model/ir/20210121231330551/model_fasttext_bibl_econtent.wv.vectors_ngrams.npy with mmap=None
[2021-01-23 12:47:22,058] INFO: setting ignored attribute vectors_norm to None
[2021-01-23 12:47:22,059] INFO: setting ignored attribute vectors_vocab_norm to None
[2021-01-23 12:47:22,060] INFO: setting ignored attribute vectors_ngrams_norm to None
[2021-01-23 12:47:22,060] INFO: setting ignored attribute buckets_word to None
[2021-01-23 12:47:22,061] INFO: loading vocabulary recursively from /Users/neo1/PycharmProjects/vec4irltr/model/ir/20210121231330551/model_fasttext_bibl_econtent.vocabulary.* with mmap=None
[2021-01-23 12:47:22,061] INFO: loading trainables recursively from /Users/neo1/PycharmProjects/vec4irltr/model/ir/20210121231330551/model_fasttext_bibl_econtent.trainables.* with mmap=None
[2021-01-23 12:47:22,062] INFO: loading vectors_ngrams_lockf from /Users/neo1/PycharmProjects/vec4irltr/model/ir/20210121231330551/model_fasttext_bibl_econtent.trainables.vectors_ngrams_lockf.npy with mmap=None
[2021-01-23 12:47:23,539] INFO: loaded /Users/neo1/PycharmProjects/vec4irltr/model/ir/20210121231330551/model_fasttext_bibl_econtent
[2021-01-23 12:47:23,540] INFO: load time:3.34488582611084
[2021-01-23 12:47:24,542] INFO: pid:12782 done | load time: 4.3476808071136475
