[2021-01-24 02:29:25,051] INFO: set_init_models_and_get_retrievals
[2021-01-24 02:29:25,051] INFO: set_init_models_and_get_retrievals
[2021-01-24 02:29:25,058] INFO: loading model_word2vec_bibl_bible_bcn
[2021-01-24 02:29:25,058] INFO: loading model_word2vec_bibl_bible_bcn
[2021-01-24 02:29:25,059] INFO: loading Word2Vec object from /Users/neo1/PycharmProjects/vec4irltr/model/ir/20210121231330551/model_word2vec_bibl_bible_bcn
[2021-01-24 02:29:25,059] INFO: loading Word2Vec object from /Users/neo1/PycharmProjects/vec4irltr/model/ir/20210121231330551/model_word2vec_bibl_bible_bcn
[2021-01-24 02:29:25,063] INFO: loading wv recursively from /Users/neo1/PycharmProjects/vec4irltr/model/ir/20210121231330551/model_word2vec_bibl_bible_bcn.wv.* with mmap=None
[2021-01-24 02:29:25,063] INFO: loading wv recursively from /Users/neo1/PycharmProjects/vec4irltr/model/ir/20210121231330551/model_word2vec_bibl_bible_bcn.wv.* with mmap=None
[2021-01-24 02:29:25,064] INFO: setting ignored attribute vectors_norm to None
[2021-01-24 02:29:25,064] INFO: setting ignored attribute vectors_norm to None
[2021-01-24 02:29:25,065] INFO: loading vocabulary recursively from /Users/neo1/PycharmProjects/vec4irltr/model/ir/20210121231330551/model_word2vec_bibl_bible_bcn.vocabulary.* with mmap=None
[2021-01-24 02:29:25,065] INFO: loading vocabulary recursively from /Users/neo1/PycharmProjects/vec4irltr/model/ir/20210121231330551/model_word2vec_bibl_bible_bcn.vocabulary.* with mmap=None
[2021-01-24 02:29:25,066] INFO: loading trainables recursively from /Users/neo1/PycharmProjects/vec4irltr/model/ir/20210121231330551/model_word2vec_bibl_bible_bcn.trainables.* with mmap=None
[2021-01-24 02:29:25,066] INFO: loading trainables recursively from /Users/neo1/PycharmProjects/vec4irltr/model/ir/20210121231330551/model_word2vec_bibl_bible_bcn.trainables.* with mmap=None
[2021-01-24 02:29:25,067] INFO: setting ignored attribute cum_table to None
[2021-01-24 02:29:25,067] INFO: setting ignored attribute cum_table to None
[2021-01-24 02:29:25,067] INFO: loaded /Users/neo1/PycharmProjects/vec4irltr/model/ir/20210121231330551/model_word2vec_bibl_bible_bcn
[2021-01-24 02:29:25,067] INFO: loaded /Users/neo1/PycharmProjects/vec4irltr/model/ir/20210121231330551/model_word2vec_bibl_bible_bcn
[2021-01-24 02:29:25,068] INFO: load time:0.009421825408935547
[2021-01-24 02:29:25,068] INFO: load time:0.009421825408935547
[2021-01-24 02:29:26,073] INFO: pid:71407 done | load time: 1.0146677494049072
[2021-01-24 02:29:26,073] INFO: pid:71407 done | load time: 1.0146677494049072
[2021-01-24 02:29:26,074] INFO: loading model_word2vec_bibl_content
[2021-01-24 02:29:26,074] INFO: loading model_word2vec_bibl_content
[2021-01-24 02:29:26,075] INFO: loading Word2Vec object from /Users/neo1/PycharmProjects/vec4irltr/model/ir/20210121231330551/model_word2vec_bibl_content
[2021-01-24 02:29:26,075] INFO: loading Word2Vec object from /Users/neo1/PycharmProjects/vec4irltr/model/ir/20210121231330551/model_word2vec_bibl_content
[2021-01-24 02:29:26,089] INFO: loading wv recursively from /Users/neo1/PycharmProjects/vec4irltr/model/ir/20210121231330551/model_word2vec_bibl_content.wv.* with mmap=None
[2021-01-24 02:29:26,089] INFO: loading wv recursively from /Users/neo1/PycharmProjects/vec4irltr/model/ir/20210121231330551/model_word2vec_bibl_content.wv.* with mmap=None
[2021-01-24 02:29:26,090] INFO: setting ignored attribute vectors_norm to None
[2021-01-24 02:29:26,090] INFO: setting ignored attribute vectors_norm to None
[2021-01-24 02:29:26,090] INFO: loading vocabulary recursively from /Users/neo1/PycharmProjects/vec4irltr/model/ir/20210121231330551/model_word2vec_bibl_content.vocabulary.* with mmap=None
[2021-01-24 02:29:26,090] INFO: loading vocabulary recursively from /Users/neo1/PycharmProjects/vec4irltr/model/ir/20210121231330551/model_word2vec_bibl_content.vocabulary.* with mmap=None
[2021-01-24 02:29:26,091] INFO: loading trainables recursively from /Users/neo1/PycharmProjects/vec4irltr/model/ir/20210121231330551/model_word2vec_bibl_content.trainables.* with mmap=None
[2021-01-24 02:29:26,091] INFO: loading trainables recursively from /Users/neo1/PycharmProjects/vec4irltr/model/ir/20210121231330551/model_word2vec_bibl_content.trainables.* with mmap=None
[2021-01-24 02:29:26,092] INFO: setting ignored attribute cum_table to None
[2021-01-24 02:29:26,092] INFO: setting ignored attribute cum_table to None
[2021-01-24 02:29:26,092] INFO: loaded /Users/neo1/PycharmProjects/vec4irltr/model/ir/20210121231330551/model_word2vec_bibl_content
[2021-01-24 02:29:26,092] INFO: loaded /Users/neo1/PycharmProjects/vec4irltr/model/ir/20210121231330551/model_word2vec_bibl_content
[2021-01-24 02:29:26,095] INFO: load time:0.020717144012451172
[2021-01-24 02:29:26,095] INFO: load time:0.020717144012451172
[2021-01-24 02:29:27,098] INFO: pid:71407 done | load time: 1.0232300758361816
[2021-01-24 02:29:27,098] INFO: pid:71407 done | load time: 1.0232300758361816
[2021-01-24 02:29:27,099] INFO: loading model_word2vec_bibl_econtent
[2021-01-24 02:29:27,099] INFO: loading model_word2vec_bibl_econtent
[2021-01-24 02:29:27,099] INFO: loading Word2Vec object from /Users/neo1/PycharmProjects/vec4irltr/model/ir/20210121231330551/model_word2vec_bibl_econtent
[2021-01-24 02:29:27,099] INFO: loading Word2Vec object from /Users/neo1/PycharmProjects/vec4irltr/model/ir/20210121231330551/model_word2vec_bibl_econtent
[2021-01-24 02:29:27,104] INFO: loading wv recursively from /Users/neo1/PycharmProjects/vec4irltr/model/ir/20210121231330551/model_word2vec_bibl_econtent.wv.* with mmap=None
[2021-01-24 02:29:27,104] INFO: loading wv recursively from /Users/neo1/PycharmProjects/vec4irltr/model/ir/20210121231330551/model_word2vec_bibl_econtent.wv.* with mmap=None
[2021-01-24 02:29:27,105] INFO: setting ignored attribute vectors_norm to None
[2021-01-24 02:29:27,105] INFO: setting ignored attribute vectors_norm to None
[2021-01-24 02:29:27,105] INFO: loading vocabulary recursively from /Users/neo1/PycharmProjects/vec4irltr/model/ir/20210121231330551/model_word2vec_bibl_econtent.vocabulary.* with mmap=None
[2021-01-24 02:29:27,105] INFO: loading vocabulary recursively from /Users/neo1/PycharmProjects/vec4irltr/model/ir/20210121231330551/model_word2vec_bibl_econtent.vocabulary.* with mmap=None
[2021-01-24 02:29:27,106] INFO: loading trainables recursively from /Users/neo1/PycharmProjects/vec4irltr/model/ir/20210121231330551/model_word2vec_bibl_econtent.trainables.* with mmap=None
[2021-01-24 02:29:27,106] INFO: loading trainables recursively from /Users/neo1/PycharmProjects/vec4irltr/model/ir/20210121231330551/model_word2vec_bibl_econtent.trainables.* with mmap=None
[2021-01-24 02:29:27,107] INFO: setting ignored attribute cum_table to None
[2021-01-24 02:29:27,107] INFO: setting ignored attribute cum_table to None
[2021-01-24 02:29:27,107] INFO: loaded /Users/neo1/PycharmProjects/vec4irltr/model/ir/20210121231330551/model_word2vec_bibl_econtent
[2021-01-24 02:29:27,107] INFO: loaded /Users/neo1/PycharmProjects/vec4irltr/model/ir/20210121231330551/model_word2vec_bibl_econtent
[2021-01-24 02:29:27,108] INFO: load time:0.00879526138305664
[2021-01-24 02:29:27,108] INFO: load time:0.00879526138305664
[2021-01-24 02:29:28,112] INFO: pid:71407 done | load time: 1.0127081871032715
[2021-01-24 02:29:28,112] INFO: pid:71407 done | load time: 1.0127081871032715
