[2021-01-23 23:43:49,624] INFO: set_init_models_and_get_retrievals
[2021-01-23 23:43:49,624] INFO: set_init_models_and_get_retrievals
[2021-01-23 23:43:49,628] INFO: loading model_word2vec_bibl_bible_bcn
[2021-01-23 23:43:49,628] INFO: loading model_word2vec_bibl_bible_bcn
[2021-01-23 23:43:49,628] INFO: loading Word2Vec object from /Users/neo1/PycharmProjects/vec4irltr/model/ir/20210121231330551/model_word2vec_bibl_bible_bcn
[2021-01-23 23:43:49,628] INFO: loading Word2Vec object from /Users/neo1/PycharmProjects/vec4irltr/model/ir/20210121231330551/model_word2vec_bibl_bible_bcn
[2021-01-23 23:43:49,639] INFO: loading wv recursively from /Users/neo1/PycharmProjects/vec4irltr/model/ir/20210121231330551/model_word2vec_bibl_bible_bcn.wv.* with mmap=None
[2021-01-23 23:43:49,639] INFO: loading wv recursively from /Users/neo1/PycharmProjects/vec4irltr/model/ir/20210121231330551/model_word2vec_bibl_bible_bcn.wv.* with mmap=None
[2021-01-23 23:43:49,640] INFO: setting ignored attribute vectors_norm to None
[2021-01-23 23:43:49,640] INFO: setting ignored attribute vectors_norm to None
[2021-01-23 23:43:49,640] INFO: loading vocabulary recursively from /Users/neo1/PycharmProjects/vec4irltr/model/ir/20210121231330551/model_word2vec_bibl_bible_bcn.vocabulary.* with mmap=None
[2021-01-23 23:43:49,640] INFO: loading vocabulary recursively from /Users/neo1/PycharmProjects/vec4irltr/model/ir/20210121231330551/model_word2vec_bibl_bible_bcn.vocabulary.* with mmap=None
[2021-01-23 23:43:49,640] INFO: loading trainables recursively from /Users/neo1/PycharmProjects/vec4irltr/model/ir/20210121231330551/model_word2vec_bibl_bible_bcn.trainables.* with mmap=None
[2021-01-23 23:43:49,640] INFO: loading trainables recursively from /Users/neo1/PycharmProjects/vec4irltr/model/ir/20210121231330551/model_word2vec_bibl_bible_bcn.trainables.* with mmap=None
[2021-01-23 23:43:49,641] INFO: setting ignored attribute cum_table to None
[2021-01-23 23:43:49,641] INFO: setting ignored attribute cum_table to None
[2021-01-23 23:43:49,641] INFO: loaded /Users/neo1/PycharmProjects/vec4irltr/model/ir/20210121231330551/model_word2vec_bibl_bible_bcn
[2021-01-23 23:43:49,641] INFO: loaded /Users/neo1/PycharmProjects/vec4irltr/model/ir/20210121231330551/model_word2vec_bibl_bible_bcn
[2021-01-23 23:43:49,642] INFO: load time:0.01388096809387207
[2021-01-23 23:43:49,642] INFO: load time:0.01388096809387207
[2021-01-23 23:43:50,646] INFO: pid:59735 done | load time: 1.0183138847351074
[2021-01-23 23:43:50,646] INFO: pid:59735 done | load time: 1.0183138847351074
[2021-01-23 23:43:50,647] INFO: loading model_word2vec_bibl_content
[2021-01-23 23:43:50,647] INFO: loading model_word2vec_bibl_content
[2021-01-23 23:43:50,647] INFO: loading Word2Vec object from /Users/neo1/PycharmProjects/vec4irltr/model/ir/20210121231330551/model_word2vec_bibl_content
[2021-01-23 23:43:50,647] INFO: loading Word2Vec object from /Users/neo1/PycharmProjects/vec4irltr/model/ir/20210121231330551/model_word2vec_bibl_content
[2021-01-23 23:43:50,660] INFO: loading wv recursively from /Users/neo1/PycharmProjects/vec4irltr/model/ir/20210121231330551/model_word2vec_bibl_content.wv.* with mmap=None
[2021-01-23 23:43:50,660] INFO: loading wv recursively from /Users/neo1/PycharmProjects/vec4irltr/model/ir/20210121231330551/model_word2vec_bibl_content.wv.* with mmap=None
[2021-01-23 23:43:50,660] INFO: setting ignored attribute vectors_norm to None
[2021-01-23 23:43:50,660] INFO: setting ignored attribute vectors_norm to None
[2021-01-23 23:43:50,661] INFO: loading vocabulary recursively from /Users/neo1/PycharmProjects/vec4irltr/model/ir/20210121231330551/model_word2vec_bibl_content.vocabulary.* with mmap=None
[2021-01-23 23:43:50,661] INFO: loading vocabulary recursively from /Users/neo1/PycharmProjects/vec4irltr/model/ir/20210121231330551/model_word2vec_bibl_content.vocabulary.* with mmap=None
[2021-01-23 23:43:50,661] INFO: loading trainables recursively from /Users/neo1/PycharmProjects/vec4irltr/model/ir/20210121231330551/model_word2vec_bibl_content.trainables.* with mmap=None
[2021-01-23 23:43:50,661] INFO: loading trainables recursively from /Users/neo1/PycharmProjects/vec4irltr/model/ir/20210121231330551/model_word2vec_bibl_content.trainables.* with mmap=None
[2021-01-23 23:43:50,662] INFO: setting ignored attribute cum_table to None
[2021-01-23 23:43:50,662] INFO: setting ignored attribute cum_table to None
[2021-01-23 23:43:50,662] INFO: loaded /Users/neo1/PycharmProjects/vec4irltr/model/ir/20210121231330551/model_word2vec_bibl_content
[2021-01-23 23:43:50,662] INFO: loaded /Users/neo1/PycharmProjects/vec4irltr/model/ir/20210121231330551/model_word2vec_bibl_content
[2021-01-23 23:43:50,665] INFO: load time:0.01798868179321289
[2021-01-23 23:43:50,665] INFO: load time:0.01798868179321289
[2021-01-23 23:43:51,669] INFO: pid:59735 done | load time: 1.0219619274139404
[2021-01-23 23:43:51,669] INFO: pid:59735 done | load time: 1.0219619274139404
[2021-01-23 23:43:51,670] INFO: loading model_word2vec_bibl_econtent
[2021-01-23 23:43:51,670] INFO: loading model_word2vec_bibl_econtent
[2021-01-23 23:43:51,670] INFO: loading Word2Vec object from /Users/neo1/PycharmProjects/vec4irltr/model/ir/20210121231330551/model_word2vec_bibl_econtent
[2021-01-23 23:43:51,670] INFO: loading Word2Vec object from /Users/neo1/PycharmProjects/vec4irltr/model/ir/20210121231330551/model_word2vec_bibl_econtent
[2021-01-23 23:43:51,672] INFO: loading wv recursively from /Users/neo1/PycharmProjects/vec4irltr/model/ir/20210121231330551/model_word2vec_bibl_econtent.wv.* with mmap=None
[2021-01-23 23:43:51,672] INFO: loading wv recursively from /Users/neo1/PycharmProjects/vec4irltr/model/ir/20210121231330551/model_word2vec_bibl_econtent.wv.* with mmap=None
[2021-01-23 23:43:51,672] INFO: setting ignored attribute vectors_norm to None
[2021-01-23 23:43:51,672] INFO: setting ignored attribute vectors_norm to None
[2021-01-23 23:43:51,672] INFO: loading vocabulary recursively from /Users/neo1/PycharmProjects/vec4irltr/model/ir/20210121231330551/model_word2vec_bibl_econtent.vocabulary.* with mmap=None
[2021-01-23 23:43:51,672] INFO: loading vocabulary recursively from /Users/neo1/PycharmProjects/vec4irltr/model/ir/20210121231330551/model_word2vec_bibl_econtent.vocabulary.* with mmap=None
[2021-01-23 23:43:51,673] INFO: loading trainables recursively from /Users/neo1/PycharmProjects/vec4irltr/model/ir/20210121231330551/model_word2vec_bibl_econtent.trainables.* with mmap=None
[2021-01-23 23:43:51,673] INFO: loading trainables recursively from /Users/neo1/PycharmProjects/vec4irltr/model/ir/20210121231330551/model_word2vec_bibl_econtent.trainables.* with mmap=None
[2021-01-23 23:43:51,673] INFO: setting ignored attribute cum_table to None
[2021-01-23 23:43:51,673] INFO: setting ignored attribute cum_table to None
[2021-01-23 23:43:51,673] INFO: loaded /Users/neo1/PycharmProjects/vec4irltr/model/ir/20210121231330551/model_word2vec_bibl_econtent
[2021-01-23 23:43:51,673] INFO: loaded /Users/neo1/PycharmProjects/vec4irltr/model/ir/20210121231330551/model_word2vec_bibl_econtent
[2021-01-23 23:43:51,674] INFO: load time:0.0036699771881103516
[2021-01-23 23:43:51,674] INFO: load time:0.0036699771881103516
[2021-01-23 23:43:52,675] INFO: pid:59735 done | load time: 1.0045349597930908
[2021-01-23 23:43:52,675] INFO: pid:59735 done | load time: 1.0045349597930908
[2021-01-23 23:45:49,820] INFO: api/search?q=태초
[2021-01-23 23:45:49,820] INFO: api/search?q=태초
[2021-01-23 23:46:00,683] INFO: api/search?q=하나님
[2021-01-23 23:46:00,683] INFO: api/search?q=하나님
[2021-01-23 23:46:00,996] ERROR: Internal Server Error: /api/search
Traceback (most recent call last):
  File "/Users/neo1/PycharmProjects/vec4irltr/venv/lib/python3.8/site-packages/django/core/handlers/exception.py", line 34, in inner
    response = get_response(request)
  File "/Users/neo1/PycharmProjects/vec4irltr/venv/lib/python3.8/site-packages/django/core/handlers/base.py", line 126, in _get_response
    response = self.process_exception_by_middleware(e, request)
  File "/Users/neo1/PycharmProjects/vec4irltr/venv/lib/python3.8/site-packages/django/core/handlers/base.py", line 124, in _get_response
    response = wrapped_callback(request, *callback_args, **callback_kwargs)
  File "/Users/neo1/PycharmProjects/vec4irltr/venv/lib/python3.8/site-packages/ninja/operation.py", line 227, in _sync_view
    return operation.run(request, *a, **kw)
  File "/Users/neo1/PycharmProjects/vec4irltr/venv/lib/python3.8/site-packages/ninja/operation.py", line 60, in run
    return self._result_to_response(request, result)
  File "/Users/neo1/PycharmProjects/vec4irltr/venv/lib/python3.8/site-packages/ninja/operation.py", line 98, in _result_to_response
    return self.api.create_response(request, result)
  File "/Users/neo1/PycharmProjects/vec4irltr/venv/lib/python3.8/site-packages/ninja/main.py", line 220, in create_response
    content = self.renderer.render(request, data, response_status=status)
  File "/Users/neo1/PycharmProjects/vec4irltr/venv/lib/python3.8/site-packages/ninja/renderers.py", line 21, in render
    return json.dumps(data, cls=self.encoder_class, **self.json_dumps_params)
  File "/Library/Frameworks/Python.framework/Versions/3.8/lib/python3.8/json/__init__.py", line 234, in dumps
    return cls(
  File "/Library/Frameworks/Python.framework/Versions/3.8/lib/python3.8/json/encoder.py", line 199, in encode
    chunks = self.iterencode(o, _one_shot=True)
  File "/Library/Frameworks/Python.framework/Versions/3.8/lib/python3.8/json/encoder.py", line 257, in iterencode
    return _iterencode(o, 0)
  File "/Users/neo1/PycharmProjects/vec4irltr/venv/lib/python3.8/site-packages/ninja/responses.py", line 10, in default
    return super().default(o)
  File "/Users/neo1/PycharmProjects/vec4irltr/venv/lib/python3.8/site-packages/django/core/serializers/json.py", line 104, in default
    return super().default(o)
  File "/Library/Frameworks/Python.framework/Versions/3.8/lib/python3.8/json/encoder.py", line 179, in default
    raise TypeError(f'Object of type {o.__class__.__name__} '
TypeError: Object of type ndarray is not JSON serializable
[2021-01-23 23:46:00,996] ERROR: Internal Server Error: /api/search
Traceback (most recent call last):
  File "/Users/neo1/PycharmProjects/vec4irltr/venv/lib/python3.8/site-packages/django/core/handlers/exception.py", line 34, in inner
    response = get_response(request)
  File "/Users/neo1/PycharmProjects/vec4irltr/venv/lib/python3.8/site-packages/django/core/handlers/base.py", line 126, in _get_response
    response = self.process_exception_by_middleware(e, request)
  File "/Users/neo1/PycharmProjects/vec4irltr/venv/lib/python3.8/site-packages/django/core/handlers/base.py", line 124, in _get_response
    response = wrapped_callback(request, *callback_args, **callback_kwargs)
  File "/Users/neo1/PycharmProjects/vec4irltr/venv/lib/python3.8/site-packages/ninja/operation.py", line 227, in _sync_view
    return operation.run(request, *a, **kw)
  File "/Users/neo1/PycharmProjects/vec4irltr/venv/lib/python3.8/site-packages/ninja/operation.py", line 60, in run
    return self._result_to_response(request, result)
  File "/Users/neo1/PycharmProjects/vec4irltr/venv/lib/python3.8/site-packages/ninja/operation.py", line 98, in _result_to_response
    return self.api.create_response(request, result)
  File "/Users/neo1/PycharmProjects/vec4irltr/venv/lib/python3.8/site-packages/ninja/main.py", line 220, in create_response
    content = self.renderer.render(request, data, response_status=status)
  File "/Users/neo1/PycharmProjects/vec4irltr/venv/lib/python3.8/site-packages/ninja/renderers.py", line 21, in render
    return json.dumps(data, cls=self.encoder_class, **self.json_dumps_params)
  File "/Library/Frameworks/Python.framework/Versions/3.8/lib/python3.8/json/__init__.py", line 234, in dumps
    return cls(
  File "/Library/Frameworks/Python.framework/Versions/3.8/lib/python3.8/json/encoder.py", line 199, in encode
    chunks = self.iterencode(o, _one_shot=True)
  File "/Library/Frameworks/Python.framework/Versions/3.8/lib/python3.8/json/encoder.py", line 257, in iterencode
    return _iterencode(o, 0)
  File "/Users/neo1/PycharmProjects/vec4irltr/venv/lib/python3.8/site-packages/ninja/responses.py", line 10, in default
    return super().default(o)
  File "/Users/neo1/PycharmProjects/vec4irltr/venv/lib/python3.8/site-packages/django/core/serializers/json.py", line 104, in default
    return super().default(o)
  File "/Library/Frameworks/Python.framework/Versions/3.8/lib/python3.8/json/encoder.py", line 179, in default
    raise TypeError(f'Object of type {o.__class__.__name__} '
TypeError: Object of type ndarray is not JSON serializable
