[2021-01-23 19:21:51,954] INFO: set_init_models_and_get_retrievals
[2021-01-23 19:21:51,954] INFO: set_init_models_and_get_retrievals
[2021-01-23 19:21:51,960] INFO: loading model_word2vec_bibl_bible_bcn
[2021-01-23 19:21:51,960] INFO: loading model_word2vec_bibl_bible_bcn
[2021-01-23 19:21:51,961] INFO: loading Word2Vec object from /Users/neo1/PycharmProjects/vec4irltr/model/ir/20210121231330551/model_word2vec_bibl_bible_bcn
[2021-01-23 19:21:51,961] INFO: loading Word2Vec object from /Users/neo1/PycharmProjects/vec4irltr/model/ir/20210121231330551/model_word2vec_bibl_bible_bcn
[2021-01-23 19:21:51,965] INFO: loading wv recursively from /Users/neo1/PycharmProjects/vec4irltr/model/ir/20210121231330551/model_word2vec_bibl_bible_bcn.wv.* with mmap=None
[2021-01-23 19:21:51,965] INFO: loading wv recursively from /Users/neo1/PycharmProjects/vec4irltr/model/ir/20210121231330551/model_word2vec_bibl_bible_bcn.wv.* with mmap=None
[2021-01-23 19:21:51,965] INFO: setting ignored attribute vectors_norm to None
[2021-01-23 19:21:51,965] INFO: setting ignored attribute vectors_norm to None
[2021-01-23 19:21:51,966] INFO: loading vocabulary recursively from /Users/neo1/PycharmProjects/vec4irltr/model/ir/20210121231330551/model_word2vec_bibl_bible_bcn.vocabulary.* with mmap=None
[2021-01-23 19:21:51,966] INFO: loading vocabulary recursively from /Users/neo1/PycharmProjects/vec4irltr/model/ir/20210121231330551/model_word2vec_bibl_bible_bcn.vocabulary.* with mmap=None
[2021-01-23 19:21:51,967] INFO: loading trainables recursively from /Users/neo1/PycharmProjects/vec4irltr/model/ir/20210121231330551/model_word2vec_bibl_bible_bcn.trainables.* with mmap=None
[2021-01-23 19:21:51,967] INFO: loading trainables recursively from /Users/neo1/PycharmProjects/vec4irltr/model/ir/20210121231330551/model_word2vec_bibl_bible_bcn.trainables.* with mmap=None
[2021-01-23 19:21:51,968] INFO: setting ignored attribute cum_table to None
[2021-01-23 19:21:51,968] INFO: setting ignored attribute cum_table to None
[2021-01-23 19:21:51,968] INFO: loaded /Users/neo1/PycharmProjects/vec4irltr/model/ir/20210121231330551/model_word2vec_bibl_bible_bcn
[2021-01-23 19:21:51,968] INFO: loaded /Users/neo1/PycharmProjects/vec4irltr/model/ir/20210121231330551/model_word2vec_bibl_bible_bcn
[2021-01-23 19:21:51,969] INFO: load time:0.008243083953857422
[2021-01-23 19:21:51,969] INFO: load time:0.008243083953857422
[2021-01-23 19:21:52,973] INFO: pid:40936 done | load time: 1.0117392539978027
[2021-01-23 19:21:52,973] INFO: pid:40936 done | load time: 1.0117392539978027
[2021-01-23 19:21:52,973] INFO: loading model_word2vec_bibl_content
[2021-01-23 19:21:52,973] INFO: loading model_word2vec_bibl_content
[2021-01-23 19:21:52,974] INFO: loading Word2Vec object from /Users/neo1/PycharmProjects/vec4irltr/model/ir/20210121231330551/model_word2vec_bibl_content
[2021-01-23 19:21:52,974] INFO: loading Word2Vec object from /Users/neo1/PycharmProjects/vec4irltr/model/ir/20210121231330551/model_word2vec_bibl_content
[2021-01-23 19:21:52,988] INFO: loading wv recursively from /Users/neo1/PycharmProjects/vec4irltr/model/ir/20210121231330551/model_word2vec_bibl_content.wv.* with mmap=None
[2021-01-23 19:21:52,988] INFO: loading wv recursively from /Users/neo1/PycharmProjects/vec4irltr/model/ir/20210121231330551/model_word2vec_bibl_content.wv.* with mmap=None
[2021-01-23 19:21:52,988] INFO: setting ignored attribute vectors_norm to None
[2021-01-23 19:21:52,988] INFO: setting ignored attribute vectors_norm to None
[2021-01-23 19:21:52,989] INFO: loading vocabulary recursively from /Users/neo1/PycharmProjects/vec4irltr/model/ir/20210121231330551/model_word2vec_bibl_content.vocabulary.* with mmap=None
[2021-01-23 19:21:52,989] INFO: loading vocabulary recursively from /Users/neo1/PycharmProjects/vec4irltr/model/ir/20210121231330551/model_word2vec_bibl_content.vocabulary.* with mmap=None
[2021-01-23 19:21:52,990] INFO: loading trainables recursively from /Users/neo1/PycharmProjects/vec4irltr/model/ir/20210121231330551/model_word2vec_bibl_content.trainables.* with mmap=None
[2021-01-23 19:21:52,990] INFO: loading trainables recursively from /Users/neo1/PycharmProjects/vec4irltr/model/ir/20210121231330551/model_word2vec_bibl_content.trainables.* with mmap=None
[2021-01-23 19:21:52,991] INFO: setting ignored attribute cum_table to None
[2021-01-23 19:21:52,991] INFO: setting ignored attribute cum_table to None
[2021-01-23 19:21:52,992] INFO: loaded /Users/neo1/PycharmProjects/vec4irltr/model/ir/20210121231330551/model_word2vec_bibl_content
[2021-01-23 19:21:52,992] INFO: loaded /Users/neo1/PycharmProjects/vec4irltr/model/ir/20210121231330551/model_word2vec_bibl_content
[2021-01-23 19:21:52,999] INFO: load time:0.0253293514251709
[2021-01-23 19:21:52,999] INFO: load time:0.0253293514251709
[2021-01-23 19:21:54,005] INFO: pid:40936 done | load time: 1.031128168106079
[2021-01-23 19:21:54,005] INFO: pid:40936 done | load time: 1.031128168106079
[2021-01-23 19:21:54,006] INFO: loading model_word2vec_bibl_econtent
[2021-01-23 19:21:54,006] INFO: loading model_word2vec_bibl_econtent
[2021-01-23 19:21:54,007] INFO: loading Word2Vec object from /Users/neo1/PycharmProjects/vec4irltr/model/ir/20210121231330551/model_word2vec_bibl_econtent
[2021-01-23 19:21:54,007] INFO: loading Word2Vec object from /Users/neo1/PycharmProjects/vec4irltr/model/ir/20210121231330551/model_word2vec_bibl_econtent
[2021-01-23 19:21:54,008] INFO: loading wv recursively from /Users/neo1/PycharmProjects/vec4irltr/model/ir/20210121231330551/model_word2vec_bibl_econtent.wv.* with mmap=None
[2021-01-23 19:21:54,008] INFO: loading wv recursively from /Users/neo1/PycharmProjects/vec4irltr/model/ir/20210121231330551/model_word2vec_bibl_econtent.wv.* with mmap=None
[2021-01-23 19:21:54,009] INFO: setting ignored attribute vectors_norm to None
[2021-01-23 19:21:54,009] INFO: setting ignored attribute vectors_norm to None
[2021-01-23 19:21:54,010] INFO: loading vocabulary recursively from /Users/neo1/PycharmProjects/vec4irltr/model/ir/20210121231330551/model_word2vec_bibl_econtent.vocabulary.* with mmap=None
[2021-01-23 19:21:54,010] INFO: loading vocabulary recursively from /Users/neo1/PycharmProjects/vec4irltr/model/ir/20210121231330551/model_word2vec_bibl_econtent.vocabulary.* with mmap=None
[2021-01-23 19:21:54,011] INFO: loading trainables recursively from /Users/neo1/PycharmProjects/vec4irltr/model/ir/20210121231330551/model_word2vec_bibl_econtent.trainables.* with mmap=None
[2021-01-23 19:21:54,011] INFO: loading trainables recursively from /Users/neo1/PycharmProjects/vec4irltr/model/ir/20210121231330551/model_word2vec_bibl_econtent.trainables.* with mmap=None
[2021-01-23 19:21:54,011] INFO: setting ignored attribute cum_table to None
[2021-01-23 19:21:54,011] INFO: setting ignored attribute cum_table to None
[2021-01-23 19:21:54,012] INFO: loaded /Users/neo1/PycharmProjects/vec4irltr/model/ir/20210121231330551/model_word2vec_bibl_econtent
[2021-01-23 19:21:54,012] INFO: loaded /Users/neo1/PycharmProjects/vec4irltr/model/ir/20210121231330551/model_word2vec_bibl_econtent
[2021-01-23 19:21:54,013] INFO: load time:0.006206989288330078
[2021-01-23 19:21:54,013] INFO: load time:0.006206989288330078
[2021-01-23 19:21:55,014] INFO: pid:40936 done | load time: 1.006922721862793
[2021-01-23 19:21:55,014] INFO: pid:40936 done | load time: 1.006922721862793
