[2021-01-23 19:02:24,584] INFO: set_init_models_and_get_retrievals
[2021-01-23 19:02:24,584] INFO: set_init_models_and_get_retrievals
[2021-01-23 19:02:24,591] INFO: loading model_word2vec_bibl_bible_bcn
[2021-01-23 19:02:24,591] INFO: loading model_word2vec_bibl_bible_bcn
[2021-01-23 19:02:24,592] INFO: loading Word2Vec object from /Users/neo1/PycharmProjects/vec4irltr/model/ir/20210121231330551/model_word2vec_bibl_bible_bcn
[2021-01-23 19:02:24,592] INFO: loading Word2Vec object from /Users/neo1/PycharmProjects/vec4irltr/model/ir/20210121231330551/model_word2vec_bibl_bible_bcn
[2021-01-23 19:02:24,595] INFO: loading wv recursively from /Users/neo1/PycharmProjects/vec4irltr/model/ir/20210121231330551/model_word2vec_bibl_bible_bcn.wv.* with mmap=None
[2021-01-23 19:02:24,595] INFO: loading wv recursively from /Users/neo1/PycharmProjects/vec4irltr/model/ir/20210121231330551/model_word2vec_bibl_bible_bcn.wv.* with mmap=None
[2021-01-23 19:02:24,596] INFO: setting ignored attribute vectors_norm to None
[2021-01-23 19:02:24,596] INFO: setting ignored attribute vectors_norm to None
[2021-01-23 19:02:24,597] INFO: loading vocabulary recursively from /Users/neo1/PycharmProjects/vec4irltr/model/ir/20210121231330551/model_word2vec_bibl_bible_bcn.vocabulary.* with mmap=None
[2021-01-23 19:02:24,597] INFO: loading vocabulary recursively from /Users/neo1/PycharmProjects/vec4irltr/model/ir/20210121231330551/model_word2vec_bibl_bible_bcn.vocabulary.* with mmap=None
[2021-01-23 19:02:24,597] INFO: loading trainables recursively from /Users/neo1/PycharmProjects/vec4irltr/model/ir/20210121231330551/model_word2vec_bibl_bible_bcn.trainables.* with mmap=None
[2021-01-23 19:02:24,597] INFO: loading trainables recursively from /Users/neo1/PycharmProjects/vec4irltr/model/ir/20210121231330551/model_word2vec_bibl_bible_bcn.trainables.* with mmap=None
[2021-01-23 19:02:24,598] INFO: setting ignored attribute cum_table to None
[2021-01-23 19:02:24,598] INFO: setting ignored attribute cum_table to None
[2021-01-23 19:02:24,598] INFO: loaded /Users/neo1/PycharmProjects/vec4irltr/model/ir/20210121231330551/model_word2vec_bibl_bible_bcn
[2021-01-23 19:02:24,598] INFO: loaded /Users/neo1/PycharmProjects/vec4irltr/model/ir/20210121231330551/model_word2vec_bibl_bible_bcn
[2021-01-23 19:02:24,600] INFO: load time:0.007605075836181641
[2021-01-23 19:02:24,600] INFO: load time:0.007605075836181641
[2021-01-23 19:02:25,604] INFO: pid:39429 done | load time: 1.0118780136108398
[2021-01-23 19:02:25,604] INFO: pid:39429 done | load time: 1.0118780136108398
[2021-01-23 19:02:25,605] INFO: loading model_word2vec_bibl_content
[2021-01-23 19:02:25,605] INFO: loading model_word2vec_bibl_content
[2021-01-23 19:02:25,605] INFO: loading Word2Vec object from /Users/neo1/PycharmProjects/vec4irltr/model/ir/20210121231330551/model_word2vec_bibl_content
[2021-01-23 19:02:25,605] INFO: loading Word2Vec object from /Users/neo1/PycharmProjects/vec4irltr/model/ir/20210121231330551/model_word2vec_bibl_content
[2021-01-23 19:02:25,617] INFO: loading wv recursively from /Users/neo1/PycharmProjects/vec4irltr/model/ir/20210121231330551/model_word2vec_bibl_content.wv.* with mmap=None
[2021-01-23 19:02:25,617] INFO: loading wv recursively from /Users/neo1/PycharmProjects/vec4irltr/model/ir/20210121231330551/model_word2vec_bibl_content.wv.* with mmap=None
[2021-01-23 19:02:25,618] INFO: setting ignored attribute vectors_norm to None
[2021-01-23 19:02:25,618] INFO: setting ignored attribute vectors_norm to None
[2021-01-23 19:02:25,619] INFO: loading vocabulary recursively from /Users/neo1/PycharmProjects/vec4irltr/model/ir/20210121231330551/model_word2vec_bibl_content.vocabulary.* with mmap=None
[2021-01-23 19:02:25,619] INFO: loading vocabulary recursively from /Users/neo1/PycharmProjects/vec4irltr/model/ir/20210121231330551/model_word2vec_bibl_content.vocabulary.* with mmap=None
[2021-01-23 19:02:25,619] INFO: loading trainables recursively from /Users/neo1/PycharmProjects/vec4irltr/model/ir/20210121231330551/model_word2vec_bibl_content.trainables.* with mmap=None
[2021-01-23 19:02:25,619] INFO: loading trainables recursively from /Users/neo1/PycharmProjects/vec4irltr/model/ir/20210121231330551/model_word2vec_bibl_content.trainables.* with mmap=None
[2021-01-23 19:02:25,620] INFO: setting ignored attribute cum_table to None
[2021-01-23 19:02:25,620] INFO: setting ignored attribute cum_table to None
[2021-01-23 19:02:25,620] INFO: loaded /Users/neo1/PycharmProjects/vec4irltr/model/ir/20210121231330551/model_word2vec_bibl_content
[2021-01-23 19:02:25,620] INFO: loaded /Users/neo1/PycharmProjects/vec4irltr/model/ir/20210121231330551/model_word2vec_bibl_content
[2021-01-23 19:02:25,624] INFO: load time:0.018695354461669922
[2021-01-23 19:02:25,624] INFO: load time:0.018695354461669922
[2021-01-23 19:02:26,626] INFO: pid:39429 done | load time: 1.0202231407165527
[2021-01-23 19:02:26,626] INFO: pid:39429 done | load time: 1.0202231407165527
[2021-01-23 19:02:26,626] INFO: loading model_word2vec_bibl_econtent
[2021-01-23 19:02:26,626] INFO: loading model_word2vec_bibl_econtent
[2021-01-23 19:02:26,627] INFO: loading Word2Vec object from /Users/neo1/PycharmProjects/vec4irltr/model/ir/20210121231330551/model_word2vec_bibl_econtent
[2021-01-23 19:02:26,627] INFO: loading Word2Vec object from /Users/neo1/PycharmProjects/vec4irltr/model/ir/20210121231330551/model_word2vec_bibl_econtent
[2021-01-23 19:02:26,628] INFO: loading wv recursively from /Users/neo1/PycharmProjects/vec4irltr/model/ir/20210121231330551/model_word2vec_bibl_econtent.wv.* with mmap=None
[2021-01-23 19:02:26,628] INFO: loading wv recursively from /Users/neo1/PycharmProjects/vec4irltr/model/ir/20210121231330551/model_word2vec_bibl_econtent.wv.* with mmap=None
[2021-01-23 19:02:26,629] INFO: setting ignored attribute vectors_norm to None
[2021-01-23 19:02:26,629] INFO: setting ignored attribute vectors_norm to None
[2021-01-23 19:02:26,630] INFO: loading vocabulary recursively from /Users/neo1/PycharmProjects/vec4irltr/model/ir/20210121231330551/model_word2vec_bibl_econtent.vocabulary.* with mmap=None
[2021-01-23 19:02:26,630] INFO: loading vocabulary recursively from /Users/neo1/PycharmProjects/vec4irltr/model/ir/20210121231330551/model_word2vec_bibl_econtent.vocabulary.* with mmap=None
[2021-01-23 19:02:26,630] INFO: loading trainables recursively from /Users/neo1/PycharmProjects/vec4irltr/model/ir/20210121231330551/model_word2vec_bibl_econtent.trainables.* with mmap=None
[2021-01-23 19:02:26,630] INFO: loading trainables recursively from /Users/neo1/PycharmProjects/vec4irltr/model/ir/20210121231330551/model_word2vec_bibl_econtent.trainables.* with mmap=None
[2021-01-23 19:02:26,631] INFO: setting ignored attribute cum_table to None
[2021-01-23 19:02:26,631] INFO: setting ignored attribute cum_table to None
[2021-01-23 19:02:26,632] INFO: loaded /Users/neo1/PycharmProjects/vec4irltr/model/ir/20210121231330551/model_word2vec_bibl_econtent
[2021-01-23 19:02:26,632] INFO: loaded /Users/neo1/PycharmProjects/vec4irltr/model/ir/20210121231330551/model_word2vec_bibl_econtent
[2021-01-23 19:02:26,632] INFO: load time:0.005568027496337891
[2021-01-23 19:02:26,632] INFO: load time:0.005568027496337891
[2021-01-23 19:02:27,636] INFO: pid:39429 done | load time: 1.0087578296661377
[2021-01-23 19:02:27,636] INFO: pid:39429 done | load time: 1.0087578296661377
