[2021-01-23 15:45:05,626] INFO: set_init_models_and_get_retrievals
[2021-01-23 15:45:05,626] INFO: set_init_models_and_get_retrievals
[2021-01-23 15:45:05,632] INFO: loading model_word2vec_bibl_bible_bcn
[2021-01-23 15:45:05,632] INFO: loading model_word2vec_bibl_bible_bcn
[2021-01-23 15:45:05,632] INFO: loading Word2Vec object from /Users/neo1/PycharmProjects/vec4irltr/model/ir/20210121231330551/model_word2vec_bibl_bible_bcn
[2021-01-23 15:45:05,632] INFO: loading Word2Vec object from /Users/neo1/PycharmProjects/vec4irltr/model/ir/20210121231330551/model_word2vec_bibl_bible_bcn
[2021-01-23 15:45:05,636] INFO: loading wv recursively from /Users/neo1/PycharmProjects/vec4irltr/model/ir/20210121231330551/model_word2vec_bibl_bible_bcn.wv.* with mmap=None
[2021-01-23 15:45:05,636] INFO: loading wv recursively from /Users/neo1/PycharmProjects/vec4irltr/model/ir/20210121231330551/model_word2vec_bibl_bible_bcn.wv.* with mmap=None
[2021-01-23 15:45:05,636] INFO: setting ignored attribute vectors_norm to None
[2021-01-23 15:45:05,636] INFO: setting ignored attribute vectors_norm to None
[2021-01-23 15:45:05,637] INFO: loading vocabulary recursively from /Users/neo1/PycharmProjects/vec4irltr/model/ir/20210121231330551/model_word2vec_bibl_bible_bcn.vocabulary.* with mmap=None
[2021-01-23 15:45:05,637] INFO: loading vocabulary recursively from /Users/neo1/PycharmProjects/vec4irltr/model/ir/20210121231330551/model_word2vec_bibl_bible_bcn.vocabulary.* with mmap=None
[2021-01-23 15:45:05,638] INFO: loading trainables recursively from /Users/neo1/PycharmProjects/vec4irltr/model/ir/20210121231330551/model_word2vec_bibl_bible_bcn.trainables.* with mmap=None
[2021-01-23 15:45:05,638] INFO: loading trainables recursively from /Users/neo1/PycharmProjects/vec4irltr/model/ir/20210121231330551/model_word2vec_bibl_bible_bcn.trainables.* with mmap=None
[2021-01-23 15:45:05,638] INFO: setting ignored attribute cum_table to None
[2021-01-23 15:45:05,638] INFO: setting ignored attribute cum_table to None
[2021-01-23 15:45:05,639] INFO: loaded /Users/neo1/PycharmProjects/vec4irltr/model/ir/20210121231330551/model_word2vec_bibl_bible_bcn
[2021-01-23 15:45:05,639] INFO: loaded /Users/neo1/PycharmProjects/vec4irltr/model/ir/20210121231330551/model_word2vec_bibl_bible_bcn
[2021-01-23 15:45:05,640] INFO: load time:0.00739598274230957
[2021-01-23 15:45:05,640] INFO: load time:0.00739598274230957
[2021-01-23 15:45:06,643] INFO: pid:25892 done | load time: 1.0105481147766113
[2021-01-23 15:45:06,643] INFO: pid:25892 done | load time: 1.0105481147766113
[2021-01-23 15:45:06,644] INFO: loading model_word2vec_bibl_content
[2021-01-23 15:45:06,644] INFO: loading model_word2vec_bibl_content
[2021-01-23 15:45:06,644] INFO: loading Word2Vec object from /Users/neo1/PycharmProjects/vec4irltr/model/ir/20210121231330551/model_word2vec_bibl_content
[2021-01-23 15:45:06,644] INFO: loading Word2Vec object from /Users/neo1/PycharmProjects/vec4irltr/model/ir/20210121231330551/model_word2vec_bibl_content
[2021-01-23 15:45:06,655] INFO: loading wv recursively from /Users/neo1/PycharmProjects/vec4irltr/model/ir/20210121231330551/model_word2vec_bibl_content.wv.* with mmap=None
[2021-01-23 15:45:06,655] INFO: loading wv recursively from /Users/neo1/PycharmProjects/vec4irltr/model/ir/20210121231330551/model_word2vec_bibl_content.wv.* with mmap=None
[2021-01-23 15:45:06,656] INFO: setting ignored attribute vectors_norm to None
[2021-01-23 15:45:06,656] INFO: setting ignored attribute vectors_norm to None
[2021-01-23 15:45:06,657] INFO: loading vocabulary recursively from /Users/neo1/PycharmProjects/vec4irltr/model/ir/20210121231330551/model_word2vec_bibl_content.vocabulary.* with mmap=None
[2021-01-23 15:45:06,657] INFO: loading vocabulary recursively from /Users/neo1/PycharmProjects/vec4irltr/model/ir/20210121231330551/model_word2vec_bibl_content.vocabulary.* with mmap=None
[2021-01-23 15:45:06,657] INFO: loading trainables recursively from /Users/neo1/PycharmProjects/vec4irltr/model/ir/20210121231330551/model_word2vec_bibl_content.trainables.* with mmap=None
[2021-01-23 15:45:06,657] INFO: loading trainables recursively from /Users/neo1/PycharmProjects/vec4irltr/model/ir/20210121231330551/model_word2vec_bibl_content.trainables.* with mmap=None
[2021-01-23 15:45:06,658] INFO: setting ignored attribute cum_table to None
[2021-01-23 15:45:06,658] INFO: setting ignored attribute cum_table to None
[2021-01-23 15:45:06,659] INFO: loaded /Users/neo1/PycharmProjects/vec4irltr/model/ir/20210121231330551/model_word2vec_bibl_content
[2021-01-23 15:45:06,659] INFO: loaded /Users/neo1/PycharmProjects/vec4irltr/model/ir/20210121231330551/model_word2vec_bibl_content
[2021-01-23 15:45:06,662] INFO: load time:0.017719030380249023
[2021-01-23 15:45:06,662] INFO: load time:0.017719030380249023
[2021-01-23 15:45:07,665] INFO: pid:25892 done | load time: 1.0203571319580078
[2021-01-23 15:45:07,665] INFO: pid:25892 done | load time: 1.0203571319580078
[2021-01-23 15:45:07,665] INFO: loading model_word2vec_bibl_econtent
[2021-01-23 15:45:07,665] INFO: loading model_word2vec_bibl_econtent
[2021-01-23 15:45:07,666] INFO: loading Word2Vec object from /Users/neo1/PycharmProjects/vec4irltr/model/ir/20210121231330551/model_word2vec_bibl_econtent
[2021-01-23 15:45:07,666] INFO: loading Word2Vec object from /Users/neo1/PycharmProjects/vec4irltr/model/ir/20210121231330551/model_word2vec_bibl_econtent
[2021-01-23 15:45:07,668] INFO: loading wv recursively from /Users/neo1/PycharmProjects/vec4irltr/model/ir/20210121231330551/model_word2vec_bibl_econtent.wv.* with mmap=None
[2021-01-23 15:45:07,668] INFO: loading wv recursively from /Users/neo1/PycharmProjects/vec4irltr/model/ir/20210121231330551/model_word2vec_bibl_econtent.wv.* with mmap=None
[2021-01-23 15:45:07,668] INFO: setting ignored attribute vectors_norm to None
[2021-01-23 15:45:07,668] INFO: setting ignored attribute vectors_norm to None
[2021-01-23 15:45:07,669] INFO: loading vocabulary recursively from /Users/neo1/PycharmProjects/vec4irltr/model/ir/20210121231330551/model_word2vec_bibl_econtent.vocabulary.* with mmap=None
[2021-01-23 15:45:07,669] INFO: loading vocabulary recursively from /Users/neo1/PycharmProjects/vec4irltr/model/ir/20210121231330551/model_word2vec_bibl_econtent.vocabulary.* with mmap=None
[2021-01-23 15:45:07,670] INFO: loading trainables recursively from /Users/neo1/PycharmProjects/vec4irltr/model/ir/20210121231330551/model_word2vec_bibl_econtent.trainables.* with mmap=None
[2021-01-23 15:45:07,670] INFO: loading trainables recursively from /Users/neo1/PycharmProjects/vec4irltr/model/ir/20210121231330551/model_word2vec_bibl_econtent.trainables.* with mmap=None
[2021-01-23 15:45:07,670] INFO: setting ignored attribute cum_table to None
[2021-01-23 15:45:07,670] INFO: setting ignored attribute cum_table to None
[2021-01-23 15:45:07,671] INFO: loaded /Users/neo1/PycharmProjects/vec4irltr/model/ir/20210121231330551/model_word2vec_bibl_econtent
[2021-01-23 15:45:07,671] INFO: loaded /Users/neo1/PycharmProjects/vec4irltr/model/ir/20210121231330551/model_word2vec_bibl_econtent
[2021-01-23 15:45:07,671] INFO: load time:0.005391836166381836
[2021-01-23 15:45:07,671] INFO: load time:0.005391836166381836
[2021-01-23 15:45:08,675] INFO: pid:25892 done | load time: 1.0087709426879883
[2021-01-23 15:45:08,675] INFO: pid:25892 done | load time: 1.0087709426879883
