[2021-01-23 13:43:10,996] INFO: set_init_models_and_get_retrievals
[2021-01-23 13:43:10,996] INFO: set_init_models_and_get_retrievals
[2021-01-23 13:43:11,002] INFO: loading model_word2vec_bibl_bible_bcn
[2021-01-23 13:43:11,002] INFO: loading model_word2vec_bibl_bible_bcn
[2021-01-23 13:43:11,003] INFO: loading Word2Vec object from /Users/neo1/PycharmProjects/vec4irltr/model/ir/20210121231330551/model_word2vec_bibl_bible_bcn
[2021-01-23 13:43:11,003] INFO: loading Word2Vec object from /Users/neo1/PycharmProjects/vec4irltr/model/ir/20210121231330551/model_word2vec_bibl_bible_bcn
[2021-01-23 13:43:11,010] INFO: loading wv recursively from /Users/neo1/PycharmProjects/vec4irltr/model/ir/20210121231330551/model_word2vec_bibl_bible_bcn.wv.* with mmap=None
[2021-01-23 13:43:11,010] INFO: loading wv recursively from /Users/neo1/PycharmProjects/vec4irltr/model/ir/20210121231330551/model_word2vec_bibl_bible_bcn.wv.* with mmap=None
[2021-01-23 13:43:11,011] INFO: setting ignored attribute vectors_norm to None
[2021-01-23 13:43:11,011] INFO: setting ignored attribute vectors_norm to None
[2021-01-23 13:43:11,012] INFO: loading vocabulary recursively from /Users/neo1/PycharmProjects/vec4irltr/model/ir/20210121231330551/model_word2vec_bibl_bible_bcn.vocabulary.* with mmap=None
[2021-01-23 13:43:11,012] INFO: loading vocabulary recursively from /Users/neo1/PycharmProjects/vec4irltr/model/ir/20210121231330551/model_word2vec_bibl_bible_bcn.vocabulary.* with mmap=None
[2021-01-23 13:43:11,013] INFO: loading trainables recursively from /Users/neo1/PycharmProjects/vec4irltr/model/ir/20210121231330551/model_word2vec_bibl_bible_bcn.trainables.* with mmap=None
[2021-01-23 13:43:11,013] INFO: loading trainables recursively from /Users/neo1/PycharmProjects/vec4irltr/model/ir/20210121231330551/model_word2vec_bibl_bible_bcn.trainables.* with mmap=None
[2021-01-23 13:43:11,014] INFO: setting ignored attribute cum_table to None
[2021-01-23 13:43:11,014] INFO: setting ignored attribute cum_table to None
[2021-01-23 13:43:11,014] INFO: loaded /Users/neo1/PycharmProjects/vec4irltr/model/ir/20210121231330551/model_word2vec_bibl_bible_bcn
[2021-01-23 13:43:11,014] INFO: loaded /Users/neo1/PycharmProjects/vec4irltr/model/ir/20210121231330551/model_word2vec_bibl_bible_bcn
[2021-01-23 13:43:11,015] INFO: load time:0.01215219497680664
[2021-01-23 13:43:11,015] INFO: load time:0.01215219497680664
[2021-01-23 13:43:12,021] INFO: pid:17083 done | load time: 1.01739501953125
[2021-01-23 13:43:12,021] INFO: pid:17083 done | load time: 1.01739501953125
[2021-01-23 13:43:12,021] INFO: loading model_word2vec_bibl_content
[2021-01-23 13:43:12,021] INFO: loading model_word2vec_bibl_content
[2021-01-23 13:43:12,022] INFO: loading Word2Vec object from /Users/neo1/PycharmProjects/vec4irltr/model/ir/20210121231330551/model_word2vec_bibl_content
[2021-01-23 13:43:12,022] INFO: loading Word2Vec object from /Users/neo1/PycharmProjects/vec4irltr/model/ir/20210121231330551/model_word2vec_bibl_content
[2021-01-23 13:43:12,040] INFO: loading wv recursively from /Users/neo1/PycharmProjects/vec4irltr/model/ir/20210121231330551/model_word2vec_bibl_content.wv.* with mmap=None
[2021-01-23 13:43:12,040] INFO: loading wv recursively from /Users/neo1/PycharmProjects/vec4irltr/model/ir/20210121231330551/model_word2vec_bibl_content.wv.* with mmap=None
[2021-01-23 13:43:12,041] INFO: setting ignored attribute vectors_norm to None
[2021-01-23 13:43:12,041] INFO: setting ignored attribute vectors_norm to None
[2021-01-23 13:43:12,042] INFO: loading vocabulary recursively from /Users/neo1/PycharmProjects/vec4irltr/model/ir/20210121231330551/model_word2vec_bibl_content.vocabulary.* with mmap=None
[2021-01-23 13:43:12,042] INFO: loading vocabulary recursively from /Users/neo1/PycharmProjects/vec4irltr/model/ir/20210121231330551/model_word2vec_bibl_content.vocabulary.* with mmap=None
[2021-01-23 13:43:12,043] INFO: loading trainables recursively from /Users/neo1/PycharmProjects/vec4irltr/model/ir/20210121231330551/model_word2vec_bibl_content.trainables.* with mmap=None
[2021-01-23 13:43:12,043] INFO: loading trainables recursively from /Users/neo1/PycharmProjects/vec4irltr/model/ir/20210121231330551/model_word2vec_bibl_content.trainables.* with mmap=None
[2021-01-23 13:43:12,044] INFO: setting ignored attribute cum_table to None
[2021-01-23 13:43:12,044] INFO: setting ignored attribute cum_table to None
[2021-01-23 13:43:12,044] INFO: loaded /Users/neo1/PycharmProjects/vec4irltr/model/ir/20210121231330551/model_word2vec_bibl_content
[2021-01-23 13:43:12,044] INFO: loaded /Users/neo1/PycharmProjects/vec4irltr/model/ir/20210121231330551/model_word2vec_bibl_content
[2021-01-23 13:43:12,048] INFO: load time:0.025439023971557617
[2021-01-23 13:43:12,048] INFO: load time:0.025439023971557617
[2021-01-23 13:43:13,053] INFO: pid:17083 done | load time: 1.031148910522461
[2021-01-23 13:43:13,053] INFO: pid:17083 done | load time: 1.031148910522461
[2021-01-23 13:43:13,054] INFO: loading model_word2vec_bibl_econtent
[2021-01-23 13:43:13,054] INFO: loading model_word2vec_bibl_econtent
[2021-01-23 13:43:13,055] INFO: loading Word2Vec object from /Users/neo1/PycharmProjects/vec4irltr/model/ir/20210121231330551/model_word2vec_bibl_econtent
[2021-01-23 13:43:13,055] INFO: loading Word2Vec object from /Users/neo1/PycharmProjects/vec4irltr/model/ir/20210121231330551/model_word2vec_bibl_econtent
[2021-01-23 13:43:13,060] INFO: loading wv recursively from /Users/neo1/PycharmProjects/vec4irltr/model/ir/20210121231330551/model_word2vec_bibl_econtent.wv.* with mmap=None
[2021-01-23 13:43:13,060] INFO: loading wv recursively from /Users/neo1/PycharmProjects/vec4irltr/model/ir/20210121231330551/model_word2vec_bibl_econtent.wv.* with mmap=None
[2021-01-23 13:43:13,061] INFO: setting ignored attribute vectors_norm to None
[2021-01-23 13:43:13,061] INFO: setting ignored attribute vectors_norm to None
[2021-01-23 13:43:13,061] INFO: loading vocabulary recursively from /Users/neo1/PycharmProjects/vec4irltr/model/ir/20210121231330551/model_word2vec_bibl_econtent.vocabulary.* with mmap=None
[2021-01-23 13:43:13,061] INFO: loading vocabulary recursively from /Users/neo1/PycharmProjects/vec4irltr/model/ir/20210121231330551/model_word2vec_bibl_econtent.vocabulary.* with mmap=None
[2021-01-23 13:43:13,062] INFO: loading trainables recursively from /Users/neo1/PycharmProjects/vec4irltr/model/ir/20210121231330551/model_word2vec_bibl_econtent.trainables.* with mmap=None
[2021-01-23 13:43:13,062] INFO: loading trainables recursively from /Users/neo1/PycharmProjects/vec4irltr/model/ir/20210121231330551/model_word2vec_bibl_econtent.trainables.* with mmap=None
[2021-01-23 13:43:13,063] INFO: setting ignored attribute cum_table to None
[2021-01-23 13:43:13,063] INFO: setting ignored attribute cum_table to None
[2021-01-23 13:43:13,064] INFO: loaded /Users/neo1/PycharmProjects/vec4irltr/model/ir/20210121231330551/model_word2vec_bibl_econtent
[2021-01-23 13:43:13,064] INFO: loaded /Users/neo1/PycharmProjects/vec4irltr/model/ir/20210121231330551/model_word2vec_bibl_econtent
[2021-01-23 13:43:13,065] INFO: load time:0.00979304313659668
[2021-01-23 13:43:13,065] INFO: load time:0.00979304313659668
[2021-01-23 13:43:14,068] INFO: pid:17083 done | load time: 1.0132479667663574
[2021-01-23 13:43:14,068] INFO: pid:17083 done | load time: 1.0132479667663574
[2021-01-23 13:43:22,744] INFO: loading model_fasttext_bibl_bible_bcn
[2021-01-23 13:43:22,744] INFO: loading model_fasttext_bibl_bible_bcn
[2021-01-23 13:43:22,746] INFO: loading FastText object from /Users/neo1/PycharmProjects/vec4irltr/model/ir/20210121231330551/model_fasttext_bibl_bible_bcn
[2021-01-23 13:43:22,746] INFO: loading FastText object from /Users/neo1/PycharmProjects/vec4irltr/model/ir/20210121231330551/model_fasttext_bibl_bible_bcn
[2021-01-23 13:43:22,753] INFO: loading wv recursively from /Users/neo1/PycharmProjects/vec4irltr/model/ir/20210121231330551/model_fasttext_bibl_bible_bcn.wv.* with mmap=None
[2021-01-23 13:43:22,753] INFO: loading wv recursively from /Users/neo1/PycharmProjects/vec4irltr/model/ir/20210121231330551/model_fasttext_bibl_bible_bcn.wv.* with mmap=None
[2021-01-23 13:43:22,754] INFO: loading vectors_ngrams from /Users/neo1/PycharmProjects/vec4irltr/model/ir/20210121231330551/model_fasttext_bibl_bible_bcn.wv.vectors_ngrams.npy with mmap=None
[2021-01-23 13:43:22,754] INFO: loading vectors_ngrams from /Users/neo1/PycharmProjects/vec4irltr/model/ir/20210121231330551/model_fasttext_bibl_bible_bcn.wv.vectors_ngrams.npy with mmap=None
[2021-01-23 13:43:24,403] INFO: setting ignored attribute vectors_norm to None
[2021-01-23 13:43:24,403] INFO: setting ignored attribute vectors_norm to None
[2021-01-23 13:43:24,404] INFO: setting ignored attribute vectors_vocab_norm to None
[2021-01-23 13:43:24,404] INFO: setting ignored attribute vectors_vocab_norm to None
[2021-01-23 13:43:24,405] INFO: setting ignored attribute vectors_ngrams_norm to None
[2021-01-23 13:43:24,405] INFO: setting ignored attribute vectors_ngrams_norm to None
[2021-01-23 13:43:24,406] INFO: setting ignored attribute buckets_word to None
[2021-01-23 13:43:24,406] INFO: setting ignored attribute buckets_word to None
[2021-01-23 13:43:24,406] INFO: loading vocabulary recursively from /Users/neo1/PycharmProjects/vec4irltr/model/ir/20210121231330551/model_fasttext_bibl_bible_bcn.vocabulary.* with mmap=None
[2021-01-23 13:43:24,406] INFO: loading vocabulary recursively from /Users/neo1/PycharmProjects/vec4irltr/model/ir/20210121231330551/model_fasttext_bibl_bible_bcn.vocabulary.* with mmap=None
[2021-01-23 13:43:24,407] INFO: loading trainables recursively from /Users/neo1/PycharmProjects/vec4irltr/model/ir/20210121231330551/model_fasttext_bibl_bible_bcn.trainables.* with mmap=None
[2021-01-23 13:43:24,407] INFO: loading trainables recursively from /Users/neo1/PycharmProjects/vec4irltr/model/ir/20210121231330551/model_fasttext_bibl_bible_bcn.trainables.* with mmap=None
[2021-01-23 13:43:24,408] INFO: loading vectors_ngrams_lockf from /Users/neo1/PycharmProjects/vec4irltr/model/ir/20210121231330551/model_fasttext_bibl_bible_bcn.trainables.vectors_ngrams_lockf.npy with mmap=None
[2021-01-23 13:43:24,408] INFO: loading vectors_ngrams_lockf from /Users/neo1/PycharmProjects/vec4irltr/model/ir/20210121231330551/model_fasttext_bibl_bible_bcn.trainables.vectors_ngrams_lockf.npy with mmap=None
[2021-01-23 13:43:25,118] INFO: loaded /Users/neo1/PycharmProjects/vec4irltr/model/ir/20210121231330551/model_fasttext_bibl_bible_bcn
[2021-01-23 13:43:25,118] INFO: loaded /Users/neo1/PycharmProjects/vec4irltr/model/ir/20210121231330551/model_fasttext_bibl_bible_bcn
[2021-01-23 13:43:25,119] INFO: load time:2.3733561038970947
[2021-01-23 13:43:25,119] INFO: load time:2.3733561038970947
[2021-01-23 13:43:26,124] INFO: pid:17083 done | load time: 3.3785159587860107
[2021-01-23 13:43:26,124] INFO: pid:17083 done | load time: 3.3785159587860107
[2021-01-23 13:43:26,125] INFO: loading model_fasttext_bibl_content
[2021-01-23 13:43:26,125] INFO: loading model_fasttext_bibl_content
[2021-01-23 13:43:26,126] INFO: loading FastText object from /Users/neo1/PycharmProjects/vec4irltr/model/ir/20210121231330551/model_fasttext_bibl_content
[2021-01-23 13:43:26,126] INFO: loading FastText object from /Users/neo1/PycharmProjects/vec4irltr/model/ir/20210121231330551/model_fasttext_bibl_content
[2021-01-23 13:43:26,144] INFO: loading wv recursively from /Users/neo1/PycharmProjects/vec4irltr/model/ir/20210121231330551/model_fasttext_bibl_content.wv.* with mmap=None
[2021-01-23 13:43:26,144] INFO: loading wv recursively from /Users/neo1/PycharmProjects/vec4irltr/model/ir/20210121231330551/model_fasttext_bibl_content.wv.* with mmap=None
[2021-01-23 13:43:26,145] INFO: loading vectors_ngrams from /Users/neo1/PycharmProjects/vec4irltr/model/ir/20210121231330551/model_fasttext_bibl_content.wv.vectors_ngrams.npy with mmap=None
[2021-01-23 13:43:26,145] INFO: loading vectors_ngrams from /Users/neo1/PycharmProjects/vec4irltr/model/ir/20210121231330551/model_fasttext_bibl_content.wv.vectors_ngrams.npy with mmap=None
[2021-01-23 13:43:26,593] INFO: setting ignored attribute vectors_norm to None
[2021-01-23 13:43:26,593] INFO: setting ignored attribute vectors_norm to None
[2021-01-23 13:43:26,594] INFO: setting ignored attribute vectors_vocab_norm to None
[2021-01-23 13:43:26,594] INFO: setting ignored attribute vectors_vocab_norm to None
[2021-01-23 13:43:26,594] INFO: setting ignored attribute vectors_ngrams_norm to None
[2021-01-23 13:43:26,594] INFO: setting ignored attribute vectors_ngrams_norm to None
[2021-01-23 13:43:26,595] INFO: setting ignored attribute buckets_word to None
[2021-01-23 13:43:26,595] INFO: setting ignored attribute buckets_word to None
[2021-01-23 13:43:26,596] INFO: loading vocabulary recursively from /Users/neo1/PycharmProjects/vec4irltr/model/ir/20210121231330551/model_fasttext_bibl_content.vocabulary.* with mmap=None
[2021-01-23 13:43:26,596] INFO: loading vocabulary recursively from /Users/neo1/PycharmProjects/vec4irltr/model/ir/20210121231330551/model_fasttext_bibl_content.vocabulary.* with mmap=None
[2021-01-23 13:43:26,597] INFO: loading trainables recursively from /Users/neo1/PycharmProjects/vec4irltr/model/ir/20210121231330551/model_fasttext_bibl_content.trainables.* with mmap=None
[2021-01-23 13:43:26,597] INFO: loading trainables recursively from /Users/neo1/PycharmProjects/vec4irltr/model/ir/20210121231330551/model_fasttext_bibl_content.trainables.* with mmap=None
[2021-01-23 13:43:26,597] INFO: loading vectors_ngrams_lockf from /Users/neo1/PycharmProjects/vec4irltr/model/ir/20210121231330551/model_fasttext_bibl_content.trainables.vectors_ngrams_lockf.npy with mmap=None
[2021-01-23 13:43:26,597] INFO: loading vectors_ngrams_lockf from /Users/neo1/PycharmProjects/vec4irltr/model/ir/20210121231330551/model_fasttext_bibl_content.trainables.vectors_ngrams_lockf.npy with mmap=None
[2021-01-23 13:43:27,191] INFO: loaded /Users/neo1/PycharmProjects/vec4irltr/model/ir/20210121231330551/model_fasttext_bibl_content
[2021-01-23 13:43:27,191] INFO: loaded /Users/neo1/PycharmProjects/vec4irltr/model/ir/20210121231330551/model_fasttext_bibl_content
[2021-01-23 13:43:27,195] INFO: load time:1.069115161895752
[2021-01-23 13:43:27,195] INFO: load time:1.069115161895752
[2021-01-23 13:43:28,201] INFO: pid:17083 done | load time: 2.074451208114624
[2021-01-23 13:43:28,201] INFO: pid:17083 done | load time: 2.074451208114624
[2021-01-23 13:43:28,202] INFO: loading model_fasttext_bibl_econtent
[2021-01-23 13:43:28,202] INFO: loading model_fasttext_bibl_econtent
[2021-01-23 13:43:28,202] INFO: loading FastText object from /Users/neo1/PycharmProjects/vec4irltr/model/ir/20210121231330551/model_fasttext_bibl_econtent
[2021-01-23 13:43:28,202] INFO: loading FastText object from /Users/neo1/PycharmProjects/vec4irltr/model/ir/20210121231330551/model_fasttext_bibl_econtent
[2021-01-23 13:43:28,208] INFO: loading wv recursively from /Users/neo1/PycharmProjects/vec4irltr/model/ir/20210121231330551/model_fasttext_bibl_econtent.wv.* with mmap=None
[2021-01-23 13:43:28,208] INFO: loading wv recursively from /Users/neo1/PycharmProjects/vec4irltr/model/ir/20210121231330551/model_fasttext_bibl_econtent.wv.* with mmap=None
[2021-01-23 13:43:28,209] INFO: loading vectors_ngrams from /Users/neo1/PycharmProjects/vec4irltr/model/ir/20210121231330551/model_fasttext_bibl_econtent.wv.vectors_ngrams.npy with mmap=None
[2021-01-23 13:43:28,209] INFO: loading vectors_ngrams from /Users/neo1/PycharmProjects/vec4irltr/model/ir/20210121231330551/model_fasttext_bibl_econtent.wv.vectors_ngrams.npy with mmap=None
[2021-01-23 13:43:30,463] INFO: setting ignored attribute vectors_norm to None
[2021-01-23 13:43:30,463] INFO: setting ignored attribute vectors_norm to None
[2021-01-23 13:43:30,467] INFO: setting ignored attribute vectors_vocab_norm to None
[2021-01-23 13:43:30,467] INFO: setting ignored attribute vectors_vocab_norm to None
[2021-01-23 13:43:30,468] INFO: setting ignored attribute vectors_ngrams_norm to None
[2021-01-23 13:43:30,468] INFO: setting ignored attribute vectors_ngrams_norm to None
[2021-01-23 13:43:30,469] INFO: setting ignored attribute buckets_word to None
[2021-01-23 13:43:30,469] INFO: setting ignored attribute buckets_word to None
[2021-01-23 13:43:30,470] INFO: loading vocabulary recursively from /Users/neo1/PycharmProjects/vec4irltr/model/ir/20210121231330551/model_fasttext_bibl_econtent.vocabulary.* with mmap=None
[2021-01-23 13:43:30,470] INFO: loading vocabulary recursively from /Users/neo1/PycharmProjects/vec4irltr/model/ir/20210121231330551/model_fasttext_bibl_econtent.vocabulary.* with mmap=None
[2021-01-23 13:43:30,471] INFO: loading trainables recursively from /Users/neo1/PycharmProjects/vec4irltr/model/ir/20210121231330551/model_fasttext_bibl_econtent.trainables.* with mmap=None
[2021-01-23 13:43:30,471] INFO: loading trainables recursively from /Users/neo1/PycharmProjects/vec4irltr/model/ir/20210121231330551/model_fasttext_bibl_econtent.trainables.* with mmap=None
[2021-01-23 13:43:30,472] INFO: loading vectors_ngrams_lockf from /Users/neo1/PycharmProjects/vec4irltr/model/ir/20210121231330551/model_fasttext_bibl_econtent.trainables.vectors_ngrams_lockf.npy with mmap=None
[2021-01-23 13:43:30,472] INFO: loading vectors_ngrams_lockf from /Users/neo1/PycharmProjects/vec4irltr/model/ir/20210121231330551/model_fasttext_bibl_econtent.trainables.vectors_ngrams_lockf.npy with mmap=None
[2021-01-23 13:43:31,973] INFO: loaded /Users/neo1/PycharmProjects/vec4irltr/model/ir/20210121231330551/model_fasttext_bibl_econtent
[2021-01-23 13:43:31,973] INFO: loaded /Users/neo1/PycharmProjects/vec4irltr/model/ir/20210121231330551/model_fasttext_bibl_econtent
[2021-01-23 13:43:31,974] INFO: load time:3.771825075149536
[2021-01-23 13:43:31,974] INFO: load time:3.771825075149536
[2021-01-23 13:43:32,979] INFO: pid:17083 done | load time: 4.776845932006836
[2021-01-23 13:43:32,979] INFO: pid:17083 done | load time: 4.776845932006836
