[2021-01-23 15:38:42,071] INFO: set_init_models_and_get_retrievals
[2021-01-23 15:38:42,071] INFO: set_init_models_and_get_retrievals
[2021-01-23 15:38:42,076] INFO: loading model_word2vec_bibl_bible_bcn
[2021-01-23 15:38:42,076] INFO: loading model_word2vec_bibl_bible_bcn
[2021-01-23 15:38:42,078] INFO: loading Word2Vec object from /Users/neo1/PycharmProjects/vec4irltr/model/ir/20210121231330551/model_word2vec_bibl_bible_bcn
[2021-01-23 15:38:42,078] INFO: loading Word2Vec object from /Users/neo1/PycharmProjects/vec4irltr/model/ir/20210121231330551/model_word2vec_bibl_bible_bcn
[2021-01-23 15:38:42,081] INFO: loading wv recursively from /Users/neo1/PycharmProjects/vec4irltr/model/ir/20210121231330551/model_word2vec_bibl_bible_bcn.wv.* with mmap=None
[2021-01-23 15:38:42,081] INFO: loading wv recursively from /Users/neo1/PycharmProjects/vec4irltr/model/ir/20210121231330551/model_word2vec_bibl_bible_bcn.wv.* with mmap=None
[2021-01-23 15:38:42,081] INFO: setting ignored attribute vectors_norm to None
[2021-01-23 15:38:42,081] INFO: setting ignored attribute vectors_norm to None
[2021-01-23 15:38:42,082] INFO: loading vocabulary recursively from /Users/neo1/PycharmProjects/vec4irltr/model/ir/20210121231330551/model_word2vec_bibl_bible_bcn.vocabulary.* with mmap=None
[2021-01-23 15:38:42,082] INFO: loading vocabulary recursively from /Users/neo1/PycharmProjects/vec4irltr/model/ir/20210121231330551/model_word2vec_bibl_bible_bcn.vocabulary.* with mmap=None
[2021-01-23 15:38:42,083] INFO: loading trainables recursively from /Users/neo1/PycharmProjects/vec4irltr/model/ir/20210121231330551/model_word2vec_bibl_bible_bcn.trainables.* with mmap=None
[2021-01-23 15:38:42,083] INFO: loading trainables recursively from /Users/neo1/PycharmProjects/vec4irltr/model/ir/20210121231330551/model_word2vec_bibl_bible_bcn.trainables.* with mmap=None
[2021-01-23 15:38:42,083] INFO: setting ignored attribute cum_table to None
[2021-01-23 15:38:42,083] INFO: setting ignored attribute cum_table to None
[2021-01-23 15:38:42,084] INFO: loaded /Users/neo1/PycharmProjects/vec4irltr/model/ir/20210121231330551/model_word2vec_bibl_bible_bcn
[2021-01-23 15:38:42,084] INFO: loaded /Users/neo1/PycharmProjects/vec4irltr/model/ir/20210121231330551/model_word2vec_bibl_bible_bcn
[2021-01-23 15:38:42,085] INFO: load time:0.007408857345581055
[2021-01-23 15:38:42,085] INFO: load time:0.007408857345581055
[2021-01-23 15:38:43,090] INFO: pid:25398 done | load time: 1.012584924697876
[2021-01-23 15:38:43,090] INFO: pid:25398 done | load time: 1.012584924697876
[2021-01-23 15:38:43,091] INFO: loading model_word2vec_bibl_content
[2021-01-23 15:38:43,091] INFO: loading model_word2vec_bibl_content
[2021-01-23 15:38:43,091] INFO: loading Word2Vec object from /Users/neo1/PycharmProjects/vec4irltr/model/ir/20210121231330551/model_word2vec_bibl_content
[2021-01-23 15:38:43,091] INFO: loading Word2Vec object from /Users/neo1/PycharmProjects/vec4irltr/model/ir/20210121231330551/model_word2vec_bibl_content
[2021-01-23 15:38:43,103] INFO: loading wv recursively from /Users/neo1/PycharmProjects/vec4irltr/model/ir/20210121231330551/model_word2vec_bibl_content.wv.* with mmap=None
[2021-01-23 15:38:43,103] INFO: loading wv recursively from /Users/neo1/PycharmProjects/vec4irltr/model/ir/20210121231330551/model_word2vec_bibl_content.wv.* with mmap=None
[2021-01-23 15:38:43,104] INFO: setting ignored attribute vectors_norm to None
[2021-01-23 15:38:43,104] INFO: setting ignored attribute vectors_norm to None
[2021-01-23 15:38:43,104] INFO: loading vocabulary recursively from /Users/neo1/PycharmProjects/vec4irltr/model/ir/20210121231330551/model_word2vec_bibl_content.vocabulary.* with mmap=None
[2021-01-23 15:38:43,104] INFO: loading vocabulary recursively from /Users/neo1/PycharmProjects/vec4irltr/model/ir/20210121231330551/model_word2vec_bibl_content.vocabulary.* with mmap=None
[2021-01-23 15:38:43,105] INFO: loading trainables recursively from /Users/neo1/PycharmProjects/vec4irltr/model/ir/20210121231330551/model_word2vec_bibl_content.trainables.* with mmap=None
[2021-01-23 15:38:43,105] INFO: loading trainables recursively from /Users/neo1/PycharmProjects/vec4irltr/model/ir/20210121231330551/model_word2vec_bibl_content.trainables.* with mmap=None
[2021-01-23 15:38:43,105] INFO: setting ignored attribute cum_table to None
[2021-01-23 15:38:43,105] INFO: setting ignored attribute cum_table to None
[2021-01-23 15:38:43,106] INFO: loaded /Users/neo1/PycharmProjects/vec4irltr/model/ir/20210121231330551/model_word2vec_bibl_content
[2021-01-23 15:38:43,106] INFO: loaded /Users/neo1/PycharmProjects/vec4irltr/model/ir/20210121231330551/model_word2vec_bibl_content
[2021-01-23 15:38:43,109] INFO: load time:0.018115997314453125
[2021-01-23 15:38:43,109] INFO: load time:0.018115997314453125
[2021-01-23 15:38:44,113] INFO: pid:25398 done | load time: 1.021315097808838
[2021-01-23 15:38:44,113] INFO: pid:25398 done | load time: 1.021315097808838
[2021-01-23 15:38:44,117] INFO: loading model_word2vec_bibl_econtent
[2021-01-23 15:38:44,117] INFO: loading model_word2vec_bibl_econtent
[2021-01-23 15:38:44,118] INFO: loading Word2Vec object from /Users/neo1/PycharmProjects/vec4irltr/model/ir/20210121231330551/model_word2vec_bibl_econtent
[2021-01-23 15:38:44,118] INFO: loading Word2Vec object from /Users/neo1/PycharmProjects/vec4irltr/model/ir/20210121231330551/model_word2vec_bibl_econtent
[2021-01-23 15:38:44,120] INFO: loading wv recursively from /Users/neo1/PycharmProjects/vec4irltr/model/ir/20210121231330551/model_word2vec_bibl_econtent.wv.* with mmap=None
[2021-01-23 15:38:44,120] INFO: loading wv recursively from /Users/neo1/PycharmProjects/vec4irltr/model/ir/20210121231330551/model_word2vec_bibl_econtent.wv.* with mmap=None
[2021-01-23 15:38:44,121] INFO: setting ignored attribute vectors_norm to None
[2021-01-23 15:38:44,121] INFO: setting ignored attribute vectors_norm to None
[2021-01-23 15:38:44,122] INFO: loading vocabulary recursively from /Users/neo1/PycharmProjects/vec4irltr/model/ir/20210121231330551/model_word2vec_bibl_econtent.vocabulary.* with mmap=None
[2021-01-23 15:38:44,122] INFO: loading vocabulary recursively from /Users/neo1/PycharmProjects/vec4irltr/model/ir/20210121231330551/model_word2vec_bibl_econtent.vocabulary.* with mmap=None
[2021-01-23 15:38:44,122] INFO: loading trainables recursively from /Users/neo1/PycharmProjects/vec4irltr/model/ir/20210121231330551/model_word2vec_bibl_econtent.trainables.* with mmap=None
[2021-01-23 15:38:44,122] INFO: loading trainables recursively from /Users/neo1/PycharmProjects/vec4irltr/model/ir/20210121231330551/model_word2vec_bibl_econtent.trainables.* with mmap=None
[2021-01-23 15:38:44,123] INFO: setting ignored attribute cum_table to None
[2021-01-23 15:38:44,123] INFO: setting ignored attribute cum_table to None
[2021-01-23 15:38:44,124] INFO: loaded /Users/neo1/PycharmProjects/vec4irltr/model/ir/20210121231330551/model_word2vec_bibl_econtent
[2021-01-23 15:38:44,124] INFO: loaded /Users/neo1/PycharmProjects/vec4irltr/model/ir/20210121231330551/model_word2vec_bibl_econtent
[2021-01-23 15:38:44,125] INFO: load time:0.00639796257019043
[2021-01-23 15:38:44,125] INFO: load time:0.00639796257019043
[2021-01-23 15:38:45,129] INFO: pid:25398 done | load time: 1.0109548568725586
[2021-01-23 15:38:45,129] INFO: pid:25398 done | load time: 1.0109548568725586
