[2021-02-01 22:01:20,196] INFO: set_init_models_and_get_retrievals
[2021-02-01 22:01:20,196] INFO: set_init_models_and_get_retrievals
[2021-02-01 22:01:20,199] INFO: loading model_word2vec_bibl_bible_bcn
[2021-02-01 22:01:20,199] INFO: loading model_word2vec_bibl_bible_bcn
[2021-02-01 22:01:20,200] INFO: loading Word2Vec object from /Users/neo1/PycharmProjects/vec4irltr/model/ir/20210127210618894/model_word2vec_bibl_bible_bcn
[2021-02-01 22:01:20,200] INFO: loading Word2Vec object from /Users/neo1/PycharmProjects/vec4irltr/model/ir/20210127210618894/model_word2vec_bibl_bible_bcn
[2021-02-01 22:01:20,202] INFO: loading wv recursively from /Users/neo1/PycharmProjects/vec4irltr/model/ir/20210127210618894/model_word2vec_bibl_bible_bcn.wv.* with mmap=None
[2021-02-01 22:01:20,202] INFO: loading wv recursively from /Users/neo1/PycharmProjects/vec4irltr/model/ir/20210127210618894/model_word2vec_bibl_bible_bcn.wv.* with mmap=None
[2021-02-01 22:01:20,203] INFO: setting ignored attribute vectors_norm to None
[2021-02-01 22:01:20,203] INFO: setting ignored attribute vectors_norm to None
[2021-02-01 22:01:20,204] INFO: loading vocabulary recursively from /Users/neo1/PycharmProjects/vec4irltr/model/ir/20210127210618894/model_word2vec_bibl_bible_bcn.vocabulary.* with mmap=None
[2021-02-01 22:01:20,204] INFO: loading vocabulary recursively from /Users/neo1/PycharmProjects/vec4irltr/model/ir/20210127210618894/model_word2vec_bibl_bible_bcn.vocabulary.* with mmap=None
[2021-02-01 22:01:20,204] INFO: loading trainables recursively from /Users/neo1/PycharmProjects/vec4irltr/model/ir/20210127210618894/model_word2vec_bibl_bible_bcn.trainables.* with mmap=None
[2021-02-01 22:01:20,204] INFO: loading trainables recursively from /Users/neo1/PycharmProjects/vec4irltr/model/ir/20210127210618894/model_word2vec_bibl_bible_bcn.trainables.* with mmap=None
[2021-02-01 22:01:20,205] INFO: setting ignored attribute cum_table to None
[2021-02-01 22:01:20,205] INFO: setting ignored attribute cum_table to None
[2021-02-01 22:01:20,205] INFO: loaded /Users/neo1/PycharmProjects/vec4irltr/model/ir/20210127210618894/model_word2vec_bibl_bible_bcn
[2021-02-01 22:01:20,205] INFO: loaded /Users/neo1/PycharmProjects/vec4irltr/model/ir/20210127210618894/model_word2vec_bibl_bible_bcn
[2021-02-01 22:01:20,206] INFO: load time:0.00570988655090332
[2021-02-01 22:01:20,206] INFO: load time:0.00570988655090332
[2021-02-01 22:01:21,210] INFO: pid:45632 done | load time: 1.0102548599243164
[2021-02-01 22:01:21,210] INFO: pid:45632 done | load time: 1.0102548599243164
[2021-02-01 22:01:21,211] INFO: loading model_word2vec_bibl_content
[2021-02-01 22:01:21,211] INFO: loading model_word2vec_bibl_content
[2021-02-01 22:01:21,211] INFO: loading Word2Vec object from /Users/neo1/PycharmProjects/vec4irltr/model/ir/20210127210618894/model_word2vec_bibl_content
[2021-02-01 22:01:21,211] INFO: loading Word2Vec object from /Users/neo1/PycharmProjects/vec4irltr/model/ir/20210127210618894/model_word2vec_bibl_content
[2021-02-01 22:01:21,222] INFO: loading wv recursively from /Users/neo1/PycharmProjects/vec4irltr/model/ir/20210127210618894/model_word2vec_bibl_content.wv.* with mmap=None
[2021-02-01 22:01:21,222] INFO: loading wv recursively from /Users/neo1/PycharmProjects/vec4irltr/model/ir/20210127210618894/model_word2vec_bibl_content.wv.* with mmap=None
[2021-02-01 22:01:21,223] INFO: setting ignored attribute vectors_norm to None
[2021-02-01 22:01:21,223] INFO: setting ignored attribute vectors_norm to None
[2021-02-01 22:01:21,223] INFO: loading vocabulary recursively from /Users/neo1/PycharmProjects/vec4irltr/model/ir/20210127210618894/model_word2vec_bibl_content.vocabulary.* with mmap=None
[2021-02-01 22:01:21,223] INFO: loading vocabulary recursively from /Users/neo1/PycharmProjects/vec4irltr/model/ir/20210127210618894/model_word2vec_bibl_content.vocabulary.* with mmap=None
[2021-02-01 22:01:21,223] INFO: loading trainables recursively from /Users/neo1/PycharmProjects/vec4irltr/model/ir/20210127210618894/model_word2vec_bibl_content.trainables.* with mmap=None
[2021-02-01 22:01:21,223] INFO: loading trainables recursively from /Users/neo1/PycharmProjects/vec4irltr/model/ir/20210127210618894/model_word2vec_bibl_content.trainables.* with mmap=None
[2021-02-01 22:01:21,224] INFO: setting ignored attribute cum_table to None
[2021-02-01 22:01:21,224] INFO: setting ignored attribute cum_table to None
[2021-02-01 22:01:21,224] INFO: loaded /Users/neo1/PycharmProjects/vec4irltr/model/ir/20210127210618894/model_word2vec_bibl_content
[2021-02-01 22:01:21,224] INFO: loaded /Users/neo1/PycharmProjects/vec4irltr/model/ir/20210127210618894/model_word2vec_bibl_content
[2021-02-01 22:01:21,226] INFO: load time:0.014896154403686523
[2021-02-01 22:01:21,226] INFO: load time:0.014896154403686523
[2021-02-01 22:01:22,227] INFO: pid:45632 done | load time: 1.0158460140228271
[2021-02-01 22:01:22,227] INFO: pid:45632 done | load time: 1.0158460140228271
[2021-02-01 22:01:22,227] INFO: loading model_word2vec_bibl_econtent
[2021-02-01 22:01:22,227] INFO: loading model_word2vec_bibl_econtent
[2021-02-01 22:01:22,228] INFO: loading Word2Vec object from /Users/neo1/PycharmProjects/vec4irltr/model/ir/20210127210618894/model_word2vec_bibl_econtent
[2021-02-01 22:01:22,228] INFO: loading Word2Vec object from /Users/neo1/PycharmProjects/vec4irltr/model/ir/20210127210618894/model_word2vec_bibl_econtent
[2021-02-01 22:01:22,230] INFO: loading wv recursively from /Users/neo1/PycharmProjects/vec4irltr/model/ir/20210127210618894/model_word2vec_bibl_econtent.wv.* with mmap=None
[2021-02-01 22:01:22,230] INFO: loading wv recursively from /Users/neo1/PycharmProjects/vec4irltr/model/ir/20210127210618894/model_word2vec_bibl_econtent.wv.* with mmap=None
[2021-02-01 22:01:22,230] INFO: setting ignored attribute vectors_norm to None
[2021-02-01 22:01:22,230] INFO: setting ignored attribute vectors_norm to None
[2021-02-01 22:01:22,230] INFO: loading vocabulary recursively from /Users/neo1/PycharmProjects/vec4irltr/model/ir/20210127210618894/model_word2vec_bibl_econtent.vocabulary.* with mmap=None
[2021-02-01 22:01:22,230] INFO: loading vocabulary recursively from /Users/neo1/PycharmProjects/vec4irltr/model/ir/20210127210618894/model_word2vec_bibl_econtent.vocabulary.* with mmap=None
[2021-02-01 22:01:22,231] INFO: loading trainables recursively from /Users/neo1/PycharmProjects/vec4irltr/model/ir/20210127210618894/model_word2vec_bibl_econtent.trainables.* with mmap=None
[2021-02-01 22:01:22,231] INFO: loading trainables recursively from /Users/neo1/PycharmProjects/vec4irltr/model/ir/20210127210618894/model_word2vec_bibl_econtent.trainables.* with mmap=None
[2021-02-01 22:01:22,231] INFO: setting ignored attribute cum_table to None
[2021-02-01 22:01:22,231] INFO: setting ignored attribute cum_table to None
[2021-02-01 22:01:22,231] INFO: loaded /Users/neo1/PycharmProjects/vec4irltr/model/ir/20210127210618894/model_word2vec_bibl_econtent
[2021-02-01 22:01:22,231] INFO: loaded /Users/neo1/PycharmProjects/vec4irltr/model/ir/20210127210618894/model_word2vec_bibl_econtent
[2021-02-01 22:01:22,232] INFO: load time:0.004068136215209961
[2021-02-01 22:01:22,232] INFO: load time:0.004068136215209961
[2021-02-01 22:01:23,233] INFO: pid:45632 done | load time: 1.0050008296966553
[2021-02-01 22:01:23,233] INFO: pid:45632 done | load time: 1.0050008296966553
[2021-02-01 22:02:05,181] INFO: api/search?q=태초에 하나님께서 천지를
[2021-02-01 22:02:05,181] INFO: api/search?q=태초에 하나님께서 천지를
[2021-02-01 22:02:12,537] INFO: api/search?q=태초에 하나님께서 천지를
[2021-02-01 22:02:12,537] INFO: api/search?q=태초에 하나님께서 천지를
