[2021-01-23 20:44:01,488] INFO: set_init_models_and_get_retrievals
[2021-01-23 20:44:01,488] INFO: set_init_models_and_get_retrievals
[2021-01-23 20:44:01,494] INFO: loading model_word2vec_bibl_bible_bcn
[2021-01-23 20:44:01,494] INFO: loading model_word2vec_bibl_bible_bcn
[2021-01-23 20:44:01,495] INFO: loading Word2Vec object from /Users/neo1/PycharmProjects/vec4irltr/model/ir/20210121231330551/model_word2vec_bibl_bible_bcn
[2021-01-23 20:44:01,495] INFO: loading Word2Vec object from /Users/neo1/PycharmProjects/vec4irltr/model/ir/20210121231330551/model_word2vec_bibl_bible_bcn
[2021-01-23 20:44:01,498] INFO: loading wv recursively from /Users/neo1/PycharmProjects/vec4irltr/model/ir/20210121231330551/model_word2vec_bibl_bible_bcn.wv.* with mmap=None
[2021-01-23 20:44:01,498] INFO: loading wv recursively from /Users/neo1/PycharmProjects/vec4irltr/model/ir/20210121231330551/model_word2vec_bibl_bible_bcn.wv.* with mmap=None
[2021-01-23 20:44:01,499] INFO: setting ignored attribute vectors_norm to None
[2021-01-23 20:44:01,499] INFO: setting ignored attribute vectors_norm to None
[2021-01-23 20:44:01,500] INFO: loading vocabulary recursively from /Users/neo1/PycharmProjects/vec4irltr/model/ir/20210121231330551/model_word2vec_bibl_bible_bcn.vocabulary.* with mmap=None
[2021-01-23 20:44:01,500] INFO: loading vocabulary recursively from /Users/neo1/PycharmProjects/vec4irltr/model/ir/20210121231330551/model_word2vec_bibl_bible_bcn.vocabulary.* with mmap=None
[2021-01-23 20:44:01,501] INFO: loading trainables recursively from /Users/neo1/PycharmProjects/vec4irltr/model/ir/20210121231330551/model_word2vec_bibl_bible_bcn.trainables.* with mmap=None
[2021-01-23 20:44:01,501] INFO: loading trainables recursively from /Users/neo1/PycharmProjects/vec4irltr/model/ir/20210121231330551/model_word2vec_bibl_bible_bcn.trainables.* with mmap=None
[2021-01-23 20:44:01,501] INFO: setting ignored attribute cum_table to None
[2021-01-23 20:44:01,501] INFO: setting ignored attribute cum_table to None
[2021-01-23 20:44:01,502] INFO: loaded /Users/neo1/PycharmProjects/vec4irltr/model/ir/20210121231330551/model_word2vec_bibl_bible_bcn
[2021-01-23 20:44:01,502] INFO: loaded /Users/neo1/PycharmProjects/vec4irltr/model/ir/20210121231330551/model_word2vec_bibl_bible_bcn
[2021-01-23 20:44:01,503] INFO: load time:0.00799417495727539
[2021-01-23 20:44:01,503] INFO: load time:0.00799417495727539
[2021-01-23 20:44:02,510] INFO: pid:46827 done | load time: 1.0145018100738525
[2021-01-23 20:44:02,510] INFO: pid:46827 done | load time: 1.0145018100738525
[2021-01-23 20:44:02,510] INFO: loading model_word2vec_bibl_content
[2021-01-23 20:44:02,510] INFO: loading model_word2vec_bibl_content
[2021-01-23 20:44:02,511] INFO: loading Word2Vec object from /Users/neo1/PycharmProjects/vec4irltr/model/ir/20210121231330551/model_word2vec_bibl_content
[2021-01-23 20:44:02,511] INFO: loading Word2Vec object from /Users/neo1/PycharmProjects/vec4irltr/model/ir/20210121231330551/model_word2vec_bibl_content
[2021-01-23 20:44:02,522] INFO: loading wv recursively from /Users/neo1/PycharmProjects/vec4irltr/model/ir/20210121231330551/model_word2vec_bibl_content.wv.* with mmap=None
[2021-01-23 20:44:02,522] INFO: loading wv recursively from /Users/neo1/PycharmProjects/vec4irltr/model/ir/20210121231330551/model_word2vec_bibl_content.wv.* with mmap=None
[2021-01-23 20:44:02,523] INFO: setting ignored attribute vectors_norm to None
[2021-01-23 20:44:02,523] INFO: setting ignored attribute vectors_norm to None
[2021-01-23 20:44:02,524] INFO: loading vocabulary recursively from /Users/neo1/PycharmProjects/vec4irltr/model/ir/20210121231330551/model_word2vec_bibl_content.vocabulary.* with mmap=None
[2021-01-23 20:44:02,524] INFO: loading vocabulary recursively from /Users/neo1/PycharmProjects/vec4irltr/model/ir/20210121231330551/model_word2vec_bibl_content.vocabulary.* with mmap=None
[2021-01-23 20:44:02,524] INFO: loading trainables recursively from /Users/neo1/PycharmProjects/vec4irltr/model/ir/20210121231330551/model_word2vec_bibl_content.trainables.* with mmap=None
[2021-01-23 20:44:02,524] INFO: loading trainables recursively from /Users/neo1/PycharmProjects/vec4irltr/model/ir/20210121231330551/model_word2vec_bibl_content.trainables.* with mmap=None
[2021-01-23 20:44:02,525] INFO: setting ignored attribute cum_table to None
[2021-01-23 20:44:02,525] INFO: setting ignored attribute cum_table to None
[2021-01-23 20:44:02,525] INFO: loaded /Users/neo1/PycharmProjects/vec4irltr/model/ir/20210121231330551/model_word2vec_bibl_content
[2021-01-23 20:44:02,525] INFO: loaded /Users/neo1/PycharmProjects/vec4irltr/model/ir/20210121231330551/model_word2vec_bibl_content
[2021-01-23 20:44:02,529] INFO: load time:0.018091917037963867
[2021-01-23 20:44:02,529] INFO: load time:0.018091917037963867
[2021-01-23 20:44:03,530] INFO: pid:46827 done | load time: 1.0192668437957764
[2021-01-23 20:44:03,530] INFO: pid:46827 done | load time: 1.0192668437957764
[2021-01-23 20:44:03,531] INFO: loading model_word2vec_bibl_econtent
[2021-01-23 20:44:03,531] INFO: loading model_word2vec_bibl_econtent
[2021-01-23 20:44:03,532] INFO: loading Word2Vec object from /Users/neo1/PycharmProjects/vec4irltr/model/ir/20210121231330551/model_word2vec_bibl_econtent
[2021-01-23 20:44:03,532] INFO: loading Word2Vec object from /Users/neo1/PycharmProjects/vec4irltr/model/ir/20210121231330551/model_word2vec_bibl_econtent
[2021-01-23 20:44:03,533] INFO: loading wv recursively from /Users/neo1/PycharmProjects/vec4irltr/model/ir/20210121231330551/model_word2vec_bibl_econtent.wv.* with mmap=None
[2021-01-23 20:44:03,533] INFO: loading wv recursively from /Users/neo1/PycharmProjects/vec4irltr/model/ir/20210121231330551/model_word2vec_bibl_econtent.wv.* with mmap=None
[2021-01-23 20:44:03,534] INFO: setting ignored attribute vectors_norm to None
[2021-01-23 20:44:03,534] INFO: setting ignored attribute vectors_norm to None
[2021-01-23 20:44:03,535] INFO: loading vocabulary recursively from /Users/neo1/PycharmProjects/vec4irltr/model/ir/20210121231330551/model_word2vec_bibl_econtent.vocabulary.* with mmap=None
[2021-01-23 20:44:03,535] INFO: loading vocabulary recursively from /Users/neo1/PycharmProjects/vec4irltr/model/ir/20210121231330551/model_word2vec_bibl_econtent.vocabulary.* with mmap=None
[2021-01-23 20:44:03,535] INFO: loading trainables recursively from /Users/neo1/PycharmProjects/vec4irltr/model/ir/20210121231330551/model_word2vec_bibl_econtent.trainables.* with mmap=None
[2021-01-23 20:44:03,535] INFO: loading trainables recursively from /Users/neo1/PycharmProjects/vec4irltr/model/ir/20210121231330551/model_word2vec_bibl_econtent.trainables.* with mmap=None
[2021-01-23 20:44:03,536] INFO: setting ignored attribute cum_table to None
[2021-01-23 20:44:03,536] INFO: setting ignored attribute cum_table to None
[2021-01-23 20:44:03,536] INFO: loaded /Users/neo1/PycharmProjects/vec4irltr/model/ir/20210121231330551/model_word2vec_bibl_econtent
[2021-01-23 20:44:03,536] INFO: loaded /Users/neo1/PycharmProjects/vec4irltr/model/ir/20210121231330551/model_word2vec_bibl_econtent
[2021-01-23 20:44:03,537] INFO: load time:0.0056917667388916016
[2021-01-23 20:44:03,537] INFO: load time:0.0056917667388916016
[2021-01-23 20:44:04,542] INFO: pid:46827 done | load time: 1.0109539031982422
[2021-01-23 20:44:04,542] INFO: pid:46827 done | load time: 1.0109539031982422
