[2021-01-23 13:52:38,594] INFO: set_init_models_and_get_retrievals
[2021-01-23 13:52:38,594] INFO: set_init_models_and_get_retrievals
[2021-01-23 13:52:38,844] INFO: loading model_word2vec_bibl_bible_bcn
[2021-01-23 13:52:38,844] INFO: loading model_word2vec_bibl_bible_bcn
[2021-01-23 13:52:38,845] INFO: loading Word2Vec object from /Users/neo1/PycharmProjects/vec4irltr/model/ir/20210121231330551/model_word2vec_bibl_bible_bcn
[2021-01-23 13:52:38,845] INFO: loading Word2Vec object from /Users/neo1/PycharmProjects/vec4irltr/model/ir/20210121231330551/model_word2vec_bibl_bible_bcn
[2021-01-23 13:52:38,847] INFO: loading wv recursively from /Users/neo1/PycharmProjects/vec4irltr/model/ir/20210121231330551/model_word2vec_bibl_bible_bcn.wv.* with mmap=None
[2021-01-23 13:52:38,847] INFO: loading wv recursively from /Users/neo1/PycharmProjects/vec4irltr/model/ir/20210121231330551/model_word2vec_bibl_bible_bcn.wv.* with mmap=None
[2021-01-23 13:52:38,847] INFO: setting ignored attribute vectors_norm to None
[2021-01-23 13:52:38,847] INFO: setting ignored attribute vectors_norm to None
[2021-01-23 13:52:38,847] INFO: loading vocabulary recursively from /Users/neo1/PycharmProjects/vec4irltr/model/ir/20210121231330551/model_word2vec_bibl_bible_bcn.vocabulary.* with mmap=None
[2021-01-23 13:52:38,847] INFO: loading vocabulary recursively from /Users/neo1/PycharmProjects/vec4irltr/model/ir/20210121231330551/model_word2vec_bibl_bible_bcn.vocabulary.* with mmap=None
[2021-01-23 13:52:38,847] INFO: loading trainables recursively from /Users/neo1/PycharmProjects/vec4irltr/model/ir/20210121231330551/model_word2vec_bibl_bible_bcn.trainables.* with mmap=None
[2021-01-23 13:52:38,847] INFO: loading trainables recursively from /Users/neo1/PycharmProjects/vec4irltr/model/ir/20210121231330551/model_word2vec_bibl_bible_bcn.trainables.* with mmap=None
[2021-01-23 13:52:38,848] INFO: setting ignored attribute cum_table to None
[2021-01-23 13:52:38,848] INFO: setting ignored attribute cum_table to None
[2021-01-23 13:52:38,848] INFO: loaded /Users/neo1/PycharmProjects/vec4irltr/model/ir/20210121231330551/model_word2vec_bibl_bible_bcn
[2021-01-23 13:52:38,848] INFO: loaded /Users/neo1/PycharmProjects/vec4irltr/model/ir/20210121231330551/model_word2vec_bibl_bible_bcn
[2021-01-23 13:52:38,849] INFO: load time:0.00407099723815918
[2021-01-23 13:52:38,849] INFO: load time:0.00407099723815918
[2021-01-23 13:52:39,852] INFO: pid:17801 done | load time: 1.0072870254516602
[2021-01-23 13:52:39,852] INFO: pid:17801 done | load time: 1.0072870254516602
[2021-01-23 13:52:39,852] INFO: loading model_word2vec_bibl_content
[2021-01-23 13:52:39,852] INFO: loading model_word2vec_bibl_content
[2021-01-23 13:52:39,853] INFO: loading Word2Vec object from /Users/neo1/PycharmProjects/vec4irltr/model/ir/20210121231330551/model_word2vec_bibl_content
[2021-01-23 13:52:39,853] INFO: loading Word2Vec object from /Users/neo1/PycharmProjects/vec4irltr/model/ir/20210121231330551/model_word2vec_bibl_content
[2021-01-23 13:52:39,863] INFO: loading wv recursively from /Users/neo1/PycharmProjects/vec4irltr/model/ir/20210121231330551/model_word2vec_bibl_content.wv.* with mmap=None
[2021-01-23 13:52:39,863] INFO: loading wv recursively from /Users/neo1/PycharmProjects/vec4irltr/model/ir/20210121231330551/model_word2vec_bibl_content.wv.* with mmap=None
[2021-01-23 13:52:39,863] INFO: setting ignored attribute vectors_norm to None
[2021-01-23 13:52:39,863] INFO: setting ignored attribute vectors_norm to None
[2021-01-23 13:52:39,864] INFO: loading vocabulary recursively from /Users/neo1/PycharmProjects/vec4irltr/model/ir/20210121231330551/model_word2vec_bibl_content.vocabulary.* with mmap=None
[2021-01-23 13:52:39,864] INFO: loading vocabulary recursively from /Users/neo1/PycharmProjects/vec4irltr/model/ir/20210121231330551/model_word2vec_bibl_content.vocabulary.* with mmap=None
[2021-01-23 13:52:39,864] INFO: loading trainables recursively from /Users/neo1/PycharmProjects/vec4irltr/model/ir/20210121231330551/model_word2vec_bibl_content.trainables.* with mmap=None
[2021-01-23 13:52:39,864] INFO: loading trainables recursively from /Users/neo1/PycharmProjects/vec4irltr/model/ir/20210121231330551/model_word2vec_bibl_content.trainables.* with mmap=None
[2021-01-23 13:52:39,864] INFO: setting ignored attribute cum_table to None
[2021-01-23 13:52:39,864] INFO: setting ignored attribute cum_table to None
[2021-01-23 13:52:39,864] INFO: loaded /Users/neo1/PycharmProjects/vec4irltr/model/ir/20210121231330551/model_word2vec_bibl_content
[2021-01-23 13:52:39,864] INFO: loaded /Users/neo1/PycharmProjects/vec4irltr/model/ir/20210121231330551/model_word2vec_bibl_content
[2021-01-23 13:52:39,866] INFO: load time:0.013794183731079102
[2021-01-23 13:52:39,866] INFO: load time:0.013794183731079102
[2021-01-23 13:52:40,869] INFO: pid:17801 done | load time: 1.0168592929840088
[2021-01-23 13:52:40,869] INFO: pid:17801 done | load time: 1.0168592929840088
[2021-01-23 13:52:40,870] INFO: loading model_word2vec_bibl_econtent
[2021-01-23 13:52:40,870] INFO: loading model_word2vec_bibl_econtent
[2021-01-23 13:52:40,870] INFO: loading Word2Vec object from /Users/neo1/PycharmProjects/vec4irltr/model/ir/20210121231330551/model_word2vec_bibl_econtent
[2021-01-23 13:52:40,870] INFO: loading Word2Vec object from /Users/neo1/PycharmProjects/vec4irltr/model/ir/20210121231330551/model_word2vec_bibl_econtent
[2021-01-23 13:52:40,871] INFO: loading wv recursively from /Users/neo1/PycharmProjects/vec4irltr/model/ir/20210121231330551/model_word2vec_bibl_econtent.wv.* with mmap=None
[2021-01-23 13:52:40,871] INFO: loading wv recursively from /Users/neo1/PycharmProjects/vec4irltr/model/ir/20210121231330551/model_word2vec_bibl_econtent.wv.* with mmap=None
[2021-01-23 13:52:40,872] INFO: setting ignored attribute vectors_norm to None
[2021-01-23 13:52:40,872] INFO: setting ignored attribute vectors_norm to None
[2021-01-23 13:52:40,872] INFO: loading vocabulary recursively from /Users/neo1/PycharmProjects/vec4irltr/model/ir/20210121231330551/model_word2vec_bibl_econtent.vocabulary.* with mmap=None
[2021-01-23 13:52:40,872] INFO: loading vocabulary recursively from /Users/neo1/PycharmProjects/vec4irltr/model/ir/20210121231330551/model_word2vec_bibl_econtent.vocabulary.* with mmap=None
[2021-01-23 13:52:40,872] INFO: loading trainables recursively from /Users/neo1/PycharmProjects/vec4irltr/model/ir/20210121231330551/model_word2vec_bibl_econtent.trainables.* with mmap=None
[2021-01-23 13:52:40,872] INFO: loading trainables recursively from /Users/neo1/PycharmProjects/vec4irltr/model/ir/20210121231330551/model_word2vec_bibl_econtent.trainables.* with mmap=None
[2021-01-23 13:52:40,872] INFO: setting ignored attribute cum_table to None
[2021-01-23 13:52:40,872] INFO: setting ignored attribute cum_table to None
[2021-01-23 13:52:40,873] INFO: loaded /Users/neo1/PycharmProjects/vec4irltr/model/ir/20210121231330551/model_word2vec_bibl_econtent
[2021-01-23 13:52:40,873] INFO: loaded /Users/neo1/PycharmProjects/vec4irltr/model/ir/20210121231330551/model_word2vec_bibl_econtent
[2021-01-23 13:52:40,873] INFO: load time:0.002988100051879883
[2021-01-23 13:52:40,873] INFO: load time:0.002988100051879883
[2021-01-23 13:52:41,878] INFO: pid:17801 done | load time: 1.0082371234893799
[2021-01-23 13:52:41,878] INFO: pid:17801 done | load time: 1.0082371234893799
[2021-01-23 13:52:45,800] INFO: loading model_word2vec_bibl_bible_bcn
[2021-01-23 13:52:45,800] INFO: loading model_word2vec_bibl_bible_bcn
[2021-01-23 13:52:45,800] INFO: loading Word2Vec object from /Users/neo1/PycharmProjects/vec4irltr/model/ir/20210121231330551/model_word2vec_bibl_bible_bcn
[2021-01-23 13:52:45,800] INFO: loading Word2Vec object from /Users/neo1/PycharmProjects/vec4irltr/model/ir/20210121231330551/model_word2vec_bibl_bible_bcn
[2021-01-23 13:52:45,801] INFO: loading wv recursively from /Users/neo1/PycharmProjects/vec4irltr/model/ir/20210121231330551/model_word2vec_bibl_bible_bcn.wv.* with mmap=None
[2021-01-23 13:52:45,801] INFO: loading wv recursively from /Users/neo1/PycharmProjects/vec4irltr/model/ir/20210121231330551/model_word2vec_bibl_bible_bcn.wv.* with mmap=None
[2021-01-23 13:52:45,802] INFO: setting ignored attribute vectors_norm to None
[2021-01-23 13:52:45,802] INFO: setting ignored attribute vectors_norm to None
[2021-01-23 13:52:45,802] INFO: loading vocabulary recursively from /Users/neo1/PycharmProjects/vec4irltr/model/ir/20210121231330551/model_word2vec_bibl_bible_bcn.vocabulary.* with mmap=None
[2021-01-23 13:52:45,802] INFO: loading vocabulary recursively from /Users/neo1/PycharmProjects/vec4irltr/model/ir/20210121231330551/model_word2vec_bibl_bible_bcn.vocabulary.* with mmap=None
[2021-01-23 13:52:45,802] INFO: loading trainables recursively from /Users/neo1/PycharmProjects/vec4irltr/model/ir/20210121231330551/model_word2vec_bibl_bible_bcn.trainables.* with mmap=None
[2021-01-23 13:52:45,802] INFO: loading trainables recursively from /Users/neo1/PycharmProjects/vec4irltr/model/ir/20210121231330551/model_word2vec_bibl_bible_bcn.trainables.* with mmap=None
[2021-01-23 13:52:45,803] INFO: setting ignored attribute cum_table to None
[2021-01-23 13:52:45,803] INFO: setting ignored attribute cum_table to None
[2021-01-23 13:52:45,803] INFO: loaded /Users/neo1/PycharmProjects/vec4irltr/model/ir/20210121231330551/model_word2vec_bibl_bible_bcn
[2021-01-23 13:52:45,803] INFO: loaded /Users/neo1/PycharmProjects/vec4irltr/model/ir/20210121231330551/model_word2vec_bibl_bible_bcn
[2021-01-23 13:52:45,803] INFO: load time:0.0033559799194335938
[2021-01-23 13:52:45,803] INFO: load time:0.0033559799194335938
[2021-01-23 13:52:46,805] INFO: pid:17801 done | load time: 1.0054798126220703
[2021-01-23 13:52:46,805] INFO: pid:17801 done | load time: 1.0054798126220703
[2021-01-23 13:52:46,806] INFO: loading model_word2vec_bibl_content
[2021-01-23 13:52:46,806] INFO: loading model_word2vec_bibl_content
[2021-01-23 13:52:46,806] INFO: loading Word2Vec object from /Users/neo1/PycharmProjects/vec4irltr/model/ir/20210121231330551/model_word2vec_bibl_content
[2021-01-23 13:52:46,806] INFO: loading Word2Vec object from /Users/neo1/PycharmProjects/vec4irltr/model/ir/20210121231330551/model_word2vec_bibl_content
[2021-01-23 13:52:46,815] INFO: loading wv recursively from /Users/neo1/PycharmProjects/vec4irltr/model/ir/20210121231330551/model_word2vec_bibl_content.wv.* with mmap=None
[2021-01-23 13:52:46,815] INFO: loading wv recursively from /Users/neo1/PycharmProjects/vec4irltr/model/ir/20210121231330551/model_word2vec_bibl_content.wv.* with mmap=None
[2021-01-23 13:52:46,816] INFO: setting ignored attribute vectors_norm to None
[2021-01-23 13:52:46,816] INFO: setting ignored attribute vectors_norm to None
[2021-01-23 13:52:46,816] INFO: loading vocabulary recursively from /Users/neo1/PycharmProjects/vec4irltr/model/ir/20210121231330551/model_word2vec_bibl_content.vocabulary.* with mmap=None
[2021-01-23 13:52:46,816] INFO: loading vocabulary recursively from /Users/neo1/PycharmProjects/vec4irltr/model/ir/20210121231330551/model_word2vec_bibl_content.vocabulary.* with mmap=None
[2021-01-23 13:52:46,816] INFO: loading trainables recursively from /Users/neo1/PycharmProjects/vec4irltr/model/ir/20210121231330551/model_word2vec_bibl_content.trainables.* with mmap=None
[2021-01-23 13:52:46,816] INFO: loading trainables recursively from /Users/neo1/PycharmProjects/vec4irltr/model/ir/20210121231330551/model_word2vec_bibl_content.trainables.* with mmap=None
[2021-01-23 13:52:46,817] INFO: setting ignored attribute cum_table to None
[2021-01-23 13:52:46,817] INFO: setting ignored attribute cum_table to None
[2021-01-23 13:52:46,817] INFO: loaded /Users/neo1/PycharmProjects/vec4irltr/model/ir/20210121231330551/model_word2vec_bibl_content
[2021-01-23 13:52:46,817] INFO: loaded /Users/neo1/PycharmProjects/vec4irltr/model/ir/20210121231330551/model_word2vec_bibl_content
[2021-01-23 13:52:46,819] INFO: load time:0.012703895568847656
[2021-01-23 13:52:46,819] INFO: load time:0.012703895568847656
[2021-01-23 13:52:47,819] INFO: pid:17801 done | load time: 1.012944221496582
[2021-01-23 13:52:47,819] INFO: pid:17801 done | load time: 1.012944221496582
[2021-01-23 13:52:47,819] INFO: loading model_word2vec_bibl_econtent
[2021-01-23 13:52:47,819] INFO: loading model_word2vec_bibl_econtent
[2021-01-23 13:52:47,820] INFO: loading Word2Vec object from /Users/neo1/PycharmProjects/vec4irltr/model/ir/20210121231330551/model_word2vec_bibl_econtent
[2021-01-23 13:52:47,820] INFO: loading Word2Vec object from /Users/neo1/PycharmProjects/vec4irltr/model/ir/20210121231330551/model_word2vec_bibl_econtent
[2021-01-23 13:52:47,821] INFO: loading wv recursively from /Users/neo1/PycharmProjects/vec4irltr/model/ir/20210121231330551/model_word2vec_bibl_econtent.wv.* with mmap=None
[2021-01-23 13:52:47,821] INFO: loading wv recursively from /Users/neo1/PycharmProjects/vec4irltr/model/ir/20210121231330551/model_word2vec_bibl_econtent.wv.* with mmap=None
[2021-01-23 13:52:47,821] INFO: setting ignored attribute vectors_norm to None
[2021-01-23 13:52:47,821] INFO: setting ignored attribute vectors_norm to None
[2021-01-23 13:52:47,821] INFO: loading vocabulary recursively from /Users/neo1/PycharmProjects/vec4irltr/model/ir/20210121231330551/model_word2vec_bibl_econtent.vocabulary.* with mmap=None
[2021-01-23 13:52:47,821] INFO: loading vocabulary recursively from /Users/neo1/PycharmProjects/vec4irltr/model/ir/20210121231330551/model_word2vec_bibl_econtent.vocabulary.* with mmap=None
[2021-01-23 13:52:47,822] INFO: loading trainables recursively from /Users/neo1/PycharmProjects/vec4irltr/model/ir/20210121231330551/model_word2vec_bibl_econtent.trainables.* with mmap=None
[2021-01-23 13:52:47,822] INFO: loading trainables recursively from /Users/neo1/PycharmProjects/vec4irltr/model/ir/20210121231330551/model_word2vec_bibl_econtent.trainables.* with mmap=None
[2021-01-23 13:52:47,822] INFO: setting ignored attribute cum_table to None
[2021-01-23 13:52:47,822] INFO: setting ignored attribute cum_table to None
[2021-01-23 13:52:47,822] INFO: loaded /Users/neo1/PycharmProjects/vec4irltr/model/ir/20210121231330551/model_word2vec_bibl_econtent
[2021-01-23 13:52:47,822] INFO: loaded /Users/neo1/PycharmProjects/vec4irltr/model/ir/20210121231330551/model_word2vec_bibl_econtent
[2021-01-23 13:52:47,822] INFO: load time:0.0028510093688964844
[2021-01-23 13:52:47,822] INFO: load time:0.0028510093688964844
[2021-01-23 13:52:48,825] INFO: pid:17801 done | load time: 1.0055289268493652
[2021-01-23 13:52:48,825] INFO: pid:17801 done | load time: 1.0055289268493652
