[2021-01-23 13:27:34,967] INFO: set_init_models_and_get_retrievals
[2021-01-23 13:27:34,967] INFO: set_init_models_and_get_retrievals
[2021-01-23 13:27:34,973] INFO: loading model_word2vec_bibl_bible_bcn
[2021-01-23 13:27:34,973] INFO: loading model_word2vec_bibl_bible_bcn
[2021-01-23 13:27:34,974] INFO: loading Word2Vec object from /Users/neo1/PycharmProjects/vec4irltr/model/ir/20210121231330551/model_word2vec_bibl_bible_bcn
[2021-01-23 13:27:34,974] INFO: loading Word2Vec object from /Users/neo1/PycharmProjects/vec4irltr/model/ir/20210121231330551/model_word2vec_bibl_bible_bcn
[2021-01-23 13:27:34,983] INFO: loading wv recursively from /Users/neo1/PycharmProjects/vec4irltr/model/ir/20210121231330551/model_word2vec_bibl_bible_bcn.wv.* with mmap=None
[2021-01-23 13:27:34,983] INFO: loading wv recursively from /Users/neo1/PycharmProjects/vec4irltr/model/ir/20210121231330551/model_word2vec_bibl_bible_bcn.wv.* with mmap=None
[2021-01-23 13:27:34,984] INFO: setting ignored attribute vectors_norm to None
[2021-01-23 13:27:34,984] INFO: setting ignored attribute vectors_norm to None
[2021-01-23 13:27:34,985] INFO: loading vocabulary recursively from /Users/neo1/PycharmProjects/vec4irltr/model/ir/20210121231330551/model_word2vec_bibl_bible_bcn.vocabulary.* with mmap=None
[2021-01-23 13:27:34,985] INFO: loading vocabulary recursively from /Users/neo1/PycharmProjects/vec4irltr/model/ir/20210121231330551/model_word2vec_bibl_bible_bcn.vocabulary.* with mmap=None
[2021-01-23 13:27:34,986] INFO: loading trainables recursively from /Users/neo1/PycharmProjects/vec4irltr/model/ir/20210121231330551/model_word2vec_bibl_bible_bcn.trainables.* with mmap=None
[2021-01-23 13:27:34,986] INFO: loading trainables recursively from /Users/neo1/PycharmProjects/vec4irltr/model/ir/20210121231330551/model_word2vec_bibl_bible_bcn.trainables.* with mmap=None
[2021-01-23 13:27:34,986] INFO: setting ignored attribute cum_table to None
[2021-01-23 13:27:34,986] INFO: setting ignored attribute cum_table to None
[2021-01-23 13:27:34,988] INFO: loaded /Users/neo1/PycharmProjects/vec4irltr/model/ir/20210121231330551/model_word2vec_bibl_bible_bcn
[2021-01-23 13:27:34,988] INFO: loaded /Users/neo1/PycharmProjects/vec4irltr/model/ir/20210121231330551/model_word2vec_bibl_bible_bcn
[2021-01-23 13:27:34,989] INFO: load time:0.015301942825317383
[2021-01-23 13:27:34,989] INFO: load time:0.015301942825317383
[2021-01-23 13:27:35,993] INFO: pid:15953 done | load time: 1.0187857151031494
[2021-01-23 13:27:35,993] INFO: pid:15953 done | load time: 1.0187857151031494
[2021-01-23 13:27:35,994] INFO: loading model_word2vec_bibl_content
[2021-01-23 13:27:35,994] INFO: loading model_word2vec_bibl_content
[2021-01-23 13:27:35,995] INFO: loading Word2Vec object from /Users/neo1/PycharmProjects/vec4irltr/model/ir/20210121231330551/model_word2vec_bibl_content
[2021-01-23 13:27:35,995] INFO: loading Word2Vec object from /Users/neo1/PycharmProjects/vec4irltr/model/ir/20210121231330551/model_word2vec_bibl_content
[2021-01-23 13:27:36,014] INFO: loading wv recursively from /Users/neo1/PycharmProjects/vec4irltr/model/ir/20210121231330551/model_word2vec_bibl_content.wv.* with mmap=None
[2021-01-23 13:27:36,014] INFO: loading wv recursively from /Users/neo1/PycharmProjects/vec4irltr/model/ir/20210121231330551/model_word2vec_bibl_content.wv.* with mmap=None
[2021-01-23 13:27:36,015] INFO: setting ignored attribute vectors_norm to None
[2021-01-23 13:27:36,015] INFO: setting ignored attribute vectors_norm to None
[2021-01-23 13:27:36,016] INFO: loading vocabulary recursively from /Users/neo1/PycharmProjects/vec4irltr/model/ir/20210121231330551/model_word2vec_bibl_content.vocabulary.* with mmap=None
[2021-01-23 13:27:36,016] INFO: loading vocabulary recursively from /Users/neo1/PycharmProjects/vec4irltr/model/ir/20210121231330551/model_word2vec_bibl_content.vocabulary.* with mmap=None
[2021-01-23 13:27:36,017] INFO: loading trainables recursively from /Users/neo1/PycharmProjects/vec4irltr/model/ir/20210121231330551/model_word2vec_bibl_content.trainables.* with mmap=None
[2021-01-23 13:27:36,017] INFO: loading trainables recursively from /Users/neo1/PycharmProjects/vec4irltr/model/ir/20210121231330551/model_word2vec_bibl_content.trainables.* with mmap=None
[2021-01-23 13:27:36,018] INFO: setting ignored attribute cum_table to None
[2021-01-23 13:27:36,018] INFO: setting ignored attribute cum_table to None
[2021-01-23 13:27:36,019] INFO: loaded /Users/neo1/PycharmProjects/vec4irltr/model/ir/20210121231330551/model_word2vec_bibl_content
[2021-01-23 13:27:36,019] INFO: loaded /Users/neo1/PycharmProjects/vec4irltr/model/ir/20210121231330551/model_word2vec_bibl_content
[2021-01-23 13:27:36,023] INFO: load time:0.02859020233154297
[2021-01-23 13:27:36,023] INFO: load time:0.02859020233154297
[2021-01-23 13:27:37,025] INFO: pid:15953 done | load time: 1.0301120281219482
[2021-01-23 13:27:37,025] INFO: pid:15953 done | load time: 1.0301120281219482
[2021-01-23 13:27:37,026] INFO: loading model_word2vec_bibl_econtent
[2021-01-23 13:27:37,026] INFO: loading model_word2vec_bibl_econtent
[2021-01-23 13:27:37,026] INFO: loading Word2Vec object from /Users/neo1/PycharmProjects/vec4irltr/model/ir/20210121231330551/model_word2vec_bibl_econtent
[2021-01-23 13:27:37,026] INFO: loading Word2Vec object from /Users/neo1/PycharmProjects/vec4irltr/model/ir/20210121231330551/model_word2vec_bibl_econtent
[2021-01-23 13:27:37,031] INFO: loading wv recursively from /Users/neo1/PycharmProjects/vec4irltr/model/ir/20210121231330551/model_word2vec_bibl_econtent.wv.* with mmap=None
[2021-01-23 13:27:37,031] INFO: loading wv recursively from /Users/neo1/PycharmProjects/vec4irltr/model/ir/20210121231330551/model_word2vec_bibl_econtent.wv.* with mmap=None
[2021-01-23 13:27:37,032] INFO: setting ignored attribute vectors_norm to None
[2021-01-23 13:27:37,032] INFO: setting ignored attribute vectors_norm to None
[2021-01-23 13:27:37,033] INFO: loading vocabulary recursively from /Users/neo1/PycharmProjects/vec4irltr/model/ir/20210121231330551/model_word2vec_bibl_econtent.vocabulary.* with mmap=None
[2021-01-23 13:27:37,033] INFO: loading vocabulary recursively from /Users/neo1/PycharmProjects/vec4irltr/model/ir/20210121231330551/model_word2vec_bibl_econtent.vocabulary.* with mmap=None
[2021-01-23 13:27:37,034] INFO: loading trainables recursively from /Users/neo1/PycharmProjects/vec4irltr/model/ir/20210121231330551/model_word2vec_bibl_econtent.trainables.* with mmap=None
[2021-01-23 13:27:37,034] INFO: loading trainables recursively from /Users/neo1/PycharmProjects/vec4irltr/model/ir/20210121231330551/model_word2vec_bibl_econtent.trainables.* with mmap=None
[2021-01-23 13:27:37,034] INFO: setting ignored attribute cum_table to None
[2021-01-23 13:27:37,034] INFO: setting ignored attribute cum_table to None
[2021-01-23 13:27:37,035] INFO: loaded /Users/neo1/PycharmProjects/vec4irltr/model/ir/20210121231330551/model_word2vec_bibl_econtent
[2021-01-23 13:27:37,035] INFO: loaded /Users/neo1/PycharmProjects/vec4irltr/model/ir/20210121231330551/model_word2vec_bibl_econtent
[2021-01-23 13:27:37,036] INFO: load time:0.009715080261230469
[2021-01-23 13:27:37,036] INFO: load time:0.009715080261230469
[2021-01-23 13:27:38,038] INFO: pid:15953 done | load time: 1.012214183807373
[2021-01-23 13:27:38,038] INFO: pid:15953 done | load time: 1.012214183807373
[2021-01-23 13:27:46,644] INFO: loading model_fasttext_bibl_bible_bcn
[2021-01-23 13:27:46,644] INFO: loading model_fasttext_bibl_bible_bcn
[2021-01-23 13:27:46,646] INFO: loading FastText object from /Users/neo1/PycharmProjects/vec4irltr/model/ir/20210121231330551/model_fasttext_bibl_bible_bcn
[2021-01-23 13:27:46,646] INFO: loading FastText object from /Users/neo1/PycharmProjects/vec4irltr/model/ir/20210121231330551/model_fasttext_bibl_bible_bcn
[2021-01-23 13:27:46,653] INFO: loading wv recursively from /Users/neo1/PycharmProjects/vec4irltr/model/ir/20210121231330551/model_fasttext_bibl_bible_bcn.wv.* with mmap=None
[2021-01-23 13:27:46,653] INFO: loading wv recursively from /Users/neo1/PycharmProjects/vec4irltr/model/ir/20210121231330551/model_fasttext_bibl_bible_bcn.wv.* with mmap=None
[2021-01-23 13:27:46,654] INFO: loading vectors_ngrams from /Users/neo1/PycharmProjects/vec4irltr/model/ir/20210121231330551/model_fasttext_bibl_bible_bcn.wv.vectors_ngrams.npy with mmap=None
[2021-01-23 13:27:46,654] INFO: loading vectors_ngrams from /Users/neo1/PycharmProjects/vec4irltr/model/ir/20210121231330551/model_fasttext_bibl_bible_bcn.wv.vectors_ngrams.npy with mmap=None
[2021-01-23 13:27:48,304] INFO: setting ignored attribute vectors_norm to None
[2021-01-23 13:27:48,304] INFO: setting ignored attribute vectors_norm to None
[2021-01-23 13:27:48,305] INFO: setting ignored attribute vectors_vocab_norm to None
[2021-01-23 13:27:48,305] INFO: setting ignored attribute vectors_vocab_norm to None
[2021-01-23 13:27:48,306] INFO: setting ignored attribute vectors_ngrams_norm to None
[2021-01-23 13:27:48,306] INFO: setting ignored attribute vectors_ngrams_norm to None
[2021-01-23 13:27:48,307] INFO: setting ignored attribute buckets_word to None
[2021-01-23 13:27:48,307] INFO: setting ignored attribute buckets_word to None
[2021-01-23 13:27:48,308] INFO: loading vocabulary recursively from /Users/neo1/PycharmProjects/vec4irltr/model/ir/20210121231330551/model_fasttext_bibl_bible_bcn.vocabulary.* with mmap=None
[2021-01-23 13:27:48,308] INFO: loading vocabulary recursively from /Users/neo1/PycharmProjects/vec4irltr/model/ir/20210121231330551/model_fasttext_bibl_bible_bcn.vocabulary.* with mmap=None
[2021-01-23 13:27:48,309] INFO: loading trainables recursively from /Users/neo1/PycharmProjects/vec4irltr/model/ir/20210121231330551/model_fasttext_bibl_bible_bcn.trainables.* with mmap=None
[2021-01-23 13:27:48,309] INFO: loading trainables recursively from /Users/neo1/PycharmProjects/vec4irltr/model/ir/20210121231330551/model_fasttext_bibl_bible_bcn.trainables.* with mmap=None
[2021-01-23 13:27:48,309] INFO: loading vectors_ngrams_lockf from /Users/neo1/PycharmProjects/vec4irltr/model/ir/20210121231330551/model_fasttext_bibl_bible_bcn.trainables.vectors_ngrams_lockf.npy with mmap=None
[2021-01-23 13:27:48,309] INFO: loading vectors_ngrams_lockf from /Users/neo1/PycharmProjects/vec4irltr/model/ir/20210121231330551/model_fasttext_bibl_bible_bcn.trainables.vectors_ngrams_lockf.npy with mmap=None
[2021-01-23 13:27:49,058] INFO: loaded /Users/neo1/PycharmProjects/vec4irltr/model/ir/20210121231330551/model_fasttext_bibl_bible_bcn
[2021-01-23 13:27:49,058] INFO: loaded /Users/neo1/PycharmProjects/vec4irltr/model/ir/20210121231330551/model_fasttext_bibl_bible_bcn
[2021-01-23 13:27:49,060] INFO: load time:2.4139130115509033
[2021-01-23 13:27:49,060] INFO: load time:2.4139130115509033
[2021-01-23 13:27:50,062] INFO: pid:15953 done | load time: 3.4168038368225098
[2021-01-23 13:27:50,062] INFO: pid:15953 done | load time: 3.4168038368225098
[2021-01-23 13:27:50,063] INFO: loading model_fasttext_bibl_content
[2021-01-23 13:27:50,063] INFO: loading model_fasttext_bibl_content
[2021-01-23 13:27:50,065] INFO: loading FastText object from /Users/neo1/PycharmProjects/vec4irltr/model/ir/20210121231330551/model_fasttext_bibl_content
[2021-01-23 13:27:50,065] INFO: loading FastText object from /Users/neo1/PycharmProjects/vec4irltr/model/ir/20210121231330551/model_fasttext_bibl_content
[2021-01-23 13:27:50,082] INFO: loading wv recursively from /Users/neo1/PycharmProjects/vec4irltr/model/ir/20210121231330551/model_fasttext_bibl_content.wv.* with mmap=None
[2021-01-23 13:27:50,082] INFO: loading wv recursively from /Users/neo1/PycharmProjects/vec4irltr/model/ir/20210121231330551/model_fasttext_bibl_content.wv.* with mmap=None
[2021-01-23 13:27:50,083] INFO: loading vectors_ngrams from /Users/neo1/PycharmProjects/vec4irltr/model/ir/20210121231330551/model_fasttext_bibl_content.wv.vectors_ngrams.npy with mmap=None
[2021-01-23 13:27:50,083] INFO: loading vectors_ngrams from /Users/neo1/PycharmProjects/vec4irltr/model/ir/20210121231330551/model_fasttext_bibl_content.wv.vectors_ngrams.npy with mmap=None
[2021-01-23 13:27:50,537] INFO: setting ignored attribute vectors_norm to None
[2021-01-23 13:27:50,537] INFO: setting ignored attribute vectors_norm to None
[2021-01-23 13:27:50,538] INFO: setting ignored attribute vectors_vocab_norm to None
[2021-01-23 13:27:50,538] INFO: setting ignored attribute vectors_vocab_norm to None
[2021-01-23 13:27:50,539] INFO: setting ignored attribute vectors_ngrams_norm to None
[2021-01-23 13:27:50,539] INFO: setting ignored attribute vectors_ngrams_norm to None
[2021-01-23 13:27:50,540] INFO: setting ignored attribute buckets_word to None
[2021-01-23 13:27:50,540] INFO: setting ignored attribute buckets_word to None
[2021-01-23 13:27:50,540] INFO: loading vocabulary recursively from /Users/neo1/PycharmProjects/vec4irltr/model/ir/20210121231330551/model_fasttext_bibl_content.vocabulary.* with mmap=None
[2021-01-23 13:27:50,540] INFO: loading vocabulary recursively from /Users/neo1/PycharmProjects/vec4irltr/model/ir/20210121231330551/model_fasttext_bibl_content.vocabulary.* with mmap=None
[2021-01-23 13:27:50,541] INFO: loading trainables recursively from /Users/neo1/PycharmProjects/vec4irltr/model/ir/20210121231330551/model_fasttext_bibl_content.trainables.* with mmap=None
[2021-01-23 13:27:50,541] INFO: loading trainables recursively from /Users/neo1/PycharmProjects/vec4irltr/model/ir/20210121231330551/model_fasttext_bibl_content.trainables.* with mmap=None
[2021-01-23 13:27:50,542] INFO: loading vectors_ngrams_lockf from /Users/neo1/PycharmProjects/vec4irltr/model/ir/20210121231330551/model_fasttext_bibl_content.trainables.vectors_ngrams_lockf.npy with mmap=None
[2021-01-23 13:27:50,542] INFO: loading vectors_ngrams_lockf from /Users/neo1/PycharmProjects/vec4irltr/model/ir/20210121231330551/model_fasttext_bibl_content.trainables.vectors_ngrams_lockf.npy with mmap=None
[2021-01-23 13:27:50,994] INFO: loaded /Users/neo1/PycharmProjects/vec4irltr/model/ir/20210121231330551/model_fasttext_bibl_content
[2021-01-23 13:27:50,994] INFO: loaded /Users/neo1/PycharmProjects/vec4irltr/model/ir/20210121231330551/model_fasttext_bibl_content
[2021-01-23 13:27:51,001] INFO: load time:0.9368090629577637
[2021-01-23 13:27:51,001] INFO: load time:0.9368090629577637
[2021-01-23 13:27:52,004] INFO: pid:15953 done | load time: 1.939013957977295
[2021-01-23 13:27:52,004] INFO: pid:15953 done | load time: 1.939013957977295
[2021-01-23 13:27:52,004] INFO: loading model_fasttext_bibl_econtent
[2021-01-23 13:27:52,004] INFO: loading model_fasttext_bibl_econtent
[2021-01-23 13:27:52,005] INFO: loading FastText object from /Users/neo1/PycharmProjects/vec4irltr/model/ir/20210121231330551/model_fasttext_bibl_econtent
[2021-01-23 13:27:52,005] INFO: loading FastText object from /Users/neo1/PycharmProjects/vec4irltr/model/ir/20210121231330551/model_fasttext_bibl_econtent
[2021-01-23 13:27:52,008] INFO: loading wv recursively from /Users/neo1/PycharmProjects/vec4irltr/model/ir/20210121231330551/model_fasttext_bibl_econtent.wv.* with mmap=None
[2021-01-23 13:27:52,008] INFO: loading wv recursively from /Users/neo1/PycharmProjects/vec4irltr/model/ir/20210121231330551/model_fasttext_bibl_econtent.wv.* with mmap=None
[2021-01-23 13:27:52,009] INFO: loading vectors_ngrams from /Users/neo1/PycharmProjects/vec4irltr/model/ir/20210121231330551/model_fasttext_bibl_econtent.wv.vectors_ngrams.npy with mmap=None
[2021-01-23 13:27:52,009] INFO: loading vectors_ngrams from /Users/neo1/PycharmProjects/vec4irltr/model/ir/20210121231330551/model_fasttext_bibl_econtent.wv.vectors_ngrams.npy with mmap=None
[2021-01-23 13:27:53,862] INFO: setting ignored attribute vectors_norm to None
[2021-01-23 13:27:53,862] INFO: setting ignored attribute vectors_norm to None
[2021-01-23 13:27:53,864] INFO: setting ignored attribute vectors_vocab_norm to None
[2021-01-23 13:27:53,864] INFO: setting ignored attribute vectors_vocab_norm to None
[2021-01-23 13:27:53,865] INFO: setting ignored attribute vectors_ngrams_norm to None
[2021-01-23 13:27:53,865] INFO: setting ignored attribute vectors_ngrams_norm to None
[2021-01-23 13:27:53,866] INFO: setting ignored attribute buckets_word to None
[2021-01-23 13:27:53,866] INFO: setting ignored attribute buckets_word to None
[2021-01-23 13:27:53,867] INFO: loading vocabulary recursively from /Users/neo1/PycharmProjects/vec4irltr/model/ir/20210121231330551/model_fasttext_bibl_econtent.vocabulary.* with mmap=None
[2021-01-23 13:27:53,867] INFO: loading vocabulary recursively from /Users/neo1/PycharmProjects/vec4irltr/model/ir/20210121231330551/model_fasttext_bibl_econtent.vocabulary.* with mmap=None
[2021-01-23 13:27:53,868] INFO: loading trainables recursively from /Users/neo1/PycharmProjects/vec4irltr/model/ir/20210121231330551/model_fasttext_bibl_econtent.trainables.* with mmap=None
[2021-01-23 13:27:53,868] INFO: loading trainables recursively from /Users/neo1/PycharmProjects/vec4irltr/model/ir/20210121231330551/model_fasttext_bibl_econtent.trainables.* with mmap=None
[2021-01-23 13:27:53,869] INFO: loading vectors_ngrams_lockf from /Users/neo1/PycharmProjects/vec4irltr/model/ir/20210121231330551/model_fasttext_bibl_econtent.trainables.vectors_ngrams_lockf.npy with mmap=None
[2021-01-23 13:27:53,869] INFO: loading vectors_ngrams_lockf from /Users/neo1/PycharmProjects/vec4irltr/model/ir/20210121231330551/model_fasttext_bibl_econtent.trainables.vectors_ngrams_lockf.npy with mmap=None
[2021-01-23 13:27:55,359] INFO: loaded /Users/neo1/PycharmProjects/vec4irltr/model/ir/20210121231330551/model_fasttext_bibl_econtent
[2021-01-23 13:27:55,359] INFO: loaded /Users/neo1/PycharmProjects/vec4irltr/model/ir/20210121231330551/model_fasttext_bibl_econtent
[2021-01-23 13:27:55,360] INFO: load time:3.355333089828491
[2021-01-23 13:27:55,360] INFO: load time:3.355333089828491
[2021-01-23 13:27:56,362] INFO: pid:15953 done | load time: 4.357210159301758
[2021-01-23 13:27:56,362] INFO: pid:15953 done | load time: 4.357210159301758
[2021-01-23 13:28:08,279] INFO: api/search?q=태초에
[2021-01-23 13:28:08,279] INFO: api/search?q=태초에
