[2021-01-24 02:56:10,521] INFO: set_init_models_and_get_retrievals
[2021-01-24 02:56:10,521] INFO: set_init_models_and_get_retrievals
[2021-01-24 02:56:10,525] INFO: loading model_word2vec_bibl_bible_bcn
[2021-01-24 02:56:10,525] INFO: loading model_word2vec_bibl_bible_bcn
[2021-01-24 02:56:10,525] INFO: loading Word2Vec object from /Users/neo1/PycharmProjects/vec4irltr/model/ir/20210121231330551/model_word2vec_bibl_bible_bcn
[2021-01-24 02:56:10,525] INFO: loading Word2Vec object from /Users/neo1/PycharmProjects/vec4irltr/model/ir/20210121231330551/model_word2vec_bibl_bible_bcn
[2021-01-24 02:56:10,534] INFO: loading wv recursively from /Users/neo1/PycharmProjects/vec4irltr/model/ir/20210121231330551/model_word2vec_bibl_bible_bcn.wv.* with mmap=None
[2021-01-24 02:56:10,534] INFO: loading wv recursively from /Users/neo1/PycharmProjects/vec4irltr/model/ir/20210121231330551/model_word2vec_bibl_bible_bcn.wv.* with mmap=None
[2021-01-24 02:56:10,534] INFO: setting ignored attribute vectors_norm to None
[2021-01-24 02:56:10,534] INFO: setting ignored attribute vectors_norm to None
[2021-01-24 02:56:10,534] INFO: loading vocabulary recursively from /Users/neo1/PycharmProjects/vec4irltr/model/ir/20210121231330551/model_word2vec_bibl_bible_bcn.vocabulary.* with mmap=None
[2021-01-24 02:56:10,534] INFO: loading vocabulary recursively from /Users/neo1/PycharmProjects/vec4irltr/model/ir/20210121231330551/model_word2vec_bibl_bible_bcn.vocabulary.* with mmap=None
[2021-01-24 02:56:10,535] INFO: loading trainables recursively from /Users/neo1/PycharmProjects/vec4irltr/model/ir/20210121231330551/model_word2vec_bibl_bible_bcn.trainables.* with mmap=None
[2021-01-24 02:56:10,535] INFO: loading trainables recursively from /Users/neo1/PycharmProjects/vec4irltr/model/ir/20210121231330551/model_word2vec_bibl_bible_bcn.trainables.* with mmap=None
[2021-01-24 02:56:10,535] INFO: setting ignored attribute cum_table to None
[2021-01-24 02:56:10,535] INFO: setting ignored attribute cum_table to None
[2021-01-24 02:56:10,535] INFO: loaded /Users/neo1/PycharmProjects/vec4irltr/model/ir/20210121231330551/model_word2vec_bibl_bible_bcn
[2021-01-24 02:56:10,535] INFO: loaded /Users/neo1/PycharmProjects/vec4irltr/model/ir/20210121231330551/model_word2vec_bibl_bible_bcn
[2021-01-24 02:56:10,536] INFO: load time:0.010442972183227539
[2021-01-24 02:56:10,536] INFO: load time:0.010442972183227539
[2021-01-24 02:56:11,539] INFO: pid:73399 done | load time: 1.0140349864959717
[2021-01-24 02:56:11,539] INFO: pid:73399 done | load time: 1.0140349864959717
[2021-01-24 02:56:11,540] INFO: loading model_word2vec_bibl_content
[2021-01-24 02:56:11,540] INFO: loading model_word2vec_bibl_content
[2021-01-24 02:56:11,540] INFO: loading Word2Vec object from /Users/neo1/PycharmProjects/vec4irltr/model/ir/20210121231330551/model_word2vec_bibl_content
[2021-01-24 02:56:11,540] INFO: loading Word2Vec object from /Users/neo1/PycharmProjects/vec4irltr/model/ir/20210121231330551/model_word2vec_bibl_content
[2021-01-24 02:56:11,556] INFO: loading wv recursively from /Users/neo1/PycharmProjects/vec4irltr/model/ir/20210121231330551/model_word2vec_bibl_content.wv.* with mmap=None
[2021-01-24 02:56:11,556] INFO: loading wv recursively from /Users/neo1/PycharmProjects/vec4irltr/model/ir/20210121231330551/model_word2vec_bibl_content.wv.* with mmap=None
[2021-01-24 02:56:11,557] INFO: setting ignored attribute vectors_norm to None
[2021-01-24 02:56:11,557] INFO: setting ignored attribute vectors_norm to None
[2021-01-24 02:56:11,557] INFO: loading vocabulary recursively from /Users/neo1/PycharmProjects/vec4irltr/model/ir/20210121231330551/model_word2vec_bibl_content.vocabulary.* with mmap=None
[2021-01-24 02:56:11,557] INFO: loading vocabulary recursively from /Users/neo1/PycharmProjects/vec4irltr/model/ir/20210121231330551/model_word2vec_bibl_content.vocabulary.* with mmap=None
[2021-01-24 02:56:11,557] INFO: loading trainables recursively from /Users/neo1/PycharmProjects/vec4irltr/model/ir/20210121231330551/model_word2vec_bibl_content.trainables.* with mmap=None
[2021-01-24 02:56:11,557] INFO: loading trainables recursively from /Users/neo1/PycharmProjects/vec4irltr/model/ir/20210121231330551/model_word2vec_bibl_content.trainables.* with mmap=None
[2021-01-24 02:56:11,558] INFO: setting ignored attribute cum_table to None
[2021-01-24 02:56:11,558] INFO: setting ignored attribute cum_table to None
[2021-01-24 02:56:11,558] INFO: loaded /Users/neo1/PycharmProjects/vec4irltr/model/ir/20210121231330551/model_word2vec_bibl_content
[2021-01-24 02:56:11,558] INFO: loaded /Users/neo1/PycharmProjects/vec4irltr/model/ir/20210121231330551/model_word2vec_bibl_content
[2021-01-24 02:56:11,560] INFO: load time:0.020040273666381836
[2021-01-24 02:56:11,560] INFO: load time:0.020040273666381836
[2021-01-24 02:56:12,561] INFO: pid:73399 done | load time: 1.02117919921875
[2021-01-24 02:56:12,561] INFO: pid:73399 done | load time: 1.02117919921875
[2021-01-24 02:56:12,562] INFO: loading model_word2vec_bibl_econtent
[2021-01-24 02:56:12,562] INFO: loading model_word2vec_bibl_econtent
[2021-01-24 02:56:12,562] INFO: loading Word2Vec object from /Users/neo1/PycharmProjects/vec4irltr/model/ir/20210121231330551/model_word2vec_bibl_econtent
[2021-01-24 02:56:12,562] INFO: loading Word2Vec object from /Users/neo1/PycharmProjects/vec4irltr/model/ir/20210121231330551/model_word2vec_bibl_econtent
[2021-01-24 02:56:12,566] INFO: loading wv recursively from /Users/neo1/PycharmProjects/vec4irltr/model/ir/20210121231330551/model_word2vec_bibl_econtent.wv.* with mmap=None
[2021-01-24 02:56:12,566] INFO: loading wv recursively from /Users/neo1/PycharmProjects/vec4irltr/model/ir/20210121231330551/model_word2vec_bibl_econtent.wv.* with mmap=None
[2021-01-24 02:56:12,567] INFO: setting ignored attribute vectors_norm to None
[2021-01-24 02:56:12,567] INFO: setting ignored attribute vectors_norm to None
[2021-01-24 02:56:12,567] INFO: loading vocabulary recursively from /Users/neo1/PycharmProjects/vec4irltr/model/ir/20210121231330551/model_word2vec_bibl_econtent.vocabulary.* with mmap=None
[2021-01-24 02:56:12,567] INFO: loading vocabulary recursively from /Users/neo1/PycharmProjects/vec4irltr/model/ir/20210121231330551/model_word2vec_bibl_econtent.vocabulary.* with mmap=None
[2021-01-24 02:56:12,567] INFO: loading trainables recursively from /Users/neo1/PycharmProjects/vec4irltr/model/ir/20210121231330551/model_word2vec_bibl_econtent.trainables.* with mmap=None
[2021-01-24 02:56:12,567] INFO: loading trainables recursively from /Users/neo1/PycharmProjects/vec4irltr/model/ir/20210121231330551/model_word2vec_bibl_econtent.trainables.* with mmap=None
[2021-01-24 02:56:12,567] INFO: setting ignored attribute cum_table to None
[2021-01-24 02:56:12,567] INFO: setting ignored attribute cum_table to None
[2021-01-24 02:56:12,568] INFO: loaded /Users/neo1/PycharmProjects/vec4irltr/model/ir/20210121231330551/model_word2vec_bibl_econtent
[2021-01-24 02:56:12,568] INFO: loaded /Users/neo1/PycharmProjects/vec4irltr/model/ir/20210121231330551/model_word2vec_bibl_econtent
[2021-01-24 02:56:12,568] INFO: load time:0.006262063980102539
[2021-01-24 02:56:12,568] INFO: load time:0.006262063980102539
[2021-01-24 02:56:13,569] INFO: pid:73399 done | load time: 1.0074272155761719
[2021-01-24 02:56:13,569] INFO: pid:73399 done | load time: 1.0074272155761719
