[2021-01-23 20:56:04,391] INFO: set_init_models_and_get_retrievals
[2021-01-23 20:56:04,391] INFO: set_init_models_and_get_retrievals
[2021-01-23 20:56:04,397] INFO: loading model_word2vec_bibl_bible_bcn
[2021-01-23 20:56:04,397] INFO: loading model_word2vec_bibl_bible_bcn
[2021-01-23 20:56:04,398] INFO: loading Word2Vec object from /Users/neo1/PycharmProjects/vec4irltr/model/ir/20210121231330551/model_word2vec_bibl_bible_bcn
[2021-01-23 20:56:04,398] INFO: loading Word2Vec object from /Users/neo1/PycharmProjects/vec4irltr/model/ir/20210121231330551/model_word2vec_bibl_bible_bcn
[2021-01-23 20:56:04,401] INFO: loading wv recursively from /Users/neo1/PycharmProjects/vec4irltr/model/ir/20210121231330551/model_word2vec_bibl_bible_bcn.wv.* with mmap=None
[2021-01-23 20:56:04,401] INFO: loading wv recursively from /Users/neo1/PycharmProjects/vec4irltr/model/ir/20210121231330551/model_word2vec_bibl_bible_bcn.wv.* with mmap=None
[2021-01-23 20:56:04,401] INFO: setting ignored attribute vectors_norm to None
[2021-01-23 20:56:04,401] INFO: setting ignored attribute vectors_norm to None
[2021-01-23 20:56:04,402] INFO: loading vocabulary recursively from /Users/neo1/PycharmProjects/vec4irltr/model/ir/20210121231330551/model_word2vec_bibl_bible_bcn.vocabulary.* with mmap=None
[2021-01-23 20:56:04,402] INFO: loading vocabulary recursively from /Users/neo1/PycharmProjects/vec4irltr/model/ir/20210121231330551/model_word2vec_bibl_bible_bcn.vocabulary.* with mmap=None
[2021-01-23 20:56:04,403] INFO: loading trainables recursively from /Users/neo1/PycharmProjects/vec4irltr/model/ir/20210121231330551/model_word2vec_bibl_bible_bcn.trainables.* with mmap=None
[2021-01-23 20:56:04,403] INFO: loading trainables recursively from /Users/neo1/PycharmProjects/vec4irltr/model/ir/20210121231330551/model_word2vec_bibl_bible_bcn.trainables.* with mmap=None
[2021-01-23 20:56:04,403] INFO: setting ignored attribute cum_table to None
[2021-01-23 20:56:04,403] INFO: setting ignored attribute cum_table to None
[2021-01-23 20:56:04,404] INFO: loaded /Users/neo1/PycharmProjects/vec4irltr/model/ir/20210121231330551/model_word2vec_bibl_bible_bcn
[2021-01-23 20:56:04,404] INFO: loaded /Users/neo1/PycharmProjects/vec4irltr/model/ir/20210121231330551/model_word2vec_bibl_bible_bcn
[2021-01-23 20:56:04,405] INFO: load time:0.0072689056396484375
[2021-01-23 20:56:04,405] INFO: load time:0.0072689056396484375
[2021-01-23 20:56:09,097] INFO: set_init_models_and_get_retrievals
[2021-01-23 20:56:09,097] INFO: set_init_models_and_get_retrievals
[2021-01-23 20:56:09,101] INFO: loading model_word2vec_bibl_bible_bcn
[2021-01-23 20:56:09,101] INFO: loading model_word2vec_bibl_bible_bcn
[2021-01-23 20:56:09,101] INFO: loading Word2Vec object from /Users/neo1/PycharmProjects/vec4irltr/model/ir/20210121231330551/model_word2vec_bibl_bible_bcn
[2021-01-23 20:56:09,101] INFO: loading Word2Vec object from /Users/neo1/PycharmProjects/vec4irltr/model/ir/20210121231330551/model_word2vec_bibl_bible_bcn
[2021-01-23 20:56:09,103] INFO: loading wv recursively from /Users/neo1/PycharmProjects/vec4irltr/model/ir/20210121231330551/model_word2vec_bibl_bible_bcn.wv.* with mmap=None
[2021-01-23 20:56:09,103] INFO: loading wv recursively from /Users/neo1/PycharmProjects/vec4irltr/model/ir/20210121231330551/model_word2vec_bibl_bible_bcn.wv.* with mmap=None
[2021-01-23 20:56:09,103] INFO: setting ignored attribute vectors_norm to None
[2021-01-23 20:56:09,103] INFO: setting ignored attribute vectors_norm to None
[2021-01-23 20:56:09,104] INFO: loading vocabulary recursively from /Users/neo1/PycharmProjects/vec4irltr/model/ir/20210121231330551/model_word2vec_bibl_bible_bcn.vocabulary.* with mmap=None
[2021-01-23 20:56:09,104] INFO: loading vocabulary recursively from /Users/neo1/PycharmProjects/vec4irltr/model/ir/20210121231330551/model_word2vec_bibl_bible_bcn.vocabulary.* with mmap=None
[2021-01-23 20:56:09,104] INFO: loading trainables recursively from /Users/neo1/PycharmProjects/vec4irltr/model/ir/20210121231330551/model_word2vec_bibl_bible_bcn.trainables.* with mmap=None
[2021-01-23 20:56:09,104] INFO: loading trainables recursively from /Users/neo1/PycharmProjects/vec4irltr/model/ir/20210121231330551/model_word2vec_bibl_bible_bcn.trainables.* with mmap=None
[2021-01-23 20:56:09,104] INFO: setting ignored attribute cum_table to None
[2021-01-23 20:56:09,104] INFO: setting ignored attribute cum_table to None
[2021-01-23 20:56:09,104] INFO: loaded /Users/neo1/PycharmProjects/vec4irltr/model/ir/20210121231330551/model_word2vec_bibl_bible_bcn
[2021-01-23 20:56:09,104] INFO: loaded /Users/neo1/PycharmProjects/vec4irltr/model/ir/20210121231330551/model_word2vec_bibl_bible_bcn
[2021-01-23 20:56:09,105] INFO: load time:0.0038518905639648438
[2021-01-23 20:56:09,105] INFO: load time:0.0038518905639648438
[2021-01-23 20:56:10,108] INFO: pid:47754 done | load time: 1.0069239139556885
[2021-01-23 20:56:10,108] INFO: pid:47754 done | load time: 1.0069239139556885
[2021-01-23 20:56:10,108] INFO: loading model_word2vec_bibl_content
[2021-01-23 20:56:10,108] INFO: loading model_word2vec_bibl_content
[2021-01-23 20:56:10,108] INFO: loading Word2Vec object from /Users/neo1/PycharmProjects/vec4irltr/model/ir/20210121231330551/model_word2vec_bibl_content
[2021-01-23 20:56:10,108] INFO: loading Word2Vec object from /Users/neo1/PycharmProjects/vec4irltr/model/ir/20210121231330551/model_word2vec_bibl_content
[2021-01-23 20:56:10,120] INFO: loading wv recursively from /Users/neo1/PycharmProjects/vec4irltr/model/ir/20210121231330551/model_word2vec_bibl_content.wv.* with mmap=None
[2021-01-23 20:56:10,120] INFO: loading wv recursively from /Users/neo1/PycharmProjects/vec4irltr/model/ir/20210121231330551/model_word2vec_bibl_content.wv.* with mmap=None
[2021-01-23 20:56:10,120] INFO: setting ignored attribute vectors_norm to None
[2021-01-23 20:56:10,120] INFO: setting ignored attribute vectors_norm to None
[2021-01-23 20:56:10,120] INFO: loading vocabulary recursively from /Users/neo1/PycharmProjects/vec4irltr/model/ir/20210121231330551/model_word2vec_bibl_content.vocabulary.* with mmap=None
[2021-01-23 20:56:10,120] INFO: loading vocabulary recursively from /Users/neo1/PycharmProjects/vec4irltr/model/ir/20210121231330551/model_word2vec_bibl_content.vocabulary.* with mmap=None
[2021-01-23 20:56:10,121] INFO: loading trainables recursively from /Users/neo1/PycharmProjects/vec4irltr/model/ir/20210121231330551/model_word2vec_bibl_content.trainables.* with mmap=None
[2021-01-23 20:56:10,121] INFO: loading trainables recursively from /Users/neo1/PycharmProjects/vec4irltr/model/ir/20210121231330551/model_word2vec_bibl_content.trainables.* with mmap=None
[2021-01-23 20:56:10,121] INFO: setting ignored attribute cum_table to None
[2021-01-23 20:56:10,121] INFO: setting ignored attribute cum_table to None
[2021-01-23 20:56:10,121] INFO: loaded /Users/neo1/PycharmProjects/vec4irltr/model/ir/20210121231330551/model_word2vec_bibl_content
[2021-01-23 20:56:10,121] INFO: loaded /Users/neo1/PycharmProjects/vec4irltr/model/ir/20210121231330551/model_word2vec_bibl_content
[2021-01-23 20:56:10,123] INFO: load time:0.014716863632202148
[2021-01-23 20:56:10,123] INFO: load time:0.014716863632202148
[2021-01-23 20:56:11,128] INFO: pid:47754 done | load time: 1.0198180675506592
[2021-01-23 20:56:11,128] INFO: pid:47754 done | load time: 1.0198180675506592
[2021-01-23 20:56:11,129] INFO: loading model_word2vec_bibl_econtent
[2021-01-23 20:56:11,129] INFO: loading model_word2vec_bibl_econtent
[2021-01-23 20:56:11,129] INFO: loading Word2Vec object from /Users/neo1/PycharmProjects/vec4irltr/model/ir/20210121231330551/model_word2vec_bibl_econtent
[2021-01-23 20:56:11,129] INFO: loading Word2Vec object from /Users/neo1/PycharmProjects/vec4irltr/model/ir/20210121231330551/model_word2vec_bibl_econtent
[2021-01-23 20:56:11,130] INFO: loading wv recursively from /Users/neo1/PycharmProjects/vec4irltr/model/ir/20210121231330551/model_word2vec_bibl_econtent.wv.* with mmap=None
[2021-01-23 20:56:11,130] INFO: loading wv recursively from /Users/neo1/PycharmProjects/vec4irltr/model/ir/20210121231330551/model_word2vec_bibl_econtent.wv.* with mmap=None
[2021-01-23 20:56:11,131] INFO: setting ignored attribute vectors_norm to None
[2021-01-23 20:56:11,131] INFO: setting ignored attribute vectors_norm to None
[2021-01-23 20:56:11,131] INFO: loading vocabulary recursively from /Users/neo1/PycharmProjects/vec4irltr/model/ir/20210121231330551/model_word2vec_bibl_econtent.vocabulary.* with mmap=None
[2021-01-23 20:56:11,131] INFO: loading vocabulary recursively from /Users/neo1/PycharmProjects/vec4irltr/model/ir/20210121231330551/model_word2vec_bibl_econtent.vocabulary.* with mmap=None
[2021-01-23 20:56:11,131] INFO: loading trainables recursively from /Users/neo1/PycharmProjects/vec4irltr/model/ir/20210121231330551/model_word2vec_bibl_econtent.trainables.* with mmap=None
[2021-01-23 20:56:11,131] INFO: loading trainables recursively from /Users/neo1/PycharmProjects/vec4irltr/model/ir/20210121231330551/model_word2vec_bibl_econtent.trainables.* with mmap=None
[2021-01-23 20:56:11,132] INFO: setting ignored attribute cum_table to None
[2021-01-23 20:56:11,132] INFO: setting ignored attribute cum_table to None
[2021-01-23 20:56:11,132] INFO: loaded /Users/neo1/PycharmProjects/vec4irltr/model/ir/20210121231330551/model_word2vec_bibl_econtent
[2021-01-23 20:56:11,132] INFO: loaded /Users/neo1/PycharmProjects/vec4irltr/model/ir/20210121231330551/model_word2vec_bibl_econtent
[2021-01-23 20:56:11,132] INFO: load time:0.0032329559326171875
[2021-01-23 20:56:11,132] INFO: load time:0.0032329559326171875
[2021-01-23 20:56:12,133] INFO: pid:47754 done | load time: 1.0043718814849854
[2021-01-23 20:56:12,133] INFO: pid:47754 done | load time: 1.0043718814849854
[2021-01-23 20:56:38,197] INFO: set_init_models_and_get_retrievals
[2021-01-23 20:56:38,197] INFO: set_init_models_and_get_retrievals
[2021-01-23 20:56:38,203] INFO: loading model_word2vec_bibl_bible_bcn
[2021-01-23 20:56:38,203] INFO: loading model_word2vec_bibl_bible_bcn
[2021-01-23 20:56:38,203] INFO: loading Word2Vec object from /Users/neo1/PycharmProjects/vec4irltr/model/ir/20210121231330551/model_word2vec_bibl_bible_bcn
[2021-01-23 20:56:38,203] INFO: loading Word2Vec object from /Users/neo1/PycharmProjects/vec4irltr/model/ir/20210121231330551/model_word2vec_bibl_bible_bcn
[2021-01-23 20:56:38,205] INFO: loading wv recursively from /Users/neo1/PycharmProjects/vec4irltr/model/ir/20210121231330551/model_word2vec_bibl_bible_bcn.wv.* with mmap=None
[2021-01-23 20:56:38,205] INFO: loading wv recursively from /Users/neo1/PycharmProjects/vec4irltr/model/ir/20210121231330551/model_word2vec_bibl_bible_bcn.wv.* with mmap=None
[2021-01-23 20:56:38,206] INFO: setting ignored attribute vectors_norm to None
[2021-01-23 20:56:38,206] INFO: setting ignored attribute vectors_norm to None
[2021-01-23 20:56:38,206] INFO: loading vocabulary recursively from /Users/neo1/PycharmProjects/vec4irltr/model/ir/20210121231330551/model_word2vec_bibl_bible_bcn.vocabulary.* with mmap=None
[2021-01-23 20:56:38,206] INFO: loading vocabulary recursively from /Users/neo1/PycharmProjects/vec4irltr/model/ir/20210121231330551/model_word2vec_bibl_bible_bcn.vocabulary.* with mmap=None
[2021-01-23 20:56:38,206] INFO: loading trainables recursively from /Users/neo1/PycharmProjects/vec4irltr/model/ir/20210121231330551/model_word2vec_bibl_bible_bcn.trainables.* with mmap=None
[2021-01-23 20:56:38,206] INFO: loading trainables recursively from /Users/neo1/PycharmProjects/vec4irltr/model/ir/20210121231330551/model_word2vec_bibl_bible_bcn.trainables.* with mmap=None
[2021-01-23 20:56:38,207] INFO: setting ignored attribute cum_table to None
[2021-01-23 20:56:38,207] INFO: setting ignored attribute cum_table to None
[2021-01-23 20:56:38,207] INFO: loaded /Users/neo1/PycharmProjects/vec4irltr/model/ir/20210121231330551/model_word2vec_bibl_bible_bcn
[2021-01-23 20:56:38,207] INFO: loaded /Users/neo1/PycharmProjects/vec4irltr/model/ir/20210121231330551/model_word2vec_bibl_bible_bcn
[2021-01-23 20:56:38,208] INFO: load time:0.004071235656738281
[2021-01-23 20:56:38,208] INFO: load time:0.004071235656738281
[2021-01-23 20:56:39,212] INFO: pid:47796 done | load time: 1.0086970329284668
[2021-01-23 20:56:39,212] INFO: pid:47796 done | load time: 1.0086970329284668
[2021-01-23 20:56:39,213] INFO: loading model_word2vec_bibl_content
[2021-01-23 20:56:39,213] INFO: loading model_word2vec_bibl_content
[2021-01-23 20:56:39,213] INFO: loading Word2Vec object from /Users/neo1/PycharmProjects/vec4irltr/model/ir/20210121231330551/model_word2vec_bibl_content
[2021-01-23 20:56:39,213] INFO: loading Word2Vec object from /Users/neo1/PycharmProjects/vec4irltr/model/ir/20210121231330551/model_word2vec_bibl_content
[2021-01-23 20:56:39,224] INFO: loading wv recursively from /Users/neo1/PycharmProjects/vec4irltr/model/ir/20210121231330551/model_word2vec_bibl_content.wv.* with mmap=None
[2021-01-23 20:56:39,224] INFO: loading wv recursively from /Users/neo1/PycharmProjects/vec4irltr/model/ir/20210121231330551/model_word2vec_bibl_content.wv.* with mmap=None
[2021-01-23 20:56:39,225] INFO: setting ignored attribute vectors_norm to None
[2021-01-23 20:56:39,225] INFO: setting ignored attribute vectors_norm to None
[2021-01-23 20:56:39,225] INFO: loading vocabulary recursively from /Users/neo1/PycharmProjects/vec4irltr/model/ir/20210121231330551/model_word2vec_bibl_content.vocabulary.* with mmap=None
[2021-01-23 20:56:39,225] INFO: loading vocabulary recursively from /Users/neo1/PycharmProjects/vec4irltr/model/ir/20210121231330551/model_word2vec_bibl_content.vocabulary.* with mmap=None
[2021-01-23 20:56:39,225] INFO: loading trainables recursively from /Users/neo1/PycharmProjects/vec4irltr/model/ir/20210121231330551/model_word2vec_bibl_content.trainables.* with mmap=None
[2021-01-23 20:56:39,225] INFO: loading trainables recursively from /Users/neo1/PycharmProjects/vec4irltr/model/ir/20210121231330551/model_word2vec_bibl_content.trainables.* with mmap=None
[2021-01-23 20:56:39,226] INFO: setting ignored attribute cum_table to None
[2021-01-23 20:56:39,226] INFO: setting ignored attribute cum_table to None
[2021-01-23 20:56:39,226] INFO: loaded /Users/neo1/PycharmProjects/vec4irltr/model/ir/20210121231330551/model_word2vec_bibl_content
[2021-01-23 20:56:39,226] INFO: loaded /Users/neo1/PycharmProjects/vec4irltr/model/ir/20210121231330551/model_word2vec_bibl_content
[2021-01-23 20:56:39,228] INFO: load time:0.015364885330200195
[2021-01-23 20:56:39,228] INFO: load time:0.015364885330200195
[2021-01-23 20:56:40,233] INFO: pid:47796 done | load time: 1.0204508304595947
[2021-01-23 20:56:40,233] INFO: pid:47796 done | load time: 1.0204508304595947
[2021-01-23 20:56:40,234] INFO: loading model_word2vec_bibl_econtent
[2021-01-23 20:56:40,234] INFO: loading model_word2vec_bibl_econtent
[2021-01-23 20:56:40,234] INFO: loading Word2Vec object from /Users/neo1/PycharmProjects/vec4irltr/model/ir/20210121231330551/model_word2vec_bibl_econtent
[2021-01-23 20:56:40,234] INFO: loading Word2Vec object from /Users/neo1/PycharmProjects/vec4irltr/model/ir/20210121231330551/model_word2vec_bibl_econtent
[2021-01-23 20:56:40,236] INFO: loading wv recursively from /Users/neo1/PycharmProjects/vec4irltr/model/ir/20210121231330551/model_word2vec_bibl_econtent.wv.* with mmap=None
[2021-01-23 20:56:40,236] INFO: loading wv recursively from /Users/neo1/PycharmProjects/vec4irltr/model/ir/20210121231330551/model_word2vec_bibl_econtent.wv.* with mmap=None
[2021-01-23 20:56:40,236] INFO: setting ignored attribute vectors_norm to None
[2021-01-23 20:56:40,236] INFO: setting ignored attribute vectors_norm to None
[2021-01-23 20:56:40,236] INFO: loading vocabulary recursively from /Users/neo1/PycharmProjects/vec4irltr/model/ir/20210121231330551/model_word2vec_bibl_econtent.vocabulary.* with mmap=None
[2021-01-23 20:56:40,236] INFO: loading vocabulary recursively from /Users/neo1/PycharmProjects/vec4irltr/model/ir/20210121231330551/model_word2vec_bibl_econtent.vocabulary.* with mmap=None
[2021-01-23 20:56:40,236] INFO: loading trainables recursively from /Users/neo1/PycharmProjects/vec4irltr/model/ir/20210121231330551/model_word2vec_bibl_econtent.trainables.* with mmap=None
[2021-01-23 20:56:40,236] INFO: loading trainables recursively from /Users/neo1/PycharmProjects/vec4irltr/model/ir/20210121231330551/model_word2vec_bibl_econtent.trainables.* with mmap=None
[2021-01-23 20:56:40,237] INFO: setting ignored attribute cum_table to None
[2021-01-23 20:56:40,237] INFO: setting ignored attribute cum_table to None
[2021-01-23 20:56:40,237] INFO: loaded /Users/neo1/PycharmProjects/vec4irltr/model/ir/20210121231330551/model_word2vec_bibl_econtent
[2021-01-23 20:56:40,237] INFO: loaded /Users/neo1/PycharmProjects/vec4irltr/model/ir/20210121231330551/model_word2vec_bibl_econtent
[2021-01-23 20:56:40,237] INFO: load time:0.0032601356506347656
[2021-01-23 20:56:40,237] INFO: load time:0.0032601356506347656
[2021-01-23 20:56:41,241] INFO: pid:47796 done | load time: 1.0073432922363281
[2021-01-23 20:56:41,241] INFO: pid:47796 done | load time: 1.0073432922363281
