[2021-01-23 19:09:10,748] INFO: set_init_models_and_get_retrievals
[2021-01-23 19:09:10,748] INFO: set_init_models_and_get_retrievals
[2021-01-23 19:09:10,754] INFO: loading model_word2vec_bibl_bible_bcn
[2021-01-23 19:09:10,754] INFO: loading model_word2vec_bibl_bible_bcn
[2021-01-23 19:09:10,754] INFO: loading Word2Vec object from /Users/neo1/PycharmProjects/vec4irltr/model/ir/20210121231330551/model_word2vec_bibl_bible_bcn
[2021-01-23 19:09:10,754] INFO: loading Word2Vec object from /Users/neo1/PycharmProjects/vec4irltr/model/ir/20210121231330551/model_word2vec_bibl_bible_bcn
[2021-01-23 19:09:10,757] INFO: loading wv recursively from /Users/neo1/PycharmProjects/vec4irltr/model/ir/20210121231330551/model_word2vec_bibl_bible_bcn.wv.* with mmap=None
[2021-01-23 19:09:10,757] INFO: loading wv recursively from /Users/neo1/PycharmProjects/vec4irltr/model/ir/20210121231330551/model_word2vec_bibl_bible_bcn.wv.* with mmap=None
[2021-01-23 19:09:10,758] INFO: setting ignored attribute vectors_norm to None
[2021-01-23 19:09:10,758] INFO: setting ignored attribute vectors_norm to None
[2021-01-23 19:09:10,759] INFO: loading vocabulary recursively from /Users/neo1/PycharmProjects/vec4irltr/model/ir/20210121231330551/model_word2vec_bibl_bible_bcn.vocabulary.* with mmap=None
[2021-01-23 19:09:10,759] INFO: loading vocabulary recursively from /Users/neo1/PycharmProjects/vec4irltr/model/ir/20210121231330551/model_word2vec_bibl_bible_bcn.vocabulary.* with mmap=None
[2021-01-23 19:09:10,760] INFO: loading trainables recursively from /Users/neo1/PycharmProjects/vec4irltr/model/ir/20210121231330551/model_word2vec_bibl_bible_bcn.trainables.* with mmap=None
[2021-01-23 19:09:10,760] INFO: loading trainables recursively from /Users/neo1/PycharmProjects/vec4irltr/model/ir/20210121231330551/model_word2vec_bibl_bible_bcn.trainables.* with mmap=None
[2021-01-23 19:09:10,760] INFO: setting ignored attribute cum_table to None
[2021-01-23 19:09:10,760] INFO: setting ignored attribute cum_table to None
[2021-01-23 19:09:10,761] INFO: loaded /Users/neo1/PycharmProjects/vec4irltr/model/ir/20210121231330551/model_word2vec_bibl_bible_bcn
[2021-01-23 19:09:10,761] INFO: loaded /Users/neo1/PycharmProjects/vec4irltr/model/ir/20210121231330551/model_word2vec_bibl_bible_bcn
[2021-01-23 19:09:10,762] INFO: load time:0.007746219635009766
[2021-01-23 19:09:10,762] INFO: load time:0.007746219635009766
[2021-01-23 19:09:11,767] INFO: pid:39982 done | load time: 1.012362003326416
[2021-01-23 19:09:11,767] INFO: pid:39982 done | load time: 1.012362003326416
[2021-01-23 19:09:11,767] INFO: loading model_word2vec_bibl_content
[2021-01-23 19:09:11,767] INFO: loading model_word2vec_bibl_content
[2021-01-23 19:09:11,768] INFO: loading Word2Vec object from /Users/neo1/PycharmProjects/vec4irltr/model/ir/20210121231330551/model_word2vec_bibl_content
[2021-01-23 19:09:11,768] INFO: loading Word2Vec object from /Users/neo1/PycharmProjects/vec4irltr/model/ir/20210121231330551/model_word2vec_bibl_content
[2021-01-23 19:09:11,779] INFO: loading wv recursively from /Users/neo1/PycharmProjects/vec4irltr/model/ir/20210121231330551/model_word2vec_bibl_content.wv.* with mmap=None
[2021-01-23 19:09:11,779] INFO: loading wv recursively from /Users/neo1/PycharmProjects/vec4irltr/model/ir/20210121231330551/model_word2vec_bibl_content.wv.* with mmap=None
[2021-01-23 19:09:11,780] INFO: setting ignored attribute vectors_norm to None
[2021-01-23 19:09:11,780] INFO: setting ignored attribute vectors_norm to None
[2021-01-23 19:09:11,781] INFO: loading vocabulary recursively from /Users/neo1/PycharmProjects/vec4irltr/model/ir/20210121231330551/model_word2vec_bibl_content.vocabulary.* with mmap=None
[2021-01-23 19:09:11,781] INFO: loading vocabulary recursively from /Users/neo1/PycharmProjects/vec4irltr/model/ir/20210121231330551/model_word2vec_bibl_content.vocabulary.* with mmap=None
[2021-01-23 19:09:11,782] INFO: loading trainables recursively from /Users/neo1/PycharmProjects/vec4irltr/model/ir/20210121231330551/model_word2vec_bibl_content.trainables.* with mmap=None
[2021-01-23 19:09:11,782] INFO: loading trainables recursively from /Users/neo1/PycharmProjects/vec4irltr/model/ir/20210121231330551/model_word2vec_bibl_content.trainables.* with mmap=None
[2021-01-23 19:09:11,782] INFO: setting ignored attribute cum_table to None
[2021-01-23 19:09:11,782] INFO: setting ignored attribute cum_table to None
[2021-01-23 19:09:11,783] INFO: loaded /Users/neo1/PycharmProjects/vec4irltr/model/ir/20210121231330551/model_word2vec_bibl_content
[2021-01-23 19:09:11,783] INFO: loaded /Users/neo1/PycharmProjects/vec4irltr/model/ir/20210121231330551/model_word2vec_bibl_content
[2021-01-23 19:09:11,786] INFO: load time:0.01829981803894043
[2021-01-23 19:09:11,786] INFO: load time:0.01829981803894043
[2021-01-23 19:09:12,791] INFO: pid:39982 done | load time: 1.02280592918396
[2021-01-23 19:09:12,791] INFO: pid:39982 done | load time: 1.02280592918396
[2021-01-23 19:09:12,791] INFO: loading model_word2vec_bibl_econtent
[2021-01-23 19:09:12,791] INFO: loading model_word2vec_bibl_econtent
[2021-01-23 19:09:12,792] INFO: loading Word2Vec object from /Users/neo1/PycharmProjects/vec4irltr/model/ir/20210121231330551/model_word2vec_bibl_econtent
[2021-01-23 19:09:12,792] INFO: loading Word2Vec object from /Users/neo1/PycharmProjects/vec4irltr/model/ir/20210121231330551/model_word2vec_bibl_econtent
[2021-01-23 19:09:12,794] INFO: loading wv recursively from /Users/neo1/PycharmProjects/vec4irltr/model/ir/20210121231330551/model_word2vec_bibl_econtent.wv.* with mmap=None
[2021-01-23 19:09:12,794] INFO: loading wv recursively from /Users/neo1/PycharmProjects/vec4irltr/model/ir/20210121231330551/model_word2vec_bibl_econtent.wv.* with mmap=None
[2021-01-23 19:09:12,795] INFO: setting ignored attribute vectors_norm to None
[2021-01-23 19:09:12,795] INFO: setting ignored attribute vectors_norm to None
[2021-01-23 19:09:12,795] INFO: loading vocabulary recursively from /Users/neo1/PycharmProjects/vec4irltr/model/ir/20210121231330551/model_word2vec_bibl_econtent.vocabulary.* with mmap=None
[2021-01-23 19:09:12,795] INFO: loading vocabulary recursively from /Users/neo1/PycharmProjects/vec4irltr/model/ir/20210121231330551/model_word2vec_bibl_econtent.vocabulary.* with mmap=None
[2021-01-23 19:09:12,796] INFO: loading trainables recursively from /Users/neo1/PycharmProjects/vec4irltr/model/ir/20210121231330551/model_word2vec_bibl_econtent.trainables.* with mmap=None
[2021-01-23 19:09:12,796] INFO: loading trainables recursively from /Users/neo1/PycharmProjects/vec4irltr/model/ir/20210121231330551/model_word2vec_bibl_econtent.trainables.* with mmap=None
[2021-01-23 19:09:12,796] INFO: setting ignored attribute cum_table to None
[2021-01-23 19:09:12,796] INFO: setting ignored attribute cum_table to None
[2021-01-23 19:09:12,797] INFO: loaded /Users/neo1/PycharmProjects/vec4irltr/model/ir/20210121231330551/model_word2vec_bibl_econtent
[2021-01-23 19:09:12,797] INFO: loaded /Users/neo1/PycharmProjects/vec4irltr/model/ir/20210121231330551/model_word2vec_bibl_econtent
[2021-01-23 19:09:12,798] INFO: load time:0.005726814270019531
[2021-01-23 19:09:12,798] INFO: load time:0.005726814270019531
[2021-01-23 19:09:13,801] INFO: pid:39982 done | load time: 1.0084009170532227
[2021-01-23 19:09:13,801] INFO: pid:39982 done | load time: 1.0084009170532227
