[2021-01-23 15:20:56,932] INFO: set_init_models_and_get_retrievals
[2021-01-23 15:20:56,932] INFO: set_init_models_and_get_retrievals
[2021-01-23 15:20:56,935] INFO: loading model_word2vec_bibl_bible_bcn
[2021-01-23 15:20:56,935] INFO: loading model_word2vec_bibl_bible_bcn
[2021-01-23 15:20:56,936] INFO: loading Word2Vec object from /Users/neo1/PycharmProjects/vec4irltr/model/ir/20210121231330551/model_word2vec_bibl_bible_bcn
[2021-01-23 15:20:56,936] INFO: loading Word2Vec object from /Users/neo1/PycharmProjects/vec4irltr/model/ir/20210121231330551/model_word2vec_bibl_bible_bcn
[2021-01-23 15:20:56,938] INFO: loading wv recursively from /Users/neo1/PycharmProjects/vec4irltr/model/ir/20210121231330551/model_word2vec_bibl_bible_bcn.wv.* with mmap=None
[2021-01-23 15:20:56,938] INFO: loading wv recursively from /Users/neo1/PycharmProjects/vec4irltr/model/ir/20210121231330551/model_word2vec_bibl_bible_bcn.wv.* with mmap=None
[2021-01-23 15:20:56,939] INFO: setting ignored attribute vectors_norm to None
[2021-01-23 15:20:56,939] INFO: setting ignored attribute vectors_norm to None
[2021-01-23 15:20:56,939] INFO: loading vocabulary recursively from /Users/neo1/PycharmProjects/vec4irltr/model/ir/20210121231330551/model_word2vec_bibl_bible_bcn.vocabulary.* with mmap=None
[2021-01-23 15:20:56,939] INFO: loading vocabulary recursively from /Users/neo1/PycharmProjects/vec4irltr/model/ir/20210121231330551/model_word2vec_bibl_bible_bcn.vocabulary.* with mmap=None
[2021-01-23 15:20:56,939] INFO: loading trainables recursively from /Users/neo1/PycharmProjects/vec4irltr/model/ir/20210121231330551/model_word2vec_bibl_bible_bcn.trainables.* with mmap=None
[2021-01-23 15:20:56,939] INFO: loading trainables recursively from /Users/neo1/PycharmProjects/vec4irltr/model/ir/20210121231330551/model_word2vec_bibl_bible_bcn.trainables.* with mmap=None
[2021-01-23 15:20:56,940] INFO: setting ignored attribute cum_table to None
[2021-01-23 15:20:56,940] INFO: setting ignored attribute cum_table to None
[2021-01-23 15:20:56,940] INFO: loaded /Users/neo1/PycharmProjects/vec4irltr/model/ir/20210121231330551/model_word2vec_bibl_bible_bcn
[2021-01-23 15:20:56,940] INFO: loaded /Users/neo1/PycharmProjects/vec4irltr/model/ir/20210121231330551/model_word2vec_bibl_bible_bcn
[2021-01-23 15:20:56,940] INFO: load time:0.00479888916015625
[2021-01-23 15:20:56,940] INFO: load time:0.00479888916015625
[2021-01-23 15:20:57,941] INFO: pid:24067 done | load time: 1.005561113357544
[2021-01-23 15:20:57,941] INFO: pid:24067 done | load time: 1.005561113357544
[2021-01-23 15:20:57,942] INFO: loading model_word2vec_bibl_content
[2021-01-23 15:20:57,942] INFO: loading model_word2vec_bibl_content
[2021-01-23 15:20:57,942] INFO: loading Word2Vec object from /Users/neo1/PycharmProjects/vec4irltr/model/ir/20210121231330551/model_word2vec_bibl_content
[2021-01-23 15:20:57,942] INFO: loading Word2Vec object from /Users/neo1/PycharmProjects/vec4irltr/model/ir/20210121231330551/model_word2vec_bibl_content
[2021-01-23 15:20:57,952] INFO: loading wv recursively from /Users/neo1/PycharmProjects/vec4irltr/model/ir/20210121231330551/model_word2vec_bibl_content.wv.* with mmap=None
[2021-01-23 15:20:57,952] INFO: loading wv recursively from /Users/neo1/PycharmProjects/vec4irltr/model/ir/20210121231330551/model_word2vec_bibl_content.wv.* with mmap=None
[2021-01-23 15:20:57,953] INFO: setting ignored attribute vectors_norm to None
[2021-01-23 15:20:57,953] INFO: setting ignored attribute vectors_norm to None
[2021-01-23 15:20:57,953] INFO: loading vocabulary recursively from /Users/neo1/PycharmProjects/vec4irltr/model/ir/20210121231330551/model_word2vec_bibl_content.vocabulary.* with mmap=None
[2021-01-23 15:20:57,953] INFO: loading vocabulary recursively from /Users/neo1/PycharmProjects/vec4irltr/model/ir/20210121231330551/model_word2vec_bibl_content.vocabulary.* with mmap=None
[2021-01-23 15:20:57,953] INFO: loading trainables recursively from /Users/neo1/PycharmProjects/vec4irltr/model/ir/20210121231330551/model_word2vec_bibl_content.trainables.* with mmap=None
[2021-01-23 15:20:57,953] INFO: loading trainables recursively from /Users/neo1/PycharmProjects/vec4irltr/model/ir/20210121231330551/model_word2vec_bibl_content.trainables.* with mmap=None
[2021-01-23 15:20:57,954] INFO: setting ignored attribute cum_table to None
[2021-01-23 15:20:57,954] INFO: setting ignored attribute cum_table to None
[2021-01-23 15:20:57,954] INFO: loaded /Users/neo1/PycharmProjects/vec4irltr/model/ir/20210121231330551/model_word2vec_bibl_content
[2021-01-23 15:20:57,954] INFO: loaded /Users/neo1/PycharmProjects/vec4irltr/model/ir/20210121231330551/model_word2vec_bibl_content
[2021-01-23 15:20:57,956] INFO: load time:0.01390695571899414
[2021-01-23 15:20:57,956] INFO: load time:0.01390695571899414
[2021-01-23 15:20:58,958] INFO: pid:24067 done | load time: 1.015800952911377
[2021-01-23 15:20:58,958] INFO: pid:24067 done | load time: 1.015800952911377
[2021-01-23 15:20:58,958] INFO: loading model_word2vec_bibl_econtent
[2021-01-23 15:20:58,958] INFO: loading model_word2vec_bibl_econtent
[2021-01-23 15:20:58,958] INFO: loading Word2Vec object from /Users/neo1/PycharmProjects/vec4irltr/model/ir/20210121231330551/model_word2vec_bibl_econtent
[2021-01-23 15:20:58,958] INFO: loading Word2Vec object from /Users/neo1/PycharmProjects/vec4irltr/model/ir/20210121231330551/model_word2vec_bibl_econtent
[2021-01-23 15:20:58,960] INFO: loading wv recursively from /Users/neo1/PycharmProjects/vec4irltr/model/ir/20210121231330551/model_word2vec_bibl_econtent.wv.* with mmap=None
[2021-01-23 15:20:58,960] INFO: loading wv recursively from /Users/neo1/PycharmProjects/vec4irltr/model/ir/20210121231330551/model_word2vec_bibl_econtent.wv.* with mmap=None
[2021-01-23 15:20:58,960] INFO: setting ignored attribute vectors_norm to None
[2021-01-23 15:20:58,960] INFO: setting ignored attribute vectors_norm to None
[2021-01-23 15:20:58,960] INFO: loading vocabulary recursively from /Users/neo1/PycharmProjects/vec4irltr/model/ir/20210121231330551/model_word2vec_bibl_econtent.vocabulary.* with mmap=None
[2021-01-23 15:20:58,960] INFO: loading vocabulary recursively from /Users/neo1/PycharmProjects/vec4irltr/model/ir/20210121231330551/model_word2vec_bibl_econtent.vocabulary.* with mmap=None
[2021-01-23 15:20:58,960] INFO: loading trainables recursively from /Users/neo1/PycharmProjects/vec4irltr/model/ir/20210121231330551/model_word2vec_bibl_econtent.trainables.* with mmap=None
[2021-01-23 15:20:58,960] INFO: loading trainables recursively from /Users/neo1/PycharmProjects/vec4irltr/model/ir/20210121231330551/model_word2vec_bibl_econtent.trainables.* with mmap=None
[2021-01-23 15:20:58,961] INFO: setting ignored attribute cum_table to None
[2021-01-23 15:20:58,961] INFO: setting ignored attribute cum_table to None
[2021-01-23 15:20:58,961] INFO: loaded /Users/neo1/PycharmProjects/vec4irltr/model/ir/20210121231330551/model_word2vec_bibl_econtent
[2021-01-23 15:20:58,961] INFO: loaded /Users/neo1/PycharmProjects/vec4irltr/model/ir/20210121231330551/model_word2vec_bibl_econtent
[2021-01-23 15:20:58,961] INFO: load time:0.002959012985229492
[2021-01-23 15:20:58,961] INFO: load time:0.002959012985229492
[2021-01-23 15:20:59,964] INFO: pid:24067 done | load time: 1.0057530403137207
[2021-01-23 15:20:59,964] INFO: pid:24067 done | load time: 1.0057530403137207
