[2021-01-23 12:58:42,758] INFO: set_init_models_and_get_retrievals
[2021-01-23 12:58:42,764] INFO: loading model_word2vec_bibl_bible_bcn
[2021-01-23 12:58:42,764] INFO: loading Word2Vec object from /Users/neo1/PycharmProjects/vec4irltr/model/ir/20210121231330551/model_word2vec_bibl_bible_bcn
[2021-01-23 12:58:42,768] INFO: loading wv recursively from /Users/neo1/PycharmProjects/vec4irltr/model/ir/20210121231330551/model_word2vec_bibl_bible_bcn.wv.* with mmap=None
[2021-01-23 12:58:42,769] INFO: setting ignored attribute vectors_norm to None
[2021-01-23 12:58:42,769] INFO: loading vocabulary recursively from /Users/neo1/PycharmProjects/vec4irltr/model/ir/20210121231330551/model_word2vec_bibl_bible_bcn.vocabulary.* with mmap=None
[2021-01-23 12:58:42,770] INFO: loading trainables recursively from /Users/neo1/PycharmProjects/vec4irltr/model/ir/20210121231330551/model_word2vec_bibl_bible_bcn.trainables.* with mmap=None
[2021-01-23 12:58:42,770] INFO: setting ignored attribute cum_table to None
[2021-01-23 12:58:42,771] INFO: loaded /Users/neo1/PycharmProjects/vec4irltr/model/ir/20210121231330551/model_word2vec_bibl_bible_bcn
[2021-01-23 12:58:42,771] INFO: load time:0.007281780242919922
[2021-01-23 12:58:43,773] INFO: pid:13695 done | load time: 1.0084538459777832
[2021-01-23 12:58:43,773] INFO: loading model_word2vec_bibl_content
[2021-01-23 12:58:43,774] INFO: loading Word2Vec object from /Users/neo1/PycharmProjects/vec4irltr/model/ir/20210121231330551/model_word2vec_bibl_content
[2021-01-23 12:58:43,790] INFO: loading wv recursively from /Users/neo1/PycharmProjects/vec4irltr/model/ir/20210121231330551/model_word2vec_bibl_content.wv.* with mmap=None
[2021-01-23 12:58:43,790] INFO: setting ignored attribute vectors_norm to None
[2021-01-23 12:58:43,791] INFO: loading vocabulary recursively from /Users/neo1/PycharmProjects/vec4irltr/model/ir/20210121231330551/model_word2vec_bibl_content.vocabulary.* with mmap=None
[2021-01-23 12:58:43,792] INFO: loading trainables recursively from /Users/neo1/PycharmProjects/vec4irltr/model/ir/20210121231330551/model_word2vec_bibl_content.trainables.* with mmap=None
[2021-01-23 12:58:43,792] INFO: setting ignored attribute cum_table to None
[2021-01-23 12:58:43,793] INFO: loaded /Users/neo1/PycharmProjects/vec4irltr/model/ir/20210121231330551/model_word2vec_bibl_content
[2021-01-23 12:58:43,796] INFO: load time:0.0225980281829834
[2021-01-23 12:58:44,801] INFO: pid:13695 done | load time: 1.027251958847046
[2021-01-23 12:58:44,802] INFO: loading model_word2vec_bibl_econtent
[2021-01-23 12:58:44,802] INFO: loading Word2Vec object from /Users/neo1/PycharmProjects/vec4irltr/model/ir/20210121231330551/model_word2vec_bibl_econtent
[2021-01-23 12:58:44,804] INFO: loading wv recursively from /Users/neo1/PycharmProjects/vec4irltr/model/ir/20210121231330551/model_word2vec_bibl_econtent.wv.* with mmap=None
[2021-01-23 12:58:44,805] INFO: setting ignored attribute vectors_norm to None
[2021-01-23 12:58:44,805] INFO: loading vocabulary recursively from /Users/neo1/PycharmProjects/vec4irltr/model/ir/20210121231330551/model_word2vec_bibl_econtent.vocabulary.* with mmap=None
[2021-01-23 12:58:44,806] INFO: loading trainables recursively from /Users/neo1/PycharmProjects/vec4irltr/model/ir/20210121231330551/model_word2vec_bibl_econtent.trainables.* with mmap=None
[2021-01-23 12:58:44,806] INFO: setting ignored attribute cum_table to None
[2021-01-23 12:58:44,807] INFO: loaded /Users/neo1/PycharmProjects/vec4irltr/model/ir/20210121231330551/model_word2vec_bibl_econtent
[2021-01-23 12:58:44,807] INFO: load time:0.005131959915161133
[2021-01-23 12:58:45,810] INFO: pid:13695 done | load time: 1.0075938701629639
[2021-01-23 12:58:55,267] INFO: loading model_fasttext_bibl_bible_bcn
[2021-01-23 12:58:55,267] INFO: loading FastText object from /Users/neo1/PycharmProjects/vec4irltr/model/ir/20210121231330551/model_fasttext_bibl_bible_bcn
[2021-01-23 12:58:55,274] INFO: loading wv recursively from /Users/neo1/PycharmProjects/vec4irltr/model/ir/20210121231330551/model_fasttext_bibl_bible_bcn.wv.* with mmap=None
[2021-01-23 12:58:55,274] INFO: loading vectors_ngrams from /Users/neo1/PycharmProjects/vec4irltr/model/ir/20210121231330551/model_fasttext_bibl_bible_bcn.wv.vectors_ngrams.npy with mmap=None
[2021-01-23 12:58:56,939] INFO: setting ignored attribute vectors_norm to None
[2021-01-23 12:58:56,939] INFO: setting ignored attribute vectors_vocab_norm to None
[2021-01-23 12:58:56,940] INFO: setting ignored attribute vectors_ngrams_norm to None
[2021-01-23 12:58:56,940] INFO: setting ignored attribute buckets_word to None
[2021-01-23 12:58:56,941] INFO: loading vocabulary recursively from /Users/neo1/PycharmProjects/vec4irltr/model/ir/20210121231330551/model_fasttext_bibl_bible_bcn.vocabulary.* with mmap=None
[2021-01-23 12:58:56,941] INFO: loading trainables recursively from /Users/neo1/PycharmProjects/vec4irltr/model/ir/20210121231330551/model_fasttext_bibl_bible_bcn.trainables.* with mmap=None
[2021-01-23 12:58:56,942] INFO: loading vectors_ngrams_lockf from /Users/neo1/PycharmProjects/vec4irltr/model/ir/20210121231330551/model_fasttext_bibl_bible_bcn.trainables.vectors_ngrams_lockf.npy with mmap=None
[2021-01-23 12:58:58,430] INFO: loaded /Users/neo1/PycharmProjects/vec4irltr/model/ir/20210121231330551/model_fasttext_bibl_bible_bcn
[2021-01-23 12:58:58,431] INFO: load time:3.163969039916992
[2021-01-23 12:58:59,437] INFO: pid:13695 done | load time: 4.169363260269165
[2021-01-23 12:58:59,437] INFO: loading model_fasttext_bibl_content
[2021-01-23 12:58:59,438] INFO: loading FastText object from /Users/neo1/PycharmProjects/vec4irltr/model/ir/20210121231330551/model_fasttext_bibl_content
[2021-01-23 12:58:59,805] INFO: loading wv recursively from /Users/neo1/PycharmProjects/vec4irltr/model/ir/20210121231330551/model_fasttext_bibl_content.wv.* with mmap=None
[2021-01-23 12:58:59,806] INFO: loading vectors_ngrams from /Users/neo1/PycharmProjects/vec4irltr/model/ir/20210121231330551/model_fasttext_bibl_content.wv.vectors_ngrams.npy with mmap=None
[2021-01-23 12:59:01,513] INFO: setting ignored attribute vectors_norm to None
[2021-01-23 12:59:01,514] INFO: setting ignored attribute vectors_vocab_norm to None
[2021-01-23 12:59:01,514] INFO: setting ignored attribute vectors_ngrams_norm to None
[2021-01-23 12:59:01,515] INFO: setting ignored attribute buckets_word to None
[2021-01-23 12:59:01,516] INFO: loading vocabulary recursively from /Users/neo1/PycharmProjects/vec4irltr/model/ir/20210121231330551/model_fasttext_bibl_content.vocabulary.* with mmap=None
[2021-01-23 12:59:01,517] INFO: loading trainables recursively from /Users/neo1/PycharmProjects/vec4irltr/model/ir/20210121231330551/model_fasttext_bibl_content.trainables.* with mmap=None
[2021-01-23 12:59:01,518] INFO: loading vectors_ngrams_lockf from /Users/neo1/PycharmProjects/vec4irltr/model/ir/20210121231330551/model_fasttext_bibl_content.trainables.vectors_ngrams_lockf.npy with mmap=None
[2021-01-23 12:59:03,922] INFO: loaded /Users/neo1/PycharmProjects/vec4irltr/model/ir/20210121231330551/model_fasttext_bibl_content
[2021-01-23 12:59:03,927] INFO: load time:4.489734888076782
[2021-01-23 12:59:04,928] INFO: pid:13695 done | load time: 5.490254878997803
[2021-01-23 12:59:04,929] INFO: loading model_fasttext_bibl_econtent
[2021-01-23 12:59:04,929] INFO: loading FastText object from /Users/neo1/PycharmProjects/vec4irltr/model/ir/20210121231330551/model_fasttext_bibl_econtent
[2021-01-23 12:59:04,936] INFO: loading wv recursively from /Users/neo1/PycharmProjects/vec4irltr/model/ir/20210121231330551/model_fasttext_bibl_econtent.wv.* with mmap=None
[2021-01-23 12:59:04,937] INFO: loading vectors_ngrams from /Users/neo1/PycharmProjects/vec4irltr/model/ir/20210121231330551/model_fasttext_bibl_econtent.wv.vectors_ngrams.npy with mmap=None
[2021-01-23 12:59:06,791] INFO: setting ignored attribute vectors_norm to None
[2021-01-23 12:59:06,794] INFO: setting ignored attribute vectors_vocab_norm to None
[2021-01-23 12:59:06,795] INFO: setting ignored attribute vectors_ngrams_norm to None
[2021-01-23 12:59:06,796] INFO: setting ignored attribute buckets_word to None
[2021-01-23 12:59:06,797] INFO: loading vocabulary recursively from /Users/neo1/PycharmProjects/vec4irltr/model/ir/20210121231330551/model_fasttext_bibl_econtent.vocabulary.* with mmap=None
[2021-01-23 12:59:06,798] INFO: loading trainables recursively from /Users/neo1/PycharmProjects/vec4irltr/model/ir/20210121231330551/model_fasttext_bibl_econtent.trainables.* with mmap=None
[2021-01-23 12:59:06,798] INFO: loading vectors_ngrams_lockf from /Users/neo1/PycharmProjects/vec4irltr/model/ir/20210121231330551/model_fasttext_bibl_econtent.trainables.vectors_ngrams_lockf.npy with mmap=None
[2021-01-23 12:59:08,501] INFO: loaded /Users/neo1/PycharmProjects/vec4irltr/model/ir/20210121231330551/model_fasttext_bibl_econtent
[2021-01-23 12:59:08,502] INFO: load time:3.572517156600952
[2021-01-23 12:59:09,505] INFO: pid:13695 done | load time: 4.575374126434326
[2021-01-23 12:59:30,525] ERROR: Internal Server Error: /api/search
Traceback (most recent call last):
  File "/Users/neo1/PycharmProjects/vec4irltr/venv/lib/python3.8/site-packages/django/core/handlers/exception.py", line 34, in inner
    response = get_response(request)
  File "/Users/neo1/PycharmProjects/vec4irltr/venv/lib/python3.8/site-packages/django/core/handlers/base.py", line 126, in _get_response
    response = self.process_exception_by_middleware(e, request)
  File "/Users/neo1/PycharmProjects/vec4irltr/venv/lib/python3.8/site-packages/django/core/handlers/base.py", line 124, in _get_response
    response = wrapped_callback(request, *callback_args, **callback_kwargs)
  File "/Users/neo1/PycharmProjects/vec4irltr/venv/lib/python3.8/site-packages/ninja/operation.py", line 227, in _sync_view
    return operation.run(request, *a, **kw)
  File "/Users/neo1/PycharmProjects/vec4irltr/venv/lib/python3.8/site-packages/ninja/operation.py", line 59, in run
    result = self.view_func(request, **values)
  File "/Users/neo1/PycharmProjects/vec4irltr/app/api.py", line 56, in search
    query_results = IRM.get_query_results(q=q, retrievals=RETRIEVALS, columns=columns, k=10)
AttributeError: 'NoneType' object has no attribute 'get_query_results'
