[2021-01-23 13:11:40,126] INFO: set_init_models_and_get_retrievals
[2021-01-23 13:11:40,126] INFO: set_init_models_and_get_retrievals
[2021-01-23 13:11:40,133] INFO: loading model_word2vec_bibl_bible_bcn
[2021-01-23 13:11:40,133] INFO: loading model_word2vec_bibl_bible_bcn
[2021-01-23 13:11:40,134] INFO: loading Word2Vec object from /Users/neo1/PycharmProjects/vec4irltr/model/ir/20210121231330551/model_word2vec_bibl_bible_bcn
[2021-01-23 13:11:40,134] INFO: loading Word2Vec object from /Users/neo1/PycharmProjects/vec4irltr/model/ir/20210121231330551/model_word2vec_bibl_bible_bcn
[2021-01-23 13:11:40,138] INFO: loading wv recursively from /Users/neo1/PycharmProjects/vec4irltr/model/ir/20210121231330551/model_word2vec_bibl_bible_bcn.wv.* with mmap=None
[2021-01-23 13:11:40,138] INFO: loading wv recursively from /Users/neo1/PycharmProjects/vec4irltr/model/ir/20210121231330551/model_word2vec_bibl_bible_bcn.wv.* with mmap=None
[2021-01-23 13:11:40,139] INFO: setting ignored attribute vectors_norm to None
[2021-01-23 13:11:40,139] INFO: setting ignored attribute vectors_norm to None
[2021-01-23 13:11:40,140] INFO: loading vocabulary recursively from /Users/neo1/PycharmProjects/vec4irltr/model/ir/20210121231330551/model_word2vec_bibl_bible_bcn.vocabulary.* with mmap=None
[2021-01-23 13:11:40,140] INFO: loading vocabulary recursively from /Users/neo1/PycharmProjects/vec4irltr/model/ir/20210121231330551/model_word2vec_bibl_bible_bcn.vocabulary.* with mmap=None
[2021-01-23 13:11:40,141] INFO: loading trainables recursively from /Users/neo1/PycharmProjects/vec4irltr/model/ir/20210121231330551/model_word2vec_bibl_bible_bcn.trainables.* with mmap=None
[2021-01-23 13:11:40,141] INFO: loading trainables recursively from /Users/neo1/PycharmProjects/vec4irltr/model/ir/20210121231330551/model_word2vec_bibl_bible_bcn.trainables.* with mmap=None
[2021-01-23 13:11:40,143] INFO: setting ignored attribute cum_table to None
[2021-01-23 13:11:40,143] INFO: setting ignored attribute cum_table to None
[2021-01-23 13:11:40,144] INFO: loaded /Users/neo1/PycharmProjects/vec4irltr/model/ir/20210121231330551/model_word2vec_bibl_bible_bcn
[2021-01-23 13:11:40,144] INFO: loaded /Users/neo1/PycharmProjects/vec4irltr/model/ir/20210121231330551/model_word2vec_bibl_bible_bcn
[2021-01-23 13:11:40,145] INFO: load time:0.011011838912963867
[2021-01-23 13:11:40,145] INFO: load time:0.011011838912963867
[2021-01-23 13:11:41,148] INFO: pid:14802 done | load time: 1.0134539604187012
[2021-01-23 13:11:41,148] INFO: pid:14802 done | load time: 1.0134539604187012
[2021-01-23 13:11:41,148] INFO: loading model_word2vec_bibl_content
[2021-01-23 13:11:41,148] INFO: loading model_word2vec_bibl_content
[2021-01-23 13:11:41,149] INFO: loading Word2Vec object from /Users/neo1/PycharmProjects/vec4irltr/model/ir/20210121231330551/model_word2vec_bibl_content
[2021-01-23 13:11:41,149] INFO: loading Word2Vec object from /Users/neo1/PycharmProjects/vec4irltr/model/ir/20210121231330551/model_word2vec_bibl_content
[2021-01-23 13:11:41,161] INFO: loading wv recursively from /Users/neo1/PycharmProjects/vec4irltr/model/ir/20210121231330551/model_word2vec_bibl_content.wv.* with mmap=None
[2021-01-23 13:11:41,161] INFO: loading wv recursively from /Users/neo1/PycharmProjects/vec4irltr/model/ir/20210121231330551/model_word2vec_bibl_content.wv.* with mmap=None
[2021-01-23 13:11:41,162] INFO: setting ignored attribute vectors_norm to None
[2021-01-23 13:11:41,162] INFO: setting ignored attribute vectors_norm to None
[2021-01-23 13:11:41,162] INFO: loading vocabulary recursively from /Users/neo1/PycharmProjects/vec4irltr/model/ir/20210121231330551/model_word2vec_bibl_content.vocabulary.* with mmap=None
[2021-01-23 13:11:41,162] INFO: loading vocabulary recursively from /Users/neo1/PycharmProjects/vec4irltr/model/ir/20210121231330551/model_word2vec_bibl_content.vocabulary.* with mmap=None
[2021-01-23 13:11:41,163] INFO: loading trainables recursively from /Users/neo1/PycharmProjects/vec4irltr/model/ir/20210121231330551/model_word2vec_bibl_content.trainables.* with mmap=None
[2021-01-23 13:11:41,163] INFO: loading trainables recursively from /Users/neo1/PycharmProjects/vec4irltr/model/ir/20210121231330551/model_word2vec_bibl_content.trainables.* with mmap=None
[2021-01-23 13:11:41,164] INFO: setting ignored attribute cum_table to None
[2021-01-23 13:11:41,164] INFO: setting ignored attribute cum_table to None
[2021-01-23 13:11:41,165] INFO: loaded /Users/neo1/PycharmProjects/vec4irltr/model/ir/20210121231330551/model_word2vec_bibl_content
[2021-01-23 13:11:41,165] INFO: loaded /Users/neo1/PycharmProjects/vec4irltr/model/ir/20210121231330551/model_word2vec_bibl_content
[2021-01-23 13:11:41,168] INFO: load time:0.01917409896850586
[2021-01-23 13:11:41,168] INFO: load time:0.01917409896850586
[2021-01-23 13:11:42,174] INFO: pid:14802 done | load time: 1.0244879722595215
[2021-01-23 13:11:42,174] INFO: pid:14802 done | load time: 1.0244879722595215
[2021-01-23 13:11:42,174] INFO: loading model_word2vec_bibl_econtent
[2021-01-23 13:11:42,174] INFO: loading model_word2vec_bibl_econtent
[2021-01-23 13:11:42,175] INFO: loading Word2Vec object from /Users/neo1/PycharmProjects/vec4irltr/model/ir/20210121231330551/model_word2vec_bibl_econtent
[2021-01-23 13:11:42,175] INFO: loading Word2Vec object from /Users/neo1/PycharmProjects/vec4irltr/model/ir/20210121231330551/model_word2vec_bibl_econtent
[2021-01-23 13:11:42,177] INFO: loading wv recursively from /Users/neo1/PycharmProjects/vec4irltr/model/ir/20210121231330551/model_word2vec_bibl_econtent.wv.* with mmap=None
[2021-01-23 13:11:42,177] INFO: loading wv recursively from /Users/neo1/PycharmProjects/vec4irltr/model/ir/20210121231330551/model_word2vec_bibl_econtent.wv.* with mmap=None
[2021-01-23 13:11:42,178] INFO: setting ignored attribute vectors_norm to None
[2021-01-23 13:11:42,178] INFO: setting ignored attribute vectors_norm to None
[2021-01-23 13:11:42,178] INFO: loading vocabulary recursively from /Users/neo1/PycharmProjects/vec4irltr/model/ir/20210121231330551/model_word2vec_bibl_econtent.vocabulary.* with mmap=None
[2021-01-23 13:11:42,178] INFO: loading vocabulary recursively from /Users/neo1/PycharmProjects/vec4irltr/model/ir/20210121231330551/model_word2vec_bibl_econtent.vocabulary.* with mmap=None
[2021-01-23 13:11:42,179] INFO: loading trainables recursively from /Users/neo1/PycharmProjects/vec4irltr/model/ir/20210121231330551/model_word2vec_bibl_econtent.trainables.* with mmap=None
[2021-01-23 13:11:42,179] INFO: loading trainables recursively from /Users/neo1/PycharmProjects/vec4irltr/model/ir/20210121231330551/model_word2vec_bibl_econtent.trainables.* with mmap=None
[2021-01-23 13:11:42,180] INFO: setting ignored attribute cum_table to None
[2021-01-23 13:11:42,180] INFO: setting ignored attribute cum_table to None
[2021-01-23 13:11:42,181] INFO: loaded /Users/neo1/PycharmProjects/vec4irltr/model/ir/20210121231330551/model_word2vec_bibl_econtent
[2021-01-23 13:11:42,181] INFO: loaded /Users/neo1/PycharmProjects/vec4irltr/model/ir/20210121231330551/model_word2vec_bibl_econtent
[2021-01-23 13:11:42,182] INFO: load time:0.0066051483154296875
[2021-01-23 13:11:42,182] INFO: load time:0.0066051483154296875
[2021-01-23 13:11:43,186] INFO: pid:14802 done | load time: 1.011078119277954
[2021-01-23 13:11:43,186] INFO: pid:14802 done | load time: 1.011078119277954
[2021-01-23 13:11:51,736] INFO: loading model_fasttext_bibl_bible_bcn
[2021-01-23 13:11:51,736] INFO: loading model_fasttext_bibl_bible_bcn
[2021-01-23 13:11:51,737] INFO: loading FastText object from /Users/neo1/PycharmProjects/vec4irltr/model/ir/20210121231330551/model_fasttext_bibl_bible_bcn
[2021-01-23 13:11:51,737] INFO: loading FastText object from /Users/neo1/PycharmProjects/vec4irltr/model/ir/20210121231330551/model_fasttext_bibl_bible_bcn
[2021-01-23 13:11:51,745] INFO: loading wv recursively from /Users/neo1/PycharmProjects/vec4irltr/model/ir/20210121231330551/model_fasttext_bibl_bible_bcn.wv.* with mmap=None
[2021-01-23 13:11:51,745] INFO: loading wv recursively from /Users/neo1/PycharmProjects/vec4irltr/model/ir/20210121231330551/model_fasttext_bibl_bible_bcn.wv.* with mmap=None
[2021-01-23 13:11:51,746] INFO: loading vectors_ngrams from /Users/neo1/PycharmProjects/vec4irltr/model/ir/20210121231330551/model_fasttext_bibl_bible_bcn.wv.vectors_ngrams.npy with mmap=None
[2021-01-23 13:11:51,746] INFO: loading vectors_ngrams from /Users/neo1/PycharmProjects/vec4irltr/model/ir/20210121231330551/model_fasttext_bibl_bible_bcn.wv.vectors_ngrams.npy with mmap=None
[2021-01-23 13:11:53,391] INFO: setting ignored attribute vectors_norm to None
[2021-01-23 13:11:53,391] INFO: setting ignored attribute vectors_norm to None
[2021-01-23 13:11:53,392] INFO: setting ignored attribute vectors_vocab_norm to None
[2021-01-23 13:11:53,392] INFO: setting ignored attribute vectors_vocab_norm to None
[2021-01-23 13:11:53,393] INFO: setting ignored attribute vectors_ngrams_norm to None
[2021-01-23 13:11:53,393] INFO: setting ignored attribute vectors_ngrams_norm to None
[2021-01-23 13:11:53,394] INFO: setting ignored attribute buckets_word to None
[2021-01-23 13:11:53,394] INFO: setting ignored attribute buckets_word to None
[2021-01-23 13:11:53,395] INFO: loading vocabulary recursively from /Users/neo1/PycharmProjects/vec4irltr/model/ir/20210121231330551/model_fasttext_bibl_bible_bcn.vocabulary.* with mmap=None
[2021-01-23 13:11:53,395] INFO: loading vocabulary recursively from /Users/neo1/PycharmProjects/vec4irltr/model/ir/20210121231330551/model_fasttext_bibl_bible_bcn.vocabulary.* with mmap=None
[2021-01-23 13:11:53,396] INFO: loading trainables recursively from /Users/neo1/PycharmProjects/vec4irltr/model/ir/20210121231330551/model_fasttext_bibl_bible_bcn.trainables.* with mmap=None
[2021-01-23 13:11:53,396] INFO: loading trainables recursively from /Users/neo1/PycharmProjects/vec4irltr/model/ir/20210121231330551/model_fasttext_bibl_bible_bcn.trainables.* with mmap=None
[2021-01-23 13:11:53,397] INFO: loading vectors_ngrams_lockf from /Users/neo1/PycharmProjects/vec4irltr/model/ir/20210121231330551/model_fasttext_bibl_bible_bcn.trainables.vectors_ngrams_lockf.npy with mmap=None
[2021-01-23 13:11:53,397] INFO: loading vectors_ngrams_lockf from /Users/neo1/PycharmProjects/vec4irltr/model/ir/20210121231330551/model_fasttext_bibl_bible_bcn.trainables.vectors_ngrams_lockf.npy with mmap=None
[2021-01-23 13:11:54,134] INFO: loaded /Users/neo1/PycharmProjects/vec4irltr/model/ir/20210121231330551/model_fasttext_bibl_bible_bcn
[2021-01-23 13:11:54,134] INFO: loaded /Users/neo1/PycharmProjects/vec4irltr/model/ir/20210121231330551/model_fasttext_bibl_bible_bcn
[2021-01-23 13:11:54,135] INFO: load time:2.3979032039642334
[2021-01-23 13:11:54,135] INFO: load time:2.3979032039642334
[2021-01-23 13:11:55,139] INFO: pid:14802 done | load time: 3.4021172523498535
[2021-01-23 13:11:55,139] INFO: pid:14802 done | load time: 3.4021172523498535
[2021-01-23 13:11:55,141] INFO: loading model_fasttext_bibl_content
[2021-01-23 13:11:55,141] INFO: loading model_fasttext_bibl_content
[2021-01-23 13:11:55,142] INFO: loading FastText object from /Users/neo1/PycharmProjects/vec4irltr/model/ir/20210121231330551/model_fasttext_bibl_content
[2021-01-23 13:11:55,142] INFO: loading FastText object from /Users/neo1/PycharmProjects/vec4irltr/model/ir/20210121231330551/model_fasttext_bibl_content
[2021-01-23 13:11:55,159] INFO: loading wv recursively from /Users/neo1/PycharmProjects/vec4irltr/model/ir/20210121231330551/model_fasttext_bibl_content.wv.* with mmap=None
[2021-01-23 13:11:55,159] INFO: loading wv recursively from /Users/neo1/PycharmProjects/vec4irltr/model/ir/20210121231330551/model_fasttext_bibl_content.wv.* with mmap=None
[2021-01-23 13:11:55,160] INFO: loading vectors_ngrams from /Users/neo1/PycharmProjects/vec4irltr/model/ir/20210121231330551/model_fasttext_bibl_content.wv.vectors_ngrams.npy with mmap=None
[2021-01-23 13:11:55,160] INFO: loading vectors_ngrams from /Users/neo1/PycharmProjects/vec4irltr/model/ir/20210121231330551/model_fasttext_bibl_content.wv.vectors_ngrams.npy with mmap=None
[2021-01-23 13:11:55,617] INFO: setting ignored attribute vectors_norm to None
[2021-01-23 13:11:55,617] INFO: setting ignored attribute vectors_norm to None
[2021-01-23 13:11:55,618] INFO: setting ignored attribute vectors_vocab_norm to None
[2021-01-23 13:11:55,618] INFO: setting ignored attribute vectors_vocab_norm to None
[2021-01-23 13:11:55,619] INFO: setting ignored attribute vectors_ngrams_norm to None
[2021-01-23 13:11:55,619] INFO: setting ignored attribute vectors_ngrams_norm to None
[2021-01-23 13:11:55,620] INFO: setting ignored attribute buckets_word to None
[2021-01-23 13:11:55,620] INFO: setting ignored attribute buckets_word to None
[2021-01-23 13:11:55,621] INFO: loading vocabulary recursively from /Users/neo1/PycharmProjects/vec4irltr/model/ir/20210121231330551/model_fasttext_bibl_content.vocabulary.* with mmap=None
[2021-01-23 13:11:55,621] INFO: loading vocabulary recursively from /Users/neo1/PycharmProjects/vec4irltr/model/ir/20210121231330551/model_fasttext_bibl_content.vocabulary.* with mmap=None
[2021-01-23 13:11:55,621] INFO: loading trainables recursively from /Users/neo1/PycharmProjects/vec4irltr/model/ir/20210121231330551/model_fasttext_bibl_content.trainables.* with mmap=None
[2021-01-23 13:11:55,621] INFO: loading trainables recursively from /Users/neo1/PycharmProjects/vec4irltr/model/ir/20210121231330551/model_fasttext_bibl_content.trainables.* with mmap=None
[2021-01-23 13:11:55,622] INFO: loading vectors_ngrams_lockf from /Users/neo1/PycharmProjects/vec4irltr/model/ir/20210121231330551/model_fasttext_bibl_content.trainables.vectors_ngrams_lockf.npy with mmap=None
[2021-01-23 13:11:55,622] INFO: loading vectors_ngrams_lockf from /Users/neo1/PycharmProjects/vec4irltr/model/ir/20210121231330551/model_fasttext_bibl_content.trainables.vectors_ngrams_lockf.npy with mmap=None
[2021-01-23 13:11:56,088] INFO: loaded /Users/neo1/PycharmProjects/vec4irltr/model/ir/20210121231330551/model_fasttext_bibl_content
[2021-01-23 13:11:56,088] INFO: loaded /Users/neo1/PycharmProjects/vec4irltr/model/ir/20210121231330551/model_fasttext_bibl_content
[2021-01-23 13:11:56,092] INFO: load time:0.950423002243042
[2021-01-23 13:11:56,092] INFO: load time:0.950423002243042
[2021-01-23 13:11:57,093] INFO: pid:14802 done | load time: 1.9517030715942383
[2021-01-23 13:11:57,093] INFO: pid:14802 done | load time: 1.9517030715942383
[2021-01-23 13:11:57,094] INFO: loading model_fasttext_bibl_econtent
[2021-01-23 13:11:57,094] INFO: loading model_fasttext_bibl_econtent
[2021-01-23 13:11:57,095] INFO: loading FastText object from /Users/neo1/PycharmProjects/vec4irltr/model/ir/20210121231330551/model_fasttext_bibl_econtent
[2021-01-23 13:11:57,095] INFO: loading FastText object from /Users/neo1/PycharmProjects/vec4irltr/model/ir/20210121231330551/model_fasttext_bibl_econtent
[2021-01-23 13:11:57,100] INFO: loading wv recursively from /Users/neo1/PycharmProjects/vec4irltr/model/ir/20210121231330551/model_fasttext_bibl_econtent.wv.* with mmap=None
[2021-01-23 13:11:57,100] INFO: loading wv recursively from /Users/neo1/PycharmProjects/vec4irltr/model/ir/20210121231330551/model_fasttext_bibl_econtent.wv.* with mmap=None
[2021-01-23 13:11:57,101] INFO: loading vectors_ngrams from /Users/neo1/PycharmProjects/vec4irltr/model/ir/20210121231330551/model_fasttext_bibl_econtent.wv.vectors_ngrams.npy with mmap=None
[2021-01-23 13:11:57,101] INFO: loading vectors_ngrams from /Users/neo1/PycharmProjects/vec4irltr/model/ir/20210121231330551/model_fasttext_bibl_econtent.wv.vectors_ngrams.npy with mmap=None
[2021-01-23 13:11:58,929] INFO: setting ignored attribute vectors_norm to None
[2021-01-23 13:11:58,929] INFO: setting ignored attribute vectors_norm to None
[2021-01-23 13:11:58,934] INFO: setting ignored attribute vectors_vocab_norm to None
[2021-01-23 13:11:58,934] INFO: setting ignored attribute vectors_vocab_norm to None
[2021-01-23 13:11:58,935] INFO: setting ignored attribute vectors_ngrams_norm to None
[2021-01-23 13:11:58,935] INFO: setting ignored attribute vectors_ngrams_norm to None
[2021-01-23 13:11:58,936] INFO: setting ignored attribute buckets_word to None
[2021-01-23 13:11:58,936] INFO: setting ignored attribute buckets_word to None
[2021-01-23 13:11:58,937] INFO: loading vocabulary recursively from /Users/neo1/PycharmProjects/vec4irltr/model/ir/20210121231330551/model_fasttext_bibl_econtent.vocabulary.* with mmap=None
[2021-01-23 13:11:58,937] INFO: loading vocabulary recursively from /Users/neo1/PycharmProjects/vec4irltr/model/ir/20210121231330551/model_fasttext_bibl_econtent.vocabulary.* with mmap=None
[2021-01-23 13:11:58,939] INFO: loading trainables recursively from /Users/neo1/PycharmProjects/vec4irltr/model/ir/20210121231330551/model_fasttext_bibl_econtent.trainables.* with mmap=None
[2021-01-23 13:11:58,939] INFO: loading trainables recursively from /Users/neo1/PycharmProjects/vec4irltr/model/ir/20210121231330551/model_fasttext_bibl_econtent.trainables.* with mmap=None
[2021-01-23 13:11:58,939] INFO: loading vectors_ngrams_lockf from /Users/neo1/PycharmProjects/vec4irltr/model/ir/20210121231330551/model_fasttext_bibl_econtent.trainables.vectors_ngrams_lockf.npy with mmap=None
[2021-01-23 13:11:58,939] INFO: loading vectors_ngrams_lockf from /Users/neo1/PycharmProjects/vec4irltr/model/ir/20210121231330551/model_fasttext_bibl_econtent.trainables.vectors_ngrams_lockf.npy with mmap=None
[2021-01-23 13:12:00,419] INFO: loaded /Users/neo1/PycharmProjects/vec4irltr/model/ir/20210121231330551/model_fasttext_bibl_econtent
[2021-01-23 13:12:00,419] INFO: loaded /Users/neo1/PycharmProjects/vec4irltr/model/ir/20210121231330551/model_fasttext_bibl_econtent
[2021-01-23 13:12:00,421] INFO: load time:3.325644016265869
[2021-01-23 13:12:00,421] INFO: load time:3.325644016265869
[2021-01-23 13:12:01,422] INFO: pid:14802 done | load time: 4.32728910446167
[2021-01-23 13:12:01,422] INFO: pid:14802 done | load time: 4.32728910446167
[2021-01-23 13:12:16,670] INFO: api/search?q=태초에
[2021-01-23 13:12:16,670] INFO: api/search?q=태초에
[2021-01-23 13:12:16,943] ERROR: Internal Server Error: /api/search
Traceback (most recent call last):
  File "/Users/neo1/PycharmProjects/vec4irltr/venv/lib/python3.8/site-packages/django/core/handlers/exception.py", line 34, in inner
    response = get_response(request)
  File "/Users/neo1/PycharmProjects/vec4irltr/venv/lib/python3.8/site-packages/django/core/handlers/base.py", line 126, in _get_response
    response = self.process_exception_by_middleware(e, request)
  File "/Users/neo1/PycharmProjects/vec4irltr/venv/lib/python3.8/site-packages/django/core/handlers/base.py", line 124, in _get_response
    response = wrapped_callback(request, *callback_args, **callback_kwargs)
  File "/Users/neo1/PycharmProjects/vec4irltr/venv/lib/python3.8/site-packages/ninja/operation.py", line 227, in _sync_view
    return operation.run(request, *a, **kw)
  File "/Users/neo1/PycharmProjects/vec4irltr/venv/lib/python3.8/site-packages/ninja/operation.py", line 59, in run
    result = self.view_func(request, **values)
  File "/Users/neo1/PycharmProjects/vec4irltr/app/api.py", line 66, in search
    query_results = IRM.get_query_results(q=q, modeltype=modeltype, retrievals=RETRIEVALS, columns=columns, k=10)
  File "/Users/neo1/PycharmProjects/vec4irltr/ir/irmanager.py", line 217, in get_query_results
    results[mtype.__name__.lower()][col] = [query_result, score]
KeyError: 'word2vec'
[2021-01-23 13:12:16,943] ERROR: Internal Server Error: /api/search
Traceback (most recent call last):
  File "/Users/neo1/PycharmProjects/vec4irltr/venv/lib/python3.8/site-packages/django/core/handlers/exception.py", line 34, in inner
    response = get_response(request)
  File "/Users/neo1/PycharmProjects/vec4irltr/venv/lib/python3.8/site-packages/django/core/handlers/base.py", line 126, in _get_response
    response = self.process_exception_by_middleware(e, request)
  File "/Users/neo1/PycharmProjects/vec4irltr/venv/lib/python3.8/site-packages/django/core/handlers/base.py", line 124, in _get_response
    response = wrapped_callback(request, *callback_args, **callback_kwargs)
  File "/Users/neo1/PycharmProjects/vec4irltr/venv/lib/python3.8/site-packages/ninja/operation.py", line 227, in _sync_view
    return operation.run(request, *a, **kw)
  File "/Users/neo1/PycharmProjects/vec4irltr/venv/lib/python3.8/site-packages/ninja/operation.py", line 59, in run
    result = self.view_func(request, **values)
  File "/Users/neo1/PycharmProjects/vec4irltr/app/api.py", line 66, in search
    query_results = IRM.get_query_results(q=q, modeltype=modeltype, retrievals=RETRIEVALS, columns=columns, k=10)
  File "/Users/neo1/PycharmProjects/vec4irltr/ir/irmanager.py", line 217, in get_query_results
    results[mtype.__name__.lower()][col] = [query_result, score]
KeyError: 'word2vec'
[2021-01-23 13:13:30,930] INFO: api/search?q=태초에
[2021-01-23 13:13:30,930] INFO: api/search?q=태초에
