[2021-01-24 01:22:32,032] INFO: set_init_models_and_get_retrievals
[2021-01-24 01:22:32,032] INFO: set_init_models_and_get_retrievals
[2021-01-24 01:22:32,040] INFO: loading model_word2vec_bibl_bible_bcn
[2021-01-24 01:22:32,040] INFO: loading model_word2vec_bibl_bible_bcn
[2021-01-24 01:22:32,041] INFO: loading Word2Vec object from /Users/neo1/PycharmProjects/vec4irltr/model/ir/20210121231330551/model_word2vec_bibl_bible_bcn
[2021-01-24 01:22:32,041] INFO: loading Word2Vec object from /Users/neo1/PycharmProjects/vec4irltr/model/ir/20210121231330551/model_word2vec_bibl_bible_bcn
[2021-01-24 01:22:32,049] INFO: loading wv recursively from /Users/neo1/PycharmProjects/vec4irltr/model/ir/20210121231330551/model_word2vec_bibl_bible_bcn.wv.* with mmap=None
[2021-01-24 01:22:32,049] INFO: loading wv recursively from /Users/neo1/PycharmProjects/vec4irltr/model/ir/20210121231330551/model_word2vec_bibl_bible_bcn.wv.* with mmap=None
[2021-01-24 01:22:32,050] INFO: setting ignored attribute vectors_norm to None
[2021-01-24 01:22:32,050] INFO: setting ignored attribute vectors_norm to None
[2021-01-24 01:22:32,050] INFO: loading vocabulary recursively from /Users/neo1/PycharmProjects/vec4irltr/model/ir/20210121231330551/model_word2vec_bibl_bible_bcn.vocabulary.* with mmap=None
[2021-01-24 01:22:32,050] INFO: loading vocabulary recursively from /Users/neo1/PycharmProjects/vec4irltr/model/ir/20210121231330551/model_word2vec_bibl_bible_bcn.vocabulary.* with mmap=None
[2021-01-24 01:22:32,051] INFO: loading trainables recursively from /Users/neo1/PycharmProjects/vec4irltr/model/ir/20210121231330551/model_word2vec_bibl_bible_bcn.trainables.* with mmap=None
[2021-01-24 01:22:32,051] INFO: loading trainables recursively from /Users/neo1/PycharmProjects/vec4irltr/model/ir/20210121231330551/model_word2vec_bibl_bible_bcn.trainables.* with mmap=None
[2021-01-24 01:22:32,053] INFO: setting ignored attribute cum_table to None
[2021-01-24 01:22:32,053] INFO: setting ignored attribute cum_table to None
[2021-01-24 01:22:32,054] INFO: loaded /Users/neo1/PycharmProjects/vec4irltr/model/ir/20210121231330551/model_word2vec_bibl_bible_bcn
[2021-01-24 01:22:32,054] INFO: loaded /Users/neo1/PycharmProjects/vec4irltr/model/ir/20210121231330551/model_word2vec_bibl_bible_bcn
[2021-01-24 01:22:32,054] INFO: load time:0.013375997543334961
[2021-01-24 01:22:32,054] INFO: load time:0.013375997543334961
[2021-01-24 01:22:33,060] INFO: pid:66736 done | load time: 1.0187790393829346
[2021-01-24 01:22:33,060] INFO: pid:66736 done | load time: 1.0187790393829346
[2021-01-24 01:22:33,061] INFO: loading model_word2vec_bibl_content
[2021-01-24 01:22:33,061] INFO: loading model_word2vec_bibl_content
[2021-01-24 01:22:33,061] INFO: loading Word2Vec object from /Users/neo1/PycharmProjects/vec4irltr/model/ir/20210121231330551/model_word2vec_bibl_content
[2021-01-24 01:22:33,061] INFO: loading Word2Vec object from /Users/neo1/PycharmProjects/vec4irltr/model/ir/20210121231330551/model_word2vec_bibl_content
[2021-01-24 01:22:33,079] INFO: loading wv recursively from /Users/neo1/PycharmProjects/vec4irltr/model/ir/20210121231330551/model_word2vec_bibl_content.wv.* with mmap=None
[2021-01-24 01:22:33,079] INFO: loading wv recursively from /Users/neo1/PycharmProjects/vec4irltr/model/ir/20210121231330551/model_word2vec_bibl_content.wv.* with mmap=None
[2021-01-24 01:22:33,080] INFO: setting ignored attribute vectors_norm to None
[2021-01-24 01:22:33,080] INFO: setting ignored attribute vectors_norm to None
[2021-01-24 01:22:33,080] INFO: loading vocabulary recursively from /Users/neo1/PycharmProjects/vec4irltr/model/ir/20210121231330551/model_word2vec_bibl_content.vocabulary.* with mmap=None
[2021-01-24 01:22:33,080] INFO: loading vocabulary recursively from /Users/neo1/PycharmProjects/vec4irltr/model/ir/20210121231330551/model_word2vec_bibl_content.vocabulary.* with mmap=None
[2021-01-24 01:22:33,081] INFO: loading trainables recursively from /Users/neo1/PycharmProjects/vec4irltr/model/ir/20210121231330551/model_word2vec_bibl_content.trainables.* with mmap=None
[2021-01-24 01:22:33,081] INFO: loading trainables recursively from /Users/neo1/PycharmProjects/vec4irltr/model/ir/20210121231330551/model_word2vec_bibl_content.trainables.* with mmap=None
[2021-01-24 01:22:33,082] INFO: setting ignored attribute cum_table to None
[2021-01-24 01:22:33,082] INFO: setting ignored attribute cum_table to None
[2021-01-24 01:22:33,082] INFO: loaded /Users/neo1/PycharmProjects/vec4irltr/model/ir/20210121231330551/model_word2vec_bibl_content
[2021-01-24 01:22:33,082] INFO: loaded /Users/neo1/PycharmProjects/vec4irltr/model/ir/20210121231330551/model_word2vec_bibl_content
[2021-01-24 01:22:33,086] INFO: load time:0.024961233139038086
[2021-01-24 01:22:33,086] INFO: load time:0.024961233139038086
[2021-01-24 01:22:34,091] INFO: pid:66736 done | load time: 1.0293891429901123
[2021-01-24 01:22:34,091] INFO: pid:66736 done | load time: 1.0293891429901123
[2021-01-24 01:22:34,091] INFO: loading model_word2vec_bibl_econtent
[2021-01-24 01:22:34,091] INFO: loading model_word2vec_bibl_econtent
[2021-01-24 01:22:34,092] INFO: loading Word2Vec object from /Users/neo1/PycharmProjects/vec4irltr/model/ir/20210121231330551/model_word2vec_bibl_econtent
[2021-01-24 01:22:34,092] INFO: loading Word2Vec object from /Users/neo1/PycharmProjects/vec4irltr/model/ir/20210121231330551/model_word2vec_bibl_econtent
[2021-01-24 01:22:34,097] INFO: loading wv recursively from /Users/neo1/PycharmProjects/vec4irltr/model/ir/20210121231330551/model_word2vec_bibl_econtent.wv.* with mmap=None
[2021-01-24 01:22:34,097] INFO: loading wv recursively from /Users/neo1/PycharmProjects/vec4irltr/model/ir/20210121231330551/model_word2vec_bibl_econtent.wv.* with mmap=None
[2021-01-24 01:22:34,098] INFO: setting ignored attribute vectors_norm to None
[2021-01-24 01:22:34,098] INFO: setting ignored attribute vectors_norm to None
[2021-01-24 01:22:34,098] INFO: loading vocabulary recursively from /Users/neo1/PycharmProjects/vec4irltr/model/ir/20210121231330551/model_word2vec_bibl_econtent.vocabulary.* with mmap=None
[2021-01-24 01:22:34,098] INFO: loading vocabulary recursively from /Users/neo1/PycharmProjects/vec4irltr/model/ir/20210121231330551/model_word2vec_bibl_econtent.vocabulary.* with mmap=None
[2021-01-24 01:22:34,099] INFO: loading trainables recursively from /Users/neo1/PycharmProjects/vec4irltr/model/ir/20210121231330551/model_word2vec_bibl_econtent.trainables.* with mmap=None
[2021-01-24 01:22:34,099] INFO: loading trainables recursively from /Users/neo1/PycharmProjects/vec4irltr/model/ir/20210121231330551/model_word2vec_bibl_econtent.trainables.* with mmap=None
[2021-01-24 01:22:34,100] INFO: setting ignored attribute cum_table to None
[2021-01-24 01:22:34,100] INFO: setting ignored attribute cum_table to None
[2021-01-24 01:22:34,101] INFO: loaded /Users/neo1/PycharmProjects/vec4irltr/model/ir/20210121231330551/model_word2vec_bibl_econtent
[2021-01-24 01:22:34,101] INFO: loaded /Users/neo1/PycharmProjects/vec4irltr/model/ir/20210121231330551/model_word2vec_bibl_econtent
[2021-01-24 01:22:34,102] INFO: load time:0.010148763656616211
[2021-01-24 01:22:34,102] INFO: load time:0.010148763656616211
[2021-01-24 01:22:35,108] INFO: pid:66736 done | load time: 1.0154118537902832
[2021-01-24 01:22:35,108] INFO: pid:66736 done | load time: 1.0154118537902832
