[2021-01-23 15:47:35,754] INFO: set_init_models_and_get_retrievals
[2021-01-23 15:47:35,754] INFO: set_init_models_and_get_retrievals
[2021-01-23 15:47:35,761] INFO: loading model_word2vec_bibl_bible_bcn
[2021-01-23 15:47:35,761] INFO: loading model_word2vec_bibl_bible_bcn
[2021-01-23 15:47:35,762] INFO: loading Word2Vec object from /Users/neo1/PycharmProjects/vec4irltr/model/ir/20210121231330551/model_word2vec_bibl_bible_bcn
[2021-01-23 15:47:35,762] INFO: loading Word2Vec object from /Users/neo1/PycharmProjects/vec4irltr/model/ir/20210121231330551/model_word2vec_bibl_bible_bcn
[2021-01-23 15:47:35,765] INFO: loading wv recursively from /Users/neo1/PycharmProjects/vec4irltr/model/ir/20210121231330551/model_word2vec_bibl_bible_bcn.wv.* with mmap=None
[2021-01-23 15:47:35,765] INFO: loading wv recursively from /Users/neo1/PycharmProjects/vec4irltr/model/ir/20210121231330551/model_word2vec_bibl_bible_bcn.wv.* with mmap=None
[2021-01-23 15:47:35,765] INFO: setting ignored attribute vectors_norm to None
[2021-01-23 15:47:35,765] INFO: setting ignored attribute vectors_norm to None
[2021-01-23 15:47:35,766] INFO: loading vocabulary recursively from /Users/neo1/PycharmProjects/vec4irltr/model/ir/20210121231330551/model_word2vec_bibl_bible_bcn.vocabulary.* with mmap=None
[2021-01-23 15:47:35,766] INFO: loading vocabulary recursively from /Users/neo1/PycharmProjects/vec4irltr/model/ir/20210121231330551/model_word2vec_bibl_bible_bcn.vocabulary.* with mmap=None
[2021-01-23 15:47:35,767] INFO: loading trainables recursively from /Users/neo1/PycharmProjects/vec4irltr/model/ir/20210121231330551/model_word2vec_bibl_bible_bcn.trainables.* with mmap=None
[2021-01-23 15:47:35,767] INFO: loading trainables recursively from /Users/neo1/PycharmProjects/vec4irltr/model/ir/20210121231330551/model_word2vec_bibl_bible_bcn.trainables.* with mmap=None
[2021-01-23 15:47:35,768] INFO: setting ignored attribute cum_table to None
[2021-01-23 15:47:35,768] INFO: setting ignored attribute cum_table to None
[2021-01-23 15:47:35,769] INFO: loaded /Users/neo1/PycharmProjects/vec4irltr/model/ir/20210121231330551/model_word2vec_bibl_bible_bcn
[2021-01-23 15:47:35,769] INFO: loaded /Users/neo1/PycharmProjects/vec4irltr/model/ir/20210121231330551/model_word2vec_bibl_bible_bcn
[2021-01-23 15:47:35,770] INFO: load time:0.008642911911010742
[2021-01-23 15:47:35,770] INFO: load time:0.008642911911010742
[2021-01-23 15:47:36,776] INFO: pid:26112 done | load time: 1.0138540267944336
[2021-01-23 15:47:36,776] INFO: pid:26112 done | load time: 1.0138540267944336
[2021-01-23 15:47:36,776] INFO: loading model_word2vec_bibl_content
[2021-01-23 15:47:36,776] INFO: loading model_word2vec_bibl_content
[2021-01-23 15:47:36,777] INFO: loading Word2Vec object from /Users/neo1/PycharmProjects/vec4irltr/model/ir/20210121231330551/model_word2vec_bibl_content
[2021-01-23 15:47:36,777] INFO: loading Word2Vec object from /Users/neo1/PycharmProjects/vec4irltr/model/ir/20210121231330551/model_word2vec_bibl_content
[2021-01-23 15:47:36,788] INFO: loading wv recursively from /Users/neo1/PycharmProjects/vec4irltr/model/ir/20210121231330551/model_word2vec_bibl_content.wv.* with mmap=None
[2021-01-23 15:47:36,788] INFO: loading wv recursively from /Users/neo1/PycharmProjects/vec4irltr/model/ir/20210121231330551/model_word2vec_bibl_content.wv.* with mmap=None
[2021-01-23 15:47:36,789] INFO: setting ignored attribute vectors_norm to None
[2021-01-23 15:47:36,789] INFO: setting ignored attribute vectors_norm to None
[2021-01-23 15:47:36,790] INFO: loading vocabulary recursively from /Users/neo1/PycharmProjects/vec4irltr/model/ir/20210121231330551/model_word2vec_bibl_content.vocabulary.* with mmap=None
[2021-01-23 15:47:36,790] INFO: loading vocabulary recursively from /Users/neo1/PycharmProjects/vec4irltr/model/ir/20210121231330551/model_word2vec_bibl_content.vocabulary.* with mmap=None
[2021-01-23 15:47:36,791] INFO: loading trainables recursively from /Users/neo1/PycharmProjects/vec4irltr/model/ir/20210121231330551/model_word2vec_bibl_content.trainables.* with mmap=None
[2021-01-23 15:47:36,791] INFO: loading trainables recursively from /Users/neo1/PycharmProjects/vec4irltr/model/ir/20210121231330551/model_word2vec_bibl_content.trainables.* with mmap=None
[2021-01-23 15:47:36,791] INFO: setting ignored attribute cum_table to None
[2021-01-23 15:47:36,791] INFO: setting ignored attribute cum_table to None
[2021-01-23 15:47:36,792] INFO: loaded /Users/neo1/PycharmProjects/vec4irltr/model/ir/20210121231330551/model_word2vec_bibl_content
[2021-01-23 15:47:36,792] INFO: loaded /Users/neo1/PycharmProjects/vec4irltr/model/ir/20210121231330551/model_word2vec_bibl_content
[2021-01-23 15:47:36,795] INFO: load time:0.01854419708251953
[2021-01-23 15:47:36,795] INFO: load time:0.01854419708251953
[2021-01-23 15:47:37,799] INFO: pid:26112 done | load time: 1.022240161895752
[2021-01-23 15:47:37,799] INFO: pid:26112 done | load time: 1.022240161895752
[2021-01-23 15:47:37,800] INFO: loading model_word2vec_bibl_econtent
[2021-01-23 15:47:37,800] INFO: loading model_word2vec_bibl_econtent
[2021-01-23 15:47:37,800] INFO: loading Word2Vec object from /Users/neo1/PycharmProjects/vec4irltr/model/ir/20210121231330551/model_word2vec_bibl_econtent
[2021-01-23 15:47:37,800] INFO: loading Word2Vec object from /Users/neo1/PycharmProjects/vec4irltr/model/ir/20210121231330551/model_word2vec_bibl_econtent
[2021-01-23 15:47:37,802] INFO: loading wv recursively from /Users/neo1/PycharmProjects/vec4irltr/model/ir/20210121231330551/model_word2vec_bibl_econtent.wv.* with mmap=None
[2021-01-23 15:47:37,802] INFO: loading wv recursively from /Users/neo1/PycharmProjects/vec4irltr/model/ir/20210121231330551/model_word2vec_bibl_econtent.wv.* with mmap=None
[2021-01-23 15:47:37,803] INFO: setting ignored attribute vectors_norm to None
[2021-01-23 15:47:37,803] INFO: setting ignored attribute vectors_norm to None
[2021-01-23 15:47:37,804] INFO: loading vocabulary recursively from /Users/neo1/PycharmProjects/vec4irltr/model/ir/20210121231330551/model_word2vec_bibl_econtent.vocabulary.* with mmap=None
[2021-01-23 15:47:37,804] INFO: loading vocabulary recursively from /Users/neo1/PycharmProjects/vec4irltr/model/ir/20210121231330551/model_word2vec_bibl_econtent.vocabulary.* with mmap=None
[2021-01-23 15:47:37,804] INFO: loading trainables recursively from /Users/neo1/PycharmProjects/vec4irltr/model/ir/20210121231330551/model_word2vec_bibl_econtent.trainables.* with mmap=None
[2021-01-23 15:47:37,804] INFO: loading trainables recursively from /Users/neo1/PycharmProjects/vec4irltr/model/ir/20210121231330551/model_word2vec_bibl_econtent.trainables.* with mmap=None
[2021-01-23 15:47:37,805] INFO: setting ignored attribute cum_table to None
[2021-01-23 15:47:37,805] INFO: setting ignored attribute cum_table to None
[2021-01-23 15:47:37,805] INFO: loaded /Users/neo1/PycharmProjects/vec4irltr/model/ir/20210121231330551/model_word2vec_bibl_econtent
[2021-01-23 15:47:37,805] INFO: loaded /Users/neo1/PycharmProjects/vec4irltr/model/ir/20210121231330551/model_word2vec_bibl_econtent
[2021-01-23 15:47:37,806] INFO: load time:0.005772829055786133
[2021-01-23 15:47:37,806] INFO: load time:0.005772829055786133
[2021-01-23 15:47:38,811] INFO: pid:26112 done | load time: 1.010929822921753
[2021-01-23 15:47:38,811] INFO: pid:26112 done | load time: 1.010929822921753
