[2021-01-23 21:03:21,496] INFO: set_init_models_and_get_retrievals
[2021-01-23 21:03:21,496] INFO: set_init_models_and_get_retrievals
[2021-01-23 21:03:21,499] INFO: loading model_word2vec_bibl_bible_bcn
[2021-01-23 21:03:21,499] INFO: loading model_word2vec_bibl_bible_bcn
[2021-01-23 21:03:21,500] INFO: loading Word2Vec object from /Users/neo1/PycharmProjects/vec4irltr/model/ir/20210121231330551/model_word2vec_bibl_bible_bcn
[2021-01-23 21:03:21,500] INFO: loading Word2Vec object from /Users/neo1/PycharmProjects/vec4irltr/model/ir/20210121231330551/model_word2vec_bibl_bible_bcn
[2021-01-23 21:03:21,506] INFO: loading wv recursively from /Users/neo1/PycharmProjects/vec4irltr/model/ir/20210121231330551/model_word2vec_bibl_bible_bcn.wv.* with mmap=None
[2021-01-23 21:03:21,506] INFO: loading wv recursively from /Users/neo1/PycharmProjects/vec4irltr/model/ir/20210121231330551/model_word2vec_bibl_bible_bcn.wv.* with mmap=None
[2021-01-23 21:03:21,506] INFO: setting ignored attribute vectors_norm to None
[2021-01-23 21:03:21,506] INFO: setting ignored attribute vectors_norm to None
[2021-01-23 21:03:21,506] INFO: loading vocabulary recursively from /Users/neo1/PycharmProjects/vec4irltr/model/ir/20210121231330551/model_word2vec_bibl_bible_bcn.vocabulary.* with mmap=None
[2021-01-23 21:03:21,506] INFO: loading vocabulary recursively from /Users/neo1/PycharmProjects/vec4irltr/model/ir/20210121231330551/model_word2vec_bibl_bible_bcn.vocabulary.* with mmap=None
[2021-01-23 21:03:21,507] INFO: loading trainables recursively from /Users/neo1/PycharmProjects/vec4irltr/model/ir/20210121231330551/model_word2vec_bibl_bible_bcn.trainables.* with mmap=None
[2021-01-23 21:03:21,507] INFO: loading trainables recursively from /Users/neo1/PycharmProjects/vec4irltr/model/ir/20210121231330551/model_word2vec_bibl_bible_bcn.trainables.* with mmap=None
[2021-01-23 21:03:21,507] INFO: setting ignored attribute cum_table to None
[2021-01-23 21:03:21,507] INFO: setting ignored attribute cum_table to None
[2021-01-23 21:03:21,507] INFO: loaded /Users/neo1/PycharmProjects/vec4irltr/model/ir/20210121231330551/model_word2vec_bibl_bible_bcn
[2021-01-23 21:03:21,507] INFO: loaded /Users/neo1/PycharmProjects/vec4irltr/model/ir/20210121231330551/model_word2vec_bibl_bible_bcn
[2021-01-23 21:03:21,508] INFO: load time:0.008054018020629883
[2021-01-23 21:03:21,508] INFO: load time:0.008054018020629883
[2021-01-23 21:03:22,513] INFO: pid:48302 done | load time: 1.0132200717926025
[2021-01-23 21:03:22,513] INFO: pid:48302 done | load time: 1.0132200717926025
[2021-01-23 21:03:22,513] INFO: loading model_word2vec_bibl_content
[2021-01-23 21:03:22,513] INFO: loading model_word2vec_bibl_content
[2021-01-23 21:03:22,514] INFO: loading Word2Vec object from /Users/neo1/PycharmProjects/vec4irltr/model/ir/20210121231330551/model_word2vec_bibl_content
[2021-01-23 21:03:22,514] INFO: loading Word2Vec object from /Users/neo1/PycharmProjects/vec4irltr/model/ir/20210121231330551/model_word2vec_bibl_content
[2021-01-23 21:03:22,531] INFO: loading wv recursively from /Users/neo1/PycharmProjects/vec4irltr/model/ir/20210121231330551/model_word2vec_bibl_content.wv.* with mmap=None
[2021-01-23 21:03:22,531] INFO: loading wv recursively from /Users/neo1/PycharmProjects/vec4irltr/model/ir/20210121231330551/model_word2vec_bibl_content.wv.* with mmap=None
[2021-01-23 21:03:22,531] INFO: setting ignored attribute vectors_norm to None
[2021-01-23 21:03:22,531] INFO: setting ignored attribute vectors_norm to None
[2021-01-23 21:03:22,531] INFO: loading vocabulary recursively from /Users/neo1/PycharmProjects/vec4irltr/model/ir/20210121231330551/model_word2vec_bibl_content.vocabulary.* with mmap=None
[2021-01-23 21:03:22,531] INFO: loading vocabulary recursively from /Users/neo1/PycharmProjects/vec4irltr/model/ir/20210121231330551/model_word2vec_bibl_content.vocabulary.* with mmap=None
[2021-01-23 21:03:22,532] INFO: loading trainables recursively from /Users/neo1/PycharmProjects/vec4irltr/model/ir/20210121231330551/model_word2vec_bibl_content.trainables.* with mmap=None
[2021-01-23 21:03:22,532] INFO: loading trainables recursively from /Users/neo1/PycharmProjects/vec4irltr/model/ir/20210121231330551/model_word2vec_bibl_content.trainables.* with mmap=None
[2021-01-23 21:03:22,532] INFO: setting ignored attribute cum_table to None
[2021-01-23 21:03:22,532] INFO: setting ignored attribute cum_table to None
[2021-01-23 21:03:22,532] INFO: loaded /Users/neo1/PycharmProjects/vec4irltr/model/ir/20210121231330551/model_word2vec_bibl_content
[2021-01-23 21:03:22,532] INFO: loaded /Users/neo1/PycharmProjects/vec4irltr/model/ir/20210121231330551/model_word2vec_bibl_content
[2021-01-23 21:03:22,534] INFO: load time:0.02079010009765625
[2021-01-23 21:03:22,534] INFO: load time:0.02079010009765625
[2021-01-23 21:03:23,539] INFO: pid:48302 done | load time: 1.0252132415771484
[2021-01-23 21:03:23,539] INFO: pid:48302 done | load time: 1.0252132415771484
[2021-01-23 21:03:23,539] INFO: loading model_word2vec_bibl_econtent
[2021-01-23 21:03:23,539] INFO: loading model_word2vec_bibl_econtent
[2021-01-23 21:03:23,540] INFO: loading Word2Vec object from /Users/neo1/PycharmProjects/vec4irltr/model/ir/20210121231330551/model_word2vec_bibl_econtent
[2021-01-23 21:03:23,540] INFO: loading Word2Vec object from /Users/neo1/PycharmProjects/vec4irltr/model/ir/20210121231330551/model_word2vec_bibl_econtent
[2021-01-23 21:03:23,542] INFO: loading wv recursively from /Users/neo1/PycharmProjects/vec4irltr/model/ir/20210121231330551/model_word2vec_bibl_econtent.wv.* with mmap=None
[2021-01-23 21:03:23,542] INFO: loading wv recursively from /Users/neo1/PycharmProjects/vec4irltr/model/ir/20210121231330551/model_word2vec_bibl_econtent.wv.* with mmap=None
[2021-01-23 21:03:23,542] INFO: setting ignored attribute vectors_norm to None
[2021-01-23 21:03:23,542] INFO: setting ignored attribute vectors_norm to None
[2021-01-23 21:03:23,542] INFO: loading vocabulary recursively from /Users/neo1/PycharmProjects/vec4irltr/model/ir/20210121231330551/model_word2vec_bibl_econtent.vocabulary.* with mmap=None
[2021-01-23 21:03:23,542] INFO: loading vocabulary recursively from /Users/neo1/PycharmProjects/vec4irltr/model/ir/20210121231330551/model_word2vec_bibl_econtent.vocabulary.* with mmap=None
[2021-01-23 21:03:23,543] INFO: loading trainables recursively from /Users/neo1/PycharmProjects/vec4irltr/model/ir/20210121231330551/model_word2vec_bibl_econtent.trainables.* with mmap=None
[2021-01-23 21:03:23,543] INFO: loading trainables recursively from /Users/neo1/PycharmProjects/vec4irltr/model/ir/20210121231330551/model_word2vec_bibl_econtent.trainables.* with mmap=None
[2021-01-23 21:03:23,543] INFO: setting ignored attribute cum_table to None
[2021-01-23 21:03:23,543] INFO: setting ignored attribute cum_table to None
[2021-01-23 21:03:23,543] INFO: loaded /Users/neo1/PycharmProjects/vec4irltr/model/ir/20210121231330551/model_word2vec_bibl_econtent
[2021-01-23 21:03:23,543] INFO: loaded /Users/neo1/PycharmProjects/vec4irltr/model/ir/20210121231330551/model_word2vec_bibl_econtent
[2021-01-23 21:03:23,543] INFO: load time:0.0038590431213378906
[2021-01-23 21:03:23,543] INFO: load time:0.0038590431213378906
[2021-01-23 21:03:24,547] INFO: pid:48302 done | load time: 1.0078239440917969
[2021-01-23 21:03:24,547] INFO: pid:48302 done | load time: 1.0078239440917969
