[2021-02-01 22:53:17,921] INFO: set_init_models_and_get_retrievals
[2021-02-01 22:53:17,921] INFO: set_init_models_and_get_retrievals
[2021-02-01 22:53:17,924] INFO: loading model_word2vec_bibl_bible_bcn
[2021-02-01 22:53:17,924] INFO: loading model_word2vec_bibl_bible_bcn
[2021-02-01 22:53:17,925] INFO: loading Word2Vec object from /Users/neo1/PycharmProjects/vec4irltr/model/ir/20210127210618894/model_word2vec_bibl_bible_bcn
[2021-02-01 22:53:17,925] INFO: loading Word2Vec object from /Users/neo1/PycharmProjects/vec4irltr/model/ir/20210127210618894/model_word2vec_bibl_bible_bcn
[2021-02-01 22:53:17,931] INFO: loading wv recursively from /Users/neo1/PycharmProjects/vec4irltr/model/ir/20210127210618894/model_word2vec_bibl_bible_bcn.wv.* with mmap=None
[2021-02-01 22:53:17,931] INFO: loading wv recursively from /Users/neo1/PycharmProjects/vec4irltr/model/ir/20210127210618894/model_word2vec_bibl_bible_bcn.wv.* with mmap=None
[2021-02-01 22:53:17,931] INFO: setting ignored attribute vectors_norm to None
[2021-02-01 22:53:17,931] INFO: setting ignored attribute vectors_norm to None
[2021-02-01 22:53:17,931] INFO: loading vocabulary recursively from /Users/neo1/PycharmProjects/vec4irltr/model/ir/20210127210618894/model_word2vec_bibl_bible_bcn.vocabulary.* with mmap=None
[2021-02-01 22:53:17,931] INFO: loading vocabulary recursively from /Users/neo1/PycharmProjects/vec4irltr/model/ir/20210127210618894/model_word2vec_bibl_bible_bcn.vocabulary.* with mmap=None
[2021-02-01 22:53:17,932] INFO: loading trainables recursively from /Users/neo1/PycharmProjects/vec4irltr/model/ir/20210127210618894/model_word2vec_bibl_bible_bcn.trainables.* with mmap=None
[2021-02-01 22:53:17,932] INFO: loading trainables recursively from /Users/neo1/PycharmProjects/vec4irltr/model/ir/20210127210618894/model_word2vec_bibl_bible_bcn.trainables.* with mmap=None
[2021-02-01 22:53:17,932] INFO: setting ignored attribute cum_table to None
[2021-02-01 22:53:17,932] INFO: setting ignored attribute cum_table to None
[2021-02-01 22:53:17,933] INFO: loaded /Users/neo1/PycharmProjects/vec4irltr/model/ir/20210127210618894/model_word2vec_bibl_bible_bcn
[2021-02-01 22:53:17,933] INFO: loaded /Users/neo1/PycharmProjects/vec4irltr/model/ir/20210127210618894/model_word2vec_bibl_bible_bcn
[2021-02-01 22:53:17,933] INFO: load time:0.008352041244506836
[2021-02-01 22:53:17,933] INFO: load time:0.008352041244506836
[2021-02-01 22:53:18,938] INFO: pid:50509 done | load time: 1.0132670402526855
[2021-02-01 22:53:18,938] INFO: pid:50509 done | load time: 1.0132670402526855
[2021-02-01 22:53:18,939] INFO: loading model_word2vec_bibl_content
[2021-02-01 22:53:18,939] INFO: loading model_word2vec_bibl_content
[2021-02-01 22:53:18,939] INFO: loading Word2Vec object from /Users/neo1/PycharmProjects/vec4irltr/model/ir/20210127210618894/model_word2vec_bibl_content
[2021-02-01 22:53:18,939] INFO: loading Word2Vec object from /Users/neo1/PycharmProjects/vec4irltr/model/ir/20210127210618894/model_word2vec_bibl_content
[2021-02-01 22:53:18,953] INFO: loading wv recursively from /Users/neo1/PycharmProjects/vec4irltr/model/ir/20210127210618894/model_word2vec_bibl_content.wv.* with mmap=None
[2021-02-01 22:53:18,953] INFO: loading wv recursively from /Users/neo1/PycharmProjects/vec4irltr/model/ir/20210127210618894/model_word2vec_bibl_content.wv.* with mmap=None
[2021-02-01 22:53:18,954] INFO: setting ignored attribute vectors_norm to None
[2021-02-01 22:53:18,954] INFO: setting ignored attribute vectors_norm to None
[2021-02-01 22:53:18,954] INFO: loading vocabulary recursively from /Users/neo1/PycharmProjects/vec4irltr/model/ir/20210127210618894/model_word2vec_bibl_content.vocabulary.* with mmap=None
[2021-02-01 22:53:18,954] INFO: loading vocabulary recursively from /Users/neo1/PycharmProjects/vec4irltr/model/ir/20210127210618894/model_word2vec_bibl_content.vocabulary.* with mmap=None
[2021-02-01 22:53:18,954] INFO: loading trainables recursively from /Users/neo1/PycharmProjects/vec4irltr/model/ir/20210127210618894/model_word2vec_bibl_content.trainables.* with mmap=None
[2021-02-01 22:53:18,954] INFO: loading trainables recursively from /Users/neo1/PycharmProjects/vec4irltr/model/ir/20210127210618894/model_word2vec_bibl_content.trainables.* with mmap=None
[2021-02-01 22:53:18,955] INFO: setting ignored attribute cum_table to None
[2021-02-01 22:53:18,955] INFO: setting ignored attribute cum_table to None
[2021-02-01 22:53:18,955] INFO: loaded /Users/neo1/PycharmProjects/vec4irltr/model/ir/20210127210618894/model_word2vec_bibl_content
[2021-02-01 22:53:18,955] INFO: loaded /Users/neo1/PycharmProjects/vec4irltr/model/ir/20210127210618894/model_word2vec_bibl_content
[2021-02-01 22:53:18,958] INFO: load time:0.01876688003540039
[2021-02-01 22:53:18,958] INFO: load time:0.01876688003540039
[2021-02-01 22:53:19,962] INFO: pid:50509 done | load time: 1.0227887630462646
[2021-02-01 22:53:19,962] INFO: pid:50509 done | load time: 1.0227887630462646
[2021-02-01 22:53:19,962] INFO: loading model_word2vec_bibl_econtent
[2021-02-01 22:53:19,962] INFO: loading model_word2vec_bibl_econtent
[2021-02-01 22:53:19,963] INFO: loading Word2Vec object from /Users/neo1/PycharmProjects/vec4irltr/model/ir/20210127210618894/model_word2vec_bibl_econtent
[2021-02-01 22:53:19,963] INFO: loading Word2Vec object from /Users/neo1/PycharmProjects/vec4irltr/model/ir/20210127210618894/model_word2vec_bibl_econtent
[2021-02-01 22:53:19,966] INFO: loading wv recursively from /Users/neo1/PycharmProjects/vec4irltr/model/ir/20210127210618894/model_word2vec_bibl_econtent.wv.* with mmap=None
[2021-02-01 22:53:19,966] INFO: loading wv recursively from /Users/neo1/PycharmProjects/vec4irltr/model/ir/20210127210618894/model_word2vec_bibl_econtent.wv.* with mmap=None
[2021-02-01 22:53:19,966] INFO: setting ignored attribute vectors_norm to None
[2021-02-01 22:53:19,966] INFO: setting ignored attribute vectors_norm to None
[2021-02-01 22:53:19,966] INFO: loading vocabulary recursively from /Users/neo1/PycharmProjects/vec4irltr/model/ir/20210127210618894/model_word2vec_bibl_econtent.vocabulary.* with mmap=None
[2021-02-01 22:53:19,966] INFO: loading vocabulary recursively from /Users/neo1/PycharmProjects/vec4irltr/model/ir/20210127210618894/model_word2vec_bibl_econtent.vocabulary.* with mmap=None
[2021-02-01 22:53:19,967] INFO: loading trainables recursively from /Users/neo1/PycharmProjects/vec4irltr/model/ir/20210127210618894/model_word2vec_bibl_econtent.trainables.* with mmap=None
[2021-02-01 22:53:19,967] INFO: loading trainables recursively from /Users/neo1/PycharmProjects/vec4irltr/model/ir/20210127210618894/model_word2vec_bibl_econtent.trainables.* with mmap=None
[2021-02-01 22:53:19,967] INFO: setting ignored attribute cum_table to None
[2021-02-01 22:53:19,967] INFO: setting ignored attribute cum_table to None
[2021-02-01 22:53:19,967] INFO: loaded /Users/neo1/PycharmProjects/vec4irltr/model/ir/20210127210618894/model_word2vec_bibl_econtent
[2021-02-01 22:53:19,967] INFO: loaded /Users/neo1/PycharmProjects/vec4irltr/model/ir/20210127210618894/model_word2vec_bibl_econtent
[2021-02-01 22:53:19,968] INFO: load time:0.005334138870239258
[2021-02-01 22:53:19,968] INFO: load time:0.005334138870239258
[2021-02-01 22:53:20,973] INFO: pid:50509 done | load time: 1.0106749534606934
[2021-02-01 22:53:20,973] INFO: pid:50509 done | load time: 1.0106749534606934
