[2021-02-01 21:57:50,045] INFO: set_init_models_and_get_retrievals
[2021-02-01 21:57:50,045] INFO: set_init_models_and_get_retrievals
[2021-02-01 21:57:50,049] INFO: loading model_word2vec_bibl_bible_bcn
[2021-02-01 21:57:50,049] INFO: loading model_word2vec_bibl_bible_bcn
[2021-02-01 21:57:50,049] INFO: loading Word2Vec object from /Users/neo1/PycharmProjects/vec4irltr/model/ir/20210127210618894/model_word2vec_bibl_bible_bcn
[2021-02-01 21:57:50,049] INFO: loading Word2Vec object from /Users/neo1/PycharmProjects/vec4irltr/model/ir/20210127210618894/model_word2vec_bibl_bible_bcn
[2021-02-01 21:57:50,052] INFO: loading wv recursively from /Users/neo1/PycharmProjects/vec4irltr/model/ir/20210127210618894/model_word2vec_bibl_bible_bcn.wv.* with mmap=None
[2021-02-01 21:57:50,052] INFO: loading wv recursively from /Users/neo1/PycharmProjects/vec4irltr/model/ir/20210127210618894/model_word2vec_bibl_bible_bcn.wv.* with mmap=None
[2021-02-01 21:57:50,052] INFO: setting ignored attribute vectors_norm to None
[2021-02-01 21:57:50,052] INFO: setting ignored attribute vectors_norm to None
[2021-02-01 21:57:50,053] INFO: loading vocabulary recursively from /Users/neo1/PycharmProjects/vec4irltr/model/ir/20210127210618894/model_word2vec_bibl_bible_bcn.vocabulary.* with mmap=None
[2021-02-01 21:57:50,053] INFO: loading vocabulary recursively from /Users/neo1/PycharmProjects/vec4irltr/model/ir/20210127210618894/model_word2vec_bibl_bible_bcn.vocabulary.* with mmap=None
[2021-02-01 21:57:50,053] INFO: loading trainables recursively from /Users/neo1/PycharmProjects/vec4irltr/model/ir/20210127210618894/model_word2vec_bibl_bible_bcn.trainables.* with mmap=None
[2021-02-01 21:57:50,053] INFO: loading trainables recursively from /Users/neo1/PycharmProjects/vec4irltr/model/ir/20210127210618894/model_word2vec_bibl_bible_bcn.trainables.* with mmap=None
[2021-02-01 21:57:50,054] INFO: setting ignored attribute cum_table to None
[2021-02-01 21:57:50,054] INFO: setting ignored attribute cum_table to None
[2021-02-01 21:57:50,055] INFO: loaded /Users/neo1/PycharmProjects/vec4irltr/model/ir/20210127210618894/model_word2vec_bibl_bible_bcn
[2021-02-01 21:57:50,055] INFO: loaded /Users/neo1/PycharmProjects/vec4irltr/model/ir/20210127210618894/model_word2vec_bibl_bible_bcn
[2021-02-01 21:57:50,055] INFO: load time:0.006018161773681641
[2021-02-01 21:57:50,055] INFO: load time:0.006018161773681641
[2021-02-01 21:57:51,060] INFO: pid:45284 done | load time: 1.010425090789795
[2021-02-01 21:57:51,060] INFO: pid:45284 done | load time: 1.010425090789795
[2021-02-01 21:57:51,060] INFO: loading model_word2vec_bibl_content
[2021-02-01 21:57:51,060] INFO: loading model_word2vec_bibl_content
[2021-02-01 21:57:51,061] INFO: loading Word2Vec object from /Users/neo1/PycharmProjects/vec4irltr/model/ir/20210127210618894/model_word2vec_bibl_content
[2021-02-01 21:57:51,061] INFO: loading Word2Vec object from /Users/neo1/PycharmProjects/vec4irltr/model/ir/20210127210618894/model_word2vec_bibl_content
[2021-02-01 21:57:51,072] INFO: loading wv recursively from /Users/neo1/PycharmProjects/vec4irltr/model/ir/20210127210618894/model_word2vec_bibl_content.wv.* with mmap=None
[2021-02-01 21:57:51,072] INFO: loading wv recursively from /Users/neo1/PycharmProjects/vec4irltr/model/ir/20210127210618894/model_word2vec_bibl_content.wv.* with mmap=None
[2021-02-01 21:57:51,072] INFO: setting ignored attribute vectors_norm to None
[2021-02-01 21:57:51,072] INFO: setting ignored attribute vectors_norm to None
[2021-02-01 21:57:51,072] INFO: loading vocabulary recursively from /Users/neo1/PycharmProjects/vec4irltr/model/ir/20210127210618894/model_word2vec_bibl_content.vocabulary.* with mmap=None
[2021-02-01 21:57:51,072] INFO: loading vocabulary recursively from /Users/neo1/PycharmProjects/vec4irltr/model/ir/20210127210618894/model_word2vec_bibl_content.vocabulary.* with mmap=None
[2021-02-01 21:57:51,073] INFO: loading trainables recursively from /Users/neo1/PycharmProjects/vec4irltr/model/ir/20210127210618894/model_word2vec_bibl_content.trainables.* with mmap=None
[2021-02-01 21:57:51,073] INFO: loading trainables recursively from /Users/neo1/PycharmProjects/vec4irltr/model/ir/20210127210618894/model_word2vec_bibl_content.trainables.* with mmap=None
[2021-02-01 21:57:51,073] INFO: setting ignored attribute cum_table to None
[2021-02-01 21:57:51,073] INFO: setting ignored attribute cum_table to None
[2021-02-01 21:57:51,073] INFO: loaded /Users/neo1/PycharmProjects/vec4irltr/model/ir/20210127210618894/model_word2vec_bibl_content
[2021-02-01 21:57:51,073] INFO: loaded /Users/neo1/PycharmProjects/vec4irltr/model/ir/20210127210618894/model_word2vec_bibl_content
[2021-02-01 21:57:51,076] INFO: load time:0.015046358108520508
[2021-02-01 21:57:51,076] INFO: load time:0.015046358108520508
[2021-02-01 21:57:52,080] INFO: pid:45284 done | load time: 1.0192320346832275
[2021-02-01 21:57:52,080] INFO: pid:45284 done | load time: 1.0192320346832275
[2021-02-01 21:57:52,080] INFO: loading model_word2vec_bibl_econtent
[2021-02-01 21:57:52,080] INFO: loading model_word2vec_bibl_econtent
[2021-02-01 21:57:52,081] INFO: loading Word2Vec object from /Users/neo1/PycharmProjects/vec4irltr/model/ir/20210127210618894/model_word2vec_bibl_econtent
[2021-02-01 21:57:52,081] INFO: loading Word2Vec object from /Users/neo1/PycharmProjects/vec4irltr/model/ir/20210127210618894/model_word2vec_bibl_econtent
[2021-02-01 21:57:52,082] INFO: loading wv recursively from /Users/neo1/PycharmProjects/vec4irltr/model/ir/20210127210618894/model_word2vec_bibl_econtent.wv.* with mmap=None
[2021-02-01 21:57:52,082] INFO: loading wv recursively from /Users/neo1/PycharmProjects/vec4irltr/model/ir/20210127210618894/model_word2vec_bibl_econtent.wv.* with mmap=None
[2021-02-01 21:57:52,083] INFO: setting ignored attribute vectors_norm to None
[2021-02-01 21:57:52,083] INFO: setting ignored attribute vectors_norm to None
[2021-02-01 21:57:52,083] INFO: loading vocabulary recursively from /Users/neo1/PycharmProjects/vec4irltr/model/ir/20210127210618894/model_word2vec_bibl_econtent.vocabulary.* with mmap=None
[2021-02-01 21:57:52,083] INFO: loading vocabulary recursively from /Users/neo1/PycharmProjects/vec4irltr/model/ir/20210127210618894/model_word2vec_bibl_econtent.vocabulary.* with mmap=None
[2021-02-01 21:57:52,083] INFO: loading trainables recursively from /Users/neo1/PycharmProjects/vec4irltr/model/ir/20210127210618894/model_word2vec_bibl_econtent.trainables.* with mmap=None
[2021-02-01 21:57:52,083] INFO: loading trainables recursively from /Users/neo1/PycharmProjects/vec4irltr/model/ir/20210127210618894/model_word2vec_bibl_econtent.trainables.* with mmap=None
[2021-02-01 21:57:52,084] INFO: setting ignored attribute cum_table to None
[2021-02-01 21:57:52,084] INFO: setting ignored attribute cum_table to None
[2021-02-01 21:57:52,084] INFO: loaded /Users/neo1/PycharmProjects/vec4irltr/model/ir/20210127210618894/model_word2vec_bibl_econtent
[2021-02-01 21:57:52,084] INFO: loaded /Users/neo1/PycharmProjects/vec4irltr/model/ir/20210127210618894/model_word2vec_bibl_econtent
[2021-02-01 21:57:52,084] INFO: load time:0.003815174102783203
[2021-02-01 21:57:52,084] INFO: load time:0.003815174102783203
[2021-02-01 21:57:53,090] INFO: pid:45284 done | load time: 1.0090091228485107
[2021-02-01 21:57:53,090] INFO: pid:45284 done | load time: 1.0090091228485107
[2021-02-01 21:58:00,736] INFO: set_init_models_and_get_retrievals
[2021-02-01 21:58:00,739] INFO: loading model_word2vec_bibl_bible_bcn
[2021-02-01 21:58:00,740] INFO: loading Word2Vec object from /Users/neo1/PycharmProjects/vec4irltr/model/ir/20210127210618894/model_word2vec_bibl_bible_bcn
[2021-02-01 21:58:00,742] INFO: loading wv recursively from /Users/neo1/PycharmProjects/vec4irltr/model/ir/20210127210618894/model_word2vec_bibl_bible_bcn.wv.* with mmap=None
[2021-02-01 21:58:00,743] INFO: setting ignored attribute vectors_norm to None
[2021-02-01 21:58:00,743] INFO: loading vocabulary recursively from /Users/neo1/PycharmProjects/vec4irltr/model/ir/20210127210618894/model_word2vec_bibl_bible_bcn.vocabulary.* with mmap=None
[2021-02-01 21:58:00,744] INFO: loading trainables recursively from /Users/neo1/PycharmProjects/vec4irltr/model/ir/20210127210618894/model_word2vec_bibl_bible_bcn.trainables.* with mmap=None
[2021-02-01 21:58:00,744] INFO: setting ignored attribute cum_table to None
[2021-02-01 21:58:00,745] INFO: loaded /Users/neo1/PycharmProjects/vec4irltr/model/ir/20210127210618894/model_word2vec_bibl_bible_bcn
[2021-02-01 21:58:00,745] INFO: load time:0.005797863006591797
[2021-02-01 21:58:01,749] INFO: pid:45309 done | load time: 1.0088779926300049
[2021-02-01 21:58:01,749] INFO: loading model_word2vec_bibl_content
[2021-02-01 21:58:01,749] INFO: loading Word2Vec object from /Users/neo1/PycharmProjects/vec4irltr/model/ir/20210127210618894/model_word2vec_bibl_content
[2021-02-01 21:58:01,760] INFO: loading wv recursively from /Users/neo1/PycharmProjects/vec4irltr/model/ir/20210127210618894/model_word2vec_bibl_content.wv.* with mmap=None
[2021-02-01 21:58:01,761] INFO: setting ignored attribute vectors_norm to None
[2021-02-01 21:58:01,761] INFO: loading vocabulary recursively from /Users/neo1/PycharmProjects/vec4irltr/model/ir/20210127210618894/model_word2vec_bibl_content.vocabulary.* with mmap=None
[2021-02-01 21:58:01,761] INFO: loading trainables recursively from /Users/neo1/PycharmProjects/vec4irltr/model/ir/20210127210618894/model_word2vec_bibl_content.trainables.* with mmap=None
[2021-02-01 21:58:01,762] INFO: setting ignored attribute cum_table to None
[2021-02-01 21:58:01,762] INFO: loaded /Users/neo1/PycharmProjects/vec4irltr/model/ir/20210127210618894/model_word2vec_bibl_content
[2021-02-01 21:58:01,764] INFO: load time:0.014751911163330078
[2021-02-01 21:58:02,767] INFO: pid:45309 done | load time: 1.0172457695007324
[2021-02-01 21:58:02,767] INFO: loading model_word2vec_bibl_econtent
[2021-02-01 21:58:02,768] INFO: loading Word2Vec object from /Users/neo1/PycharmProjects/vec4irltr/model/ir/20210127210618894/model_word2vec_bibl_econtent
[2021-02-01 21:58:02,769] INFO: loading wv recursively from /Users/neo1/PycharmProjects/vec4irltr/model/ir/20210127210618894/model_word2vec_bibl_econtent.wv.* with mmap=None
[2021-02-01 21:58:02,770] INFO: setting ignored attribute vectors_norm to None
[2021-02-01 21:58:02,770] INFO: loading vocabulary recursively from /Users/neo1/PycharmProjects/vec4irltr/model/ir/20210127210618894/model_word2vec_bibl_econtent.vocabulary.* with mmap=None
[2021-02-01 21:58:02,770] INFO: loading trainables recursively from /Users/neo1/PycharmProjects/vec4irltr/model/ir/20210127210618894/model_word2vec_bibl_econtent.trainables.* with mmap=None
[2021-02-01 21:58:02,771] INFO: setting ignored attribute cum_table to None
[2021-02-01 21:58:02,771] INFO: loaded /Users/neo1/PycharmProjects/vec4irltr/model/ir/20210127210618894/model_word2vec_bibl_econtent
[2021-02-01 21:58:02,771] INFO: load time:0.0039217472076416016
[2021-02-01 21:58:03,777] INFO: pid:45309 done | load time: 1.0092308521270752
