[2021-01-23 22:01:43,547] INFO: set_init_models_and_get_retrievals
[2021-01-23 22:01:43,547] INFO: set_init_models_and_get_retrievals
[2021-01-23 22:01:43,550] INFO: loading model_word2vec_bibl_bible_bcn
[2021-01-23 22:01:43,550] INFO: loading model_word2vec_bibl_bible_bcn
[2021-01-23 22:01:43,551] INFO: loading Word2Vec object from /Users/neo1/PycharmProjects/vec4irltr/model/ir/20210121231330551/model_word2vec_bibl_bible_bcn
[2021-01-23 22:01:43,551] INFO: loading Word2Vec object from /Users/neo1/PycharmProjects/vec4irltr/model/ir/20210121231330551/model_word2vec_bibl_bible_bcn
[2021-01-23 22:01:43,553] INFO: loading wv recursively from /Users/neo1/PycharmProjects/vec4irltr/model/ir/20210121231330551/model_word2vec_bibl_bible_bcn.wv.* with mmap=None
[2021-01-23 22:01:43,553] INFO: loading wv recursively from /Users/neo1/PycharmProjects/vec4irltr/model/ir/20210121231330551/model_word2vec_bibl_bible_bcn.wv.* with mmap=None
[2021-01-23 22:01:43,553] INFO: setting ignored attribute vectors_norm to None
[2021-01-23 22:01:43,553] INFO: setting ignored attribute vectors_norm to None
[2021-01-23 22:01:43,553] INFO: loading vocabulary recursively from /Users/neo1/PycharmProjects/vec4irltr/model/ir/20210121231330551/model_word2vec_bibl_bible_bcn.vocabulary.* with mmap=None
[2021-01-23 22:01:43,553] INFO: loading vocabulary recursively from /Users/neo1/PycharmProjects/vec4irltr/model/ir/20210121231330551/model_word2vec_bibl_bible_bcn.vocabulary.* with mmap=None
[2021-01-23 22:01:43,554] INFO: loading trainables recursively from /Users/neo1/PycharmProjects/vec4irltr/model/ir/20210121231330551/model_word2vec_bibl_bible_bcn.trainables.* with mmap=None
[2021-01-23 22:01:43,554] INFO: loading trainables recursively from /Users/neo1/PycharmProjects/vec4irltr/model/ir/20210121231330551/model_word2vec_bibl_bible_bcn.trainables.* with mmap=None
[2021-01-23 22:01:43,554] INFO: setting ignored attribute cum_table to None
[2021-01-23 22:01:43,554] INFO: setting ignored attribute cum_table to None
[2021-01-23 22:01:43,554] INFO: loaded /Users/neo1/PycharmProjects/vec4irltr/model/ir/20210121231330551/model_word2vec_bibl_bible_bcn
[2021-01-23 22:01:43,554] INFO: loaded /Users/neo1/PycharmProjects/vec4irltr/model/ir/20210121231330551/model_word2vec_bibl_bible_bcn
[2021-01-23 22:01:43,555] INFO: load time:0.004383087158203125
[2021-01-23 22:01:43,555] INFO: load time:0.004383087158203125
[2021-01-23 22:01:44,560] INFO: pid:52480 done | load time: 1.0091278553009033
[2021-01-23 22:01:44,560] INFO: pid:52480 done | load time: 1.0091278553009033
[2021-01-23 22:01:44,560] INFO: loading model_word2vec_bibl_content
[2021-01-23 22:01:44,560] INFO: loading model_word2vec_bibl_content
[2021-01-23 22:01:44,561] INFO: loading Word2Vec object from /Users/neo1/PycharmProjects/vec4irltr/model/ir/20210121231330551/model_word2vec_bibl_content
[2021-01-23 22:01:44,561] INFO: loading Word2Vec object from /Users/neo1/PycharmProjects/vec4irltr/model/ir/20210121231330551/model_word2vec_bibl_content
[2021-01-23 22:01:44,573] INFO: loading wv recursively from /Users/neo1/PycharmProjects/vec4irltr/model/ir/20210121231330551/model_word2vec_bibl_content.wv.* with mmap=None
[2021-01-23 22:01:44,573] INFO: loading wv recursively from /Users/neo1/PycharmProjects/vec4irltr/model/ir/20210121231330551/model_word2vec_bibl_content.wv.* with mmap=None
[2021-01-23 22:01:44,573] INFO: setting ignored attribute vectors_norm to None
[2021-01-23 22:01:44,573] INFO: setting ignored attribute vectors_norm to None
[2021-01-23 22:01:44,574] INFO: loading vocabulary recursively from /Users/neo1/PycharmProjects/vec4irltr/model/ir/20210121231330551/model_word2vec_bibl_content.vocabulary.* with mmap=None
[2021-01-23 22:01:44,574] INFO: loading vocabulary recursively from /Users/neo1/PycharmProjects/vec4irltr/model/ir/20210121231330551/model_word2vec_bibl_content.vocabulary.* with mmap=None
[2021-01-23 22:01:44,574] INFO: loading trainables recursively from /Users/neo1/PycharmProjects/vec4irltr/model/ir/20210121231330551/model_word2vec_bibl_content.trainables.* with mmap=None
[2021-01-23 22:01:44,574] INFO: loading trainables recursively from /Users/neo1/PycharmProjects/vec4irltr/model/ir/20210121231330551/model_word2vec_bibl_content.trainables.* with mmap=None
[2021-01-23 22:01:44,574] INFO: setting ignored attribute cum_table to None
[2021-01-23 22:01:44,574] INFO: setting ignored attribute cum_table to None
[2021-01-23 22:01:44,575] INFO: loaded /Users/neo1/PycharmProjects/vec4irltr/model/ir/20210121231330551/model_word2vec_bibl_content
[2021-01-23 22:01:44,575] INFO: loaded /Users/neo1/PycharmProjects/vec4irltr/model/ir/20210121231330551/model_word2vec_bibl_content
[2021-01-23 22:01:44,577] INFO: load time:0.01637887954711914
[2021-01-23 22:01:44,577] INFO: load time:0.01637887954711914
[2021-01-23 22:01:45,581] INFO: pid:52480 done | load time: 1.0207428932189941
[2021-01-23 22:01:45,581] INFO: pid:52480 done | load time: 1.0207428932189941
[2021-01-23 22:01:45,582] INFO: loading model_word2vec_bibl_econtent
[2021-01-23 22:01:45,582] INFO: loading model_word2vec_bibl_econtent
[2021-01-23 22:01:45,582] INFO: loading Word2Vec object from /Users/neo1/PycharmProjects/vec4irltr/model/ir/20210121231330551/model_word2vec_bibl_econtent
[2021-01-23 22:01:45,582] INFO: loading Word2Vec object from /Users/neo1/PycharmProjects/vec4irltr/model/ir/20210121231330551/model_word2vec_bibl_econtent
[2021-01-23 22:01:45,584] INFO: loading wv recursively from /Users/neo1/PycharmProjects/vec4irltr/model/ir/20210121231330551/model_word2vec_bibl_econtent.wv.* with mmap=None
[2021-01-23 22:01:45,584] INFO: loading wv recursively from /Users/neo1/PycharmProjects/vec4irltr/model/ir/20210121231330551/model_word2vec_bibl_econtent.wv.* with mmap=None
[2021-01-23 22:01:45,585] INFO: setting ignored attribute vectors_norm to None
[2021-01-23 22:01:45,585] INFO: setting ignored attribute vectors_norm to None
[2021-01-23 22:01:45,585] INFO: loading vocabulary recursively from /Users/neo1/PycharmProjects/vec4irltr/model/ir/20210121231330551/model_word2vec_bibl_econtent.vocabulary.* with mmap=None
[2021-01-23 22:01:45,585] INFO: loading vocabulary recursively from /Users/neo1/PycharmProjects/vec4irltr/model/ir/20210121231330551/model_word2vec_bibl_econtent.vocabulary.* with mmap=None
[2021-01-23 22:01:45,586] INFO: loading trainables recursively from /Users/neo1/PycharmProjects/vec4irltr/model/ir/20210121231330551/model_word2vec_bibl_econtent.trainables.* with mmap=None
[2021-01-23 22:01:45,586] INFO: loading trainables recursively from /Users/neo1/PycharmProjects/vec4irltr/model/ir/20210121231330551/model_word2vec_bibl_econtent.trainables.* with mmap=None
[2021-01-23 22:01:45,586] INFO: setting ignored attribute cum_table to None
[2021-01-23 22:01:45,586] INFO: setting ignored attribute cum_table to None
[2021-01-23 22:01:45,586] INFO: loaded /Users/neo1/PycharmProjects/vec4irltr/model/ir/20210121231330551/model_word2vec_bibl_econtent
[2021-01-23 22:01:45,586] INFO: loaded /Users/neo1/PycharmProjects/vec4irltr/model/ir/20210121231330551/model_word2vec_bibl_econtent
[2021-01-23 22:01:45,587] INFO: load time:0.0043680667877197266
[2021-01-23 22:01:45,587] INFO: load time:0.0043680667877197266
[2021-01-23 22:01:46,591] INFO: pid:52480 done | load time: 1.008680820465088
[2021-01-23 22:01:46,591] INFO: pid:52480 done | load time: 1.008680820465088
[2021-01-23 22:02:14,599] INFO: api/search?q=태초에
[2021-01-23 22:02:14,599] INFO: api/search?q=태초에
[2021-01-23 22:02:14,768] ERROR: Internal Server Error: /api/search
Traceback (most recent call last):
  File "/Users/neo1/PycharmProjects/vec4irltr/venv/lib/python3.8/site-packages/django/core/handlers/exception.py", line 34, in inner
    response = get_response(request)
  File "/Users/neo1/PycharmProjects/vec4irltr/venv/lib/python3.8/site-packages/django/core/handlers/base.py", line 126, in _get_response
    response = self.process_exception_by_middleware(e, request)
  File "/Users/neo1/PycharmProjects/vec4irltr/venv/lib/python3.8/site-packages/django/core/handlers/base.py", line 124, in _get_response
    response = wrapped_callback(request, *callback_args, **callback_kwargs)
  File "/Users/neo1/PycharmProjects/vec4irltr/venv/lib/python3.8/site-packages/ninja/operation.py", line 227, in _sync_view
    return operation.run(request, *a, **kw)
  File "/Users/neo1/PycharmProjects/vec4irltr/venv/lib/python3.8/site-packages/ninja/operation.py", line 59, in run
    result = self.view_func(request, **values)
  File "/Users/neo1/PycharmProjects/vec4irltr/app/api.py", line 71, in search
    query_results = IRM.get_query_results(q=q, modeltype=modeltype, retrievals=RETRIEVALS, columns=columns, docid=docid,
  File "/Users/neo1/PycharmProjects/vec4irltr/ir/irmanager.py", line 227, in get_query_results
    row = [tb_df[tb_df[docid] == x].drop(['id'], axis=1).reset_index(drop=True, inplace=True).set_index(docid).to_dict() for x in docids]
  File "/Users/neo1/PycharmProjects/vec4irltr/ir/irmanager.py", line 227, in <listcomp>
    row = [tb_df[tb_df[docid] == x].drop(['id'], axis=1).reset_index(drop=True, inplace=True).set_index(docid).to_dict() for x in docids]
AttributeError: 'NoneType' object has no attribute 'set_index'
[2021-01-23 22:02:14,768] ERROR: Internal Server Error: /api/search
Traceback (most recent call last):
  File "/Users/neo1/PycharmProjects/vec4irltr/venv/lib/python3.8/site-packages/django/core/handlers/exception.py", line 34, in inner
    response = get_response(request)
  File "/Users/neo1/PycharmProjects/vec4irltr/venv/lib/python3.8/site-packages/django/core/handlers/base.py", line 126, in _get_response
    response = self.process_exception_by_middleware(e, request)
  File "/Users/neo1/PycharmProjects/vec4irltr/venv/lib/python3.8/site-packages/django/core/handlers/base.py", line 124, in _get_response
    response = wrapped_callback(request, *callback_args, **callback_kwargs)
  File "/Users/neo1/PycharmProjects/vec4irltr/venv/lib/python3.8/site-packages/ninja/operation.py", line 227, in _sync_view
    return operation.run(request, *a, **kw)
  File "/Users/neo1/PycharmProjects/vec4irltr/venv/lib/python3.8/site-packages/ninja/operation.py", line 59, in run
    result = self.view_func(request, **values)
  File "/Users/neo1/PycharmProjects/vec4irltr/app/api.py", line 71, in search
    query_results = IRM.get_query_results(q=q, modeltype=modeltype, retrievals=RETRIEVALS, columns=columns, docid=docid,
  File "/Users/neo1/PycharmProjects/vec4irltr/ir/irmanager.py", line 227, in get_query_results
    row = [tb_df[tb_df[docid] == x].drop(['id'], axis=1).reset_index(drop=True, inplace=True).set_index(docid).to_dict() for x in docids]
  File "/Users/neo1/PycharmProjects/vec4irltr/ir/irmanager.py", line 227, in <listcomp>
    row = [tb_df[tb_df[docid] == x].drop(['id'], axis=1).reset_index(drop=True, inplace=True).set_index(docid).to_dict() for x in docids]
AttributeError: 'NoneType' object has no attribute 'set_index'
