[2021-01-24 01:40:16,664] INFO: set_init_models_and_get_retrievals
[2021-01-24 01:40:16,664] INFO: set_init_models_and_get_retrievals
[2021-01-24 01:40:16,670] INFO: loading model_word2vec_bibl_bible_bcn
[2021-01-24 01:40:16,670] INFO: loading model_word2vec_bibl_bible_bcn
[2021-01-24 01:40:16,671] INFO: loading Word2Vec object from /Users/neo1/PycharmProjects/vec4irltr/model/ir/20210121231330551/model_word2vec_bibl_bible_bcn
[2021-01-24 01:40:16,671] INFO: loading Word2Vec object from /Users/neo1/PycharmProjects/vec4irltr/model/ir/20210121231330551/model_word2vec_bibl_bible_bcn
[2021-01-24 01:40:16,683] INFO: loading wv recursively from /Users/neo1/PycharmProjects/vec4irltr/model/ir/20210121231330551/model_word2vec_bibl_bible_bcn.wv.* with mmap=None
[2021-01-24 01:40:16,683] INFO: loading wv recursively from /Users/neo1/PycharmProjects/vec4irltr/model/ir/20210121231330551/model_word2vec_bibl_bible_bcn.wv.* with mmap=None
[2021-01-24 01:40:16,684] INFO: setting ignored attribute vectors_norm to None
[2021-01-24 01:40:16,684] INFO: setting ignored attribute vectors_norm to None
[2021-01-24 01:40:16,685] INFO: loading vocabulary recursively from /Users/neo1/PycharmProjects/vec4irltr/model/ir/20210121231330551/model_word2vec_bibl_bible_bcn.vocabulary.* with mmap=None
[2021-01-24 01:40:16,685] INFO: loading vocabulary recursively from /Users/neo1/PycharmProjects/vec4irltr/model/ir/20210121231330551/model_word2vec_bibl_bible_bcn.vocabulary.* with mmap=None
[2021-01-24 01:40:16,685] INFO: loading trainables recursively from /Users/neo1/PycharmProjects/vec4irltr/model/ir/20210121231330551/model_word2vec_bibl_bible_bcn.trainables.* with mmap=None
[2021-01-24 01:40:16,685] INFO: loading trainables recursively from /Users/neo1/PycharmProjects/vec4irltr/model/ir/20210121231330551/model_word2vec_bibl_bible_bcn.trainables.* with mmap=None
[2021-01-24 01:40:16,686] INFO: setting ignored attribute cum_table to None
[2021-01-24 01:40:16,686] INFO: setting ignored attribute cum_table to None
[2021-01-24 01:40:16,687] INFO: loaded /Users/neo1/PycharmProjects/vec4irltr/model/ir/20210121231330551/model_word2vec_bibl_bible_bcn
[2021-01-24 01:40:16,687] INFO: loaded /Users/neo1/PycharmProjects/vec4irltr/model/ir/20210121231330551/model_word2vec_bibl_bible_bcn
[2021-01-24 01:40:16,688] INFO: load time:0.016701936721801758
[2021-01-24 01:40:16,688] INFO: load time:0.016701936721801758
[2021-01-24 01:40:17,693] INFO: pid:67998 done | load time: 1.0219027996063232
[2021-01-24 01:40:17,693] INFO: pid:67998 done | load time: 1.0219027996063232
[2021-01-24 01:40:17,694] INFO: loading model_word2vec_bibl_content
[2021-01-24 01:40:17,694] INFO: loading model_word2vec_bibl_content
[2021-01-24 01:40:17,695] INFO: loading Word2Vec object from /Users/neo1/PycharmProjects/vec4irltr/model/ir/20210121231330551/model_word2vec_bibl_content
[2021-01-24 01:40:17,695] INFO: loading Word2Vec object from /Users/neo1/PycharmProjects/vec4irltr/model/ir/20210121231330551/model_word2vec_bibl_content
[2021-01-24 01:40:17,710] INFO: loading wv recursively from /Users/neo1/PycharmProjects/vec4irltr/model/ir/20210121231330551/model_word2vec_bibl_content.wv.* with mmap=None
[2021-01-24 01:40:17,710] INFO: loading wv recursively from /Users/neo1/PycharmProjects/vec4irltr/model/ir/20210121231330551/model_word2vec_bibl_content.wv.* with mmap=None
[2021-01-24 01:40:17,711] INFO: setting ignored attribute vectors_norm to None
[2021-01-24 01:40:17,711] INFO: setting ignored attribute vectors_norm to None
[2021-01-24 01:40:17,712] INFO: loading vocabulary recursively from /Users/neo1/PycharmProjects/vec4irltr/model/ir/20210121231330551/model_word2vec_bibl_content.vocabulary.* with mmap=None
[2021-01-24 01:40:17,712] INFO: loading vocabulary recursively from /Users/neo1/PycharmProjects/vec4irltr/model/ir/20210121231330551/model_word2vec_bibl_content.vocabulary.* with mmap=None
[2021-01-24 01:40:17,713] INFO: loading trainables recursively from /Users/neo1/PycharmProjects/vec4irltr/model/ir/20210121231330551/model_word2vec_bibl_content.trainables.* with mmap=None
[2021-01-24 01:40:17,713] INFO: loading trainables recursively from /Users/neo1/PycharmProjects/vec4irltr/model/ir/20210121231330551/model_word2vec_bibl_content.trainables.* with mmap=None
[2021-01-24 01:40:17,714] INFO: setting ignored attribute cum_table to None
[2021-01-24 01:40:17,714] INFO: setting ignored attribute cum_table to None
[2021-01-24 01:40:17,714] INFO: loaded /Users/neo1/PycharmProjects/vec4irltr/model/ir/20210121231330551/model_word2vec_bibl_content
[2021-01-24 01:40:17,714] INFO: loaded /Users/neo1/PycharmProjects/vec4irltr/model/ir/20210121231330551/model_word2vec_bibl_content
[2021-01-24 01:40:17,718] INFO: load time:0.02373504638671875
[2021-01-24 01:40:17,718] INFO: load time:0.02373504638671875
[2021-01-24 01:40:18,722] INFO: pid:67998 done | load time: 1.0270321369171143
[2021-01-24 01:40:18,722] INFO: pid:67998 done | load time: 1.0270321369171143
[2021-01-24 01:40:18,722] INFO: loading model_word2vec_bibl_econtent
[2021-01-24 01:40:18,722] INFO: loading model_word2vec_bibl_econtent
[2021-01-24 01:40:18,723] INFO: loading Word2Vec object from /Users/neo1/PycharmProjects/vec4irltr/model/ir/20210121231330551/model_word2vec_bibl_econtent
[2021-01-24 01:40:18,723] INFO: loading Word2Vec object from /Users/neo1/PycharmProjects/vec4irltr/model/ir/20210121231330551/model_word2vec_bibl_econtent
[2021-01-24 01:40:18,728] INFO: loading wv recursively from /Users/neo1/PycharmProjects/vec4irltr/model/ir/20210121231330551/model_word2vec_bibl_econtent.wv.* with mmap=None
[2021-01-24 01:40:18,728] INFO: loading wv recursively from /Users/neo1/PycharmProjects/vec4irltr/model/ir/20210121231330551/model_word2vec_bibl_econtent.wv.* with mmap=None
[2021-01-24 01:40:18,728] INFO: setting ignored attribute vectors_norm to None
[2021-01-24 01:40:18,728] INFO: setting ignored attribute vectors_norm to None
[2021-01-24 01:40:18,729] INFO: loading vocabulary recursively from /Users/neo1/PycharmProjects/vec4irltr/model/ir/20210121231330551/model_word2vec_bibl_econtent.vocabulary.* with mmap=None
[2021-01-24 01:40:18,729] INFO: loading vocabulary recursively from /Users/neo1/PycharmProjects/vec4irltr/model/ir/20210121231330551/model_word2vec_bibl_econtent.vocabulary.* with mmap=None
[2021-01-24 01:40:18,730] INFO: loading trainables recursively from /Users/neo1/PycharmProjects/vec4irltr/model/ir/20210121231330551/model_word2vec_bibl_econtent.trainables.* with mmap=None
[2021-01-24 01:40:18,730] INFO: loading trainables recursively from /Users/neo1/PycharmProjects/vec4irltr/model/ir/20210121231330551/model_word2vec_bibl_econtent.trainables.* with mmap=None
[2021-01-24 01:40:18,730] INFO: setting ignored attribute cum_table to None
[2021-01-24 01:40:18,730] INFO: setting ignored attribute cum_table to None
[2021-01-24 01:40:18,731] INFO: loaded /Users/neo1/PycharmProjects/vec4irltr/model/ir/20210121231330551/model_word2vec_bibl_econtent
[2021-01-24 01:40:18,731] INFO: loaded /Users/neo1/PycharmProjects/vec4irltr/model/ir/20210121231330551/model_word2vec_bibl_econtent
[2021-01-24 01:40:18,732] INFO: load time:0.008904218673706055
[2021-01-24 01:40:18,732] INFO: load time:0.008904218673706055
[2021-01-24 01:40:19,737] INFO: pid:67998 done | load time: 1.0138301849365234
[2021-01-24 01:40:19,737] INFO: pid:67998 done | load time: 1.0138301849365234
