[2021-01-23 21:36:50,322] INFO: set_init_models_and_get_retrievals
[2021-01-23 21:36:50,322] INFO: set_init_models_and_get_retrievals
[2021-01-23 21:36:50,326] INFO: loading model_word2vec_bibl_bible_bcn
[2021-01-23 21:36:50,326] INFO: loading model_word2vec_bibl_bible_bcn
[2021-01-23 21:36:50,326] INFO: loading Word2Vec object from /Users/neo1/PycharmProjects/vec4irltr/model/ir/20210121231330551/model_word2vec_bibl_bible_bcn
[2021-01-23 21:36:50,326] INFO: loading Word2Vec object from /Users/neo1/PycharmProjects/vec4irltr/model/ir/20210121231330551/model_word2vec_bibl_bible_bcn
[2021-01-23 21:36:50,329] INFO: loading wv recursively from /Users/neo1/PycharmProjects/vec4irltr/model/ir/20210121231330551/model_word2vec_bibl_bible_bcn.wv.* with mmap=None
[2021-01-23 21:36:50,329] INFO: loading wv recursively from /Users/neo1/PycharmProjects/vec4irltr/model/ir/20210121231330551/model_word2vec_bibl_bible_bcn.wv.* with mmap=None
[2021-01-23 21:36:50,329] INFO: setting ignored attribute vectors_norm to None
[2021-01-23 21:36:50,329] INFO: setting ignored attribute vectors_norm to None
[2021-01-23 21:36:50,330] INFO: loading vocabulary recursively from /Users/neo1/PycharmProjects/vec4irltr/model/ir/20210121231330551/model_word2vec_bibl_bible_bcn.vocabulary.* with mmap=None
[2021-01-23 21:36:50,330] INFO: loading vocabulary recursively from /Users/neo1/PycharmProjects/vec4irltr/model/ir/20210121231330551/model_word2vec_bibl_bible_bcn.vocabulary.* with mmap=None
[2021-01-23 21:36:50,330] INFO: loading trainables recursively from /Users/neo1/PycharmProjects/vec4irltr/model/ir/20210121231330551/model_word2vec_bibl_bible_bcn.trainables.* with mmap=None
[2021-01-23 21:36:50,330] INFO: loading trainables recursively from /Users/neo1/PycharmProjects/vec4irltr/model/ir/20210121231330551/model_word2vec_bibl_bible_bcn.trainables.* with mmap=None
[2021-01-23 21:36:50,330] INFO: setting ignored attribute cum_table to None
[2021-01-23 21:36:50,330] INFO: setting ignored attribute cum_table to None
[2021-01-23 21:36:50,331] INFO: loaded /Users/neo1/PycharmProjects/vec4irltr/model/ir/20210121231330551/model_word2vec_bibl_bible_bcn
[2021-01-23 21:36:50,331] INFO: loaded /Users/neo1/PycharmProjects/vec4irltr/model/ir/20210121231330551/model_word2vec_bibl_bible_bcn
[2021-01-23 21:36:50,331] INFO: load time:0.004989147186279297
[2021-01-23 21:36:50,331] INFO: load time:0.004989147186279297
[2021-01-23 21:36:51,336] INFO: pid:50645 done | load time: 1.0098450183868408
[2021-01-23 21:36:51,336] INFO: pid:50645 done | load time: 1.0098450183868408
[2021-01-23 21:36:51,336] INFO: loading model_word2vec_bibl_content
[2021-01-23 21:36:51,336] INFO: loading model_word2vec_bibl_content
[2021-01-23 21:36:51,337] INFO: loading Word2Vec object from /Users/neo1/PycharmProjects/vec4irltr/model/ir/20210121231330551/model_word2vec_bibl_content
[2021-01-23 21:36:51,337] INFO: loading Word2Vec object from /Users/neo1/PycharmProjects/vec4irltr/model/ir/20210121231330551/model_word2vec_bibl_content
[2021-01-23 21:36:51,349] INFO: loading wv recursively from /Users/neo1/PycharmProjects/vec4irltr/model/ir/20210121231330551/model_word2vec_bibl_content.wv.* with mmap=None
[2021-01-23 21:36:51,349] INFO: loading wv recursively from /Users/neo1/PycharmProjects/vec4irltr/model/ir/20210121231330551/model_word2vec_bibl_content.wv.* with mmap=None
[2021-01-23 21:36:51,349] INFO: setting ignored attribute vectors_norm to None
[2021-01-23 21:36:51,349] INFO: setting ignored attribute vectors_norm to None
[2021-01-23 21:36:51,350] INFO: loading vocabulary recursively from /Users/neo1/PycharmProjects/vec4irltr/model/ir/20210121231330551/model_word2vec_bibl_content.vocabulary.* with mmap=None
[2021-01-23 21:36:51,350] INFO: loading vocabulary recursively from /Users/neo1/PycharmProjects/vec4irltr/model/ir/20210121231330551/model_word2vec_bibl_content.vocabulary.* with mmap=None
[2021-01-23 21:36:51,350] INFO: loading trainables recursively from /Users/neo1/PycharmProjects/vec4irltr/model/ir/20210121231330551/model_word2vec_bibl_content.trainables.* with mmap=None
[2021-01-23 21:36:51,350] INFO: loading trainables recursively from /Users/neo1/PycharmProjects/vec4irltr/model/ir/20210121231330551/model_word2vec_bibl_content.trainables.* with mmap=None
[2021-01-23 21:36:51,351] INFO: setting ignored attribute cum_table to None
[2021-01-23 21:36:51,351] INFO: setting ignored attribute cum_table to None
[2021-01-23 21:36:51,351] INFO: loaded /Users/neo1/PycharmProjects/vec4irltr/model/ir/20210121231330551/model_word2vec_bibl_content
[2021-01-23 21:36:51,351] INFO: loaded /Users/neo1/PycharmProjects/vec4irltr/model/ir/20210121231330551/model_word2vec_bibl_content
[2021-01-23 21:36:51,353] INFO: load time:0.016403913497924805
[2021-01-23 21:36:51,353] INFO: load time:0.016403913497924805
[2021-01-23 21:36:56,803] INFO: set_init_models_and_get_retrievals
[2021-01-23 21:36:56,803] INFO: set_init_models_and_get_retrievals
[2021-01-23 21:36:56,807] INFO: loading model_word2vec_bibl_bible_bcn
[2021-01-23 21:36:56,807] INFO: loading model_word2vec_bibl_bible_bcn
[2021-01-23 21:36:56,807] INFO: loading Word2Vec object from /Users/neo1/PycharmProjects/vec4irltr/model/ir/20210121231330551/model_word2vec_bibl_bible_bcn
[2021-01-23 21:36:56,807] INFO: loading Word2Vec object from /Users/neo1/PycharmProjects/vec4irltr/model/ir/20210121231330551/model_word2vec_bibl_bible_bcn
[2021-01-23 21:36:56,809] INFO: loading wv recursively from /Users/neo1/PycharmProjects/vec4irltr/model/ir/20210121231330551/model_word2vec_bibl_bible_bcn.wv.* with mmap=None
[2021-01-23 21:36:56,809] INFO: loading wv recursively from /Users/neo1/PycharmProjects/vec4irltr/model/ir/20210121231330551/model_word2vec_bibl_bible_bcn.wv.* with mmap=None
[2021-01-23 21:36:56,810] INFO: setting ignored attribute vectors_norm to None
[2021-01-23 21:36:56,810] INFO: setting ignored attribute vectors_norm to None
[2021-01-23 21:36:56,810] INFO: loading vocabulary recursively from /Users/neo1/PycharmProjects/vec4irltr/model/ir/20210121231330551/model_word2vec_bibl_bible_bcn.vocabulary.* with mmap=None
[2021-01-23 21:36:56,810] INFO: loading vocabulary recursively from /Users/neo1/PycharmProjects/vec4irltr/model/ir/20210121231330551/model_word2vec_bibl_bible_bcn.vocabulary.* with mmap=None
[2021-01-23 21:36:56,810] INFO: loading trainables recursively from /Users/neo1/PycharmProjects/vec4irltr/model/ir/20210121231330551/model_word2vec_bibl_bible_bcn.trainables.* with mmap=None
[2021-01-23 21:36:56,810] INFO: loading trainables recursively from /Users/neo1/PycharmProjects/vec4irltr/model/ir/20210121231330551/model_word2vec_bibl_bible_bcn.trainables.* with mmap=None
[2021-01-23 21:36:56,811] INFO: setting ignored attribute cum_table to None
[2021-01-23 21:36:56,811] INFO: setting ignored attribute cum_table to None
[2021-01-23 21:36:56,811] INFO: loaded /Users/neo1/PycharmProjects/vec4irltr/model/ir/20210121231330551/model_word2vec_bibl_bible_bcn
[2021-01-23 21:36:56,811] INFO: loaded /Users/neo1/PycharmProjects/vec4irltr/model/ir/20210121231330551/model_word2vec_bibl_bible_bcn
[2021-01-23 21:36:56,811] INFO: load time:0.004289150238037109
[2021-01-23 21:36:56,811] INFO: load time:0.004289150238037109
[2021-01-23 21:36:57,815] INFO: pid:50662 done | load time: 1.0081639289855957
[2021-01-23 21:36:57,815] INFO: pid:50662 done | load time: 1.0081639289855957
[2021-01-23 21:36:57,816] INFO: loading model_word2vec_bibl_content
[2021-01-23 21:36:57,816] INFO: loading model_word2vec_bibl_content
[2021-01-23 21:36:57,816] INFO: loading Word2Vec object from /Users/neo1/PycharmProjects/vec4irltr/model/ir/20210121231330551/model_word2vec_bibl_content
[2021-01-23 21:36:57,816] INFO: loading Word2Vec object from /Users/neo1/PycharmProjects/vec4irltr/model/ir/20210121231330551/model_word2vec_bibl_content
[2021-01-23 21:36:57,827] INFO: loading wv recursively from /Users/neo1/PycharmProjects/vec4irltr/model/ir/20210121231330551/model_word2vec_bibl_content.wv.* with mmap=None
[2021-01-23 21:36:57,827] INFO: loading wv recursively from /Users/neo1/PycharmProjects/vec4irltr/model/ir/20210121231330551/model_word2vec_bibl_content.wv.* with mmap=None
[2021-01-23 21:36:57,827] INFO: setting ignored attribute vectors_norm to None
[2021-01-23 21:36:57,827] INFO: setting ignored attribute vectors_norm to None
[2021-01-23 21:36:57,828] INFO: loading vocabulary recursively from /Users/neo1/PycharmProjects/vec4irltr/model/ir/20210121231330551/model_word2vec_bibl_content.vocabulary.* with mmap=None
[2021-01-23 21:36:57,828] INFO: loading vocabulary recursively from /Users/neo1/PycharmProjects/vec4irltr/model/ir/20210121231330551/model_word2vec_bibl_content.vocabulary.* with mmap=None
[2021-01-23 21:36:57,828] INFO: loading trainables recursively from /Users/neo1/PycharmProjects/vec4irltr/model/ir/20210121231330551/model_word2vec_bibl_content.trainables.* with mmap=None
[2021-01-23 21:36:57,828] INFO: loading trainables recursively from /Users/neo1/PycharmProjects/vec4irltr/model/ir/20210121231330551/model_word2vec_bibl_content.trainables.* with mmap=None
[2021-01-23 21:36:57,829] INFO: setting ignored attribute cum_table to None
[2021-01-23 21:36:57,829] INFO: setting ignored attribute cum_table to None
[2021-01-23 21:36:57,829] INFO: loaded /Users/neo1/PycharmProjects/vec4irltr/model/ir/20210121231330551/model_word2vec_bibl_content
[2021-01-23 21:36:57,829] INFO: loaded /Users/neo1/PycharmProjects/vec4irltr/model/ir/20210121231330551/model_word2vec_bibl_content
[2021-01-23 21:36:57,831] INFO: load time:0.01472783088684082
[2021-01-23 21:36:57,831] INFO: load time:0.01472783088684082
[2021-01-23 21:36:58,832] INFO: pid:50662 done | load time: 1.0160369873046875
[2021-01-23 21:36:58,832] INFO: pid:50662 done | load time: 1.0160369873046875
[2021-01-23 21:36:58,833] INFO: loading model_word2vec_bibl_econtent
[2021-01-23 21:36:58,833] INFO: loading model_word2vec_bibl_econtent
[2021-01-23 21:36:58,833] INFO: loading Word2Vec object from /Users/neo1/PycharmProjects/vec4irltr/model/ir/20210121231330551/model_word2vec_bibl_econtent
[2021-01-23 21:36:58,833] INFO: loading Word2Vec object from /Users/neo1/PycharmProjects/vec4irltr/model/ir/20210121231330551/model_word2vec_bibl_econtent
[2021-01-23 21:36:58,835] INFO: loading wv recursively from /Users/neo1/PycharmProjects/vec4irltr/model/ir/20210121231330551/model_word2vec_bibl_econtent.wv.* with mmap=None
[2021-01-23 21:36:58,835] INFO: loading wv recursively from /Users/neo1/PycharmProjects/vec4irltr/model/ir/20210121231330551/model_word2vec_bibl_econtent.wv.* with mmap=None
[2021-01-23 21:36:58,836] INFO: setting ignored attribute vectors_norm to None
[2021-01-23 21:36:58,836] INFO: setting ignored attribute vectors_norm to None
[2021-01-23 21:36:58,836] INFO: loading vocabulary recursively from /Users/neo1/PycharmProjects/vec4irltr/model/ir/20210121231330551/model_word2vec_bibl_econtent.vocabulary.* with mmap=None
[2021-01-23 21:36:58,836] INFO: loading vocabulary recursively from /Users/neo1/PycharmProjects/vec4irltr/model/ir/20210121231330551/model_word2vec_bibl_econtent.vocabulary.* with mmap=None
[2021-01-23 21:36:58,837] INFO: loading trainables recursively from /Users/neo1/PycharmProjects/vec4irltr/model/ir/20210121231330551/model_word2vec_bibl_econtent.trainables.* with mmap=None
[2021-01-23 21:36:58,837] INFO: loading trainables recursively from /Users/neo1/PycharmProjects/vec4irltr/model/ir/20210121231330551/model_word2vec_bibl_econtent.trainables.* with mmap=None
[2021-01-23 21:36:58,837] INFO: setting ignored attribute cum_table to None
[2021-01-23 21:36:58,837] INFO: setting ignored attribute cum_table to None
[2021-01-23 21:36:58,838] INFO: loaded /Users/neo1/PycharmProjects/vec4irltr/model/ir/20210121231330551/model_word2vec_bibl_econtent
[2021-01-23 21:36:58,838] INFO: loaded /Users/neo1/PycharmProjects/vec4irltr/model/ir/20210121231330551/model_word2vec_bibl_econtent
[2021-01-23 21:36:58,838] INFO: load time:0.0048520565032958984
[2021-01-23 21:36:58,838] INFO: load time:0.0048520565032958984
[2021-01-23 21:36:59,843] INFO: pid:50662 done | load time: 1.009322166442871
[2021-01-23 21:36:59,843] INFO: pid:50662 done | load time: 1.009322166442871
[2021-01-23 21:37:13,144] INFO: api/search?q=하나님
[2021-01-23 21:37:13,144] INFO: api/search?q=하나님
