[2021-01-23 21:47:15,534] INFO: set_init_models_and_get_retrievals
[2021-01-23 21:47:15,534] INFO: set_init_models_and_get_retrievals
[2021-01-23 21:47:15,538] INFO: loading model_word2vec_bibl_bible_bcn
[2021-01-23 21:47:15,538] INFO: loading model_word2vec_bibl_bible_bcn
[2021-01-23 21:47:15,539] INFO: loading Word2Vec object from /Users/neo1/PycharmProjects/vec4irltr/model/ir/20210121231330551/model_word2vec_bibl_bible_bcn
[2021-01-23 21:47:15,539] INFO: loading Word2Vec object from /Users/neo1/PycharmProjects/vec4irltr/model/ir/20210121231330551/model_word2vec_bibl_bible_bcn
[2021-01-23 21:47:15,541] INFO: loading wv recursively from /Users/neo1/PycharmProjects/vec4irltr/model/ir/20210121231330551/model_word2vec_bibl_bible_bcn.wv.* with mmap=None
[2021-01-23 21:47:15,541] INFO: loading wv recursively from /Users/neo1/PycharmProjects/vec4irltr/model/ir/20210121231330551/model_word2vec_bibl_bible_bcn.wv.* with mmap=None
[2021-01-23 21:47:15,542] INFO: setting ignored attribute vectors_norm to None
[2021-01-23 21:47:15,542] INFO: setting ignored attribute vectors_norm to None
[2021-01-23 21:47:15,542] INFO: loading vocabulary recursively from /Users/neo1/PycharmProjects/vec4irltr/model/ir/20210121231330551/model_word2vec_bibl_bible_bcn.vocabulary.* with mmap=None
[2021-01-23 21:47:15,542] INFO: loading vocabulary recursively from /Users/neo1/PycharmProjects/vec4irltr/model/ir/20210121231330551/model_word2vec_bibl_bible_bcn.vocabulary.* with mmap=None
[2021-01-23 21:47:15,543] INFO: loading trainables recursively from /Users/neo1/PycharmProjects/vec4irltr/model/ir/20210121231330551/model_word2vec_bibl_bible_bcn.trainables.* with mmap=None
[2021-01-23 21:47:15,543] INFO: loading trainables recursively from /Users/neo1/PycharmProjects/vec4irltr/model/ir/20210121231330551/model_word2vec_bibl_bible_bcn.trainables.* with mmap=None
[2021-01-23 21:47:15,543] INFO: setting ignored attribute cum_table to None
[2021-01-23 21:47:15,543] INFO: setting ignored attribute cum_table to None
[2021-01-23 21:47:15,544] INFO: loaded /Users/neo1/PycharmProjects/vec4irltr/model/ir/20210121231330551/model_word2vec_bibl_bible_bcn
[2021-01-23 21:47:15,544] INFO: loaded /Users/neo1/PycharmProjects/vec4irltr/model/ir/20210121231330551/model_word2vec_bibl_bible_bcn
[2021-01-23 21:47:15,545] INFO: load time:0.005877017974853516
[2021-01-23 21:47:15,545] INFO: load time:0.005877017974853516
[2021-01-23 21:47:16,549] INFO: pid:51447 done | load time: 1.0102009773254395
[2021-01-23 21:47:16,549] INFO: pid:51447 done | load time: 1.0102009773254395
[2021-01-23 21:47:16,549] INFO: loading model_word2vec_bibl_content
[2021-01-23 21:47:16,549] INFO: loading model_word2vec_bibl_content
[2021-01-23 21:47:16,550] INFO: loading Word2Vec object from /Users/neo1/PycharmProjects/vec4irltr/model/ir/20210121231330551/model_word2vec_bibl_content
[2021-01-23 21:47:16,550] INFO: loading Word2Vec object from /Users/neo1/PycharmProjects/vec4irltr/model/ir/20210121231330551/model_word2vec_bibl_content
[2021-01-23 21:47:16,561] INFO: loading wv recursively from /Users/neo1/PycharmProjects/vec4irltr/model/ir/20210121231330551/model_word2vec_bibl_content.wv.* with mmap=None
[2021-01-23 21:47:16,561] INFO: loading wv recursively from /Users/neo1/PycharmProjects/vec4irltr/model/ir/20210121231330551/model_word2vec_bibl_content.wv.* with mmap=None
[2021-01-23 21:47:16,561] INFO: setting ignored attribute vectors_norm to None
[2021-01-23 21:47:16,561] INFO: setting ignored attribute vectors_norm to None
[2021-01-23 21:47:16,562] INFO: loading vocabulary recursively from /Users/neo1/PycharmProjects/vec4irltr/model/ir/20210121231330551/model_word2vec_bibl_content.vocabulary.* with mmap=None
[2021-01-23 21:47:16,562] INFO: loading vocabulary recursively from /Users/neo1/PycharmProjects/vec4irltr/model/ir/20210121231330551/model_word2vec_bibl_content.vocabulary.* with mmap=None
[2021-01-23 21:47:16,562] INFO: loading trainables recursively from /Users/neo1/PycharmProjects/vec4irltr/model/ir/20210121231330551/model_word2vec_bibl_content.trainables.* with mmap=None
[2021-01-23 21:47:16,562] INFO: loading trainables recursively from /Users/neo1/PycharmProjects/vec4irltr/model/ir/20210121231330551/model_word2vec_bibl_content.trainables.* with mmap=None
[2021-01-23 21:47:16,563] INFO: setting ignored attribute cum_table to None
[2021-01-23 21:47:16,563] INFO: setting ignored attribute cum_table to None
[2021-01-23 21:47:16,563] INFO: loaded /Users/neo1/PycharmProjects/vec4irltr/model/ir/20210121231330551/model_word2vec_bibl_content
[2021-01-23 21:47:16,563] INFO: loaded /Users/neo1/PycharmProjects/vec4irltr/model/ir/20210121231330551/model_word2vec_bibl_content
[2021-01-23 21:47:16,565] INFO: load time:0.015492916107177734
[2021-01-23 21:47:16,565] INFO: load time:0.015492916107177734
[2021-01-23 21:47:17,567] INFO: pid:51447 done | load time: 1.01739501953125
[2021-01-23 21:47:17,567] INFO: pid:51447 done | load time: 1.01739501953125
[2021-01-23 21:47:17,568] INFO: loading model_word2vec_bibl_econtent
[2021-01-23 21:47:17,568] INFO: loading model_word2vec_bibl_econtent
[2021-01-23 21:47:17,568] INFO: loading Word2Vec object from /Users/neo1/PycharmProjects/vec4irltr/model/ir/20210121231330551/model_word2vec_bibl_econtent
[2021-01-23 21:47:17,568] INFO: loading Word2Vec object from /Users/neo1/PycharmProjects/vec4irltr/model/ir/20210121231330551/model_word2vec_bibl_econtent
[2021-01-23 21:47:17,569] INFO: loading wv recursively from /Users/neo1/PycharmProjects/vec4irltr/model/ir/20210121231330551/model_word2vec_bibl_econtent.wv.* with mmap=None
[2021-01-23 21:47:17,569] INFO: loading wv recursively from /Users/neo1/PycharmProjects/vec4irltr/model/ir/20210121231330551/model_word2vec_bibl_econtent.wv.* with mmap=None
[2021-01-23 21:47:17,570] INFO: setting ignored attribute vectors_norm to None
[2021-01-23 21:47:17,570] INFO: setting ignored attribute vectors_norm to None
[2021-01-23 21:47:17,570] INFO: loading vocabulary recursively from /Users/neo1/PycharmProjects/vec4irltr/model/ir/20210121231330551/model_word2vec_bibl_econtent.vocabulary.* with mmap=None
[2021-01-23 21:47:17,570] INFO: loading vocabulary recursively from /Users/neo1/PycharmProjects/vec4irltr/model/ir/20210121231330551/model_word2vec_bibl_econtent.vocabulary.* with mmap=None
[2021-01-23 21:47:17,570] INFO: loading trainables recursively from /Users/neo1/PycharmProjects/vec4irltr/model/ir/20210121231330551/model_word2vec_bibl_econtent.trainables.* with mmap=None
[2021-01-23 21:47:17,570] INFO: loading trainables recursively from /Users/neo1/PycharmProjects/vec4irltr/model/ir/20210121231330551/model_word2vec_bibl_econtent.trainables.* with mmap=None
[2021-01-23 21:47:17,571] INFO: setting ignored attribute cum_table to None
[2021-01-23 21:47:17,571] INFO: setting ignored attribute cum_table to None
[2021-01-23 21:47:17,571] INFO: loaded /Users/neo1/PycharmProjects/vec4irltr/model/ir/20210121231330551/model_word2vec_bibl_econtent
[2021-01-23 21:47:17,571] INFO: loaded /Users/neo1/PycharmProjects/vec4irltr/model/ir/20210121231330551/model_word2vec_bibl_econtent
[2021-01-23 21:47:17,572] INFO: load time:0.0035920143127441406
[2021-01-23 21:47:17,572] INFO: load time:0.0035920143127441406
[2021-01-23 21:47:18,576] INFO: pid:51447 done | load time: 1.0076920986175537
[2021-01-23 21:47:18,576] INFO: pid:51447 done | load time: 1.0076920986175537
[2021-01-23 21:47:26,157] INFO: api/search?q=태초에 하나님께서 천지를 창ㅈ
[2021-01-23 21:47:26,157] INFO: api/search?q=태초에 하나님께서 천지를 창ㅈ
[2021-01-23 21:47:30,472] INFO: api/search?q=태초에 하나님께서 천지를 창ㅈ
[2021-01-23 21:47:30,472] INFO: api/search?q=태초에 하나님께서 천지를 창ㅈ
[2021-01-23 21:47:40,669] INFO: api/search?q=태초
[2021-01-23 21:47:40,669] INFO: api/search?q=태초
[2021-01-23 21:47:45,883] INFO: api/search?q=태초에
[2021-01-23 21:47:45,883] INFO: api/search?q=태초에
