[2021-01-24 01:20:00,506] INFO: set_init_models_and_get_retrievals
[2021-01-24 01:20:00,506] INFO: set_init_models_and_get_retrievals
[2021-01-24 01:20:00,513] INFO: loading model_word2vec_bibl_bible_bcn
[2021-01-24 01:20:00,513] INFO: loading model_word2vec_bibl_bible_bcn
[2021-01-24 01:20:00,514] INFO: loading Word2Vec object from /Users/neo1/PycharmProjects/vec4irltr/model/ir/20210121231330551/model_word2vec_bibl_bible_bcn
[2021-01-24 01:20:00,514] INFO: loading Word2Vec object from /Users/neo1/PycharmProjects/vec4irltr/model/ir/20210121231330551/model_word2vec_bibl_bible_bcn
[2021-01-24 01:20:00,518] INFO: loading wv recursively from /Users/neo1/PycharmProjects/vec4irltr/model/ir/20210121231330551/model_word2vec_bibl_bible_bcn.wv.* with mmap=None
[2021-01-24 01:20:00,518] INFO: loading wv recursively from /Users/neo1/PycharmProjects/vec4irltr/model/ir/20210121231330551/model_word2vec_bibl_bible_bcn.wv.* with mmap=None
[2021-01-24 01:20:00,519] INFO: setting ignored attribute vectors_norm to None
[2021-01-24 01:20:00,519] INFO: setting ignored attribute vectors_norm to None
[2021-01-24 01:20:00,520] INFO: loading vocabulary recursively from /Users/neo1/PycharmProjects/vec4irltr/model/ir/20210121231330551/model_word2vec_bibl_bible_bcn.vocabulary.* with mmap=None
[2021-01-24 01:20:00,520] INFO: loading vocabulary recursively from /Users/neo1/PycharmProjects/vec4irltr/model/ir/20210121231330551/model_word2vec_bibl_bible_bcn.vocabulary.* with mmap=None
[2021-01-24 01:20:00,520] INFO: loading trainables recursively from /Users/neo1/PycharmProjects/vec4irltr/model/ir/20210121231330551/model_word2vec_bibl_bible_bcn.trainables.* with mmap=None
[2021-01-24 01:20:00,520] INFO: loading trainables recursively from /Users/neo1/PycharmProjects/vec4irltr/model/ir/20210121231330551/model_word2vec_bibl_bible_bcn.trainables.* with mmap=None
[2021-01-24 01:20:00,521] INFO: setting ignored attribute cum_table to None
[2021-01-24 01:20:00,521] INFO: setting ignored attribute cum_table to None
[2021-01-24 01:20:00,523] INFO: loaded /Users/neo1/PycharmProjects/vec4irltr/model/ir/20210121231330551/model_word2vec_bibl_bible_bcn
[2021-01-24 01:20:00,523] INFO: loaded /Users/neo1/PycharmProjects/vec4irltr/model/ir/20210121231330551/model_word2vec_bibl_bible_bcn
[2021-01-24 01:20:00,534] INFO: load time:0.020591259002685547
[2021-01-24 01:20:00,534] INFO: load time:0.020591259002685547
[2021-01-24 01:20:01,540] INFO: pid:66546 done | load time: 1.0264601707458496
[2021-01-24 01:20:01,540] INFO: pid:66546 done | load time: 1.0264601707458496
[2021-01-24 01:20:01,542] INFO: loading model_word2vec_bibl_content
[2021-01-24 01:20:01,542] INFO: loading model_word2vec_bibl_content
[2021-01-24 01:20:01,542] INFO: loading Word2Vec object from /Users/neo1/PycharmProjects/vec4irltr/model/ir/20210121231330551/model_word2vec_bibl_content
[2021-01-24 01:20:01,542] INFO: loading Word2Vec object from /Users/neo1/PycharmProjects/vec4irltr/model/ir/20210121231330551/model_word2vec_bibl_content
[2021-01-24 01:20:01,559] INFO: loading wv recursively from /Users/neo1/PycharmProjects/vec4irltr/model/ir/20210121231330551/model_word2vec_bibl_content.wv.* with mmap=None
[2021-01-24 01:20:01,559] INFO: loading wv recursively from /Users/neo1/PycharmProjects/vec4irltr/model/ir/20210121231330551/model_word2vec_bibl_content.wv.* with mmap=None
[2021-01-24 01:20:01,560] INFO: setting ignored attribute vectors_norm to None
[2021-01-24 01:20:01,560] INFO: setting ignored attribute vectors_norm to None
[2021-01-24 01:20:01,561] INFO: loading vocabulary recursively from /Users/neo1/PycharmProjects/vec4irltr/model/ir/20210121231330551/model_word2vec_bibl_content.vocabulary.* with mmap=None
[2021-01-24 01:20:01,561] INFO: loading vocabulary recursively from /Users/neo1/PycharmProjects/vec4irltr/model/ir/20210121231330551/model_word2vec_bibl_content.vocabulary.* with mmap=None
[2021-01-24 01:20:01,562] INFO: loading trainables recursively from /Users/neo1/PycharmProjects/vec4irltr/model/ir/20210121231330551/model_word2vec_bibl_content.trainables.* with mmap=None
[2021-01-24 01:20:01,562] INFO: loading trainables recursively from /Users/neo1/PycharmProjects/vec4irltr/model/ir/20210121231330551/model_word2vec_bibl_content.trainables.* with mmap=None
[2021-01-24 01:20:01,562] INFO: setting ignored attribute cum_table to None
[2021-01-24 01:20:01,562] INFO: setting ignored attribute cum_table to None
[2021-01-24 01:20:01,564] INFO: loaded /Users/neo1/PycharmProjects/vec4irltr/model/ir/20210121231330551/model_word2vec_bibl_content
[2021-01-24 01:20:01,564] INFO: loaded /Users/neo1/PycharmProjects/vec4irltr/model/ir/20210121231330551/model_word2vec_bibl_content
[2021-01-24 01:20:01,568] INFO: load time:0.025305986404418945
[2021-01-24 01:20:01,568] INFO: load time:0.025305986404418945
[2021-01-24 01:20:02,573] INFO: pid:66546 done | load time: 1.0304408073425293
[2021-01-24 01:20:02,573] INFO: pid:66546 done | load time: 1.0304408073425293
[2021-01-24 01:20:02,574] INFO: loading model_word2vec_bibl_econtent
[2021-01-24 01:20:02,574] INFO: loading model_word2vec_bibl_econtent
[2021-01-24 01:20:02,574] INFO: loading Word2Vec object from /Users/neo1/PycharmProjects/vec4irltr/model/ir/20210121231330551/model_word2vec_bibl_econtent
[2021-01-24 01:20:02,574] INFO: loading Word2Vec object from /Users/neo1/PycharmProjects/vec4irltr/model/ir/20210121231330551/model_word2vec_bibl_econtent
[2021-01-24 01:20:02,577] INFO: loading wv recursively from /Users/neo1/PycharmProjects/vec4irltr/model/ir/20210121231330551/model_word2vec_bibl_econtent.wv.* with mmap=None
[2021-01-24 01:20:02,577] INFO: loading wv recursively from /Users/neo1/PycharmProjects/vec4irltr/model/ir/20210121231330551/model_word2vec_bibl_econtent.wv.* with mmap=None
[2021-01-24 01:20:02,578] INFO: setting ignored attribute vectors_norm to None
[2021-01-24 01:20:02,578] INFO: setting ignored attribute vectors_norm to None
[2021-01-24 01:20:02,578] INFO: loading vocabulary recursively from /Users/neo1/PycharmProjects/vec4irltr/model/ir/20210121231330551/model_word2vec_bibl_econtent.vocabulary.* with mmap=None
[2021-01-24 01:20:02,578] INFO: loading vocabulary recursively from /Users/neo1/PycharmProjects/vec4irltr/model/ir/20210121231330551/model_word2vec_bibl_econtent.vocabulary.* with mmap=None
[2021-01-24 01:20:02,579] INFO: loading trainables recursively from /Users/neo1/PycharmProjects/vec4irltr/model/ir/20210121231330551/model_word2vec_bibl_econtent.trainables.* with mmap=None
[2021-01-24 01:20:02,579] INFO: loading trainables recursively from /Users/neo1/PycharmProjects/vec4irltr/model/ir/20210121231330551/model_word2vec_bibl_econtent.trainables.* with mmap=None
[2021-01-24 01:20:02,580] INFO: setting ignored attribute cum_table to None
[2021-01-24 01:20:02,580] INFO: setting ignored attribute cum_table to None
[2021-01-24 01:20:02,581] INFO: loaded /Users/neo1/PycharmProjects/vec4irltr/model/ir/20210121231330551/model_word2vec_bibl_econtent
[2021-01-24 01:20:02,581] INFO: loaded /Users/neo1/PycharmProjects/vec4irltr/model/ir/20210121231330551/model_word2vec_bibl_econtent
[2021-01-24 01:20:02,582] INFO: load time:0.0072782039642333984
[2021-01-24 01:20:02,582] INFO: load time:0.0072782039642333984
[2021-01-24 01:20:03,587] INFO: pid:66546 done | load time: 1.0121252536773682
[2021-01-24 01:20:03,587] INFO: pid:66546 done | load time: 1.0121252536773682
