[2021-02-01 22:17:14,125] INFO: set_init_models_and_get_retrievals
[2021-02-01 22:17:14,125] INFO: set_init_models_and_get_retrievals
[2021-02-01 22:17:14,129] INFO: loading model_word2vec_bibl_bible_bcn
[2021-02-01 22:17:14,129] INFO: loading model_word2vec_bibl_bible_bcn
[2021-02-01 22:17:14,129] INFO: loading Word2Vec object from /Users/neo1/PycharmProjects/vec4irltr/model/ir/20210127210618894/model_word2vec_bibl_bible_bcn
[2021-02-01 22:17:14,129] INFO: loading Word2Vec object from /Users/neo1/PycharmProjects/vec4irltr/model/ir/20210127210618894/model_word2vec_bibl_bible_bcn
[2021-02-01 22:17:14,131] INFO: loading wv recursively from /Users/neo1/PycharmProjects/vec4irltr/model/ir/20210127210618894/model_word2vec_bibl_bible_bcn.wv.* with mmap=None
[2021-02-01 22:17:14,131] INFO: loading wv recursively from /Users/neo1/PycharmProjects/vec4irltr/model/ir/20210127210618894/model_word2vec_bibl_bible_bcn.wv.* with mmap=None
[2021-02-01 22:17:14,132] INFO: setting ignored attribute vectors_norm to None
[2021-02-01 22:17:14,132] INFO: setting ignored attribute vectors_norm to None
[2021-02-01 22:17:14,132] INFO: loading vocabulary recursively from /Users/neo1/PycharmProjects/vec4irltr/model/ir/20210127210618894/model_word2vec_bibl_bible_bcn.vocabulary.* with mmap=None
[2021-02-01 22:17:14,132] INFO: loading vocabulary recursively from /Users/neo1/PycharmProjects/vec4irltr/model/ir/20210127210618894/model_word2vec_bibl_bible_bcn.vocabulary.* with mmap=None
[2021-02-01 22:17:14,132] INFO: loading trainables recursively from /Users/neo1/PycharmProjects/vec4irltr/model/ir/20210127210618894/model_word2vec_bibl_bible_bcn.trainables.* with mmap=None
[2021-02-01 22:17:14,132] INFO: loading trainables recursively from /Users/neo1/PycharmProjects/vec4irltr/model/ir/20210127210618894/model_word2vec_bibl_bible_bcn.trainables.* with mmap=None
[2021-02-01 22:17:14,133] INFO: setting ignored attribute cum_table to None
[2021-02-01 22:17:14,133] INFO: setting ignored attribute cum_table to None
[2021-02-01 22:17:14,133] INFO: loaded /Users/neo1/PycharmProjects/vec4irltr/model/ir/20210127210618894/model_word2vec_bibl_bible_bcn
[2021-02-01 22:17:14,133] INFO: loaded /Users/neo1/PycharmProjects/vec4irltr/model/ir/20210127210618894/model_word2vec_bibl_bible_bcn
[2021-02-01 22:17:14,133] INFO: load time:0.004248857498168945
[2021-02-01 22:17:14,133] INFO: load time:0.004248857498168945
[2021-02-01 22:17:15,137] INFO: pid:47134 done | load time: 1.0076818466186523
[2021-02-01 22:17:15,137] INFO: pid:47134 done | load time: 1.0076818466186523
[2021-02-01 22:17:15,137] INFO: loading model_word2vec_bibl_content
[2021-02-01 22:17:15,137] INFO: loading model_word2vec_bibl_content
[2021-02-01 22:17:15,138] INFO: loading Word2Vec object from /Users/neo1/PycharmProjects/vec4irltr/model/ir/20210127210618894/model_word2vec_bibl_content
[2021-02-01 22:17:15,138] INFO: loading Word2Vec object from /Users/neo1/PycharmProjects/vec4irltr/model/ir/20210127210618894/model_word2vec_bibl_content
[2021-02-01 22:17:15,149] INFO: loading wv recursively from /Users/neo1/PycharmProjects/vec4irltr/model/ir/20210127210618894/model_word2vec_bibl_content.wv.* with mmap=None
[2021-02-01 22:17:15,149] INFO: loading wv recursively from /Users/neo1/PycharmProjects/vec4irltr/model/ir/20210127210618894/model_word2vec_bibl_content.wv.* with mmap=None
[2021-02-01 22:17:15,149] INFO: setting ignored attribute vectors_norm to None
[2021-02-01 22:17:15,149] INFO: setting ignored attribute vectors_norm to None
[2021-02-01 22:17:15,149] INFO: loading vocabulary recursively from /Users/neo1/PycharmProjects/vec4irltr/model/ir/20210127210618894/model_word2vec_bibl_content.vocabulary.* with mmap=None
[2021-02-01 22:17:15,149] INFO: loading vocabulary recursively from /Users/neo1/PycharmProjects/vec4irltr/model/ir/20210127210618894/model_word2vec_bibl_content.vocabulary.* with mmap=None
[2021-02-01 22:17:15,150] INFO: loading trainables recursively from /Users/neo1/PycharmProjects/vec4irltr/model/ir/20210127210618894/model_word2vec_bibl_content.trainables.* with mmap=None
[2021-02-01 22:17:15,150] INFO: loading trainables recursively from /Users/neo1/PycharmProjects/vec4irltr/model/ir/20210127210618894/model_word2vec_bibl_content.trainables.* with mmap=None
[2021-02-01 22:17:15,150] INFO: setting ignored attribute cum_table to None
[2021-02-01 22:17:15,150] INFO: setting ignored attribute cum_table to None
[2021-02-01 22:17:15,151] INFO: loaded /Users/neo1/PycharmProjects/vec4irltr/model/ir/20210127210618894/model_word2vec_bibl_content
[2021-02-01 22:17:15,151] INFO: loaded /Users/neo1/PycharmProjects/vec4irltr/model/ir/20210127210618894/model_word2vec_bibl_content
[2021-02-01 22:17:15,153] INFO: load time:0.015284061431884766
[2021-02-01 22:17:15,153] INFO: load time:0.015284061431884766
[2021-02-01 22:17:16,154] INFO: pid:47134 done | load time: 1.0166699886322021
[2021-02-01 22:17:16,154] INFO: pid:47134 done | load time: 1.0166699886322021
[2021-02-01 22:17:16,155] INFO: loading model_word2vec_bibl_econtent
[2021-02-01 22:17:16,155] INFO: loading model_word2vec_bibl_econtent
[2021-02-01 22:17:16,156] INFO: loading Word2Vec object from /Users/neo1/PycharmProjects/vec4irltr/model/ir/20210127210618894/model_word2vec_bibl_econtent
[2021-02-01 22:17:16,156] INFO: loading Word2Vec object from /Users/neo1/PycharmProjects/vec4irltr/model/ir/20210127210618894/model_word2vec_bibl_econtent
[2021-02-01 22:17:16,158] INFO: loading wv recursively from /Users/neo1/PycharmProjects/vec4irltr/model/ir/20210127210618894/model_word2vec_bibl_econtent.wv.* with mmap=None
[2021-02-01 22:17:16,158] INFO: loading wv recursively from /Users/neo1/PycharmProjects/vec4irltr/model/ir/20210127210618894/model_word2vec_bibl_econtent.wv.* with mmap=None
[2021-02-01 22:17:16,158] INFO: setting ignored attribute vectors_norm to None
[2021-02-01 22:17:16,158] INFO: setting ignored attribute vectors_norm to None
[2021-02-01 22:17:16,159] INFO: loading vocabulary recursively from /Users/neo1/PycharmProjects/vec4irltr/model/ir/20210127210618894/model_word2vec_bibl_econtent.vocabulary.* with mmap=None
[2021-02-01 22:17:16,159] INFO: loading vocabulary recursively from /Users/neo1/PycharmProjects/vec4irltr/model/ir/20210127210618894/model_word2vec_bibl_econtent.vocabulary.* with mmap=None
[2021-02-01 22:17:16,159] INFO: loading trainables recursively from /Users/neo1/PycharmProjects/vec4irltr/model/ir/20210127210618894/model_word2vec_bibl_econtent.trainables.* with mmap=None
[2021-02-01 22:17:16,159] INFO: loading trainables recursively from /Users/neo1/PycharmProjects/vec4irltr/model/ir/20210127210618894/model_word2vec_bibl_econtent.trainables.* with mmap=None
[2021-02-01 22:17:16,159] INFO: setting ignored attribute cum_table to None
[2021-02-01 22:17:16,159] INFO: setting ignored attribute cum_table to None
[2021-02-01 22:17:16,160] INFO: loaded /Users/neo1/PycharmProjects/vec4irltr/model/ir/20210127210618894/model_word2vec_bibl_econtent
[2021-02-01 22:17:16,160] INFO: loaded /Users/neo1/PycharmProjects/vec4irltr/model/ir/20210127210618894/model_word2vec_bibl_econtent
[2021-02-01 22:17:16,160] INFO: load time:0.0047626495361328125
[2021-02-01 22:17:16,160] INFO: load time:0.0047626495361328125
[2021-02-01 22:17:17,164] INFO: pid:47134 done | load time: 1.008375644683838
[2021-02-01 22:17:17,164] INFO: pid:47134 done | load time: 1.008375644683838
[2021-02-01 22:17:55,196] INFO: api/search?q=태초에 하나님께서 천지를
[2021-02-01 22:17:55,196] INFO: api/search?q=태초에 하나님께서 천지를
[2021-02-01 22:17:55,364] ERROR: Internal Server Error: /api/search
Traceback (most recent call last):
  File "/Users/neo1/PycharmProjects/vec4irltr/venv/lib/python3.8/site-packages/django/core/handlers/exception.py", line 34, in inner
    response = get_response(request)
  File "/Users/neo1/PycharmProjects/vec4irltr/venv/lib/python3.8/site-packages/django/core/handlers/base.py", line 126, in _get_response
    response = self.process_exception_by_middleware(e, request)
  File "/Users/neo1/PycharmProjects/vec4irltr/venv/lib/python3.8/site-packages/django/core/handlers/base.py", line 124, in _get_response
    response = wrapped_callback(request, *callback_args, **callback_kwargs)
  File "/Users/neo1/PycharmProjects/vec4irltr/venv/lib/python3.8/site-packages/ninja/operation.py", line 227, in _sync_view
    return operation.run(request, *a, **kw)
  File "/Users/neo1/PycharmProjects/vec4irltr/venv/lib/python3.8/site-packages/ninja/operation.py", line 60, in run
    return self._result_to_response(request, result)
  File "/Users/neo1/PycharmProjects/vec4irltr/venv/lib/python3.8/site-packages/ninja/operation.py", line 98, in _result_to_response
    return self.api.create_response(request, result)
  File "/Users/neo1/PycharmProjects/vec4irltr/venv/lib/python3.8/site-packages/ninja/main.py", line 220, in create_response
    content = self.renderer.render(request, data, response_status=status)
  File "/Users/neo1/PycharmProjects/vec4irltr/venv/lib/python3.8/site-packages/ninja/renderers.py", line 21, in render
    return json.dumps(data, cls=self.encoder_class, **self.json_dumps_params)
  File "/Library/Frameworks/Python.framework/Versions/3.8/lib/python3.8/json/__init__.py", line 234, in dumps
    return cls(
  File "/Library/Frameworks/Python.framework/Versions/3.8/lib/python3.8/json/encoder.py", line 199, in encode
    chunks = self.iterencode(o, _one_shot=True)
  File "/Library/Frameworks/Python.framework/Versions/3.8/lib/python3.8/json/encoder.py", line 257, in iterencode
    return _iterencode(o, 0)
  File "/Users/neo1/PycharmProjects/vec4irltr/venv/lib/python3.8/site-packages/ninja/responses.py", line 10, in default
    return super().default(o)
  File "/Users/neo1/PycharmProjects/vec4irltr/venv/lib/python3.8/site-packages/django/core/serializers/json.py", line 104, in default
    return super().default(o)
  File "/Library/Frameworks/Python.framework/Versions/3.8/lib/python3.8/json/encoder.py", line 179, in default
    raise TypeError(f'Object of type {o.__class__.__name__} '
TypeError: Object of type Series is not JSON serializable
[2021-02-01 22:17:55,364] ERROR: Internal Server Error: /api/search
Traceback (most recent call last):
  File "/Users/neo1/PycharmProjects/vec4irltr/venv/lib/python3.8/site-packages/django/core/handlers/exception.py", line 34, in inner
    response = get_response(request)
  File "/Users/neo1/PycharmProjects/vec4irltr/venv/lib/python3.8/site-packages/django/core/handlers/base.py", line 126, in _get_response
    response = self.process_exception_by_middleware(e, request)
  File "/Users/neo1/PycharmProjects/vec4irltr/venv/lib/python3.8/site-packages/django/core/handlers/base.py", line 124, in _get_response
    response = wrapped_callback(request, *callback_args, **callback_kwargs)
  File "/Users/neo1/PycharmProjects/vec4irltr/venv/lib/python3.8/site-packages/ninja/operation.py", line 227, in _sync_view
    return operation.run(request, *a, **kw)
  File "/Users/neo1/PycharmProjects/vec4irltr/venv/lib/python3.8/site-packages/ninja/operation.py", line 60, in run
    return self._result_to_response(request, result)
  File "/Users/neo1/PycharmProjects/vec4irltr/venv/lib/python3.8/site-packages/ninja/operation.py", line 98, in _result_to_response
    return self.api.create_response(request, result)
  File "/Users/neo1/PycharmProjects/vec4irltr/venv/lib/python3.8/site-packages/ninja/main.py", line 220, in create_response
    content = self.renderer.render(request, data, response_status=status)
  File "/Users/neo1/PycharmProjects/vec4irltr/venv/lib/python3.8/site-packages/ninja/renderers.py", line 21, in render
    return json.dumps(data, cls=self.encoder_class, **self.json_dumps_params)
  File "/Library/Frameworks/Python.framework/Versions/3.8/lib/python3.8/json/__init__.py", line 234, in dumps
    return cls(
  File "/Library/Frameworks/Python.framework/Versions/3.8/lib/python3.8/json/encoder.py", line 199, in encode
    chunks = self.iterencode(o, _one_shot=True)
  File "/Library/Frameworks/Python.framework/Versions/3.8/lib/python3.8/json/encoder.py", line 257, in iterencode
    return _iterencode(o, 0)
  File "/Users/neo1/PycharmProjects/vec4irltr/venv/lib/python3.8/site-packages/ninja/responses.py", line 10, in default
    return super().default(o)
  File "/Users/neo1/PycharmProjects/vec4irltr/venv/lib/python3.8/site-packages/django/core/serializers/json.py", line 104, in default
    return super().default(o)
  File "/Library/Frameworks/Python.framework/Versions/3.8/lib/python3.8/json/encoder.py", line 179, in default
    raise TypeError(f'Object of type {o.__class__.__name__} '
TypeError: Object of type Series is not JSON serializable
