[2021-01-22 00:29:30,424] INFO: loading model_word2vec_bibl_bible_bcn
[2021-01-22 00:29:30,424] INFO: loading model_word2vec_bibl_bible_bcn
[2021-01-22 00:29:30,425] INFO: loading Word2Vec object from /Users/neo1/PycharmProjects/vec4irltr/model/ir/20210121231330551/model_word2vec_bibl_bible_bcn
[2021-01-22 00:29:30,425] INFO: loading Word2Vec object from /Users/neo1/PycharmProjects/vec4irltr/model/ir/20210121231330551/model_word2vec_bibl_bible_bcn
[2021-01-22 00:29:30,429] INFO: loading wv recursively from /Users/neo1/PycharmProjects/vec4irltr/model/ir/20210121231330551/model_word2vec_bibl_bible_bcn.wv.* with mmap=None
[2021-01-22 00:29:30,429] INFO: loading wv recursively from /Users/neo1/PycharmProjects/vec4irltr/model/ir/20210121231330551/model_word2vec_bibl_bible_bcn.wv.* with mmap=None
[2021-01-22 00:29:30,429] INFO: setting ignored attribute vectors_norm to None
[2021-01-22 00:29:30,429] INFO: setting ignored attribute vectors_norm to None
[2021-01-22 00:29:30,429] INFO: loading vocabulary recursively from /Users/neo1/PycharmProjects/vec4irltr/model/ir/20210121231330551/model_word2vec_bibl_bible_bcn.vocabulary.* with mmap=None
[2021-01-22 00:29:30,429] INFO: loading vocabulary recursively from /Users/neo1/PycharmProjects/vec4irltr/model/ir/20210121231330551/model_word2vec_bibl_bible_bcn.vocabulary.* with mmap=None
[2021-01-22 00:29:30,430] INFO: loading trainables recursively from /Users/neo1/PycharmProjects/vec4irltr/model/ir/20210121231330551/model_word2vec_bibl_bible_bcn.trainables.* with mmap=None
[2021-01-22 00:29:30,430] INFO: loading trainables recursively from /Users/neo1/PycharmProjects/vec4irltr/model/ir/20210121231330551/model_word2vec_bibl_bible_bcn.trainables.* with mmap=None
[2021-01-22 00:29:30,430] INFO: setting ignored attribute cum_table to None
[2021-01-22 00:29:30,430] INFO: setting ignored attribute cum_table to None
[2021-01-22 00:29:30,430] INFO: loaded /Users/neo1/PycharmProjects/vec4irltr/model/ir/20210121231330551/model_word2vec_bibl_bible_bcn
[2021-01-22 00:29:30,430] INFO: loaded /Users/neo1/PycharmProjects/vec4irltr/model/ir/20210121231330551/model_word2vec_bibl_bible_bcn
[2021-01-22 00:29:30,431] INFO: load time:0.005377054214477539
[2021-01-22 00:29:30,431] INFO: load time:0.005377054214477539
[2021-01-22 00:29:31,433] INFO: pid:16327 done | load time: 1.0078861713409424
[2021-01-22 00:29:31,433] INFO: pid:16327 done | load time: 1.0078861713409424
[2021-01-22 00:29:31,434] INFO: loading model_word2vec_bibl_content
[2021-01-22 00:29:31,434] INFO: loading model_word2vec_bibl_content
[2021-01-22 00:29:31,434] INFO: loading Word2Vec object from /Users/neo1/PycharmProjects/vec4irltr/model/ir/20210121231330551/model_word2vec_bibl_content
[2021-01-22 00:29:31,434] INFO: loading Word2Vec object from /Users/neo1/PycharmProjects/vec4irltr/model/ir/20210121231330551/model_word2vec_bibl_content
[2021-01-22 00:29:31,453] INFO: loading wv recursively from /Users/neo1/PycharmProjects/vec4irltr/model/ir/20210121231330551/model_word2vec_bibl_content.wv.* with mmap=None
[2021-01-22 00:29:31,453] INFO: loading wv recursively from /Users/neo1/PycharmProjects/vec4irltr/model/ir/20210121231330551/model_word2vec_bibl_content.wv.* with mmap=None
[2021-01-22 00:29:31,453] INFO: setting ignored attribute vectors_norm to None
[2021-01-22 00:29:31,453] INFO: setting ignored attribute vectors_norm to None
[2021-01-22 00:29:31,454] INFO: loading vocabulary recursively from /Users/neo1/PycharmProjects/vec4irltr/model/ir/20210121231330551/model_word2vec_bibl_content.vocabulary.* with mmap=None
[2021-01-22 00:29:31,454] INFO: loading vocabulary recursively from /Users/neo1/PycharmProjects/vec4irltr/model/ir/20210121231330551/model_word2vec_bibl_content.vocabulary.* with mmap=None
[2021-01-22 00:29:31,454] INFO: loading trainables recursively from /Users/neo1/PycharmProjects/vec4irltr/model/ir/20210121231330551/model_word2vec_bibl_content.trainables.* with mmap=None
[2021-01-22 00:29:31,454] INFO: loading trainables recursively from /Users/neo1/PycharmProjects/vec4irltr/model/ir/20210121231330551/model_word2vec_bibl_content.trainables.* with mmap=None
[2021-01-22 00:29:31,455] INFO: setting ignored attribute cum_table to None
[2021-01-22 00:29:31,455] INFO: setting ignored attribute cum_table to None
[2021-01-22 00:29:31,455] INFO: loaded /Users/neo1/PycharmProjects/vec4irltr/model/ir/20210121231330551/model_word2vec_bibl_content
[2021-01-22 00:29:31,455] INFO: loaded /Users/neo1/PycharmProjects/vec4irltr/model/ir/20210121231330551/model_word2vec_bibl_content
[2021-01-22 00:29:31,458] INFO: load time:0.023253202438354492
[2021-01-22 00:29:31,458] INFO: load time:0.023253202438354492
[2021-01-22 00:29:32,459] INFO: pid:16327 done | load time: 1.025177001953125
[2021-01-22 00:29:32,459] INFO: pid:16327 done | load time: 1.025177001953125
[2021-01-22 00:29:32,460] INFO: loading model_word2vec_bibl_econtent
[2021-01-22 00:29:32,460] INFO: loading model_word2vec_bibl_econtent
[2021-01-22 00:29:32,460] INFO: loading Word2Vec object from /Users/neo1/PycharmProjects/vec4irltr/model/ir/20210121231330551/model_word2vec_bibl_econtent
[2021-01-22 00:29:32,460] INFO: loading Word2Vec object from /Users/neo1/PycharmProjects/vec4irltr/model/ir/20210121231330551/model_word2vec_bibl_econtent
[2021-01-22 00:29:32,465] INFO: loading wv recursively from /Users/neo1/PycharmProjects/vec4irltr/model/ir/20210121231330551/model_word2vec_bibl_econtent.wv.* with mmap=None
[2021-01-22 00:29:32,465] INFO: loading wv recursively from /Users/neo1/PycharmProjects/vec4irltr/model/ir/20210121231330551/model_word2vec_bibl_econtent.wv.* with mmap=None
[2021-01-22 00:29:32,466] INFO: setting ignored attribute vectors_norm to None
[2021-01-22 00:29:32,466] INFO: setting ignored attribute vectors_norm to None
[2021-01-22 00:29:32,466] INFO: loading vocabulary recursively from /Users/neo1/PycharmProjects/vec4irltr/model/ir/20210121231330551/model_word2vec_bibl_econtent.vocabulary.* with mmap=None
[2021-01-22 00:29:32,466] INFO: loading vocabulary recursively from /Users/neo1/PycharmProjects/vec4irltr/model/ir/20210121231330551/model_word2vec_bibl_econtent.vocabulary.* with mmap=None
[2021-01-22 00:29:32,467] INFO: loading trainables recursively from /Users/neo1/PycharmProjects/vec4irltr/model/ir/20210121231330551/model_word2vec_bibl_econtent.trainables.* with mmap=None
[2021-01-22 00:29:32,467] INFO: loading trainables recursively from /Users/neo1/PycharmProjects/vec4irltr/model/ir/20210121231330551/model_word2vec_bibl_econtent.trainables.* with mmap=None
[2021-01-22 00:29:32,467] INFO: setting ignored attribute cum_table to None
[2021-01-22 00:29:32,467] INFO: setting ignored attribute cum_table to None
[2021-01-22 00:29:32,467] INFO: loaded /Users/neo1/PycharmProjects/vec4irltr/model/ir/20210121231330551/model_word2vec_bibl_econtent
[2021-01-22 00:29:32,467] INFO: loaded /Users/neo1/PycharmProjects/vec4irltr/model/ir/20210121231330551/model_word2vec_bibl_econtent
[2021-01-22 00:29:32,468] INFO: load time:0.007502079010009766
[2021-01-22 00:29:32,468] INFO: load time:0.007502079010009766
[2021-01-22 00:29:33,471] INFO: pid:16327 done | load time: 1.0102789402008057
[2021-01-22 00:29:33,471] INFO: pid:16327 done | load time: 1.0102789402008057
[2021-01-22 00:29:37,336] INFO: loading model_fasttext_bibl_bible_bcn
[2021-01-22 00:29:37,336] INFO: loading model_fasttext_bibl_bible_bcn
[2021-01-22 00:29:37,336] INFO: loading FastText object from /Users/neo1/PycharmProjects/vec4irltr/model/ir/20210121231330551/model_fasttext_bibl_bible_bcn
[2021-01-22 00:29:37,336] INFO: loading FastText object from /Users/neo1/PycharmProjects/vec4irltr/model/ir/20210121231330551/model_fasttext_bibl_bible_bcn
[2021-01-22 00:29:37,343] INFO: loading wv recursively from /Users/neo1/PycharmProjects/vec4irltr/model/ir/20210121231330551/model_fasttext_bibl_bible_bcn.wv.* with mmap=None
[2021-01-22 00:29:37,343] INFO: loading wv recursively from /Users/neo1/PycharmProjects/vec4irltr/model/ir/20210121231330551/model_fasttext_bibl_bible_bcn.wv.* with mmap=None
[2021-01-22 00:29:37,344] INFO: loading vectors_ngrams from /Users/neo1/PycharmProjects/vec4irltr/model/ir/20210121231330551/model_fasttext_bibl_bible_bcn.wv.vectors_ngrams.npy with mmap=None
[2021-01-22 00:29:37,344] INFO: loading vectors_ngrams from /Users/neo1/PycharmProjects/vec4irltr/model/ir/20210121231330551/model_fasttext_bibl_bible_bcn.wv.vectors_ngrams.npy with mmap=None
[2021-01-22 00:29:39,002] INFO: setting ignored attribute vectors_norm to None
[2021-01-22 00:29:39,002] INFO: setting ignored attribute vectors_norm to None
[2021-01-22 00:29:39,002] INFO: setting ignored attribute vectors_vocab_norm to None
[2021-01-22 00:29:39,002] INFO: setting ignored attribute vectors_vocab_norm to None
[2021-01-22 00:29:39,003] INFO: setting ignored attribute vectors_ngrams_norm to None
[2021-01-22 00:29:39,003] INFO: setting ignored attribute vectors_ngrams_norm to None
[2021-01-22 00:29:39,003] INFO: setting ignored attribute buckets_word to None
[2021-01-22 00:29:39,003] INFO: setting ignored attribute buckets_word to None
[2021-01-22 00:29:39,003] INFO: loading vocabulary recursively from /Users/neo1/PycharmProjects/vec4irltr/model/ir/20210121231330551/model_fasttext_bibl_bible_bcn.vocabulary.* with mmap=None
[2021-01-22 00:29:39,003] INFO: loading vocabulary recursively from /Users/neo1/PycharmProjects/vec4irltr/model/ir/20210121231330551/model_fasttext_bibl_bible_bcn.vocabulary.* with mmap=None
[2021-01-22 00:29:39,004] INFO: loading trainables recursively from /Users/neo1/PycharmProjects/vec4irltr/model/ir/20210121231330551/model_fasttext_bibl_bible_bcn.trainables.* with mmap=None
[2021-01-22 00:29:39,004] INFO: loading trainables recursively from /Users/neo1/PycharmProjects/vec4irltr/model/ir/20210121231330551/model_fasttext_bibl_bible_bcn.trainables.* with mmap=None
[2021-01-22 00:29:39,004] INFO: loading vectors_ngrams_lockf from /Users/neo1/PycharmProjects/vec4irltr/model/ir/20210121231330551/model_fasttext_bibl_bible_bcn.trainables.vectors_ngrams_lockf.npy with mmap=None
[2021-01-22 00:29:39,004] INFO: loading vectors_ngrams_lockf from /Users/neo1/PycharmProjects/vec4irltr/model/ir/20210121231330551/model_fasttext_bibl_bible_bcn.trainables.vectors_ngrams_lockf.npy with mmap=None
[2021-01-22 00:29:41,262] INFO: loaded /Users/neo1/PycharmProjects/vec4irltr/model/ir/20210121231330551/model_fasttext_bibl_bible_bcn
[2021-01-22 00:29:41,262] INFO: loaded /Users/neo1/PycharmProjects/vec4irltr/model/ir/20210121231330551/model_fasttext_bibl_bible_bcn
[2021-01-22 00:29:41,263] INFO: load time:3.9266092777252197
[2021-01-22 00:29:41,263] INFO: load time:3.9266092777252197
[2021-01-22 00:29:42,264] INFO: pid:16327 done | load time: 4.927282333374023
[2021-01-22 00:29:42,264] INFO: pid:16327 done | load time: 4.927282333374023
[2021-01-22 00:29:42,264] INFO: loading model_fasttext_bibl_content
[2021-01-22 00:29:42,264] INFO: loading model_fasttext_bibl_content
[2021-01-22 00:29:42,264] INFO: loading FastText object from /Users/neo1/PycharmProjects/vec4irltr/model/ir/20210121231330551/model_fasttext_bibl_content
[2021-01-22 00:29:42,264] INFO: loading FastText object from /Users/neo1/PycharmProjects/vec4irltr/model/ir/20210121231330551/model_fasttext_bibl_content
[2021-01-22 00:29:42,301] INFO: loading wv recursively from /Users/neo1/PycharmProjects/vec4irltr/model/ir/20210121231330551/model_fasttext_bibl_content.wv.* with mmap=None
[2021-01-22 00:29:42,301] INFO: loading wv recursively from /Users/neo1/PycharmProjects/vec4irltr/model/ir/20210121231330551/model_fasttext_bibl_content.wv.* with mmap=None
[2021-01-22 00:29:42,302] INFO: loading vectors_ngrams from /Users/neo1/PycharmProjects/vec4irltr/model/ir/20210121231330551/model_fasttext_bibl_content.wv.vectors_ngrams.npy with mmap=None
[2021-01-22 00:29:42,302] INFO: loading vectors_ngrams from /Users/neo1/PycharmProjects/vec4irltr/model/ir/20210121231330551/model_fasttext_bibl_content.wv.vectors_ngrams.npy with mmap=None
[2021-01-22 00:29:43,738] INFO: setting ignored attribute vectors_norm to None
[2021-01-22 00:29:43,738] INFO: setting ignored attribute vectors_norm to None
[2021-01-22 00:29:43,739] INFO: setting ignored attribute vectors_vocab_norm to None
[2021-01-22 00:29:43,739] INFO: setting ignored attribute vectors_vocab_norm to None
[2021-01-22 00:29:43,739] INFO: setting ignored attribute vectors_ngrams_norm to None
[2021-01-22 00:29:43,739] INFO: setting ignored attribute vectors_ngrams_norm to None
[2021-01-22 00:29:43,739] INFO: setting ignored attribute buckets_word to None
[2021-01-22 00:29:43,739] INFO: setting ignored attribute buckets_word to None
[2021-01-22 00:29:43,740] INFO: loading vocabulary recursively from /Users/neo1/PycharmProjects/vec4irltr/model/ir/20210121231330551/model_fasttext_bibl_content.vocabulary.* with mmap=None
[2021-01-22 00:29:43,740] INFO: loading vocabulary recursively from /Users/neo1/PycharmProjects/vec4irltr/model/ir/20210121231330551/model_fasttext_bibl_content.vocabulary.* with mmap=None
[2021-01-22 00:29:43,740] INFO: loading trainables recursively from /Users/neo1/PycharmProjects/vec4irltr/model/ir/20210121231330551/model_fasttext_bibl_content.trainables.* with mmap=None
[2021-01-22 00:29:43,740] INFO: loading trainables recursively from /Users/neo1/PycharmProjects/vec4irltr/model/ir/20210121231330551/model_fasttext_bibl_content.trainables.* with mmap=None
[2021-01-22 00:29:43,740] INFO: loading vectors_ngrams_lockf from /Users/neo1/PycharmProjects/vec4irltr/model/ir/20210121231330551/model_fasttext_bibl_content.trainables.vectors_ngrams_lockf.npy with mmap=None
[2021-01-22 00:29:43,740] INFO: loading vectors_ngrams_lockf from /Users/neo1/PycharmProjects/vec4irltr/model/ir/20210121231330551/model_fasttext_bibl_content.trainables.vectors_ngrams_lockf.npy with mmap=None
[2021-01-22 00:29:45,436] INFO: loaded /Users/neo1/PycharmProjects/vec4irltr/model/ir/20210121231330551/model_fasttext_bibl_content
[2021-01-22 00:29:45,436] INFO: loaded /Users/neo1/PycharmProjects/vec4irltr/model/ir/20210121231330551/model_fasttext_bibl_content
[2021-01-22 00:29:45,440] INFO: load time:3.175915002822876
[2021-01-22 00:29:45,440] INFO: load time:3.175915002822876
[2021-01-22 00:29:46,442] INFO: pid:16327 done | load time: 4.177283048629761
[2021-01-22 00:29:46,442] INFO: pid:16327 done | load time: 4.177283048629761
[2021-01-22 00:29:46,442] INFO: loading model_fasttext_bibl_econtent
[2021-01-22 00:29:46,442] INFO: loading model_fasttext_bibl_econtent
[2021-01-22 00:29:46,443] INFO: loading FastText object from /Users/neo1/PycharmProjects/vec4irltr/model/ir/20210121231330551/model_fasttext_bibl_econtent
[2021-01-22 00:29:46,443] INFO: loading FastText object from /Users/neo1/PycharmProjects/vec4irltr/model/ir/20210121231330551/model_fasttext_bibl_econtent
[2021-01-22 00:29:46,445] INFO: loading wv recursively from /Users/neo1/PycharmProjects/vec4irltr/model/ir/20210121231330551/model_fasttext_bibl_econtent.wv.* with mmap=None
[2021-01-22 00:29:46,445] INFO: loading wv recursively from /Users/neo1/PycharmProjects/vec4irltr/model/ir/20210121231330551/model_fasttext_bibl_econtent.wv.* with mmap=None
[2021-01-22 00:29:46,446] INFO: loading vectors_ngrams from /Users/neo1/PycharmProjects/vec4irltr/model/ir/20210121231330551/model_fasttext_bibl_econtent.wv.vectors_ngrams.npy with mmap=None
[2021-01-22 00:29:46,446] INFO: loading vectors_ngrams from /Users/neo1/PycharmProjects/vec4irltr/model/ir/20210121231330551/model_fasttext_bibl_econtent.wv.vectors_ngrams.npy with mmap=None
[2021-01-22 00:29:48,430] INFO: setting ignored attribute vectors_norm to None
[2021-01-22 00:29:48,430] INFO: setting ignored attribute vectors_norm to None
[2021-01-22 00:29:48,431] INFO: setting ignored attribute vectors_vocab_norm to None
[2021-01-22 00:29:48,431] INFO: setting ignored attribute vectors_vocab_norm to None
[2021-01-22 00:29:48,431] INFO: setting ignored attribute vectors_ngrams_norm to None
[2021-01-22 00:29:48,431] INFO: setting ignored attribute vectors_ngrams_norm to None
[2021-01-22 00:29:48,432] INFO: setting ignored attribute buckets_word to None
[2021-01-22 00:29:48,432] INFO: setting ignored attribute buckets_word to None
[2021-01-22 00:29:48,432] INFO: loading vocabulary recursively from /Users/neo1/PycharmProjects/vec4irltr/model/ir/20210121231330551/model_fasttext_bibl_econtent.vocabulary.* with mmap=None
[2021-01-22 00:29:48,432] INFO: loading vocabulary recursively from /Users/neo1/PycharmProjects/vec4irltr/model/ir/20210121231330551/model_fasttext_bibl_econtent.vocabulary.* with mmap=None
[2021-01-22 00:29:48,433] INFO: loading trainables recursively from /Users/neo1/PycharmProjects/vec4irltr/model/ir/20210121231330551/model_fasttext_bibl_econtent.trainables.* with mmap=None
[2021-01-22 00:29:48,433] INFO: loading trainables recursively from /Users/neo1/PycharmProjects/vec4irltr/model/ir/20210121231330551/model_fasttext_bibl_econtent.trainables.* with mmap=None
[2021-01-22 00:29:48,433] INFO: loading vectors_ngrams_lockf from /Users/neo1/PycharmProjects/vec4irltr/model/ir/20210121231330551/model_fasttext_bibl_econtent.trainables.vectors_ngrams_lockf.npy with mmap=None
[2021-01-22 00:29:48,433] INFO: loading vectors_ngrams_lockf from /Users/neo1/PycharmProjects/vec4irltr/model/ir/20210121231330551/model_fasttext_bibl_econtent.trainables.vectors_ngrams_lockf.npy with mmap=None
[2021-01-22 00:29:50,142] INFO: loaded /Users/neo1/PycharmProjects/vec4irltr/model/ir/20210121231330551/model_fasttext_bibl_econtent
[2021-01-22 00:29:50,142] INFO: loaded /Users/neo1/PycharmProjects/vec4irltr/model/ir/20210121231330551/model_fasttext_bibl_econtent
[2021-01-22 00:29:50,142] INFO: load time:3.6997129917144775
[2021-01-22 00:29:50,142] INFO: load time:3.6997129917144775
[2021-01-22 00:29:51,147] INFO: pid:16327 done | load time: 4.704422950744629
[2021-01-22 00:29:51,147] INFO: pid:16327 done | load time: 4.704422950744629
