[2021-01-24 00:00:37,283] INFO: set_init_models_and_get_retrievals
[2021-01-24 00:00:37,283] INFO: set_init_models_and_get_retrievals
[2021-01-24 00:00:37,344] INFO: loading model_word2vec_bibl_bible_bcn
[2021-01-24 00:00:37,344] INFO: loading model_word2vec_bibl_bible_bcn
[2021-01-24 00:00:37,345] INFO: loading Word2Vec object from /Users/neo1/PycharmProjects/vec4irltr/model/ir/20210121231330551/model_word2vec_bibl_bible_bcn
[2021-01-24 00:00:37,345] INFO: loading Word2Vec object from /Users/neo1/PycharmProjects/vec4irltr/model/ir/20210121231330551/model_word2vec_bibl_bible_bcn
[2021-01-24 00:00:37,349] INFO: loading wv recursively from /Users/neo1/PycharmProjects/vec4irltr/model/ir/20210121231330551/model_word2vec_bibl_bible_bcn.wv.* with mmap=None
[2021-01-24 00:00:37,349] INFO: loading wv recursively from /Users/neo1/PycharmProjects/vec4irltr/model/ir/20210121231330551/model_word2vec_bibl_bible_bcn.wv.* with mmap=None
[2021-01-24 00:00:37,349] INFO: setting ignored attribute vectors_norm to None
[2021-01-24 00:00:37,349] INFO: setting ignored attribute vectors_norm to None
[2021-01-24 00:00:37,350] INFO: loading vocabulary recursively from /Users/neo1/PycharmProjects/vec4irltr/model/ir/20210121231330551/model_word2vec_bibl_bible_bcn.vocabulary.* with mmap=None
[2021-01-24 00:00:37,350] INFO: loading vocabulary recursively from /Users/neo1/PycharmProjects/vec4irltr/model/ir/20210121231330551/model_word2vec_bibl_bible_bcn.vocabulary.* with mmap=None
[2021-01-24 00:00:37,351] INFO: loading trainables recursively from /Users/neo1/PycharmProjects/vec4irltr/model/ir/20210121231330551/model_word2vec_bibl_bible_bcn.trainables.* with mmap=None
[2021-01-24 00:00:37,351] INFO: loading trainables recursively from /Users/neo1/PycharmProjects/vec4irltr/model/ir/20210121231330551/model_word2vec_bibl_bible_bcn.trainables.* with mmap=None
[2021-01-24 00:00:37,352] INFO: setting ignored attribute cum_table to None
[2021-01-24 00:00:37,352] INFO: setting ignored attribute cum_table to None
[2021-01-24 00:00:37,355] INFO: loaded /Users/neo1/PycharmProjects/vec4irltr/model/ir/20210121231330551/model_word2vec_bibl_bible_bcn
[2021-01-24 00:00:37,355] INFO: loaded /Users/neo1/PycharmProjects/vec4irltr/model/ir/20210121231330551/model_word2vec_bibl_bible_bcn
[2021-01-24 00:00:37,356] INFO: load time:0.011270999908447266
[2021-01-24 00:00:37,356] INFO: load time:0.011270999908447266
[2021-01-24 00:00:38,360] INFO: pid:60924 done | load time: 1.0151851177215576
[2021-01-24 00:00:38,360] INFO: pid:60924 done | load time: 1.0151851177215576
[2021-01-24 00:00:38,361] INFO: loading model_word2vec_bibl_content
[2021-01-24 00:00:38,361] INFO: loading model_word2vec_bibl_content
[2021-01-24 00:00:38,362] INFO: loading Word2Vec object from /Users/neo1/PycharmProjects/vec4irltr/model/ir/20210121231330551/model_word2vec_bibl_content
[2021-01-24 00:00:38,362] INFO: loading Word2Vec object from /Users/neo1/PycharmProjects/vec4irltr/model/ir/20210121231330551/model_word2vec_bibl_content
[2021-01-24 00:00:38,373] INFO: loading wv recursively from /Users/neo1/PycharmProjects/vec4irltr/model/ir/20210121231330551/model_word2vec_bibl_content.wv.* with mmap=None
[2021-01-24 00:00:38,373] INFO: loading wv recursively from /Users/neo1/PycharmProjects/vec4irltr/model/ir/20210121231330551/model_word2vec_bibl_content.wv.* with mmap=None
[2021-01-24 00:00:38,374] INFO: setting ignored attribute vectors_norm to None
[2021-01-24 00:00:38,374] INFO: setting ignored attribute vectors_norm to None
[2021-01-24 00:00:38,375] INFO: loading vocabulary recursively from /Users/neo1/PycharmProjects/vec4irltr/model/ir/20210121231330551/model_word2vec_bibl_content.vocabulary.* with mmap=None
[2021-01-24 00:00:38,375] INFO: loading vocabulary recursively from /Users/neo1/PycharmProjects/vec4irltr/model/ir/20210121231330551/model_word2vec_bibl_content.vocabulary.* with mmap=None
[2021-01-24 00:00:38,376] INFO: loading trainables recursively from /Users/neo1/PycharmProjects/vec4irltr/model/ir/20210121231330551/model_word2vec_bibl_content.trainables.* with mmap=None
[2021-01-24 00:00:38,376] INFO: loading trainables recursively from /Users/neo1/PycharmProjects/vec4irltr/model/ir/20210121231330551/model_word2vec_bibl_content.trainables.* with mmap=None
[2021-01-24 00:00:38,376] INFO: setting ignored attribute cum_table to None
[2021-01-24 00:00:38,376] INFO: setting ignored attribute cum_table to None
[2021-01-24 00:00:38,377] INFO: loaded /Users/neo1/PycharmProjects/vec4irltr/model/ir/20210121231330551/model_word2vec_bibl_content
[2021-01-24 00:00:38,377] INFO: loaded /Users/neo1/PycharmProjects/vec4irltr/model/ir/20210121231330551/model_word2vec_bibl_content
[2021-01-24 00:00:38,380] INFO: load time:0.01858997344970703
[2021-01-24 00:00:38,380] INFO: load time:0.01858997344970703
[2021-01-24 00:00:39,384] INFO: pid:60924 done | load time: 1.022770881652832
[2021-01-24 00:00:39,384] INFO: pid:60924 done | load time: 1.022770881652832
[2021-01-24 00:00:39,385] INFO: loading model_word2vec_bibl_econtent
[2021-01-24 00:00:39,385] INFO: loading model_word2vec_bibl_econtent
[2021-01-24 00:00:39,386] INFO: loading Word2Vec object from /Users/neo1/PycharmProjects/vec4irltr/model/ir/20210121231330551/model_word2vec_bibl_econtent
[2021-01-24 00:00:39,386] INFO: loading Word2Vec object from /Users/neo1/PycharmProjects/vec4irltr/model/ir/20210121231330551/model_word2vec_bibl_econtent
[2021-01-24 00:00:39,388] INFO: loading wv recursively from /Users/neo1/PycharmProjects/vec4irltr/model/ir/20210121231330551/model_word2vec_bibl_econtent.wv.* with mmap=None
[2021-01-24 00:00:39,388] INFO: loading wv recursively from /Users/neo1/PycharmProjects/vec4irltr/model/ir/20210121231330551/model_word2vec_bibl_econtent.wv.* with mmap=None
[2021-01-24 00:00:39,389] INFO: setting ignored attribute vectors_norm to None
[2021-01-24 00:00:39,389] INFO: setting ignored attribute vectors_norm to None
[2021-01-24 00:00:39,390] INFO: loading vocabulary recursively from /Users/neo1/PycharmProjects/vec4irltr/model/ir/20210121231330551/model_word2vec_bibl_econtent.vocabulary.* with mmap=None
[2021-01-24 00:00:39,390] INFO: loading vocabulary recursively from /Users/neo1/PycharmProjects/vec4irltr/model/ir/20210121231330551/model_word2vec_bibl_econtent.vocabulary.* with mmap=None
[2021-01-24 00:00:39,391] INFO: loading trainables recursively from /Users/neo1/PycharmProjects/vec4irltr/model/ir/20210121231330551/model_word2vec_bibl_econtent.trainables.* with mmap=None
[2021-01-24 00:00:39,391] INFO: loading trainables recursively from /Users/neo1/PycharmProjects/vec4irltr/model/ir/20210121231330551/model_word2vec_bibl_econtent.trainables.* with mmap=None
[2021-01-24 00:00:39,391] INFO: setting ignored attribute cum_table to None
[2021-01-24 00:00:39,391] INFO: setting ignored attribute cum_table to None
[2021-01-24 00:00:39,392] INFO: loaded /Users/neo1/PycharmProjects/vec4irltr/model/ir/20210121231330551/model_word2vec_bibl_econtent
[2021-01-24 00:00:39,392] INFO: loaded /Users/neo1/PycharmProjects/vec4irltr/model/ir/20210121231330551/model_word2vec_bibl_econtent
[2021-01-24 00:00:39,393] INFO: load time:0.006916999816894531
[2021-01-24 00:00:39,393] INFO: load time:0.006916999816894531
[2021-01-24 00:00:40,398] INFO: pid:60924 done | load time: 1.0119049549102783
[2021-01-24 00:00:40,398] INFO: pid:60924 done | load time: 1.0119049549102783
