[2021-01-23 12:47:56,740] INFO: set_init_models_and_get_retrievals
[2021-01-23 12:47:56,745] INFO: loading model_word2vec_bibl_bible_bcn
[2021-01-23 12:47:56,746] INFO: loading Word2Vec object from /Users/neo1/PycharmProjects/vec4irltr/model/ir/20210121231330551/model_word2vec_bibl_bible_bcn
[2021-01-23 12:47:56,752] INFO: loading wv recursively from /Users/neo1/PycharmProjects/vec4irltr/model/ir/20210121231330551/model_word2vec_bibl_bible_bcn.wv.* with mmap=None
[2021-01-23 12:47:56,753] INFO: setting ignored attribute vectors_norm to None
[2021-01-23 12:47:56,753] INFO: loading vocabulary recursively from /Users/neo1/PycharmProjects/vec4irltr/model/ir/20210121231330551/model_word2vec_bibl_bible_bcn.vocabulary.* with mmap=None
[2021-01-23 12:47:56,754] INFO: loading trainables recursively from /Users/neo1/PycharmProjects/vec4irltr/model/ir/20210121231330551/model_word2vec_bibl_bible_bcn.trainables.* with mmap=None
[2021-01-23 12:47:56,754] INFO: setting ignored attribute cum_table to None
[2021-01-23 12:47:56,755] INFO: loaded /Users/neo1/PycharmProjects/vec4irltr/model/ir/20210121231330551/model_word2vec_bibl_bible_bcn
[2021-01-23 12:47:56,755] INFO: load time:0.009742259979248047
[2021-01-23 12:47:57,758] INFO: pid:12858 done | load time: 1.012284278869629
[2021-01-23 12:47:57,758] INFO: loading model_word2vec_bibl_content
[2021-01-23 12:47:57,759] INFO: loading Word2Vec object from /Users/neo1/PycharmProjects/vec4irltr/model/ir/20210121231330551/model_word2vec_bibl_content
[2021-01-23 12:47:57,773] INFO: loading wv recursively from /Users/neo1/PycharmProjects/vec4irltr/model/ir/20210121231330551/model_word2vec_bibl_content.wv.* with mmap=None
[2021-01-23 12:47:57,774] INFO: setting ignored attribute vectors_norm to None
[2021-01-23 12:47:57,774] INFO: loading vocabulary recursively from /Users/neo1/PycharmProjects/vec4irltr/model/ir/20210121231330551/model_word2vec_bibl_content.vocabulary.* with mmap=None
[2021-01-23 12:47:57,775] INFO: loading trainables recursively from /Users/neo1/PycharmProjects/vec4irltr/model/ir/20210121231330551/model_word2vec_bibl_content.trainables.* with mmap=None
[2021-01-23 12:47:57,775] INFO: setting ignored attribute cum_table to None
[2021-01-23 12:47:57,776] INFO: loaded /Users/neo1/PycharmProjects/vec4irltr/model/ir/20210121231330551/model_word2vec_bibl_content
[2021-01-23 12:47:57,779] INFO: load time:0.019863128662109375
[2021-01-23 12:47:58,784] INFO: pid:12858 done | load time: 1.0251519680023193
[2021-01-23 12:47:58,784] INFO: loading model_word2vec_bibl_econtent
[2021-01-23 12:47:58,785] INFO: loading Word2Vec object from /Users/neo1/PycharmProjects/vec4irltr/model/ir/20210121231330551/model_word2vec_bibl_econtent
[2021-01-23 12:47:58,790] INFO: loading wv recursively from /Users/neo1/PycharmProjects/vec4irltr/model/ir/20210121231330551/model_word2vec_bibl_econtent.wv.* with mmap=None
[2021-01-23 12:47:58,790] INFO: setting ignored attribute vectors_norm to None
[2021-01-23 12:47:58,791] INFO: loading vocabulary recursively from /Users/neo1/PycharmProjects/vec4irltr/model/ir/20210121231330551/model_word2vec_bibl_econtent.vocabulary.* with mmap=None
[2021-01-23 12:47:58,791] INFO: loading trainables recursively from /Users/neo1/PycharmProjects/vec4irltr/model/ir/20210121231330551/model_word2vec_bibl_econtent.trainables.* with mmap=None
[2021-01-23 12:47:58,792] INFO: setting ignored attribute cum_table to None
[2021-01-23 12:47:58,792] INFO: loaded /Users/neo1/PycharmProjects/vec4irltr/model/ir/20210121231330551/model_word2vec_bibl_econtent
[2021-01-23 12:47:58,793] INFO: load time:0.007911920547485352
[2021-01-23 12:47:59,797] INFO: pid:12858 done | load time: 1.0116689205169678
