[2021-01-23 20:52:23,904] INFO: set_init_models_and_get_retrievals
[2021-01-23 20:52:23,904] INFO: set_init_models_and_get_retrievals
[2021-01-23 20:52:23,907] INFO: loading model_word2vec_bibl_bible_bcn
[2021-01-23 20:52:23,907] INFO: loading model_word2vec_bibl_bible_bcn
[2021-01-23 20:52:23,908] INFO: loading Word2Vec object from /Users/neo1/PycharmProjects/vec4irltr/model/ir/20210121231330551/model_word2vec_bibl_bible_bcn
[2021-01-23 20:52:23,908] INFO: loading Word2Vec object from /Users/neo1/PycharmProjects/vec4irltr/model/ir/20210121231330551/model_word2vec_bibl_bible_bcn
[2021-01-23 20:52:23,909] INFO: loading wv recursively from /Users/neo1/PycharmProjects/vec4irltr/model/ir/20210121231330551/model_word2vec_bibl_bible_bcn.wv.* with mmap=None
[2021-01-23 20:52:23,909] INFO: loading wv recursively from /Users/neo1/PycharmProjects/vec4irltr/model/ir/20210121231330551/model_word2vec_bibl_bible_bcn.wv.* with mmap=None
[2021-01-23 20:52:23,910] INFO: setting ignored attribute vectors_norm to None
[2021-01-23 20:52:23,910] INFO: setting ignored attribute vectors_norm to None
[2021-01-23 20:52:23,910] INFO: loading vocabulary recursively from /Users/neo1/PycharmProjects/vec4irltr/model/ir/20210121231330551/model_word2vec_bibl_bible_bcn.vocabulary.* with mmap=None
[2021-01-23 20:52:23,910] INFO: loading vocabulary recursively from /Users/neo1/PycharmProjects/vec4irltr/model/ir/20210121231330551/model_word2vec_bibl_bible_bcn.vocabulary.* with mmap=None
[2021-01-23 20:52:23,910] INFO: loading trainables recursively from /Users/neo1/PycharmProjects/vec4irltr/model/ir/20210121231330551/model_word2vec_bibl_bible_bcn.trainables.* with mmap=None
[2021-01-23 20:52:23,910] INFO: loading trainables recursively from /Users/neo1/PycharmProjects/vec4irltr/model/ir/20210121231330551/model_word2vec_bibl_bible_bcn.trainables.* with mmap=None
[2021-01-23 20:52:23,911] INFO: setting ignored attribute cum_table to None
[2021-01-23 20:52:23,911] INFO: setting ignored attribute cum_table to None
[2021-01-23 20:52:23,911] INFO: loaded /Users/neo1/PycharmProjects/vec4irltr/model/ir/20210121231330551/model_word2vec_bibl_bible_bcn
[2021-01-23 20:52:23,911] INFO: loaded /Users/neo1/PycharmProjects/vec4irltr/model/ir/20210121231330551/model_word2vec_bibl_bible_bcn
[2021-01-23 20:52:23,911] INFO: load time:0.00376129150390625
[2021-01-23 20:52:23,911] INFO: load time:0.00376129150390625
[2021-01-23 20:52:24,916] INFO: pid:47468 done | load time: 1.0086181163787842
[2021-01-23 20:52:24,916] INFO: pid:47468 done | load time: 1.0086181163787842
[2021-01-23 20:52:24,917] INFO: loading model_word2vec_bibl_content
[2021-01-23 20:52:24,917] INFO: loading model_word2vec_bibl_content
[2021-01-23 20:52:24,917] INFO: loading Word2Vec object from /Users/neo1/PycharmProjects/vec4irltr/model/ir/20210121231330551/model_word2vec_bibl_content
[2021-01-23 20:52:24,917] INFO: loading Word2Vec object from /Users/neo1/PycharmProjects/vec4irltr/model/ir/20210121231330551/model_word2vec_bibl_content
[2021-01-23 20:52:24,928] INFO: loading wv recursively from /Users/neo1/PycharmProjects/vec4irltr/model/ir/20210121231330551/model_word2vec_bibl_content.wv.* with mmap=None
[2021-01-23 20:52:24,928] INFO: loading wv recursively from /Users/neo1/PycharmProjects/vec4irltr/model/ir/20210121231330551/model_word2vec_bibl_content.wv.* with mmap=None
[2021-01-23 20:52:24,928] INFO: setting ignored attribute vectors_norm to None
[2021-01-23 20:52:24,928] INFO: setting ignored attribute vectors_norm to None
[2021-01-23 20:52:24,928] INFO: loading vocabulary recursively from /Users/neo1/PycharmProjects/vec4irltr/model/ir/20210121231330551/model_word2vec_bibl_content.vocabulary.* with mmap=None
[2021-01-23 20:52:24,928] INFO: loading vocabulary recursively from /Users/neo1/PycharmProjects/vec4irltr/model/ir/20210121231330551/model_word2vec_bibl_content.vocabulary.* with mmap=None
[2021-01-23 20:52:24,929] INFO: loading trainables recursively from /Users/neo1/PycharmProjects/vec4irltr/model/ir/20210121231330551/model_word2vec_bibl_content.trainables.* with mmap=None
[2021-01-23 20:52:24,929] INFO: loading trainables recursively from /Users/neo1/PycharmProjects/vec4irltr/model/ir/20210121231330551/model_word2vec_bibl_content.trainables.* with mmap=None
[2021-01-23 20:52:24,929] INFO: setting ignored attribute cum_table to None
[2021-01-23 20:52:24,929] INFO: setting ignored attribute cum_table to None
[2021-01-23 20:52:24,929] INFO: loaded /Users/neo1/PycharmProjects/vec4irltr/model/ir/20210121231330551/model_word2vec_bibl_content
[2021-01-23 20:52:24,929] INFO: loaded /Users/neo1/PycharmProjects/vec4irltr/model/ir/20210121231330551/model_word2vec_bibl_content
[2021-01-23 20:52:24,931] INFO: load time:0.01464533805847168
[2021-01-23 20:52:24,931] INFO: load time:0.01464533805847168
[2021-01-23 20:52:25,935] INFO: pid:47468 done | load time: 1.0178558826446533
[2021-01-23 20:52:25,935] INFO: pid:47468 done | load time: 1.0178558826446533
[2021-01-23 20:52:25,935] INFO: loading model_word2vec_bibl_econtent
[2021-01-23 20:52:25,935] INFO: loading model_word2vec_bibl_econtent
[2021-01-23 20:52:25,935] INFO: loading Word2Vec object from /Users/neo1/PycharmProjects/vec4irltr/model/ir/20210121231330551/model_word2vec_bibl_econtent
[2021-01-23 20:52:25,935] INFO: loading Word2Vec object from /Users/neo1/PycharmProjects/vec4irltr/model/ir/20210121231330551/model_word2vec_bibl_econtent
[2021-01-23 20:52:25,937] INFO: loading wv recursively from /Users/neo1/PycharmProjects/vec4irltr/model/ir/20210121231330551/model_word2vec_bibl_econtent.wv.* with mmap=None
[2021-01-23 20:52:25,937] INFO: loading wv recursively from /Users/neo1/PycharmProjects/vec4irltr/model/ir/20210121231330551/model_word2vec_bibl_econtent.wv.* with mmap=None
[2021-01-23 20:52:25,937] INFO: setting ignored attribute vectors_norm to None
[2021-01-23 20:52:25,937] INFO: setting ignored attribute vectors_norm to None
[2021-01-23 20:52:25,937] INFO: loading vocabulary recursively from /Users/neo1/PycharmProjects/vec4irltr/model/ir/20210121231330551/model_word2vec_bibl_econtent.vocabulary.* with mmap=None
[2021-01-23 20:52:25,937] INFO: loading vocabulary recursively from /Users/neo1/PycharmProjects/vec4irltr/model/ir/20210121231330551/model_word2vec_bibl_econtent.vocabulary.* with mmap=None
[2021-01-23 20:52:25,938] INFO: loading trainables recursively from /Users/neo1/PycharmProjects/vec4irltr/model/ir/20210121231330551/model_word2vec_bibl_econtent.trainables.* with mmap=None
[2021-01-23 20:52:25,938] INFO: loading trainables recursively from /Users/neo1/PycharmProjects/vec4irltr/model/ir/20210121231330551/model_word2vec_bibl_econtent.trainables.* with mmap=None
[2021-01-23 20:52:25,938] INFO: setting ignored attribute cum_table to None
[2021-01-23 20:52:25,938] INFO: setting ignored attribute cum_table to None
[2021-01-23 20:52:25,938] INFO: loaded /Users/neo1/PycharmProjects/vec4irltr/model/ir/20210121231330551/model_word2vec_bibl_econtent
[2021-01-23 20:52:25,938] INFO: loaded /Users/neo1/PycharmProjects/vec4irltr/model/ir/20210121231330551/model_word2vec_bibl_econtent
[2021-01-23 20:52:25,938] INFO: load time:0.003058195114135742
[2021-01-23 20:52:25,938] INFO: load time:0.003058195114135742
[2021-01-23 20:52:26,942] INFO: pid:47468 done | load time: 1.0069313049316406
[2021-01-23 20:52:26,942] INFO: pid:47468 done | load time: 1.0069313049316406
