[2021-01-23 13:53:50,079] INFO: set_init_models_and_get_retrievals
[2021-01-23 13:53:50,079] INFO: set_init_models_and_get_retrievals
[2021-01-23 13:53:50,082] INFO: loading model_word2vec_bibl_bible_bcn
[2021-01-23 13:53:50,082] INFO: loading model_word2vec_bibl_bible_bcn
[2021-01-23 13:53:50,083] INFO: loading Word2Vec object from /Users/neo1/PycharmProjects/vec4irltr/model/ir/20210121231330551/model_word2vec_bibl_bible_bcn
[2021-01-23 13:53:50,083] INFO: loading Word2Vec object from /Users/neo1/PycharmProjects/vec4irltr/model/ir/20210121231330551/model_word2vec_bibl_bible_bcn
[2021-01-23 13:53:50,085] INFO: loading wv recursively from /Users/neo1/PycharmProjects/vec4irltr/model/ir/20210121231330551/model_word2vec_bibl_bible_bcn.wv.* with mmap=None
[2021-01-23 13:53:50,085] INFO: loading wv recursively from /Users/neo1/PycharmProjects/vec4irltr/model/ir/20210121231330551/model_word2vec_bibl_bible_bcn.wv.* with mmap=None
[2021-01-23 13:53:50,085] INFO: setting ignored attribute vectors_norm to None
[2021-01-23 13:53:50,085] INFO: setting ignored attribute vectors_norm to None
[2021-01-23 13:53:50,085] INFO: loading vocabulary recursively from /Users/neo1/PycharmProjects/vec4irltr/model/ir/20210121231330551/model_word2vec_bibl_bible_bcn.vocabulary.* with mmap=None
[2021-01-23 13:53:50,085] INFO: loading vocabulary recursively from /Users/neo1/PycharmProjects/vec4irltr/model/ir/20210121231330551/model_word2vec_bibl_bible_bcn.vocabulary.* with mmap=None
[2021-01-23 13:53:50,085] INFO: loading trainables recursively from /Users/neo1/PycharmProjects/vec4irltr/model/ir/20210121231330551/model_word2vec_bibl_bible_bcn.trainables.* with mmap=None
[2021-01-23 13:53:50,085] INFO: loading trainables recursively from /Users/neo1/PycharmProjects/vec4irltr/model/ir/20210121231330551/model_word2vec_bibl_bible_bcn.trainables.* with mmap=None
[2021-01-23 13:53:50,086] INFO: setting ignored attribute cum_table to None
[2021-01-23 13:53:50,086] INFO: setting ignored attribute cum_table to None
[2021-01-23 13:53:50,086] INFO: loaded /Users/neo1/PycharmProjects/vec4irltr/model/ir/20210121231330551/model_word2vec_bibl_bible_bcn
[2021-01-23 13:53:50,086] INFO: loaded /Users/neo1/PycharmProjects/vec4irltr/model/ir/20210121231330551/model_word2vec_bibl_bible_bcn
[2021-01-23 13:53:50,086] INFO: load time:0.003461122512817383
[2021-01-23 13:53:50,086] INFO: load time:0.003461122512817383
[2021-01-23 13:53:51,091] INFO: pid:17894 done | load time: 1.0085890293121338
[2021-01-23 13:53:51,091] INFO: pid:17894 done | load time: 1.0085890293121338
[2021-01-23 13:53:51,092] INFO: loading model_word2vec_bibl_content
[2021-01-23 13:53:51,092] INFO: loading model_word2vec_bibl_content
[2021-01-23 13:53:51,092] INFO: loading Word2Vec object from /Users/neo1/PycharmProjects/vec4irltr/model/ir/20210121231330551/model_word2vec_bibl_content
[2021-01-23 13:53:51,092] INFO: loading Word2Vec object from /Users/neo1/PycharmProjects/vec4irltr/model/ir/20210121231330551/model_word2vec_bibl_content
[2021-01-23 13:53:51,103] INFO: loading wv recursively from /Users/neo1/PycharmProjects/vec4irltr/model/ir/20210121231330551/model_word2vec_bibl_content.wv.* with mmap=None
[2021-01-23 13:53:51,103] INFO: loading wv recursively from /Users/neo1/PycharmProjects/vec4irltr/model/ir/20210121231330551/model_word2vec_bibl_content.wv.* with mmap=None
[2021-01-23 13:53:51,103] INFO: setting ignored attribute vectors_norm to None
[2021-01-23 13:53:51,103] INFO: setting ignored attribute vectors_norm to None
[2021-01-23 13:53:51,103] INFO: loading vocabulary recursively from /Users/neo1/PycharmProjects/vec4irltr/model/ir/20210121231330551/model_word2vec_bibl_content.vocabulary.* with mmap=None
[2021-01-23 13:53:51,103] INFO: loading vocabulary recursively from /Users/neo1/PycharmProjects/vec4irltr/model/ir/20210121231330551/model_word2vec_bibl_content.vocabulary.* with mmap=None
[2021-01-23 13:53:51,104] INFO: loading trainables recursively from /Users/neo1/PycharmProjects/vec4irltr/model/ir/20210121231330551/model_word2vec_bibl_content.trainables.* with mmap=None
[2021-01-23 13:53:51,104] INFO: loading trainables recursively from /Users/neo1/PycharmProjects/vec4irltr/model/ir/20210121231330551/model_word2vec_bibl_content.trainables.* with mmap=None
[2021-01-23 13:53:51,104] INFO: setting ignored attribute cum_table to None
[2021-01-23 13:53:51,104] INFO: setting ignored attribute cum_table to None
[2021-01-23 13:53:51,104] INFO: loaded /Users/neo1/PycharmProjects/vec4irltr/model/ir/20210121231330551/model_word2vec_bibl_content
[2021-01-23 13:53:51,104] INFO: loaded /Users/neo1/PycharmProjects/vec4irltr/model/ir/20210121231330551/model_word2vec_bibl_content
[2021-01-23 13:53:51,106] INFO: load time:0.014333963394165039
[2021-01-23 13:53:51,106] INFO: load time:0.014333963394165039
[2021-01-23 13:53:52,110] INFO: pid:17894 done | load time: 1.0180201530456543
[2021-01-23 13:53:52,110] INFO: pid:17894 done | load time: 1.0180201530456543
[2021-01-23 13:53:52,110] INFO: loading model_word2vec_bibl_econtent
[2021-01-23 13:53:52,110] INFO: loading model_word2vec_bibl_econtent
[2021-01-23 13:53:52,111] INFO: loading Word2Vec object from /Users/neo1/PycharmProjects/vec4irltr/model/ir/20210121231330551/model_word2vec_bibl_econtent
[2021-01-23 13:53:52,111] INFO: loading Word2Vec object from /Users/neo1/PycharmProjects/vec4irltr/model/ir/20210121231330551/model_word2vec_bibl_econtent
[2021-01-23 13:53:52,112] INFO: loading wv recursively from /Users/neo1/PycharmProjects/vec4irltr/model/ir/20210121231330551/model_word2vec_bibl_econtent.wv.* with mmap=None
[2021-01-23 13:53:52,112] INFO: loading wv recursively from /Users/neo1/PycharmProjects/vec4irltr/model/ir/20210121231330551/model_word2vec_bibl_econtent.wv.* with mmap=None
[2021-01-23 13:53:52,112] INFO: setting ignored attribute vectors_norm to None
[2021-01-23 13:53:52,112] INFO: setting ignored attribute vectors_norm to None
[2021-01-23 13:53:52,112] INFO: loading vocabulary recursively from /Users/neo1/PycharmProjects/vec4irltr/model/ir/20210121231330551/model_word2vec_bibl_econtent.vocabulary.* with mmap=None
[2021-01-23 13:53:52,112] INFO: loading vocabulary recursively from /Users/neo1/PycharmProjects/vec4irltr/model/ir/20210121231330551/model_word2vec_bibl_econtent.vocabulary.* with mmap=None
[2021-01-23 13:53:52,113] INFO: loading trainables recursively from /Users/neo1/PycharmProjects/vec4irltr/model/ir/20210121231330551/model_word2vec_bibl_econtent.trainables.* with mmap=None
[2021-01-23 13:53:52,113] INFO: loading trainables recursively from /Users/neo1/PycharmProjects/vec4irltr/model/ir/20210121231330551/model_word2vec_bibl_econtent.trainables.* with mmap=None
[2021-01-23 13:53:52,113] INFO: setting ignored attribute cum_table to None
[2021-01-23 13:53:52,113] INFO: setting ignored attribute cum_table to None
[2021-01-23 13:53:52,113] INFO: loaded /Users/neo1/PycharmProjects/vec4irltr/model/ir/20210121231330551/model_word2vec_bibl_econtent
[2021-01-23 13:53:52,113] INFO: loaded /Users/neo1/PycharmProjects/vec4irltr/model/ir/20210121231330551/model_word2vec_bibl_econtent
[2021-01-23 13:53:52,114] INFO: load time:0.0028710365295410156
[2021-01-23 13:53:52,114] INFO: load time:0.0028710365295410156
[2021-01-23 13:53:53,119] INFO: pid:17894 done | load time: 1.0081040859222412
[2021-01-23 13:53:53,119] INFO: pid:17894 done | load time: 1.0081040859222412
[2021-01-23 13:54:00,519] INFO: set_init_models_and_get_retrievals
[2021-01-23 13:54:00,519] INFO: set_init_models_and_get_retrievals
[2021-01-23 13:54:00,523] INFO: loading model_word2vec_bibl_bible_bcn
[2021-01-23 13:54:00,523] INFO: loading model_word2vec_bibl_bible_bcn
[2021-01-23 13:54:00,523] INFO: loading Word2Vec object from /Users/neo1/PycharmProjects/vec4irltr/model/ir/20210121231330551/model_word2vec_bibl_bible_bcn
[2021-01-23 13:54:00,523] INFO: loading Word2Vec object from /Users/neo1/PycharmProjects/vec4irltr/model/ir/20210121231330551/model_word2vec_bibl_bible_bcn
[2021-01-23 13:54:00,525] INFO: loading wv recursively from /Users/neo1/PycharmProjects/vec4irltr/model/ir/20210121231330551/model_word2vec_bibl_bible_bcn.wv.* with mmap=None
[2021-01-23 13:54:00,525] INFO: loading wv recursively from /Users/neo1/PycharmProjects/vec4irltr/model/ir/20210121231330551/model_word2vec_bibl_bible_bcn.wv.* with mmap=None
[2021-01-23 13:54:00,525] INFO: setting ignored attribute vectors_norm to None
[2021-01-23 13:54:00,525] INFO: setting ignored attribute vectors_norm to None
[2021-01-23 13:54:00,526] INFO: loading vocabulary recursively from /Users/neo1/PycharmProjects/vec4irltr/model/ir/20210121231330551/model_word2vec_bibl_bible_bcn.vocabulary.* with mmap=None
[2021-01-23 13:54:00,526] INFO: loading vocabulary recursively from /Users/neo1/PycharmProjects/vec4irltr/model/ir/20210121231330551/model_word2vec_bibl_bible_bcn.vocabulary.* with mmap=None
[2021-01-23 13:54:00,526] INFO: loading trainables recursively from /Users/neo1/PycharmProjects/vec4irltr/model/ir/20210121231330551/model_word2vec_bibl_bible_bcn.trainables.* with mmap=None
[2021-01-23 13:54:00,526] INFO: loading trainables recursively from /Users/neo1/PycharmProjects/vec4irltr/model/ir/20210121231330551/model_word2vec_bibl_bible_bcn.trainables.* with mmap=None
[2021-01-23 13:54:00,526] INFO: setting ignored attribute cum_table to None
[2021-01-23 13:54:00,526] INFO: setting ignored attribute cum_table to None
[2021-01-23 13:54:00,526] INFO: loaded /Users/neo1/PycharmProjects/vec4irltr/model/ir/20210121231330551/model_word2vec_bibl_bible_bcn
[2021-01-23 13:54:00,526] INFO: loaded /Users/neo1/PycharmProjects/vec4irltr/model/ir/20210121231330551/model_word2vec_bibl_bible_bcn
[2021-01-23 13:54:00,527] INFO: load time:0.003846883773803711
[2021-01-23 13:54:00,527] INFO: load time:0.003846883773803711
[2021-01-23 13:54:01,531] INFO: pid:17916 done | load time: 1.0085020065307617
[2021-01-23 13:54:01,531] INFO: pid:17916 done | load time: 1.0085020065307617
[2021-01-23 13:54:01,532] INFO: loading model_word2vec_bibl_content
[2021-01-23 13:54:01,532] INFO: loading model_word2vec_bibl_content
[2021-01-23 13:54:01,532] INFO: loading Word2Vec object from /Users/neo1/PycharmProjects/vec4irltr/model/ir/20210121231330551/model_word2vec_bibl_content
[2021-01-23 13:54:01,532] INFO: loading Word2Vec object from /Users/neo1/PycharmProjects/vec4irltr/model/ir/20210121231330551/model_word2vec_bibl_content
[2021-01-23 13:54:01,542] INFO: loading wv recursively from /Users/neo1/PycharmProjects/vec4irltr/model/ir/20210121231330551/model_word2vec_bibl_content.wv.* with mmap=None
[2021-01-23 13:54:01,542] INFO: loading wv recursively from /Users/neo1/PycharmProjects/vec4irltr/model/ir/20210121231330551/model_word2vec_bibl_content.wv.* with mmap=None
[2021-01-23 13:54:01,542] INFO: setting ignored attribute vectors_norm to None
[2021-01-23 13:54:01,542] INFO: setting ignored attribute vectors_norm to None
[2021-01-23 13:54:01,543] INFO: loading vocabulary recursively from /Users/neo1/PycharmProjects/vec4irltr/model/ir/20210121231330551/model_word2vec_bibl_content.vocabulary.* with mmap=None
[2021-01-23 13:54:01,543] INFO: loading vocabulary recursively from /Users/neo1/PycharmProjects/vec4irltr/model/ir/20210121231330551/model_word2vec_bibl_content.vocabulary.* with mmap=None
[2021-01-23 13:54:01,543] INFO: loading trainables recursively from /Users/neo1/PycharmProjects/vec4irltr/model/ir/20210121231330551/model_word2vec_bibl_content.trainables.* with mmap=None
[2021-01-23 13:54:01,543] INFO: loading trainables recursively from /Users/neo1/PycharmProjects/vec4irltr/model/ir/20210121231330551/model_word2vec_bibl_content.trainables.* with mmap=None
[2021-01-23 13:54:01,543] INFO: setting ignored attribute cum_table to None
[2021-01-23 13:54:01,543] INFO: setting ignored attribute cum_table to None
[2021-01-23 13:54:01,543] INFO: loaded /Users/neo1/PycharmProjects/vec4irltr/model/ir/20210121231330551/model_word2vec_bibl_content
[2021-01-23 13:54:01,543] INFO: loaded /Users/neo1/PycharmProjects/vec4irltr/model/ir/20210121231330551/model_word2vec_bibl_content
[2021-01-23 13:54:01,546] INFO: load time:0.0137939453125
[2021-01-23 13:54:01,546] INFO: load time:0.0137939453125
[2021-01-23 13:54:02,550] INFO: pid:17916 done | load time: 1.0176031589508057
[2021-01-23 13:54:02,550] INFO: pid:17916 done | load time: 1.0176031589508057
[2021-01-23 13:54:02,550] INFO: loading model_word2vec_bibl_econtent
[2021-01-23 13:54:02,550] INFO: loading model_word2vec_bibl_econtent
[2021-01-23 13:54:02,550] INFO: loading Word2Vec object from /Users/neo1/PycharmProjects/vec4irltr/model/ir/20210121231330551/model_word2vec_bibl_econtent
[2021-01-23 13:54:02,550] INFO: loading Word2Vec object from /Users/neo1/PycharmProjects/vec4irltr/model/ir/20210121231330551/model_word2vec_bibl_econtent
[2021-01-23 13:54:02,551] INFO: loading wv recursively from /Users/neo1/PycharmProjects/vec4irltr/model/ir/20210121231330551/model_word2vec_bibl_econtent.wv.* with mmap=None
[2021-01-23 13:54:02,551] INFO: loading wv recursively from /Users/neo1/PycharmProjects/vec4irltr/model/ir/20210121231330551/model_word2vec_bibl_econtent.wv.* with mmap=None
[2021-01-23 13:54:02,552] INFO: setting ignored attribute vectors_norm to None
[2021-01-23 13:54:02,552] INFO: setting ignored attribute vectors_norm to None
[2021-01-23 13:54:02,552] INFO: loading vocabulary recursively from /Users/neo1/PycharmProjects/vec4irltr/model/ir/20210121231330551/model_word2vec_bibl_econtent.vocabulary.* with mmap=None
[2021-01-23 13:54:02,552] INFO: loading vocabulary recursively from /Users/neo1/PycharmProjects/vec4irltr/model/ir/20210121231330551/model_word2vec_bibl_econtent.vocabulary.* with mmap=None
[2021-01-23 13:54:02,552] INFO: loading trainables recursively from /Users/neo1/PycharmProjects/vec4irltr/model/ir/20210121231330551/model_word2vec_bibl_econtent.trainables.* with mmap=None
[2021-01-23 13:54:02,552] INFO: loading trainables recursively from /Users/neo1/PycharmProjects/vec4irltr/model/ir/20210121231330551/model_word2vec_bibl_econtent.trainables.* with mmap=None
[2021-01-23 13:54:02,552] INFO: setting ignored attribute cum_table to None
[2021-01-23 13:54:02,552] INFO: setting ignored attribute cum_table to None
[2021-01-23 13:54:02,553] INFO: loaded /Users/neo1/PycharmProjects/vec4irltr/model/ir/20210121231330551/model_word2vec_bibl_econtent
[2021-01-23 13:54:02,553] INFO: loaded /Users/neo1/PycharmProjects/vec4irltr/model/ir/20210121231330551/model_word2vec_bibl_econtent
[2021-01-23 13:54:02,553] INFO: load time:0.002797842025756836
[2021-01-23 13:54:02,553] INFO: load time:0.002797842025756836
[2021-01-23 13:54:03,558] INFO: pid:17916 done | load time: 1.0080299377441406
[2021-01-23 13:54:03,558] INFO: pid:17916 done | load time: 1.0080299377441406
