[2021-02-01 22:22:22,926] INFO: set_init_models_and_get_retrievals
[2021-02-01 22:22:22,926] INFO: set_init_models_and_get_retrievals
[2021-02-01 22:22:22,930] INFO: loading model_word2vec_bibl_bible_bcn
[2021-02-01 22:22:22,930] INFO: loading model_word2vec_bibl_bible_bcn
[2021-02-01 22:22:22,930] INFO: loading Word2Vec object from /Users/neo1/PycharmProjects/vec4irltr/model/ir/20210127210618894/model_word2vec_bibl_bible_bcn
[2021-02-01 22:22:22,930] INFO: loading Word2Vec object from /Users/neo1/PycharmProjects/vec4irltr/model/ir/20210127210618894/model_word2vec_bibl_bible_bcn
[2021-02-01 22:22:22,937] INFO: loading wv recursively from /Users/neo1/PycharmProjects/vec4irltr/model/ir/20210127210618894/model_word2vec_bibl_bible_bcn.wv.* with mmap=None
[2021-02-01 22:22:22,937] INFO: loading wv recursively from /Users/neo1/PycharmProjects/vec4irltr/model/ir/20210127210618894/model_word2vec_bibl_bible_bcn.wv.* with mmap=None
[2021-02-01 22:22:22,938] INFO: setting ignored attribute vectors_norm to None
[2021-02-01 22:22:22,938] INFO: setting ignored attribute vectors_norm to None
[2021-02-01 22:22:22,938] INFO: loading vocabulary recursively from /Users/neo1/PycharmProjects/vec4irltr/model/ir/20210127210618894/model_word2vec_bibl_bible_bcn.vocabulary.* with mmap=None
[2021-02-01 22:22:22,938] INFO: loading vocabulary recursively from /Users/neo1/PycharmProjects/vec4irltr/model/ir/20210127210618894/model_word2vec_bibl_bible_bcn.vocabulary.* with mmap=None
[2021-02-01 22:22:22,939] INFO: loading trainables recursively from /Users/neo1/PycharmProjects/vec4irltr/model/ir/20210127210618894/model_word2vec_bibl_bible_bcn.trainables.* with mmap=None
[2021-02-01 22:22:22,939] INFO: loading trainables recursively from /Users/neo1/PycharmProjects/vec4irltr/model/ir/20210127210618894/model_word2vec_bibl_bible_bcn.trainables.* with mmap=None
[2021-02-01 22:22:22,939] INFO: setting ignored attribute cum_table to None
[2021-02-01 22:22:22,939] INFO: setting ignored attribute cum_table to None
[2021-02-01 22:22:22,940] INFO: loaded /Users/neo1/PycharmProjects/vec4irltr/model/ir/20210127210618894/model_word2vec_bibl_bible_bcn
[2021-02-01 22:22:22,940] INFO: loaded /Users/neo1/PycharmProjects/vec4irltr/model/ir/20210127210618894/model_word2vec_bibl_bible_bcn
[2021-02-01 22:22:22,940] INFO: load time:0.010129213333129883
[2021-02-01 22:22:22,940] INFO: load time:0.010129213333129883
[2021-02-01 22:22:23,946] INFO: pid:47630 done | load time: 1.0156080722808838
[2021-02-01 22:22:23,946] INFO: pid:47630 done | load time: 1.0156080722808838
[2021-02-01 22:22:23,946] INFO: loading model_word2vec_bibl_content
[2021-02-01 22:22:23,946] INFO: loading model_word2vec_bibl_content
[2021-02-01 22:22:23,947] INFO: loading Word2Vec object from /Users/neo1/PycharmProjects/vec4irltr/model/ir/20210127210618894/model_word2vec_bibl_content
[2021-02-01 22:22:23,947] INFO: loading Word2Vec object from /Users/neo1/PycharmProjects/vec4irltr/model/ir/20210127210618894/model_word2vec_bibl_content
[2021-02-01 22:22:23,961] INFO: loading wv recursively from /Users/neo1/PycharmProjects/vec4irltr/model/ir/20210127210618894/model_word2vec_bibl_content.wv.* with mmap=None
[2021-02-01 22:22:23,961] INFO: loading wv recursively from /Users/neo1/PycharmProjects/vec4irltr/model/ir/20210127210618894/model_word2vec_bibl_content.wv.* with mmap=None
[2021-02-01 22:22:23,961] INFO: setting ignored attribute vectors_norm to None
[2021-02-01 22:22:23,961] INFO: setting ignored attribute vectors_norm to None
[2021-02-01 22:22:23,962] INFO: loading vocabulary recursively from /Users/neo1/PycharmProjects/vec4irltr/model/ir/20210127210618894/model_word2vec_bibl_content.vocabulary.* with mmap=None
[2021-02-01 22:22:23,962] INFO: loading vocabulary recursively from /Users/neo1/PycharmProjects/vec4irltr/model/ir/20210127210618894/model_word2vec_bibl_content.vocabulary.* with mmap=None
[2021-02-01 22:22:23,962] INFO: loading trainables recursively from /Users/neo1/PycharmProjects/vec4irltr/model/ir/20210127210618894/model_word2vec_bibl_content.trainables.* with mmap=None
[2021-02-01 22:22:23,962] INFO: loading trainables recursively from /Users/neo1/PycharmProjects/vec4irltr/model/ir/20210127210618894/model_word2vec_bibl_content.trainables.* with mmap=None
[2021-02-01 22:22:23,963] INFO: setting ignored attribute cum_table to None
[2021-02-01 22:22:23,963] INFO: setting ignored attribute cum_table to None
[2021-02-01 22:22:23,963] INFO: loaded /Users/neo1/PycharmProjects/vec4irltr/model/ir/20210127210618894/model_word2vec_bibl_content
[2021-02-01 22:22:23,963] INFO: loaded /Users/neo1/PycharmProjects/vec4irltr/model/ir/20210127210618894/model_word2vec_bibl_content
[2021-02-01 22:22:23,965] INFO: load time:0.018173933029174805
[2021-02-01 22:22:23,965] INFO: load time:0.018173933029174805
[2021-02-01 22:22:24,970] INFO: pid:47630 done | load time: 1.0234699249267578
[2021-02-01 22:22:24,970] INFO: pid:47630 done | load time: 1.0234699249267578
[2021-02-01 22:22:24,971] INFO: loading model_word2vec_bibl_econtent
[2021-02-01 22:22:24,971] INFO: loading model_word2vec_bibl_econtent
[2021-02-01 22:22:24,971] INFO: loading Word2Vec object from /Users/neo1/PycharmProjects/vec4irltr/model/ir/20210127210618894/model_word2vec_bibl_econtent
[2021-02-01 22:22:24,971] INFO: loading Word2Vec object from /Users/neo1/PycharmProjects/vec4irltr/model/ir/20210127210618894/model_word2vec_bibl_econtent
[2021-02-01 22:22:24,976] INFO: loading wv recursively from /Users/neo1/PycharmProjects/vec4irltr/model/ir/20210127210618894/model_word2vec_bibl_econtent.wv.* with mmap=None
[2021-02-01 22:22:24,976] INFO: loading wv recursively from /Users/neo1/PycharmProjects/vec4irltr/model/ir/20210127210618894/model_word2vec_bibl_econtent.wv.* with mmap=None
[2021-02-01 22:22:24,977] INFO: setting ignored attribute vectors_norm to None
[2021-02-01 22:22:24,977] INFO: setting ignored attribute vectors_norm to None
[2021-02-01 22:22:24,977] INFO: loading vocabulary recursively from /Users/neo1/PycharmProjects/vec4irltr/model/ir/20210127210618894/model_word2vec_bibl_econtent.vocabulary.* with mmap=None
[2021-02-01 22:22:24,977] INFO: loading vocabulary recursively from /Users/neo1/PycharmProjects/vec4irltr/model/ir/20210127210618894/model_word2vec_bibl_econtent.vocabulary.* with mmap=None
[2021-02-01 22:22:24,977] INFO: loading trainables recursively from /Users/neo1/PycharmProjects/vec4irltr/model/ir/20210127210618894/model_word2vec_bibl_econtent.trainables.* with mmap=None
[2021-02-01 22:22:24,977] INFO: loading trainables recursively from /Users/neo1/PycharmProjects/vec4irltr/model/ir/20210127210618894/model_word2vec_bibl_econtent.trainables.* with mmap=None
[2021-02-01 22:22:24,978] INFO: setting ignored attribute cum_table to None
[2021-02-01 22:22:24,978] INFO: setting ignored attribute cum_table to None
[2021-02-01 22:22:24,978] INFO: loaded /Users/neo1/PycharmProjects/vec4irltr/model/ir/20210127210618894/model_word2vec_bibl_econtent
[2021-02-01 22:22:24,978] INFO: loaded /Users/neo1/PycharmProjects/vec4irltr/model/ir/20210127210618894/model_word2vec_bibl_econtent
[2021-02-01 22:22:24,978] INFO: load time:0.00743412971496582
[2021-02-01 22:22:24,978] INFO: load time:0.00743412971496582
[2021-02-01 22:22:25,984] INFO: pid:47630 done | load time: 1.0127241611480713
[2021-02-01 22:22:25,984] INFO: pid:47630 done | load time: 1.0127241611480713
[2021-02-01 22:22:40,592] INFO: api/search?q=태초에 하나님께서 천지를
[2021-02-01 22:22:40,592] INFO: api/search?q=태초에 하나님께서 천지를
