[2021-01-24 00:55:08,525] INFO: set_init_models_and_get_retrievals
[2021-01-24 00:55:08,525] INFO: set_init_models_and_get_retrievals
[2021-01-24 00:55:08,535] INFO: loading model_word2vec_bibl_bible_bcn
[2021-01-24 00:55:08,535] INFO: loading model_word2vec_bibl_bible_bcn
[2021-01-24 00:55:08,535] INFO: loading Word2Vec object from /Users/neo1/PycharmProjects/vec4irltr/model/ir/20210121231330551/model_word2vec_bibl_bible_bcn
[2021-01-24 00:55:08,535] INFO: loading Word2Vec object from /Users/neo1/PycharmProjects/vec4irltr/model/ir/20210121231330551/model_word2vec_bibl_bible_bcn
[2021-01-24 00:55:08,539] INFO: loading wv recursively from /Users/neo1/PycharmProjects/vec4irltr/model/ir/20210121231330551/model_word2vec_bibl_bible_bcn.wv.* with mmap=None
[2021-01-24 00:55:08,539] INFO: loading wv recursively from /Users/neo1/PycharmProjects/vec4irltr/model/ir/20210121231330551/model_word2vec_bibl_bible_bcn.wv.* with mmap=None
[2021-01-24 00:55:08,539] INFO: setting ignored attribute vectors_norm to None
[2021-01-24 00:55:08,539] INFO: setting ignored attribute vectors_norm to None
[2021-01-24 00:55:08,540] INFO: loading vocabulary recursively from /Users/neo1/PycharmProjects/vec4irltr/model/ir/20210121231330551/model_word2vec_bibl_bible_bcn.vocabulary.* with mmap=None
[2021-01-24 00:55:08,540] INFO: loading vocabulary recursively from /Users/neo1/PycharmProjects/vec4irltr/model/ir/20210121231330551/model_word2vec_bibl_bible_bcn.vocabulary.* with mmap=None
[2021-01-24 00:55:08,541] INFO: loading trainables recursively from /Users/neo1/PycharmProjects/vec4irltr/model/ir/20210121231330551/model_word2vec_bibl_bible_bcn.trainables.* with mmap=None
[2021-01-24 00:55:08,541] INFO: loading trainables recursively from /Users/neo1/PycharmProjects/vec4irltr/model/ir/20210121231330551/model_word2vec_bibl_bible_bcn.trainables.* with mmap=None
[2021-01-24 00:55:08,541] INFO: setting ignored attribute cum_table to None
[2021-01-24 00:55:08,541] INFO: setting ignored attribute cum_table to None
[2021-01-24 00:55:08,542] INFO: loaded /Users/neo1/PycharmProjects/vec4irltr/model/ir/20210121231330551/model_word2vec_bibl_bible_bcn
[2021-01-24 00:55:08,542] INFO: loaded /Users/neo1/PycharmProjects/vec4irltr/model/ir/20210121231330551/model_word2vec_bibl_bible_bcn
[2021-01-24 00:55:08,543] INFO: load time:0.007678985595703125
[2021-01-24 00:55:08,543] INFO: load time:0.007678985595703125
[2021-01-24 00:55:09,546] INFO: pid:64709 done | load time: 1.0105419158935547
[2021-01-24 00:55:09,546] INFO: pid:64709 done | load time: 1.0105419158935547
[2021-01-24 00:55:09,547] INFO: loading model_word2vec_bibl_content
[2021-01-24 00:55:09,547] INFO: loading model_word2vec_bibl_content
[2021-01-24 00:55:09,547] INFO: loading Word2Vec object from /Users/neo1/PycharmProjects/vec4irltr/model/ir/20210121231330551/model_word2vec_bibl_content
[2021-01-24 00:55:09,547] INFO: loading Word2Vec object from /Users/neo1/PycharmProjects/vec4irltr/model/ir/20210121231330551/model_word2vec_bibl_content
[2021-01-24 00:55:09,559] INFO: loading wv recursively from /Users/neo1/PycharmProjects/vec4irltr/model/ir/20210121231330551/model_word2vec_bibl_content.wv.* with mmap=None
[2021-01-24 00:55:09,559] INFO: loading wv recursively from /Users/neo1/PycharmProjects/vec4irltr/model/ir/20210121231330551/model_word2vec_bibl_content.wv.* with mmap=None
[2021-01-24 00:55:09,560] INFO: setting ignored attribute vectors_norm to None
[2021-01-24 00:55:09,560] INFO: setting ignored attribute vectors_norm to None
[2021-01-24 00:55:09,561] INFO: loading vocabulary recursively from /Users/neo1/PycharmProjects/vec4irltr/model/ir/20210121231330551/model_word2vec_bibl_content.vocabulary.* with mmap=None
[2021-01-24 00:55:09,561] INFO: loading vocabulary recursively from /Users/neo1/PycharmProjects/vec4irltr/model/ir/20210121231330551/model_word2vec_bibl_content.vocabulary.* with mmap=None
[2021-01-24 00:55:09,561] INFO: loading trainables recursively from /Users/neo1/PycharmProjects/vec4irltr/model/ir/20210121231330551/model_word2vec_bibl_content.trainables.* with mmap=None
[2021-01-24 00:55:09,561] INFO: loading trainables recursively from /Users/neo1/PycharmProjects/vec4irltr/model/ir/20210121231330551/model_word2vec_bibl_content.trainables.* with mmap=None
[2021-01-24 00:55:09,562] INFO: setting ignored attribute cum_table to None
[2021-01-24 00:55:09,562] INFO: setting ignored attribute cum_table to None
[2021-01-24 00:55:09,563] INFO: loaded /Users/neo1/PycharmProjects/vec4irltr/model/ir/20210121231330551/model_word2vec_bibl_content
[2021-01-24 00:55:09,563] INFO: loaded /Users/neo1/PycharmProjects/vec4irltr/model/ir/20210121231330551/model_word2vec_bibl_content
[2021-01-24 00:55:09,569] INFO: load time:0.021744728088378906
[2021-01-24 00:55:09,569] INFO: load time:0.021744728088378906
[2021-01-24 00:55:10,572] INFO: pid:64709 done | load time: 1.0245130062103271
[2021-01-24 00:55:10,572] INFO: pid:64709 done | load time: 1.0245130062103271
[2021-01-24 00:55:10,573] INFO: loading model_word2vec_bibl_econtent
[2021-01-24 00:55:10,573] INFO: loading model_word2vec_bibl_econtent
[2021-01-24 00:55:10,573] INFO: loading Word2Vec object from /Users/neo1/PycharmProjects/vec4irltr/model/ir/20210121231330551/model_word2vec_bibl_econtent
[2021-01-24 00:55:10,573] INFO: loading Word2Vec object from /Users/neo1/PycharmProjects/vec4irltr/model/ir/20210121231330551/model_word2vec_bibl_econtent
[2021-01-24 00:55:10,575] INFO: loading wv recursively from /Users/neo1/PycharmProjects/vec4irltr/model/ir/20210121231330551/model_word2vec_bibl_econtent.wv.* with mmap=None
[2021-01-24 00:55:10,575] INFO: loading wv recursively from /Users/neo1/PycharmProjects/vec4irltr/model/ir/20210121231330551/model_word2vec_bibl_econtent.wv.* with mmap=None
[2021-01-24 00:55:10,576] INFO: setting ignored attribute vectors_norm to None
[2021-01-24 00:55:10,576] INFO: setting ignored attribute vectors_norm to None
[2021-01-24 00:55:10,576] INFO: loading vocabulary recursively from /Users/neo1/PycharmProjects/vec4irltr/model/ir/20210121231330551/model_word2vec_bibl_econtent.vocabulary.* with mmap=None
[2021-01-24 00:55:10,576] INFO: loading vocabulary recursively from /Users/neo1/PycharmProjects/vec4irltr/model/ir/20210121231330551/model_word2vec_bibl_econtent.vocabulary.* with mmap=None
[2021-01-24 00:55:10,577] INFO: loading trainables recursively from /Users/neo1/PycharmProjects/vec4irltr/model/ir/20210121231330551/model_word2vec_bibl_econtent.trainables.* with mmap=None
[2021-01-24 00:55:10,577] INFO: loading trainables recursively from /Users/neo1/PycharmProjects/vec4irltr/model/ir/20210121231330551/model_word2vec_bibl_econtent.trainables.* with mmap=None
[2021-01-24 00:55:10,578] INFO: setting ignored attribute cum_table to None
[2021-01-24 00:55:10,578] INFO: setting ignored attribute cum_table to None
[2021-01-24 00:55:10,579] INFO: loaded /Users/neo1/PycharmProjects/vec4irltr/model/ir/20210121231330551/model_word2vec_bibl_econtent
[2021-01-24 00:55:10,579] INFO: loaded /Users/neo1/PycharmProjects/vec4irltr/model/ir/20210121231330551/model_word2vec_bibl_econtent
[2021-01-24 00:55:10,579] INFO: load time:0.006143093109130859
[2021-01-24 00:55:10,579] INFO: load time:0.006143093109130859
[2021-01-24 00:55:11,584] INFO: pid:64709 done | load time: 1.011047124862671
[2021-01-24 00:55:11,584] INFO: pid:64709 done | load time: 1.011047124862671
