[2021-01-21 23:45:34,291] INFO: loading model_word2vec_bibl_bible_bcn
[2021-01-21 23:45:34,291] INFO: loading Word2Vec object from /Users/neo1/PycharmProjects/vec4irltr/model/ir/20210121231330551/model_word2vec_bibl_bible_bcn
[2021-01-21 23:45:34,298] INFO: loading wv recursively from /Users/neo1/PycharmProjects/vec4irltr/model/ir/20210121231330551/model_word2vec_bibl_bible_bcn.wv.* with mmap=None
[2021-01-21 23:45:34,298] INFO: setting ignored attribute vectors_norm to None
[2021-01-21 23:45:34,298] INFO: loading vocabulary recursively from /Users/neo1/PycharmProjects/vec4irltr/model/ir/20210121231330551/model_word2vec_bibl_bible_bcn.vocabulary.* with mmap=None
[2021-01-21 23:45:34,298] INFO: loading trainables recursively from /Users/neo1/PycharmProjects/vec4irltr/model/ir/20210121231330551/model_word2vec_bibl_bible_bcn.trainables.* with mmap=None
[2021-01-21 23:45:34,299] INFO: setting ignored attribute cum_table to None
[2021-01-21 23:45:34,299] INFO: loaded /Users/neo1/PycharmProjects/vec4irltr/model/ir/20210121231330551/model_word2vec_bibl_bible_bcn
[2021-01-21 23:45:34,299] INFO: load time:0.007845878601074219
[2021-01-21 23:45:35,304] INFO: pid:13073 done | load time: 1.0130350589752197
[2021-01-21 23:45:35,305] INFO: loading model_word2vec_bibl_content
[2021-01-21 23:45:35,305] INFO: loading Word2Vec object from /Users/neo1/PycharmProjects/vec4irltr/model/ir/20210121231330551/model_word2vec_bibl_content
[2021-01-21 23:45:35,321] INFO: loading wv recursively from /Users/neo1/PycharmProjects/vec4irltr/model/ir/20210121231330551/model_word2vec_bibl_content.wv.* with mmap=None
[2021-01-21 23:45:35,321] INFO: setting ignored attribute vectors_norm to None
[2021-01-21 23:45:35,321] INFO: loading vocabulary recursively from /Users/neo1/PycharmProjects/vec4irltr/model/ir/20210121231330551/model_word2vec_bibl_content.vocabulary.* with mmap=None
[2021-01-21 23:45:35,322] INFO: loading trainables recursively from /Users/neo1/PycharmProjects/vec4irltr/model/ir/20210121231330551/model_word2vec_bibl_content.trainables.* with mmap=None
[2021-01-21 23:45:35,322] INFO: setting ignored attribute cum_table to None
[2021-01-21 23:45:35,322] INFO: loaded /Users/neo1/PycharmProjects/vec4irltr/model/ir/20210121231330551/model_word2vec_bibl_content
[2021-01-21 23:45:35,324] INFO: load time:0.0189208984375
[2021-01-21 23:45:36,324] INFO: pid:13073 done | load time: 1.0191197395324707
[2021-01-21 23:45:36,324] INFO: loading model_word2vec_bibl_econtent
[2021-01-21 23:45:36,325] INFO: loading Word2Vec object from /Users/neo1/PycharmProjects/vec4irltr/model/ir/20210121231330551/model_word2vec_bibl_econtent
[2021-01-21 23:45:36,329] INFO: loading wv recursively from /Users/neo1/PycharmProjects/vec4irltr/model/ir/20210121231330551/model_word2vec_bibl_econtent.wv.* with mmap=None
[2021-01-21 23:45:36,329] INFO: setting ignored attribute vectors_norm to None
[2021-01-21 23:45:36,329] INFO: loading vocabulary recursively from /Users/neo1/PycharmProjects/vec4irltr/model/ir/20210121231330551/model_word2vec_bibl_econtent.vocabulary.* with mmap=None
[2021-01-21 23:45:36,330] INFO: loading trainables recursively from /Users/neo1/PycharmProjects/vec4irltr/model/ir/20210121231330551/model_word2vec_bibl_econtent.trainables.* with mmap=None
[2021-01-21 23:45:36,330] INFO: setting ignored attribute cum_table to None
[2021-01-21 23:45:36,330] INFO: loaded /Users/neo1/PycharmProjects/vec4irltr/model/ir/20210121231330551/model_word2vec_bibl_econtent
[2021-01-21 23:45:36,330] INFO: load time:0.005703926086425781
[2021-01-21 23:45:37,332] INFO: pid:13073 done | load time: 1.0074689388275146
[2021-01-21 23:45:41,248] INFO: loading model_fasttext_bibl_bible_bcn
[2021-01-21 23:45:41,249] INFO: loading FastText object from /Users/neo1/PycharmProjects/vec4irltr/model/ir/20210121231330551/model_fasttext_bibl_bible_bcn
[2021-01-21 23:45:41,257] INFO: loading wv recursively from /Users/neo1/PycharmProjects/vec4irltr/model/ir/20210121231330551/model_fasttext_bibl_bible_bcn.wv.* with mmap=None
[2021-01-21 23:45:41,257] INFO: loading vectors_ngrams from /Users/neo1/PycharmProjects/vec4irltr/model/ir/20210121231330551/model_fasttext_bibl_bible_bcn.wv.vectors_ngrams.npy with mmap=None
[2021-01-21 23:45:42,809] INFO: setting ignored attribute vectors_norm to None
[2021-01-21 23:45:42,809] INFO: setting ignored attribute vectors_vocab_norm to None
[2021-01-21 23:45:42,810] INFO: setting ignored attribute vectors_ngrams_norm to None
[2021-01-21 23:45:42,810] INFO: setting ignored attribute buckets_word to None
[2021-01-21 23:45:42,810] INFO: loading vocabulary recursively from /Users/neo1/PycharmProjects/vec4irltr/model/ir/20210121231330551/model_fasttext_bibl_bible_bcn.vocabulary.* with mmap=None
[2021-01-21 23:45:42,810] INFO: loading trainables recursively from /Users/neo1/PycharmProjects/vec4irltr/model/ir/20210121231330551/model_fasttext_bibl_bible_bcn.trainables.* with mmap=None
[2021-01-21 23:45:42,810] INFO: loading vectors_ngrams_lockf from /Users/neo1/PycharmProjects/vec4irltr/model/ir/20210121231330551/model_fasttext_bibl_bible_bcn.trainables.vectors_ngrams_lockf.npy with mmap=None
[2021-01-21 23:45:44,282] INFO: loaded /Users/neo1/PycharmProjects/vec4irltr/model/ir/20210121231330551/model_fasttext_bibl_bible_bcn
[2021-01-21 23:45:44,283] INFO: load time:3.0340991020202637
[2021-01-21 23:45:45,285] INFO: pid:13073 done | load time: 4.036042213439941
[2021-01-21 23:45:45,285] INFO: loading model_fasttext_bibl_content
[2021-01-21 23:45:45,285] INFO: loading FastText object from /Users/neo1/PycharmProjects/vec4irltr/model/ir/20210121231330551/model_fasttext_bibl_content
[2021-01-21 23:45:45,308] INFO: loading wv recursively from /Users/neo1/PycharmProjects/vec4irltr/model/ir/20210121231330551/model_fasttext_bibl_content.wv.* with mmap=None
[2021-01-21 23:45:45,308] INFO: loading vectors_ngrams from /Users/neo1/PycharmProjects/vec4irltr/model/ir/20210121231330551/model_fasttext_bibl_content.wv.vectors_ngrams.npy with mmap=None
[2021-01-21 23:45:46,880] INFO: setting ignored attribute vectors_norm to None
[2021-01-21 23:45:46,881] INFO: setting ignored attribute vectors_vocab_norm to None
[2021-01-21 23:45:46,881] INFO: setting ignored attribute vectors_ngrams_norm to None
[2021-01-21 23:45:46,882] INFO: setting ignored attribute buckets_word to None
[2021-01-21 23:45:46,882] INFO: loading vocabulary recursively from /Users/neo1/PycharmProjects/vec4irltr/model/ir/20210121231330551/model_fasttext_bibl_content.vocabulary.* with mmap=None
[2021-01-21 23:45:46,882] INFO: loading trainables recursively from /Users/neo1/PycharmProjects/vec4irltr/model/ir/20210121231330551/model_fasttext_bibl_content.trainables.* with mmap=None
[2021-01-21 23:45:46,883] INFO: loading vectors_ngrams_lockf from /Users/neo1/PycharmProjects/vec4irltr/model/ir/20210121231330551/model_fasttext_bibl_content.trainables.vectors_ngrams_lockf.npy with mmap=None
[2021-01-21 23:45:48,604] INFO: loaded /Users/neo1/PycharmProjects/vec4irltr/model/ir/20210121231330551/model_fasttext_bibl_content
[2021-01-21 23:45:48,607] INFO: load time:3.3213303089141846
[2021-01-21 23:45:49,612] INFO: pid:13073 done | load time: 4.326726198196411
[2021-01-21 23:45:49,612] INFO: loading model_fasttext_bibl_econtent
[2021-01-21 23:45:49,613] INFO: loading FastText object from /Users/neo1/PycharmProjects/vec4irltr/model/ir/20210121231330551/model_fasttext_bibl_econtent
[2021-01-21 23:45:49,618] INFO: loading wv recursively from /Users/neo1/PycharmProjects/vec4irltr/model/ir/20210121231330551/model_fasttext_bibl_econtent.wv.* with mmap=None
[2021-01-21 23:45:49,618] INFO: loading vectors_ngrams from /Users/neo1/PycharmProjects/vec4irltr/model/ir/20210121231330551/model_fasttext_bibl_econtent.wv.vectors_ngrams.npy with mmap=None
[2021-01-21 23:45:51,968] INFO: setting ignored attribute vectors_norm to None
[2021-01-21 23:45:51,969] INFO: setting ignored attribute vectors_vocab_norm to None
[2021-01-21 23:45:51,969] INFO: setting ignored attribute vectors_ngrams_norm to None
[2021-01-21 23:45:51,969] INFO: setting ignored attribute buckets_word to None
[2021-01-21 23:45:51,969] INFO: loading vocabulary recursively from /Users/neo1/PycharmProjects/vec4irltr/model/ir/20210121231330551/model_fasttext_bibl_econtent.vocabulary.* with mmap=None
[2021-01-21 23:45:51,970] INFO: loading trainables recursively from /Users/neo1/PycharmProjects/vec4irltr/model/ir/20210121231330551/model_fasttext_bibl_econtent.trainables.* with mmap=None
[2021-01-21 23:45:51,970] INFO: loading vectors_ngrams_lockf from /Users/neo1/PycharmProjects/vec4irltr/model/ir/20210121231330551/model_fasttext_bibl_econtent.trainables.vectors_ngrams_lockf.npy with mmap=None
[2021-01-21 23:45:53,572] INFO: loaded /Users/neo1/PycharmProjects/vec4irltr/model/ir/20210121231330551/model_fasttext_bibl_econtent
[2021-01-21 23:45:53,572] INFO: load time:3.959813117980957
[2021-01-21 23:45:54,576] INFO: pid:13073 done | load time: 4.96384596824646
