[2021-02-01 21:58:00,736] INFO: set_init_models_and_get_retrievals
[2021-02-01 21:58:00,739] INFO: loading model_word2vec_bibl_bible_bcn
[2021-02-01 21:58:00,740] INFO: loading Word2Vec object from /Users/neo1/PycharmProjects/vec4irltr/model/ir/20210127210618894/model_word2vec_bibl_bible_bcn
[2021-02-01 21:58:00,742] INFO: loading wv recursively from /Users/neo1/PycharmProjects/vec4irltr/model/ir/20210127210618894/model_word2vec_bibl_bible_bcn.wv.* with mmap=None
[2021-02-01 21:58:00,743] INFO: setting ignored attribute vectors_norm to None
[2021-02-01 21:58:00,743] INFO: loading vocabulary recursively from /Users/neo1/PycharmProjects/vec4irltr/model/ir/20210127210618894/model_word2vec_bibl_bible_bcn.vocabulary.* with mmap=None
[2021-02-01 21:58:00,744] INFO: loading trainables recursively from /Users/neo1/PycharmProjects/vec4irltr/model/ir/20210127210618894/model_word2vec_bibl_bible_bcn.trainables.* with mmap=None
[2021-02-01 21:58:00,744] INFO: setting ignored attribute cum_table to None
[2021-02-01 21:58:00,745] INFO: loaded /Users/neo1/PycharmProjects/vec4irltr/model/ir/20210127210618894/model_word2vec_bibl_bible_bcn
[2021-02-01 21:58:00,745] INFO: load time:0.005797863006591797
[2021-02-01 21:58:01,749] INFO: pid:45309 done | load time: 1.0088779926300049
[2021-02-01 21:58:01,749] INFO: loading model_word2vec_bibl_content
[2021-02-01 21:58:01,749] INFO: loading Word2Vec object from /Users/neo1/PycharmProjects/vec4irltr/model/ir/20210127210618894/model_word2vec_bibl_content
[2021-02-01 21:58:01,760] INFO: loading wv recursively from /Users/neo1/PycharmProjects/vec4irltr/model/ir/20210127210618894/model_word2vec_bibl_content.wv.* with mmap=None
[2021-02-01 21:58:01,761] INFO: setting ignored attribute vectors_norm to None
[2021-02-01 21:58:01,761] INFO: loading vocabulary recursively from /Users/neo1/PycharmProjects/vec4irltr/model/ir/20210127210618894/model_word2vec_bibl_content.vocabulary.* with mmap=None
[2021-02-01 21:58:01,761] INFO: loading trainables recursively from /Users/neo1/PycharmProjects/vec4irltr/model/ir/20210127210618894/model_word2vec_bibl_content.trainables.* with mmap=None
[2021-02-01 21:58:01,762] INFO: setting ignored attribute cum_table to None
[2021-02-01 21:58:01,762] INFO: loaded /Users/neo1/PycharmProjects/vec4irltr/model/ir/20210127210618894/model_word2vec_bibl_content
[2021-02-01 21:58:01,764] INFO: load time:0.014751911163330078
[2021-02-01 21:58:02,767] INFO: pid:45309 done | load time: 1.0172457695007324
[2021-02-01 21:58:02,767] INFO: loading model_word2vec_bibl_econtent
[2021-02-01 21:58:02,768] INFO: loading Word2Vec object from /Users/neo1/PycharmProjects/vec4irltr/model/ir/20210127210618894/model_word2vec_bibl_econtent
[2021-02-01 21:58:02,769] INFO: loading wv recursively from /Users/neo1/PycharmProjects/vec4irltr/model/ir/20210127210618894/model_word2vec_bibl_econtent.wv.* with mmap=None
[2021-02-01 21:58:02,770] INFO: setting ignored attribute vectors_norm to None
[2021-02-01 21:58:02,770] INFO: loading vocabulary recursively from /Users/neo1/PycharmProjects/vec4irltr/model/ir/20210127210618894/model_word2vec_bibl_econtent.vocabulary.* with mmap=None
[2021-02-01 21:58:02,770] INFO: loading trainables recursively from /Users/neo1/PycharmProjects/vec4irltr/model/ir/20210127210618894/model_word2vec_bibl_econtent.trainables.* with mmap=None
[2021-02-01 21:58:02,771] INFO: setting ignored attribute cum_table to None
[2021-02-01 21:58:02,771] INFO: loaded /Users/neo1/PycharmProjects/vec4irltr/model/ir/20210127210618894/model_word2vec_bibl_econtent
[2021-02-01 21:58:02,771] INFO: load time:0.0039217472076416016
[2021-02-01 21:58:03,777] INFO: pid:45309 done | load time: 1.0092308521270752
[2021-02-01 21:58:31,435] INFO: set_init_models_and_get_retrievals
[2021-02-01 21:58:31,435] INFO: set_init_models_and_get_retrievals
[2021-02-01 21:58:31,438] INFO: loading model_word2vec_bibl_bible_bcn
[2021-02-01 21:58:31,438] INFO: loading model_word2vec_bibl_bible_bcn
[2021-02-01 21:58:31,439] INFO: loading Word2Vec object from /Users/neo1/PycharmProjects/vec4irltr/model/ir/20210127210618894/model_word2vec_bibl_bible_bcn
[2021-02-01 21:58:31,439] INFO: loading Word2Vec object from /Users/neo1/PycharmProjects/vec4irltr/model/ir/20210127210618894/model_word2vec_bibl_bible_bcn
[2021-02-01 21:58:31,441] INFO: loading wv recursively from /Users/neo1/PycharmProjects/vec4irltr/model/ir/20210127210618894/model_word2vec_bibl_bible_bcn.wv.* with mmap=None
[2021-02-01 21:58:31,441] INFO: loading wv recursively from /Users/neo1/PycharmProjects/vec4irltr/model/ir/20210127210618894/model_word2vec_bibl_bible_bcn.wv.* with mmap=None
[2021-02-01 21:58:31,441] INFO: setting ignored attribute vectors_norm to None
[2021-02-01 21:58:31,441] INFO: setting ignored attribute vectors_norm to None
[2021-02-01 21:58:31,442] INFO: loading vocabulary recursively from /Users/neo1/PycharmProjects/vec4irltr/model/ir/20210127210618894/model_word2vec_bibl_bible_bcn.vocabulary.* with mmap=None
[2021-02-01 21:58:31,442] INFO: loading vocabulary recursively from /Users/neo1/PycharmProjects/vec4irltr/model/ir/20210127210618894/model_word2vec_bibl_bible_bcn.vocabulary.* with mmap=None
[2021-02-01 21:58:31,442] INFO: loading trainables recursively from /Users/neo1/PycharmProjects/vec4irltr/model/ir/20210127210618894/model_word2vec_bibl_bible_bcn.trainables.* with mmap=None
[2021-02-01 21:58:31,442] INFO: loading trainables recursively from /Users/neo1/PycharmProjects/vec4irltr/model/ir/20210127210618894/model_word2vec_bibl_bible_bcn.trainables.* with mmap=None
[2021-02-01 21:58:31,442] INFO: setting ignored attribute cum_table to None
[2021-02-01 21:58:31,442] INFO: setting ignored attribute cum_table to None
[2021-02-01 21:58:31,443] INFO: loaded /Users/neo1/PycharmProjects/vec4irltr/model/ir/20210127210618894/model_word2vec_bibl_bible_bcn
[2021-02-01 21:58:31,443] INFO: loaded /Users/neo1/PycharmProjects/vec4irltr/model/ir/20210127210618894/model_word2vec_bibl_bible_bcn
[2021-02-01 21:58:31,443] INFO: load time:0.004591941833496094
[2021-02-01 21:58:31,443] INFO: load time:0.004591941833496094
[2021-02-01 21:58:32,448] INFO: pid:45362 done | load time: 1.0095539093017578
[2021-02-01 21:58:32,448] INFO: pid:45362 done | load time: 1.0095539093017578
[2021-02-01 21:58:32,449] INFO: loading model_word2vec_bibl_content
[2021-02-01 21:58:32,449] INFO: loading model_word2vec_bibl_content
[2021-02-01 21:58:32,449] INFO: loading Word2Vec object from /Users/neo1/PycharmProjects/vec4irltr/model/ir/20210127210618894/model_word2vec_bibl_content
[2021-02-01 21:58:32,449] INFO: loading Word2Vec object from /Users/neo1/PycharmProjects/vec4irltr/model/ir/20210127210618894/model_word2vec_bibl_content
[2021-02-01 21:58:32,461] INFO: loading wv recursively from /Users/neo1/PycharmProjects/vec4irltr/model/ir/20210127210618894/model_word2vec_bibl_content.wv.* with mmap=None
[2021-02-01 21:58:32,461] INFO: loading wv recursively from /Users/neo1/PycharmProjects/vec4irltr/model/ir/20210127210618894/model_word2vec_bibl_content.wv.* with mmap=None
[2021-02-01 21:58:32,461] INFO: setting ignored attribute vectors_norm to None
[2021-02-01 21:58:32,461] INFO: setting ignored attribute vectors_norm to None
[2021-02-01 21:58:32,462] INFO: loading vocabulary recursively from /Users/neo1/PycharmProjects/vec4irltr/model/ir/20210127210618894/model_word2vec_bibl_content.vocabulary.* with mmap=None
[2021-02-01 21:58:32,462] INFO: loading vocabulary recursively from /Users/neo1/PycharmProjects/vec4irltr/model/ir/20210127210618894/model_word2vec_bibl_content.vocabulary.* with mmap=None
[2021-02-01 21:58:32,462] INFO: loading trainables recursively from /Users/neo1/PycharmProjects/vec4irltr/model/ir/20210127210618894/model_word2vec_bibl_content.trainables.* with mmap=None
[2021-02-01 21:58:32,462] INFO: loading trainables recursively from /Users/neo1/PycharmProjects/vec4irltr/model/ir/20210127210618894/model_word2vec_bibl_content.trainables.* with mmap=None
[2021-02-01 21:58:32,462] INFO: setting ignored attribute cum_table to None
[2021-02-01 21:58:32,462] INFO: setting ignored attribute cum_table to None
[2021-02-01 21:58:32,463] INFO: loaded /Users/neo1/PycharmProjects/vec4irltr/model/ir/20210127210618894/model_word2vec_bibl_content
[2021-02-01 21:58:32,463] INFO: loaded /Users/neo1/PycharmProjects/vec4irltr/model/ir/20210127210618894/model_word2vec_bibl_content
[2021-02-01 21:58:32,465] INFO: load time:0.016000032424926758
[2021-02-01 21:58:32,465] INFO: load time:0.016000032424926758
[2021-02-01 21:58:33,466] INFO: pid:45362 done | load time: 1.0169131755828857
[2021-02-01 21:58:33,466] INFO: pid:45362 done | load time: 1.0169131755828857
[2021-02-01 21:58:33,466] INFO: loading model_word2vec_bibl_econtent
[2021-02-01 21:58:33,466] INFO: loading model_word2vec_bibl_econtent
[2021-02-01 21:58:33,467] INFO: loading Word2Vec object from /Users/neo1/PycharmProjects/vec4irltr/model/ir/20210127210618894/model_word2vec_bibl_econtent
[2021-02-01 21:58:33,467] INFO: loading Word2Vec object from /Users/neo1/PycharmProjects/vec4irltr/model/ir/20210127210618894/model_word2vec_bibl_econtent
[2021-02-01 21:58:33,469] INFO: loading wv recursively from /Users/neo1/PycharmProjects/vec4irltr/model/ir/20210127210618894/model_word2vec_bibl_econtent.wv.* with mmap=None
[2021-02-01 21:58:33,469] INFO: loading wv recursively from /Users/neo1/PycharmProjects/vec4irltr/model/ir/20210127210618894/model_word2vec_bibl_econtent.wv.* with mmap=None
[2021-02-01 21:58:33,469] INFO: setting ignored attribute vectors_norm to None
[2021-02-01 21:58:33,469] INFO: setting ignored attribute vectors_norm to None
[2021-02-01 21:58:33,469] INFO: loading vocabulary recursively from /Users/neo1/PycharmProjects/vec4irltr/model/ir/20210127210618894/model_word2vec_bibl_econtent.vocabulary.* with mmap=None
[2021-02-01 21:58:33,469] INFO: loading vocabulary recursively from /Users/neo1/PycharmProjects/vec4irltr/model/ir/20210127210618894/model_word2vec_bibl_econtent.vocabulary.* with mmap=None
[2021-02-01 21:58:33,470] INFO: loading trainables recursively from /Users/neo1/PycharmProjects/vec4irltr/model/ir/20210127210618894/model_word2vec_bibl_econtent.trainables.* with mmap=None
[2021-02-01 21:58:33,470] INFO: loading trainables recursively from /Users/neo1/PycharmProjects/vec4irltr/model/ir/20210127210618894/model_word2vec_bibl_econtent.trainables.* with mmap=None
[2021-02-01 21:58:33,470] INFO: setting ignored attribute cum_table to None
[2021-02-01 21:58:33,470] INFO: setting ignored attribute cum_table to None
[2021-02-01 21:58:33,470] INFO: loaded /Users/neo1/PycharmProjects/vec4irltr/model/ir/20210127210618894/model_word2vec_bibl_econtent
[2021-02-01 21:58:33,470] INFO: loaded /Users/neo1/PycharmProjects/vec4irltr/model/ir/20210127210618894/model_word2vec_bibl_econtent
[2021-02-01 21:58:33,471] INFO: load time:0.004029035568237305
[2021-02-01 21:58:33,471] INFO: load time:0.004029035568237305
[2021-02-01 21:58:34,476] INFO: pid:45362 done | load time: 1.0093460083007812
[2021-02-01 21:58:34,476] INFO: pid:45362 done | load time: 1.0093460083007812
