[2021-01-23 12:42:40,320] INFO: set_init_models_and_get_retrievals
[2021-01-23 12:42:40,325] INFO: loading model_word2vec_bibl_bible_bcn
[2021-01-23 12:42:40,326] INFO: loading Word2Vec object from /Users/neo1/PycharmProjects/vec4irltr/model/ir/20210121231330551/model_word2vec_bibl_bible_bcn
[2021-01-23 12:42:40,329] INFO: loading wv recursively from /Users/neo1/PycharmProjects/vec4irltr/model/ir/20210121231330551/model_word2vec_bibl_bible_bcn.wv.* with mmap=None
[2021-01-23 12:42:40,329] INFO: setting ignored attribute vectors_norm to None
[2021-01-23 12:42:40,330] INFO: loading vocabulary recursively from /Users/neo1/PycharmProjects/vec4irltr/model/ir/20210121231330551/model_word2vec_bibl_bible_bcn.vocabulary.* with mmap=None
[2021-01-23 12:42:40,330] INFO: loading trainables recursively from /Users/neo1/PycharmProjects/vec4irltr/model/ir/20210121231330551/model_word2vec_bibl_bible_bcn.trainables.* with mmap=None
[2021-01-23 12:42:40,330] INFO: setting ignored attribute cum_table to None
[2021-01-23 12:42:40,331] INFO: loaded /Users/neo1/PycharmProjects/vec4irltr/model/ir/20210121231330551/model_word2vec_bibl_bible_bcn
[2021-01-23 12:42:40,332] INFO: load time:0.005833148956298828
[2021-01-23 12:42:41,333] INFO: pid:12479 done | load time: 1.0067980289459229
[2021-01-23 12:42:41,333] INFO: loading model_word2vec_bibl_content
[2021-01-23 12:42:41,334] INFO: loading Word2Vec object from /Users/neo1/PycharmProjects/vec4irltr/model/ir/20210121231330551/model_word2vec_bibl_content
[2021-01-23 12:42:41,345] INFO: loading wv recursively from /Users/neo1/PycharmProjects/vec4irltr/model/ir/20210121231330551/model_word2vec_bibl_content.wv.* with mmap=None
[2021-01-23 12:42:41,345] INFO: setting ignored attribute vectors_norm to None
[2021-01-23 12:42:41,346] INFO: loading vocabulary recursively from /Users/neo1/PycharmProjects/vec4irltr/model/ir/20210121231330551/model_word2vec_bibl_content.vocabulary.* with mmap=None
[2021-01-23 12:42:41,346] INFO: loading trainables recursively from /Users/neo1/PycharmProjects/vec4irltr/model/ir/20210121231330551/model_word2vec_bibl_content.trainables.* with mmap=None
[2021-01-23 12:42:41,347] INFO: setting ignored attribute cum_table to None
[2021-01-23 12:42:41,347] INFO: loaded /Users/neo1/PycharmProjects/vec4irltr/model/ir/20210121231330551/model_word2vec_bibl_content
[2021-01-23 12:42:41,350] INFO: load time:0.01694011688232422
[2021-01-23 12:42:42,352] INFO: pid:12479 done | load time: 1.0181891918182373
[2021-01-23 12:42:42,352] INFO: loading model_word2vec_bibl_econtent
[2021-01-23 12:42:42,353] INFO: loading Word2Vec object from /Users/neo1/PycharmProjects/vec4irltr/model/ir/20210121231330551/model_word2vec_bibl_econtent
[2021-01-23 12:42:42,354] INFO: loading wv recursively from /Users/neo1/PycharmProjects/vec4irltr/model/ir/20210121231330551/model_word2vec_bibl_econtent.wv.* with mmap=None
[2021-01-23 12:42:42,355] INFO: setting ignored attribute vectors_norm to None
[2021-01-23 12:42:42,355] INFO: loading vocabulary recursively from /Users/neo1/PycharmProjects/vec4irltr/model/ir/20210121231330551/model_word2vec_bibl_econtent.vocabulary.* with mmap=None
[2021-01-23 12:42:42,355] INFO: loading trainables recursively from /Users/neo1/PycharmProjects/vec4irltr/model/ir/20210121231330551/model_word2vec_bibl_econtent.trainables.* with mmap=None
[2021-01-23 12:42:42,356] INFO: setting ignored attribute cum_table to None
[2021-01-23 12:42:42,356] INFO: loaded /Users/neo1/PycharmProjects/vec4irltr/model/ir/20210121231330551/model_word2vec_bibl_econtent
[2021-01-23 12:42:42,357] INFO: load time:0.004141092300415039
[2021-01-23 12:42:43,362] INFO: pid:12479 done | load time: 1.008824110031128
