[2021-01-24 00:45:12,430] INFO: set_init_models_and_get_retrievals
[2021-01-24 00:45:12,430] INFO: set_init_models_and_get_retrievals
[2021-01-24 00:45:12,438] INFO: loading model_word2vec_bibl_bible_bcn
[2021-01-24 00:45:12,438] INFO: loading model_word2vec_bibl_bible_bcn
[2021-01-24 00:45:12,438] INFO: loading Word2Vec object from /Users/neo1/PycharmProjects/vec4irltr/model/ir/20210121231330551/model_word2vec_bibl_bible_bcn
[2021-01-24 00:45:12,438] INFO: loading Word2Vec object from /Users/neo1/PycharmProjects/vec4irltr/model/ir/20210121231330551/model_word2vec_bibl_bible_bcn
[2021-01-24 00:45:12,442] INFO: loading wv recursively from /Users/neo1/PycharmProjects/vec4irltr/model/ir/20210121231330551/model_word2vec_bibl_bible_bcn.wv.* with mmap=None
[2021-01-24 00:45:12,442] INFO: loading wv recursively from /Users/neo1/PycharmProjects/vec4irltr/model/ir/20210121231330551/model_word2vec_bibl_bible_bcn.wv.* with mmap=None
[2021-01-24 00:45:12,443] INFO: setting ignored attribute vectors_norm to None
[2021-01-24 00:45:12,443] INFO: setting ignored attribute vectors_norm to None
[2021-01-24 00:45:12,444] INFO: loading vocabulary recursively from /Users/neo1/PycharmProjects/vec4irltr/model/ir/20210121231330551/model_word2vec_bibl_bible_bcn.vocabulary.* with mmap=None
[2021-01-24 00:45:12,444] INFO: loading vocabulary recursively from /Users/neo1/PycharmProjects/vec4irltr/model/ir/20210121231330551/model_word2vec_bibl_bible_bcn.vocabulary.* with mmap=None
[2021-01-24 00:45:12,445] INFO: loading trainables recursively from /Users/neo1/PycharmProjects/vec4irltr/model/ir/20210121231330551/model_word2vec_bibl_bible_bcn.trainables.* with mmap=None
[2021-01-24 00:45:12,445] INFO: loading trainables recursively from /Users/neo1/PycharmProjects/vec4irltr/model/ir/20210121231330551/model_word2vec_bibl_bible_bcn.trainables.* with mmap=None
[2021-01-24 00:45:12,445] INFO: setting ignored attribute cum_table to None
[2021-01-24 00:45:12,445] INFO: setting ignored attribute cum_table to None
[2021-01-24 00:45:12,446] INFO: loaded /Users/neo1/PycharmProjects/vec4irltr/model/ir/20210121231330551/model_word2vec_bibl_bible_bcn
[2021-01-24 00:45:12,446] INFO: loaded /Users/neo1/PycharmProjects/vec4irltr/model/ir/20210121231330551/model_word2vec_bibl_bible_bcn
[2021-01-24 00:45:12,447] INFO: load time:0.008423805236816406
[2021-01-24 00:45:12,447] INFO: load time:0.008423805236816406
[2021-01-24 00:45:13,451] INFO: pid:63997 done | load time: 1.013016939163208
[2021-01-24 00:45:13,451] INFO: pid:63997 done | load time: 1.013016939163208
[2021-01-24 00:45:13,452] INFO: loading model_word2vec_bibl_content
[2021-01-24 00:45:13,452] INFO: loading model_word2vec_bibl_content
[2021-01-24 00:45:13,454] INFO: loading Word2Vec object from /Users/neo1/PycharmProjects/vec4irltr/model/ir/20210121231330551/model_word2vec_bibl_content
[2021-01-24 00:45:13,454] INFO: loading Word2Vec object from /Users/neo1/PycharmProjects/vec4irltr/model/ir/20210121231330551/model_word2vec_bibl_content
[2021-01-24 00:45:13,465] INFO: loading wv recursively from /Users/neo1/PycharmProjects/vec4irltr/model/ir/20210121231330551/model_word2vec_bibl_content.wv.* with mmap=None
[2021-01-24 00:45:13,465] INFO: loading wv recursively from /Users/neo1/PycharmProjects/vec4irltr/model/ir/20210121231330551/model_word2vec_bibl_content.wv.* with mmap=None
[2021-01-24 00:45:13,466] INFO: setting ignored attribute vectors_norm to None
[2021-01-24 00:45:13,466] INFO: setting ignored attribute vectors_norm to None
[2021-01-24 00:45:13,466] INFO: loading vocabulary recursively from /Users/neo1/PycharmProjects/vec4irltr/model/ir/20210121231330551/model_word2vec_bibl_content.vocabulary.* with mmap=None
[2021-01-24 00:45:13,466] INFO: loading vocabulary recursively from /Users/neo1/PycharmProjects/vec4irltr/model/ir/20210121231330551/model_word2vec_bibl_content.vocabulary.* with mmap=None
[2021-01-24 00:45:13,467] INFO: loading trainables recursively from /Users/neo1/PycharmProjects/vec4irltr/model/ir/20210121231330551/model_word2vec_bibl_content.trainables.* with mmap=None
[2021-01-24 00:45:13,467] INFO: loading trainables recursively from /Users/neo1/PycharmProjects/vec4irltr/model/ir/20210121231330551/model_word2vec_bibl_content.trainables.* with mmap=None
[2021-01-24 00:45:13,468] INFO: setting ignored attribute cum_table to None
[2021-01-24 00:45:13,468] INFO: setting ignored attribute cum_table to None
[2021-01-24 00:45:13,468] INFO: loaded /Users/neo1/PycharmProjects/vec4irltr/model/ir/20210121231330551/model_word2vec_bibl_content
[2021-01-24 00:45:13,468] INFO: loaded /Users/neo1/PycharmProjects/vec4irltr/model/ir/20210121231330551/model_word2vec_bibl_content
[2021-01-24 00:45:13,472] INFO: load time:0.018671035766601562
[2021-01-24 00:45:13,472] INFO: load time:0.018671035766601562
[2021-01-24 00:45:14,475] INFO: pid:63997 done | load time: 1.021817922592163
[2021-01-24 00:45:14,475] INFO: pid:63997 done | load time: 1.021817922592163
[2021-01-24 00:45:14,476] INFO: loading model_word2vec_bibl_econtent
[2021-01-24 00:45:14,476] INFO: loading model_word2vec_bibl_econtent
[2021-01-24 00:45:14,477] INFO: loading Word2Vec object from /Users/neo1/PycharmProjects/vec4irltr/model/ir/20210121231330551/model_word2vec_bibl_econtent
[2021-01-24 00:45:14,477] INFO: loading Word2Vec object from /Users/neo1/PycharmProjects/vec4irltr/model/ir/20210121231330551/model_word2vec_bibl_econtent
[2021-01-24 00:45:14,479] INFO: loading wv recursively from /Users/neo1/PycharmProjects/vec4irltr/model/ir/20210121231330551/model_word2vec_bibl_econtent.wv.* with mmap=None
[2021-01-24 00:45:14,479] INFO: loading wv recursively from /Users/neo1/PycharmProjects/vec4irltr/model/ir/20210121231330551/model_word2vec_bibl_econtent.wv.* with mmap=None
[2021-01-24 00:45:14,480] INFO: setting ignored attribute vectors_norm to None
[2021-01-24 00:45:14,480] INFO: setting ignored attribute vectors_norm to None
[2021-01-24 00:45:14,480] INFO: loading vocabulary recursively from /Users/neo1/PycharmProjects/vec4irltr/model/ir/20210121231330551/model_word2vec_bibl_econtent.vocabulary.* with mmap=None
[2021-01-24 00:45:14,480] INFO: loading vocabulary recursively from /Users/neo1/PycharmProjects/vec4irltr/model/ir/20210121231330551/model_word2vec_bibl_econtent.vocabulary.* with mmap=None
[2021-01-24 00:45:14,481] INFO: loading trainables recursively from /Users/neo1/PycharmProjects/vec4irltr/model/ir/20210121231330551/model_word2vec_bibl_econtent.trainables.* with mmap=None
[2021-01-24 00:45:14,481] INFO: loading trainables recursively from /Users/neo1/PycharmProjects/vec4irltr/model/ir/20210121231330551/model_word2vec_bibl_econtent.trainables.* with mmap=None
[2021-01-24 00:45:14,482] INFO: setting ignored attribute cum_table to None
[2021-01-24 00:45:14,482] INFO: setting ignored attribute cum_table to None
[2021-01-24 00:45:14,482] INFO: loaded /Users/neo1/PycharmProjects/vec4irltr/model/ir/20210121231330551/model_word2vec_bibl_econtent
[2021-01-24 00:45:14,482] INFO: loaded /Users/neo1/PycharmProjects/vec4irltr/model/ir/20210121231330551/model_word2vec_bibl_econtent
[2021-01-24 00:45:14,483] INFO: load time:0.00642704963684082
[2021-01-24 00:45:14,483] INFO: load time:0.00642704963684082
[2021-01-24 00:45:15,488] INFO: pid:63997 done | load time: 1.010763168334961
[2021-01-24 00:45:15,488] INFO: pid:63997 done | load time: 1.010763168334961
