[2021-01-23 12:48:49,067] INFO: set_init_models_and_get_retrievals
[2021-01-23 12:48:49,073] INFO: loading model_word2vec_bibl_bible_bcn
[2021-01-23 12:48:49,074] INFO: loading Word2Vec object from /Users/neo1/PycharmProjects/vec4irltr/model/ir/20210121231330551/model_word2vec_bibl_bible_bcn
[2021-01-23 12:48:49,076] INFO: loading wv recursively from /Users/neo1/PycharmProjects/vec4irltr/model/ir/20210121231330551/model_word2vec_bibl_bible_bcn.wv.* with mmap=None
[2021-01-23 12:48:49,077] INFO: setting ignored attribute vectors_norm to None
[2021-01-23 12:48:49,077] INFO: loading vocabulary recursively from /Users/neo1/PycharmProjects/vec4irltr/model/ir/20210121231330551/model_word2vec_bibl_bible_bcn.vocabulary.* with mmap=None
[2021-01-23 12:48:49,078] INFO: loading trainables recursively from /Users/neo1/PycharmProjects/vec4irltr/model/ir/20210121231330551/model_word2vec_bibl_bible_bcn.trainables.* with mmap=None
[2021-01-23 12:48:49,078] INFO: setting ignored attribute cum_table to None
[2021-01-23 12:48:49,079] INFO: loaded /Users/neo1/PycharmProjects/vec4irltr/model/ir/20210121231330551/model_word2vec_bibl_bible_bcn
[2021-01-23 12:48:49,079] INFO: load time:0.00577998161315918
[2021-01-23 12:48:50,084] INFO: pid:12932 done | load time: 1.0108628273010254
[2021-01-23 12:48:50,085] INFO: loading model_word2vec_bibl_content
[2021-01-23 12:48:50,085] INFO: loading Word2Vec object from /Users/neo1/PycharmProjects/vec4irltr/model/ir/20210121231330551/model_word2vec_bibl_content
[2021-01-23 12:48:50,096] INFO: loading wv recursively from /Users/neo1/PycharmProjects/vec4irltr/model/ir/20210121231330551/model_word2vec_bibl_content.wv.* with mmap=None
[2021-01-23 12:48:50,097] INFO: setting ignored attribute vectors_norm to None
[2021-01-23 12:48:50,097] INFO: loading vocabulary recursively from /Users/neo1/PycharmProjects/vec4irltr/model/ir/20210121231330551/model_word2vec_bibl_content.vocabulary.* with mmap=None
[2021-01-23 12:48:50,098] INFO: loading trainables recursively from /Users/neo1/PycharmProjects/vec4irltr/model/ir/20210121231330551/model_word2vec_bibl_content.trainables.* with mmap=None
[2021-01-23 12:48:50,098] INFO: setting ignored attribute cum_table to None
[2021-01-23 12:48:50,099] INFO: loaded /Users/neo1/PycharmProjects/vec4irltr/model/ir/20210121231330551/model_word2vec_bibl_content
[2021-01-23 12:48:50,102] INFO: load time:0.016566753387451172
[2021-01-23 12:48:51,105] INFO: pid:12932 done | load time: 1.0194718837738037
[2021-01-23 12:48:51,105] INFO: loading model_word2vec_bibl_econtent
[2021-01-23 12:48:51,106] INFO: loading Word2Vec object from /Users/neo1/PycharmProjects/vec4irltr/model/ir/20210121231330551/model_word2vec_bibl_econtent
[2021-01-23 12:48:51,107] INFO: loading wv recursively from /Users/neo1/PycharmProjects/vec4irltr/model/ir/20210121231330551/model_word2vec_bibl_econtent.wv.* with mmap=None
[2021-01-23 12:48:51,108] INFO: setting ignored attribute vectors_norm to None
[2021-01-23 12:48:51,108] INFO: loading vocabulary recursively from /Users/neo1/PycharmProjects/vec4irltr/model/ir/20210121231330551/model_word2vec_bibl_econtent.vocabulary.* with mmap=None
[2021-01-23 12:48:51,109] INFO: loading trainables recursively from /Users/neo1/PycharmProjects/vec4irltr/model/ir/20210121231330551/model_word2vec_bibl_econtent.trainables.* with mmap=None
[2021-01-23 12:48:51,109] INFO: setting ignored attribute cum_table to None
[2021-01-23 12:48:51,110] INFO: loaded /Users/neo1/PycharmProjects/vec4irltr/model/ir/20210121231330551/model_word2vec_bibl_econtent
[2021-01-23 12:48:51,110] INFO: load time:0.0042819976806640625
[2021-01-23 12:48:52,111] INFO: pid:12932 done | load time: 1.005120038986206
[2021-01-23 12:49:13,279] INFO: loading model_fasttext_bibl_bible_bcn
[2021-01-23 12:49:13,280] INFO: loading FastText object from /Users/neo1/PycharmProjects/vec4irltr/model/ir/20210121231330551/model_fasttext_bibl_bible_bcn
[2021-01-23 12:49:13,286] INFO: loading wv recursively from /Users/neo1/PycharmProjects/vec4irltr/model/ir/20210121231330551/model_fasttext_bibl_bible_bcn.wv.* with mmap=None
[2021-01-23 12:49:13,287] INFO: loading vectors_ngrams from /Users/neo1/PycharmProjects/vec4irltr/model/ir/20210121231330551/model_fasttext_bibl_bible_bcn.wv.vectors_ngrams.npy with mmap=None
[2021-01-23 12:49:14,911] INFO: setting ignored attribute vectors_norm to None
[2021-01-23 12:49:14,912] INFO: setting ignored attribute vectors_vocab_norm to None
[2021-01-23 12:49:14,912] INFO: setting ignored attribute vectors_ngrams_norm to None
[2021-01-23 12:49:14,913] INFO: setting ignored attribute buckets_word to None
[2021-01-23 12:49:14,913] INFO: loading vocabulary recursively from /Users/neo1/PycharmProjects/vec4irltr/model/ir/20210121231330551/model_fasttext_bibl_bible_bcn.vocabulary.* with mmap=None
[2021-01-23 12:49:14,914] INFO: loading trainables recursively from /Users/neo1/PycharmProjects/vec4irltr/model/ir/20210121231330551/model_fasttext_bibl_bible_bcn.trainables.* with mmap=None
[2021-01-23 12:49:14,914] INFO: loading vectors_ngrams_lockf from /Users/neo1/PycharmProjects/vec4irltr/model/ir/20210121231330551/model_fasttext_bibl_bible_bcn.trainables.vectors_ngrams_lockf.npy with mmap=None
[2021-01-23 12:49:16,412] INFO: loaded /Users/neo1/PycharmProjects/vec4irltr/model/ir/20210121231330551/model_fasttext_bibl_bible_bcn
[2021-01-23 12:49:16,413] INFO: load time:3.1330630779266357
[2021-01-23 12:49:17,416] INFO: pid:12932 done | load time: 4.136199235916138
[2021-01-23 12:49:17,417] INFO: loading model_fasttext_bibl_content
[2021-01-23 12:49:17,417] INFO: loading FastText object from /Users/neo1/PycharmProjects/vec4irltr/model/ir/20210121231330551/model_fasttext_bibl_content
[2021-01-23 12:49:17,442] INFO: loading wv recursively from /Users/neo1/PycharmProjects/vec4irltr/model/ir/20210121231330551/model_fasttext_bibl_content.wv.* with mmap=None
[2021-01-23 12:49:17,443] INFO: loading vectors_ngrams from /Users/neo1/PycharmProjects/vec4irltr/model/ir/20210121231330551/model_fasttext_bibl_content.wv.vectors_ngrams.npy with mmap=None
[2021-01-23 12:49:19,967] INFO: setting ignored attribute vectors_norm to None
[2021-01-23 12:49:19,970] INFO: setting ignored attribute vectors_vocab_norm to None
[2021-01-23 12:49:19,971] INFO: setting ignored attribute vectors_ngrams_norm to None
[2021-01-23 12:49:19,972] INFO: setting ignored attribute buckets_word to None
[2021-01-23 12:49:19,972] INFO: loading vocabulary recursively from /Users/neo1/PycharmProjects/vec4irltr/model/ir/20210121231330551/model_fasttext_bibl_content.vocabulary.* with mmap=None
[2021-01-23 12:49:19,973] INFO: loading trainables recursively from /Users/neo1/PycharmProjects/vec4irltr/model/ir/20210121231330551/model_fasttext_bibl_content.trainables.* with mmap=None
[2021-01-23 12:49:19,974] INFO: loading vectors_ngrams_lockf from /Users/neo1/PycharmProjects/vec4irltr/model/ir/20210121231330551/model_fasttext_bibl_content.trainables.vectors_ngrams_lockf.npy with mmap=None
[2021-01-23 12:49:22,912] INFO: loaded /Users/neo1/PycharmProjects/vec4irltr/model/ir/20210121231330551/model_fasttext_bibl_content
[2021-01-23 12:49:22,921] INFO: load time:5.504404067993164
[2021-01-23 12:49:23,923] INFO: pid:12932 done | load time: 6.506065845489502
[2021-01-23 12:49:23,924] INFO: loading model_fasttext_bibl_econtent
[2021-01-23 12:49:23,924] INFO: loading FastText object from /Users/neo1/PycharmProjects/vec4irltr/model/ir/20210121231330551/model_fasttext_bibl_econtent
[2021-01-23 12:49:23,932] INFO: loading wv recursively from /Users/neo1/PycharmProjects/vec4irltr/model/ir/20210121231330551/model_fasttext_bibl_econtent.wv.* with mmap=None
[2021-01-23 12:49:23,933] INFO: loading vectors_ngrams from /Users/neo1/PycharmProjects/vec4irltr/model/ir/20210121231330551/model_fasttext_bibl_econtent.wv.vectors_ngrams.npy with mmap=None
[2021-01-23 12:49:25,836] INFO: setting ignored attribute vectors_norm to None
[2021-01-23 12:49:25,837] INFO: setting ignored attribute vectors_vocab_norm to None
[2021-01-23 12:49:25,838] INFO: setting ignored attribute vectors_ngrams_norm to None
[2021-01-23 12:49:25,838] INFO: setting ignored attribute buckets_word to None
[2021-01-23 12:49:25,839] INFO: loading vocabulary recursively from /Users/neo1/PycharmProjects/vec4irltr/model/ir/20210121231330551/model_fasttext_bibl_econtent.vocabulary.* with mmap=None
[2021-01-23 12:49:25,839] INFO: loading trainables recursively from /Users/neo1/PycharmProjects/vec4irltr/model/ir/20210121231330551/model_fasttext_bibl_econtent.trainables.* with mmap=None
[2021-01-23 12:49:25,840] INFO: loading vectors_ngrams_lockf from /Users/neo1/PycharmProjects/vec4irltr/model/ir/20210121231330551/model_fasttext_bibl_econtent.trainables.vectors_ngrams_lockf.npy with mmap=None
[2021-01-23 12:49:27,520] INFO: loaded /Users/neo1/PycharmProjects/vec4irltr/model/ir/20210121231330551/model_fasttext_bibl_econtent
[2021-01-23 12:49:27,521] INFO: load time:3.596435785293579
[2021-01-23 12:49:28,521] INFO: pid:12932 done | load time: 4.5969038009643555
