[2021-01-23 17:58:27,806] INFO: set_init_models_and_get_retrievals
[2021-01-23 17:58:27,806] INFO: set_init_models_and_get_retrievals
[2021-01-23 17:58:27,812] INFO: loading model_word2vec_bibl_bible_bcn
[2021-01-23 17:58:27,812] INFO: loading model_word2vec_bibl_bible_bcn
[2021-01-23 17:58:27,813] INFO: loading Word2Vec object from /Users/neo1/PycharmProjects/vec4irltr/model/ir/20210121231330551/model_word2vec_bibl_bible_bcn
[2021-01-23 17:58:27,813] INFO: loading Word2Vec object from /Users/neo1/PycharmProjects/vec4irltr/model/ir/20210121231330551/model_word2vec_bibl_bible_bcn
[2021-01-23 17:58:27,816] INFO: loading wv recursively from /Users/neo1/PycharmProjects/vec4irltr/model/ir/20210121231330551/model_word2vec_bibl_bible_bcn.wv.* with mmap=None
[2021-01-23 17:58:27,816] INFO: loading wv recursively from /Users/neo1/PycharmProjects/vec4irltr/model/ir/20210121231330551/model_word2vec_bibl_bible_bcn.wv.* with mmap=None
[2021-01-23 17:58:27,817] INFO: setting ignored attribute vectors_norm to None
[2021-01-23 17:58:27,817] INFO: setting ignored attribute vectors_norm to None
[2021-01-23 17:58:27,817] INFO: loading vocabulary recursively from /Users/neo1/PycharmProjects/vec4irltr/model/ir/20210121231330551/model_word2vec_bibl_bible_bcn.vocabulary.* with mmap=None
[2021-01-23 17:58:27,817] INFO: loading vocabulary recursively from /Users/neo1/PycharmProjects/vec4irltr/model/ir/20210121231330551/model_word2vec_bibl_bible_bcn.vocabulary.* with mmap=None
[2021-01-23 17:58:27,818] INFO: loading trainables recursively from /Users/neo1/PycharmProjects/vec4irltr/model/ir/20210121231330551/model_word2vec_bibl_bible_bcn.trainables.* with mmap=None
[2021-01-23 17:58:27,818] INFO: loading trainables recursively from /Users/neo1/PycharmProjects/vec4irltr/model/ir/20210121231330551/model_word2vec_bibl_bible_bcn.trainables.* with mmap=None
[2021-01-23 17:58:27,819] INFO: setting ignored attribute cum_table to None
[2021-01-23 17:58:27,819] INFO: setting ignored attribute cum_table to None
[2021-01-23 17:58:27,819] INFO: loaded /Users/neo1/PycharmProjects/vec4irltr/model/ir/20210121231330551/model_word2vec_bibl_bible_bcn
[2021-01-23 17:58:27,819] INFO: loaded /Users/neo1/PycharmProjects/vec4irltr/model/ir/20210121231330551/model_word2vec_bibl_bible_bcn
[2021-01-23 17:58:27,820] INFO: load time:0.007745981216430664
[2021-01-23 17:58:27,820] INFO: load time:0.007745981216430664
[2021-01-23 17:58:28,821] INFO: pid:34942 done | load time: 1.008533000946045
[2021-01-23 17:58:28,821] INFO: pid:34942 done | load time: 1.008533000946045
[2021-01-23 17:58:28,822] INFO: loading model_word2vec_bibl_content
[2021-01-23 17:58:28,822] INFO: loading model_word2vec_bibl_content
[2021-01-23 17:58:28,822] INFO: loading Word2Vec object from /Users/neo1/PycharmProjects/vec4irltr/model/ir/20210121231330551/model_word2vec_bibl_content
[2021-01-23 17:58:28,822] INFO: loading Word2Vec object from /Users/neo1/PycharmProjects/vec4irltr/model/ir/20210121231330551/model_word2vec_bibl_content
[2021-01-23 17:58:28,833] INFO: loading wv recursively from /Users/neo1/PycharmProjects/vec4irltr/model/ir/20210121231330551/model_word2vec_bibl_content.wv.* with mmap=None
[2021-01-23 17:58:28,833] INFO: loading wv recursively from /Users/neo1/PycharmProjects/vec4irltr/model/ir/20210121231330551/model_word2vec_bibl_content.wv.* with mmap=None
[2021-01-23 17:58:28,834] INFO: setting ignored attribute vectors_norm to None
[2021-01-23 17:58:28,834] INFO: setting ignored attribute vectors_norm to None
[2021-01-23 17:58:28,835] INFO: loading vocabulary recursively from /Users/neo1/PycharmProjects/vec4irltr/model/ir/20210121231330551/model_word2vec_bibl_content.vocabulary.* with mmap=None
[2021-01-23 17:58:28,835] INFO: loading vocabulary recursively from /Users/neo1/PycharmProjects/vec4irltr/model/ir/20210121231330551/model_word2vec_bibl_content.vocabulary.* with mmap=None
[2021-01-23 17:58:28,835] INFO: loading trainables recursively from /Users/neo1/PycharmProjects/vec4irltr/model/ir/20210121231330551/model_word2vec_bibl_content.trainables.* with mmap=None
[2021-01-23 17:58:28,835] INFO: loading trainables recursively from /Users/neo1/PycharmProjects/vec4irltr/model/ir/20210121231330551/model_word2vec_bibl_content.trainables.* with mmap=None
[2021-01-23 17:58:28,836] INFO: setting ignored attribute cum_table to None
[2021-01-23 17:58:28,836] INFO: setting ignored attribute cum_table to None
[2021-01-23 17:58:28,837] INFO: loaded /Users/neo1/PycharmProjects/vec4irltr/model/ir/20210121231330551/model_word2vec_bibl_content
[2021-01-23 17:58:28,837] INFO: loaded /Users/neo1/PycharmProjects/vec4irltr/model/ir/20210121231330551/model_word2vec_bibl_content
[2021-01-23 17:58:28,840] INFO: load time:0.017732858657836914
[2021-01-23 17:58:28,840] INFO: load time:0.017732858657836914
[2021-01-23 17:58:29,843] INFO: pid:34942 done | load time: 1.0202319622039795
[2021-01-23 17:58:29,843] INFO: pid:34942 done | load time: 1.0202319622039795
[2021-01-23 17:58:29,843] INFO: loading model_word2vec_bibl_econtent
[2021-01-23 17:58:29,843] INFO: loading model_word2vec_bibl_econtent
[2021-01-23 17:58:29,844] INFO: loading Word2Vec object from /Users/neo1/PycharmProjects/vec4irltr/model/ir/20210121231330551/model_word2vec_bibl_econtent
[2021-01-23 17:58:29,844] INFO: loading Word2Vec object from /Users/neo1/PycharmProjects/vec4irltr/model/ir/20210121231330551/model_word2vec_bibl_econtent
[2021-01-23 17:58:29,846] INFO: loading wv recursively from /Users/neo1/PycharmProjects/vec4irltr/model/ir/20210121231330551/model_word2vec_bibl_econtent.wv.* with mmap=None
[2021-01-23 17:58:29,846] INFO: loading wv recursively from /Users/neo1/PycharmProjects/vec4irltr/model/ir/20210121231330551/model_word2vec_bibl_econtent.wv.* with mmap=None
[2021-01-23 17:58:29,846] INFO: setting ignored attribute vectors_norm to None
[2021-01-23 17:58:29,846] INFO: setting ignored attribute vectors_norm to None
[2021-01-23 17:58:29,847] INFO: loading vocabulary recursively from /Users/neo1/PycharmProjects/vec4irltr/model/ir/20210121231330551/model_word2vec_bibl_econtent.vocabulary.* with mmap=None
[2021-01-23 17:58:29,847] INFO: loading vocabulary recursively from /Users/neo1/PycharmProjects/vec4irltr/model/ir/20210121231330551/model_word2vec_bibl_econtent.vocabulary.* with mmap=None
[2021-01-23 17:58:29,848] INFO: loading trainables recursively from /Users/neo1/PycharmProjects/vec4irltr/model/ir/20210121231330551/model_word2vec_bibl_econtent.trainables.* with mmap=None
[2021-01-23 17:58:29,848] INFO: loading trainables recursively from /Users/neo1/PycharmProjects/vec4irltr/model/ir/20210121231330551/model_word2vec_bibl_econtent.trainables.* with mmap=None
[2021-01-23 17:58:29,848] INFO: setting ignored attribute cum_table to None
[2021-01-23 17:58:29,848] INFO: setting ignored attribute cum_table to None
[2021-01-23 17:58:29,849] INFO: loaded /Users/neo1/PycharmProjects/vec4irltr/model/ir/20210121231330551/model_word2vec_bibl_econtent
[2021-01-23 17:58:29,849] INFO: loaded /Users/neo1/PycharmProjects/vec4irltr/model/ir/20210121231330551/model_word2vec_bibl_econtent
[2021-01-23 17:58:29,849] INFO: load time:0.005539894104003906
[2021-01-23 17:58:29,849] INFO: load time:0.005539894104003906
[2021-01-23 17:58:30,853] INFO: pid:34942 done | load time: 1.0093050003051758
[2021-01-23 17:58:30,853] INFO: pid:34942 done | load time: 1.0093050003051758
