[2021-01-24 02:58:33,085] INFO: set_init_models_and_get_retrievals
[2021-01-24 02:58:33,085] INFO: set_init_models_and_get_retrievals
[2021-01-24 02:58:33,088] INFO: loading model_word2vec_bibl_bible_bcn
[2021-01-24 02:58:33,088] INFO: loading model_word2vec_bibl_bible_bcn
[2021-01-24 02:58:33,089] INFO: loading Word2Vec object from /Users/neo1/PycharmProjects/vec4irltr/model/ir/20210121231330551/model_word2vec_bibl_bible_bcn
[2021-01-24 02:58:33,089] INFO: loading Word2Vec object from /Users/neo1/PycharmProjects/vec4irltr/model/ir/20210121231330551/model_word2vec_bibl_bible_bcn
[2021-01-24 02:58:33,095] INFO: loading wv recursively from /Users/neo1/PycharmProjects/vec4irltr/model/ir/20210121231330551/model_word2vec_bibl_bible_bcn.wv.* with mmap=None
[2021-01-24 02:58:33,095] INFO: loading wv recursively from /Users/neo1/PycharmProjects/vec4irltr/model/ir/20210121231330551/model_word2vec_bibl_bible_bcn.wv.* with mmap=None
[2021-01-24 02:58:33,095] INFO: setting ignored attribute vectors_norm to None
[2021-01-24 02:58:33,095] INFO: setting ignored attribute vectors_norm to None
[2021-01-24 02:58:33,095] INFO: loading vocabulary recursively from /Users/neo1/PycharmProjects/vec4irltr/model/ir/20210121231330551/model_word2vec_bibl_bible_bcn.vocabulary.* with mmap=None
[2021-01-24 02:58:33,095] INFO: loading vocabulary recursively from /Users/neo1/PycharmProjects/vec4irltr/model/ir/20210121231330551/model_word2vec_bibl_bible_bcn.vocabulary.* with mmap=None
[2021-01-24 02:58:33,096] INFO: loading trainables recursively from /Users/neo1/PycharmProjects/vec4irltr/model/ir/20210121231330551/model_word2vec_bibl_bible_bcn.trainables.* with mmap=None
[2021-01-24 02:58:33,096] INFO: loading trainables recursively from /Users/neo1/PycharmProjects/vec4irltr/model/ir/20210121231330551/model_word2vec_bibl_bible_bcn.trainables.* with mmap=None
[2021-01-24 02:58:33,096] INFO: setting ignored attribute cum_table to None
[2021-01-24 02:58:33,096] INFO: setting ignored attribute cum_table to None
[2021-01-24 02:58:33,096] INFO: loaded /Users/neo1/PycharmProjects/vec4irltr/model/ir/20210121231330551/model_word2vec_bibl_bible_bcn
[2021-01-24 02:58:33,096] INFO: loaded /Users/neo1/PycharmProjects/vec4irltr/model/ir/20210121231330551/model_word2vec_bibl_bible_bcn
[2021-01-24 02:58:33,097] INFO: load time:0.008227109909057617
[2021-01-24 02:58:33,097] INFO: load time:0.008227109909057617
[2021-01-24 02:58:34,098] INFO: pid:73589 done | load time: 1.0094280242919922
[2021-01-24 02:58:34,098] INFO: pid:73589 done | load time: 1.0094280242919922
[2021-01-24 02:58:34,099] INFO: loading model_word2vec_bibl_content
[2021-01-24 02:58:34,099] INFO: loading model_word2vec_bibl_content
[2021-01-24 02:58:34,100] INFO: loading Word2Vec object from /Users/neo1/PycharmProjects/vec4irltr/model/ir/20210121231330551/model_word2vec_bibl_content
[2021-01-24 02:58:34,100] INFO: loading Word2Vec object from /Users/neo1/PycharmProjects/vec4irltr/model/ir/20210121231330551/model_word2vec_bibl_content
[2021-01-24 02:58:34,117] INFO: loading wv recursively from /Users/neo1/PycharmProjects/vec4irltr/model/ir/20210121231330551/model_word2vec_bibl_content.wv.* with mmap=None
[2021-01-24 02:58:34,117] INFO: loading wv recursively from /Users/neo1/PycharmProjects/vec4irltr/model/ir/20210121231330551/model_word2vec_bibl_content.wv.* with mmap=None
[2021-01-24 02:58:34,117] INFO: setting ignored attribute vectors_norm to None
[2021-01-24 02:58:34,117] INFO: setting ignored attribute vectors_norm to None
[2021-01-24 02:58:34,118] INFO: loading vocabulary recursively from /Users/neo1/PycharmProjects/vec4irltr/model/ir/20210121231330551/model_word2vec_bibl_content.vocabulary.* with mmap=None
[2021-01-24 02:58:34,118] INFO: loading vocabulary recursively from /Users/neo1/PycharmProjects/vec4irltr/model/ir/20210121231330551/model_word2vec_bibl_content.vocabulary.* with mmap=None
[2021-01-24 02:58:34,118] INFO: loading trainables recursively from /Users/neo1/PycharmProjects/vec4irltr/model/ir/20210121231330551/model_word2vec_bibl_content.trainables.* with mmap=None
[2021-01-24 02:58:34,118] INFO: loading trainables recursively from /Users/neo1/PycharmProjects/vec4irltr/model/ir/20210121231330551/model_word2vec_bibl_content.trainables.* with mmap=None
[2021-01-24 02:58:34,118] INFO: setting ignored attribute cum_table to None
[2021-01-24 02:58:34,118] INFO: setting ignored attribute cum_table to None
[2021-01-24 02:58:34,119] INFO: loaded /Users/neo1/PycharmProjects/vec4irltr/model/ir/20210121231330551/model_word2vec_bibl_content
[2021-01-24 02:58:34,119] INFO: loaded /Users/neo1/PycharmProjects/vec4irltr/model/ir/20210121231330551/model_word2vec_bibl_content
[2021-01-24 02:58:34,121] INFO: load time:0.021270036697387695
[2021-01-24 02:58:34,121] INFO: load time:0.021270036697387695
[2021-01-24 02:58:35,126] INFO: pid:73589 done | load time: 1.026015043258667
[2021-01-24 02:58:35,126] INFO: pid:73589 done | load time: 1.026015043258667
[2021-01-24 02:58:35,126] INFO: loading model_word2vec_bibl_econtent
[2021-01-24 02:58:35,126] INFO: loading model_word2vec_bibl_econtent
[2021-01-24 02:58:35,126] INFO: loading Word2Vec object from /Users/neo1/PycharmProjects/vec4irltr/model/ir/20210121231330551/model_word2vec_bibl_econtent
[2021-01-24 02:58:35,126] INFO: loading Word2Vec object from /Users/neo1/PycharmProjects/vec4irltr/model/ir/20210121231330551/model_word2vec_bibl_econtent
[2021-01-24 02:58:35,131] INFO: loading wv recursively from /Users/neo1/PycharmProjects/vec4irltr/model/ir/20210121231330551/model_word2vec_bibl_econtent.wv.* with mmap=None
[2021-01-24 02:58:35,131] INFO: loading wv recursively from /Users/neo1/PycharmProjects/vec4irltr/model/ir/20210121231330551/model_word2vec_bibl_econtent.wv.* with mmap=None
[2021-01-24 02:58:35,131] INFO: setting ignored attribute vectors_norm to None
[2021-01-24 02:58:35,131] INFO: setting ignored attribute vectors_norm to None
[2021-01-24 02:58:35,132] INFO: loading vocabulary recursively from /Users/neo1/PycharmProjects/vec4irltr/model/ir/20210121231330551/model_word2vec_bibl_econtent.vocabulary.* with mmap=None
[2021-01-24 02:58:35,132] INFO: loading vocabulary recursively from /Users/neo1/PycharmProjects/vec4irltr/model/ir/20210121231330551/model_word2vec_bibl_econtent.vocabulary.* with mmap=None
[2021-01-24 02:58:35,132] INFO: loading trainables recursively from /Users/neo1/PycharmProjects/vec4irltr/model/ir/20210121231330551/model_word2vec_bibl_econtent.trainables.* with mmap=None
[2021-01-24 02:58:35,132] INFO: loading trainables recursively from /Users/neo1/PycharmProjects/vec4irltr/model/ir/20210121231330551/model_word2vec_bibl_econtent.trainables.* with mmap=None
[2021-01-24 02:58:35,132] INFO: setting ignored attribute cum_table to None
[2021-01-24 02:58:35,132] INFO: setting ignored attribute cum_table to None
[2021-01-24 02:58:35,133] INFO: loaded /Users/neo1/PycharmProjects/vec4irltr/model/ir/20210121231330551/model_word2vec_bibl_econtent
[2021-01-24 02:58:35,133] INFO: loaded /Users/neo1/PycharmProjects/vec4irltr/model/ir/20210121231330551/model_word2vec_bibl_econtent
[2021-01-24 02:58:35,133] INFO: load time:0.006597757339477539
[2021-01-24 02:58:35,133] INFO: load time:0.006597757339477539
[2021-01-24 02:58:36,135] INFO: pid:73589 done | load time: 1.0085208415985107
[2021-01-24 02:58:36,135] INFO: pid:73589 done | load time: 1.0085208415985107
[2021-01-24 02:58:44,105] INFO: api/search?q=하나님
[2021-01-24 02:58:44,105] INFO: api/search?q=하나님
