[2021-02-01 22:37:05,780] INFO: set_init_models_and_get_retrievals
[2021-02-01 22:37:05,780] INFO: set_init_models_and_get_retrievals
[2021-02-01 22:37:05,783] INFO: loading model_word2vec_bibl_bible_bcn
[2021-02-01 22:37:05,783] INFO: loading model_word2vec_bibl_bible_bcn
[2021-02-01 22:37:05,784] INFO: loading Word2Vec object from /Users/neo1/PycharmProjects/vec4irltr/model/ir/20210127210618894/model_word2vec_bibl_bible_bcn
[2021-02-01 22:37:05,784] INFO: loading Word2Vec object from /Users/neo1/PycharmProjects/vec4irltr/model/ir/20210127210618894/model_word2vec_bibl_bible_bcn
[2021-02-01 22:37:05,791] INFO: loading wv recursively from /Users/neo1/PycharmProjects/vec4irltr/model/ir/20210127210618894/model_word2vec_bibl_bible_bcn.wv.* with mmap=None
[2021-02-01 22:37:05,791] INFO: loading wv recursively from /Users/neo1/PycharmProjects/vec4irltr/model/ir/20210127210618894/model_word2vec_bibl_bible_bcn.wv.* with mmap=None
[2021-02-01 22:37:05,791] INFO: setting ignored attribute vectors_norm to None
[2021-02-01 22:37:05,791] INFO: setting ignored attribute vectors_norm to None
[2021-02-01 22:37:05,791] INFO: loading vocabulary recursively from /Users/neo1/PycharmProjects/vec4irltr/model/ir/20210127210618894/model_word2vec_bibl_bible_bcn.vocabulary.* with mmap=None
[2021-02-01 22:37:05,791] INFO: loading vocabulary recursively from /Users/neo1/PycharmProjects/vec4irltr/model/ir/20210127210618894/model_word2vec_bibl_bible_bcn.vocabulary.* with mmap=None
[2021-02-01 22:37:05,792] INFO: loading trainables recursively from /Users/neo1/PycharmProjects/vec4irltr/model/ir/20210127210618894/model_word2vec_bibl_bible_bcn.trainables.* with mmap=None
[2021-02-01 22:37:05,792] INFO: loading trainables recursively from /Users/neo1/PycharmProjects/vec4irltr/model/ir/20210127210618894/model_word2vec_bibl_bible_bcn.trainables.* with mmap=None
[2021-02-01 22:37:05,792] INFO: setting ignored attribute cum_table to None
[2021-02-01 22:37:05,792] INFO: setting ignored attribute cum_table to None
[2021-02-01 22:37:05,792] INFO: loaded /Users/neo1/PycharmProjects/vec4irltr/model/ir/20210127210618894/model_word2vec_bibl_bible_bcn
[2021-02-01 22:37:05,792] INFO: loaded /Users/neo1/PycharmProjects/vec4irltr/model/ir/20210127210618894/model_word2vec_bibl_bible_bcn
[2021-02-01 22:37:05,793] INFO: load time:0.009199857711791992
[2021-02-01 22:37:05,793] INFO: load time:0.009199857711791992
[2021-02-01 22:37:06,797] INFO: pid:49005 done | load time: 1.0131537914276123
[2021-02-01 22:37:06,797] INFO: pid:49005 done | load time: 1.0131537914276123
[2021-02-01 22:37:06,797] INFO: loading model_word2vec_bibl_content
[2021-02-01 22:37:06,797] INFO: loading model_word2vec_bibl_content
[2021-02-01 22:37:06,798] INFO: loading Word2Vec object from /Users/neo1/PycharmProjects/vec4irltr/model/ir/20210127210618894/model_word2vec_bibl_content
[2021-02-01 22:37:06,798] INFO: loading Word2Vec object from /Users/neo1/PycharmProjects/vec4irltr/model/ir/20210127210618894/model_word2vec_bibl_content
[2021-02-01 22:37:06,814] INFO: loading wv recursively from /Users/neo1/PycharmProjects/vec4irltr/model/ir/20210127210618894/model_word2vec_bibl_content.wv.* with mmap=None
[2021-02-01 22:37:06,814] INFO: loading wv recursively from /Users/neo1/PycharmProjects/vec4irltr/model/ir/20210127210618894/model_word2vec_bibl_content.wv.* with mmap=None
[2021-02-01 22:37:06,815] INFO: setting ignored attribute vectors_norm to None
[2021-02-01 22:37:06,815] INFO: setting ignored attribute vectors_norm to None
[2021-02-01 22:37:06,815] INFO: loading vocabulary recursively from /Users/neo1/PycharmProjects/vec4irltr/model/ir/20210127210618894/model_word2vec_bibl_content.vocabulary.* with mmap=None
[2021-02-01 22:37:06,815] INFO: loading vocabulary recursively from /Users/neo1/PycharmProjects/vec4irltr/model/ir/20210127210618894/model_word2vec_bibl_content.vocabulary.* with mmap=None
[2021-02-01 22:37:06,815] INFO: loading trainables recursively from /Users/neo1/PycharmProjects/vec4irltr/model/ir/20210127210618894/model_word2vec_bibl_content.trainables.* with mmap=None
[2021-02-01 22:37:06,815] INFO: loading trainables recursively from /Users/neo1/PycharmProjects/vec4irltr/model/ir/20210127210618894/model_word2vec_bibl_content.trainables.* with mmap=None
[2021-02-01 22:37:06,816] INFO: setting ignored attribute cum_table to None
[2021-02-01 22:37:06,816] INFO: setting ignored attribute cum_table to None
[2021-02-01 22:37:06,816] INFO: loaded /Users/neo1/PycharmProjects/vec4irltr/model/ir/20210127210618894/model_word2vec_bibl_content
[2021-02-01 22:37:06,816] INFO: loaded /Users/neo1/PycharmProjects/vec4irltr/model/ir/20210127210618894/model_word2vec_bibl_content
[2021-02-01 22:37:06,818] INFO: load time:0.02056598663330078
[2021-02-01 22:37:06,818] INFO: load time:0.02056598663330078
[2021-02-01 22:37:07,820] INFO: pid:49005 done | load time: 1.0222737789154053
[2021-02-01 22:37:07,820] INFO: pid:49005 done | load time: 1.0222737789154053
[2021-02-01 22:37:07,820] INFO: loading model_word2vec_bibl_econtent
[2021-02-01 22:37:07,820] INFO: loading model_word2vec_bibl_econtent
[2021-02-01 22:37:07,821] INFO: loading Word2Vec object from /Users/neo1/PycharmProjects/vec4irltr/model/ir/20210127210618894/model_word2vec_bibl_econtent
[2021-02-01 22:37:07,821] INFO: loading Word2Vec object from /Users/neo1/PycharmProjects/vec4irltr/model/ir/20210127210618894/model_word2vec_bibl_econtent
[2021-02-01 22:37:07,826] INFO: loading wv recursively from /Users/neo1/PycharmProjects/vec4irltr/model/ir/20210127210618894/model_word2vec_bibl_econtent.wv.* with mmap=None
[2021-02-01 22:37:07,826] INFO: loading wv recursively from /Users/neo1/PycharmProjects/vec4irltr/model/ir/20210127210618894/model_word2vec_bibl_econtent.wv.* with mmap=None
[2021-02-01 22:37:07,826] INFO: setting ignored attribute vectors_norm to None
[2021-02-01 22:37:07,826] INFO: setting ignored attribute vectors_norm to None
[2021-02-01 22:37:07,827] INFO: loading vocabulary recursively from /Users/neo1/PycharmProjects/vec4irltr/model/ir/20210127210618894/model_word2vec_bibl_econtent.vocabulary.* with mmap=None
[2021-02-01 22:37:07,827] INFO: loading vocabulary recursively from /Users/neo1/PycharmProjects/vec4irltr/model/ir/20210127210618894/model_word2vec_bibl_econtent.vocabulary.* with mmap=None
[2021-02-01 22:37:07,827] INFO: loading trainables recursively from /Users/neo1/PycharmProjects/vec4irltr/model/ir/20210127210618894/model_word2vec_bibl_econtent.trainables.* with mmap=None
[2021-02-01 22:37:07,827] INFO: loading trainables recursively from /Users/neo1/PycharmProjects/vec4irltr/model/ir/20210127210618894/model_word2vec_bibl_econtent.trainables.* with mmap=None
[2021-02-01 22:37:07,827] INFO: setting ignored attribute cum_table to None
[2021-02-01 22:37:07,827] INFO: setting ignored attribute cum_table to None
[2021-02-01 22:37:07,828] INFO: loaded /Users/neo1/PycharmProjects/vec4irltr/model/ir/20210127210618894/model_word2vec_bibl_econtent
[2021-02-01 22:37:07,828] INFO: loaded /Users/neo1/PycharmProjects/vec4irltr/model/ir/20210127210618894/model_word2vec_bibl_econtent
[2021-02-01 22:37:07,828] INFO: load time:0.00730586051940918
[2021-02-01 22:37:07,828] INFO: load time:0.00730586051940918
[2021-02-01 22:37:08,832] INFO: pid:49005 done | load time: 1.0115909576416016
[2021-02-01 22:37:08,832] INFO: pid:49005 done | load time: 1.0115909576416016
[2021-02-01 22:37:16,886] INFO: api/search?q=태초에 하나님께서 천지를 창조하시고 이 우주도 창조하시고 많은 것을 창조 하셨도다..... 역시 나는 베드로 요한 가나안 이집트 어디를 가나
[2021-02-01 22:37:16,886] INFO: api/search?q=태초에 하나님께서 천지를 창조하시고 이 우주도 창조하시고 많은 것을 창조 하셨도다..... 역시 나는 베드로 요한 가나안 이집트 어디를 가나
