[2021-01-24 02:57:53,137] INFO: set_init_models_and_get_retrievals
[2021-01-24 02:57:53,137] INFO: set_init_models_and_get_retrievals
[2021-01-24 02:57:53,140] INFO: loading model_word2vec_bibl_bible_bcn
[2021-01-24 02:57:53,140] INFO: loading model_word2vec_bibl_bible_bcn
[2021-01-24 02:57:53,140] INFO: loading Word2Vec object from /Users/neo1/PycharmProjects/vec4irltr/model/ir/20210121231330551/model_word2vec_bibl_bible_bcn
[2021-01-24 02:57:53,140] INFO: loading Word2Vec object from /Users/neo1/PycharmProjects/vec4irltr/model/ir/20210121231330551/model_word2vec_bibl_bible_bcn
[2021-01-24 02:57:53,147] INFO: loading wv recursively from /Users/neo1/PycharmProjects/vec4irltr/model/ir/20210121231330551/model_word2vec_bibl_bible_bcn.wv.* with mmap=None
[2021-01-24 02:57:53,147] INFO: loading wv recursively from /Users/neo1/PycharmProjects/vec4irltr/model/ir/20210121231330551/model_word2vec_bibl_bible_bcn.wv.* with mmap=None
[2021-01-24 02:57:53,148] INFO: setting ignored attribute vectors_norm to None
[2021-01-24 02:57:53,148] INFO: setting ignored attribute vectors_norm to None
[2021-01-24 02:57:53,148] INFO: loading vocabulary recursively from /Users/neo1/PycharmProjects/vec4irltr/model/ir/20210121231330551/model_word2vec_bibl_bible_bcn.vocabulary.* with mmap=None
[2021-01-24 02:57:53,148] INFO: loading vocabulary recursively from /Users/neo1/PycharmProjects/vec4irltr/model/ir/20210121231330551/model_word2vec_bibl_bible_bcn.vocabulary.* with mmap=None
[2021-01-24 02:57:53,148] INFO: loading trainables recursively from /Users/neo1/PycharmProjects/vec4irltr/model/ir/20210121231330551/model_word2vec_bibl_bible_bcn.trainables.* with mmap=None
[2021-01-24 02:57:53,148] INFO: loading trainables recursively from /Users/neo1/PycharmProjects/vec4irltr/model/ir/20210121231330551/model_word2vec_bibl_bible_bcn.trainables.* with mmap=None
[2021-01-24 02:57:53,148] INFO: setting ignored attribute cum_table to None
[2021-01-24 02:57:53,148] INFO: setting ignored attribute cum_table to None
[2021-01-24 02:57:53,149] INFO: loaded /Users/neo1/PycharmProjects/vec4irltr/model/ir/20210121231330551/model_word2vec_bibl_bible_bcn
[2021-01-24 02:57:53,149] INFO: loaded /Users/neo1/PycharmProjects/vec4irltr/model/ir/20210121231330551/model_word2vec_bibl_bible_bcn
[2021-01-24 02:57:53,149] INFO: load time:0.008715152740478516
[2021-01-24 02:57:53,149] INFO: load time:0.008715152740478516
[2021-01-24 02:57:54,154] INFO: pid:73532 done | load time: 1.013965129852295
[2021-01-24 02:57:54,154] INFO: pid:73532 done | load time: 1.013965129852295
[2021-01-24 02:57:54,155] INFO: loading model_word2vec_bibl_content
[2021-01-24 02:57:54,155] INFO: loading model_word2vec_bibl_content
[2021-01-24 02:57:54,155] INFO: loading Word2Vec object from /Users/neo1/PycharmProjects/vec4irltr/model/ir/20210121231330551/model_word2vec_bibl_content
[2021-01-24 02:57:54,155] INFO: loading Word2Vec object from /Users/neo1/PycharmProjects/vec4irltr/model/ir/20210121231330551/model_word2vec_bibl_content
[2021-01-24 02:57:54,172] INFO: loading wv recursively from /Users/neo1/PycharmProjects/vec4irltr/model/ir/20210121231330551/model_word2vec_bibl_content.wv.* with mmap=None
[2021-01-24 02:57:54,172] INFO: loading wv recursively from /Users/neo1/PycharmProjects/vec4irltr/model/ir/20210121231330551/model_word2vec_bibl_content.wv.* with mmap=None
[2021-01-24 02:57:54,172] INFO: setting ignored attribute vectors_norm to None
[2021-01-24 02:57:54,172] INFO: setting ignored attribute vectors_norm to None
[2021-01-24 02:57:54,172] INFO: loading vocabulary recursively from /Users/neo1/PycharmProjects/vec4irltr/model/ir/20210121231330551/model_word2vec_bibl_content.vocabulary.* with mmap=None
[2021-01-24 02:57:54,172] INFO: loading vocabulary recursively from /Users/neo1/PycharmProjects/vec4irltr/model/ir/20210121231330551/model_word2vec_bibl_content.vocabulary.* with mmap=None
[2021-01-24 02:57:54,173] INFO: loading trainables recursively from /Users/neo1/PycharmProjects/vec4irltr/model/ir/20210121231330551/model_word2vec_bibl_content.trainables.* with mmap=None
[2021-01-24 02:57:54,173] INFO: loading trainables recursively from /Users/neo1/PycharmProjects/vec4irltr/model/ir/20210121231330551/model_word2vec_bibl_content.trainables.* with mmap=None
[2021-01-24 02:57:54,173] INFO: setting ignored attribute cum_table to None
[2021-01-24 02:57:54,173] INFO: setting ignored attribute cum_table to None
[2021-01-24 02:57:54,173] INFO: loaded /Users/neo1/PycharmProjects/vec4irltr/model/ir/20210121231330551/model_word2vec_bibl_content
[2021-01-24 02:57:54,173] INFO: loaded /Users/neo1/PycharmProjects/vec4irltr/model/ir/20210121231330551/model_word2vec_bibl_content
[2021-01-24 02:57:54,175] INFO: load time:0.019847869873046875
[2021-01-24 02:57:54,175] INFO: load time:0.019847869873046875
[2021-01-24 02:57:55,180] INFO: pid:73532 done | load time: 1.0250566005706787
[2021-01-24 02:57:55,180] INFO: pid:73532 done | load time: 1.0250566005706787
[2021-01-24 02:57:55,192] INFO: loading model_word2vec_bibl_econtent
[2021-01-24 02:57:55,192] INFO: loading model_word2vec_bibl_econtent
[2021-01-24 02:57:55,192] INFO: loading Word2Vec object from /Users/neo1/PycharmProjects/vec4irltr/model/ir/20210121231330551/model_word2vec_bibl_econtent
[2021-01-24 02:57:55,192] INFO: loading Word2Vec object from /Users/neo1/PycharmProjects/vec4irltr/model/ir/20210121231330551/model_word2vec_bibl_econtent
[2021-01-24 02:57:55,194] INFO: loading wv recursively from /Users/neo1/PycharmProjects/vec4irltr/model/ir/20210121231330551/model_word2vec_bibl_econtent.wv.* with mmap=None
[2021-01-24 02:57:55,194] INFO: loading wv recursively from /Users/neo1/PycharmProjects/vec4irltr/model/ir/20210121231330551/model_word2vec_bibl_econtent.wv.* with mmap=None
[2021-01-24 02:57:55,195] INFO: setting ignored attribute vectors_norm to None
[2021-01-24 02:57:55,195] INFO: setting ignored attribute vectors_norm to None
[2021-01-24 02:57:55,195] INFO: loading vocabulary recursively from /Users/neo1/PycharmProjects/vec4irltr/model/ir/20210121231330551/model_word2vec_bibl_econtent.vocabulary.* with mmap=None
[2021-01-24 02:57:55,195] INFO: loading vocabulary recursively from /Users/neo1/PycharmProjects/vec4irltr/model/ir/20210121231330551/model_word2vec_bibl_econtent.vocabulary.* with mmap=None
[2021-01-24 02:57:55,195] INFO: loading trainables recursively from /Users/neo1/PycharmProjects/vec4irltr/model/ir/20210121231330551/model_word2vec_bibl_econtent.trainables.* with mmap=None
[2021-01-24 02:57:55,195] INFO: loading trainables recursively from /Users/neo1/PycharmProjects/vec4irltr/model/ir/20210121231330551/model_word2vec_bibl_econtent.trainables.* with mmap=None
[2021-01-24 02:57:55,195] INFO: setting ignored attribute cum_table to None
[2021-01-24 02:57:55,195] INFO: setting ignored attribute cum_table to None
[2021-01-24 02:57:55,196] INFO: loaded /Users/neo1/PycharmProjects/vec4irltr/model/ir/20210121231330551/model_word2vec_bibl_econtent
[2021-01-24 02:57:55,196] INFO: loaded /Users/neo1/PycharmProjects/vec4irltr/model/ir/20210121231330551/model_word2vec_bibl_econtent
[2021-01-24 02:57:55,196] INFO: load time:0.0035593509674072266
[2021-01-24 02:57:55,196] INFO: load time:0.0035593509674072266
[2021-01-24 02:57:56,196] INFO: pid:73532 done | load time: 1.0038812160491943
[2021-01-24 02:57:56,196] INFO: pid:73532 done | load time: 1.0038812160491943
