[2021-01-23 13:55:32,901] INFO: set_init_models_and_get_retrievals
[2021-01-23 13:55:32,901] INFO: set_init_models_and_get_retrievals
[2021-01-23 13:55:32,907] INFO: loading model_word2vec_bibl_bible_bcn
[2021-01-23 13:55:32,907] INFO: loading model_word2vec_bibl_bible_bcn
[2021-01-23 13:55:32,908] INFO: loading Word2Vec object from /Users/neo1/PycharmProjects/vec4irltr/model/ir/20210121231330551/model_word2vec_bibl_bible_bcn
[2021-01-23 13:55:32,908] INFO: loading Word2Vec object from /Users/neo1/PycharmProjects/vec4irltr/model/ir/20210121231330551/model_word2vec_bibl_bible_bcn
[2021-01-23 13:55:32,911] INFO: loading wv recursively from /Users/neo1/PycharmProjects/vec4irltr/model/ir/20210121231330551/model_word2vec_bibl_bible_bcn.wv.* with mmap=None
[2021-01-23 13:55:32,911] INFO: loading wv recursively from /Users/neo1/PycharmProjects/vec4irltr/model/ir/20210121231330551/model_word2vec_bibl_bible_bcn.wv.* with mmap=None
[2021-01-23 13:55:32,912] INFO: setting ignored attribute vectors_norm to None
[2021-01-23 13:55:32,912] INFO: setting ignored attribute vectors_norm to None
[2021-01-23 13:55:32,912] INFO: loading vocabulary recursively from /Users/neo1/PycharmProjects/vec4irltr/model/ir/20210121231330551/model_word2vec_bibl_bible_bcn.vocabulary.* with mmap=None
[2021-01-23 13:55:32,912] INFO: loading vocabulary recursively from /Users/neo1/PycharmProjects/vec4irltr/model/ir/20210121231330551/model_word2vec_bibl_bible_bcn.vocabulary.* with mmap=None
[2021-01-23 13:55:32,913] INFO: loading trainables recursively from /Users/neo1/PycharmProjects/vec4irltr/model/ir/20210121231330551/model_word2vec_bibl_bible_bcn.trainables.* with mmap=None
[2021-01-23 13:55:32,913] INFO: loading trainables recursively from /Users/neo1/PycharmProjects/vec4irltr/model/ir/20210121231330551/model_word2vec_bibl_bible_bcn.trainables.* with mmap=None
[2021-01-23 13:55:32,914] INFO: setting ignored attribute cum_table to None
[2021-01-23 13:55:32,914] INFO: setting ignored attribute cum_table to None
[2021-01-23 13:55:32,914] INFO: loaded /Users/neo1/PycharmProjects/vec4irltr/model/ir/20210121231330551/model_word2vec_bibl_bible_bcn
[2021-01-23 13:55:32,914] INFO: loaded /Users/neo1/PycharmProjects/vec4irltr/model/ir/20210121231330551/model_word2vec_bibl_bible_bcn
[2021-01-23 13:55:32,915] INFO: load time:0.006942033767700195
[2021-01-23 13:55:32,915] INFO: load time:0.006942033767700195
[2021-01-23 13:55:33,921] INFO: pid:18023 done | load time: 1.0125620365142822
[2021-01-23 13:55:33,921] INFO: pid:18023 done | load time: 1.0125620365142822
[2021-01-23 13:55:33,921] INFO: loading model_word2vec_bibl_content
[2021-01-23 13:55:33,921] INFO: loading model_word2vec_bibl_content
[2021-01-23 13:55:33,922] INFO: loading Word2Vec object from /Users/neo1/PycharmProjects/vec4irltr/model/ir/20210121231330551/model_word2vec_bibl_content
[2021-01-23 13:55:33,922] INFO: loading Word2Vec object from /Users/neo1/PycharmProjects/vec4irltr/model/ir/20210121231330551/model_word2vec_bibl_content
[2021-01-23 13:55:33,933] INFO: loading wv recursively from /Users/neo1/PycharmProjects/vec4irltr/model/ir/20210121231330551/model_word2vec_bibl_content.wv.* with mmap=None
[2021-01-23 13:55:33,933] INFO: loading wv recursively from /Users/neo1/PycharmProjects/vec4irltr/model/ir/20210121231330551/model_word2vec_bibl_content.wv.* with mmap=None
[2021-01-23 13:55:33,934] INFO: setting ignored attribute vectors_norm to None
[2021-01-23 13:55:33,934] INFO: setting ignored attribute vectors_norm to None
[2021-01-23 13:55:33,934] INFO: loading vocabulary recursively from /Users/neo1/PycharmProjects/vec4irltr/model/ir/20210121231330551/model_word2vec_bibl_content.vocabulary.* with mmap=None
[2021-01-23 13:55:33,934] INFO: loading vocabulary recursively from /Users/neo1/PycharmProjects/vec4irltr/model/ir/20210121231330551/model_word2vec_bibl_content.vocabulary.* with mmap=None
[2021-01-23 13:55:33,935] INFO: loading trainables recursively from /Users/neo1/PycharmProjects/vec4irltr/model/ir/20210121231330551/model_word2vec_bibl_content.trainables.* with mmap=None
[2021-01-23 13:55:33,935] INFO: loading trainables recursively from /Users/neo1/PycharmProjects/vec4irltr/model/ir/20210121231330551/model_word2vec_bibl_content.trainables.* with mmap=None
[2021-01-23 13:55:33,936] INFO: setting ignored attribute cum_table to None
[2021-01-23 13:55:33,936] INFO: setting ignored attribute cum_table to None
[2021-01-23 13:55:33,936] INFO: loaded /Users/neo1/PycharmProjects/vec4irltr/model/ir/20210121231330551/model_word2vec_bibl_content
[2021-01-23 13:55:33,936] INFO: loaded /Users/neo1/PycharmProjects/vec4irltr/model/ir/20210121231330551/model_word2vec_bibl_content
[2021-01-23 13:55:33,940] INFO: load time:0.017628908157348633
[2021-01-23 13:55:33,940] INFO: load time:0.017628908157348633
[2021-01-23 13:55:34,942] INFO: pid:18023 done | load time: 1.019685983657837
[2021-01-23 13:55:34,942] INFO: pid:18023 done | load time: 1.019685983657837
[2021-01-23 13:55:34,942] INFO: loading model_word2vec_bibl_econtent
[2021-01-23 13:55:34,942] INFO: loading model_word2vec_bibl_econtent
[2021-01-23 13:55:34,943] INFO: loading Word2Vec object from /Users/neo1/PycharmProjects/vec4irltr/model/ir/20210121231330551/model_word2vec_bibl_econtent
[2021-01-23 13:55:34,943] INFO: loading Word2Vec object from /Users/neo1/PycharmProjects/vec4irltr/model/ir/20210121231330551/model_word2vec_bibl_econtent
[2021-01-23 13:55:34,945] INFO: loading wv recursively from /Users/neo1/PycharmProjects/vec4irltr/model/ir/20210121231330551/model_word2vec_bibl_econtent.wv.* with mmap=None
[2021-01-23 13:55:34,945] INFO: loading wv recursively from /Users/neo1/PycharmProjects/vec4irltr/model/ir/20210121231330551/model_word2vec_bibl_econtent.wv.* with mmap=None
[2021-01-23 13:55:34,945] INFO: setting ignored attribute vectors_norm to None
[2021-01-23 13:55:34,945] INFO: setting ignored attribute vectors_norm to None
[2021-01-23 13:55:34,946] INFO: loading vocabulary recursively from /Users/neo1/PycharmProjects/vec4irltr/model/ir/20210121231330551/model_word2vec_bibl_econtent.vocabulary.* with mmap=None
[2021-01-23 13:55:34,946] INFO: loading vocabulary recursively from /Users/neo1/PycharmProjects/vec4irltr/model/ir/20210121231330551/model_word2vec_bibl_econtent.vocabulary.* with mmap=None
[2021-01-23 13:55:34,946] INFO: loading trainables recursively from /Users/neo1/PycharmProjects/vec4irltr/model/ir/20210121231330551/model_word2vec_bibl_econtent.trainables.* with mmap=None
[2021-01-23 13:55:34,946] INFO: loading trainables recursively from /Users/neo1/PycharmProjects/vec4irltr/model/ir/20210121231330551/model_word2vec_bibl_econtent.trainables.* with mmap=None
[2021-01-23 13:55:34,947] INFO: setting ignored attribute cum_table to None
[2021-01-23 13:55:34,947] INFO: setting ignored attribute cum_table to None
[2021-01-23 13:55:34,948] INFO: loaded /Users/neo1/PycharmProjects/vec4irltr/model/ir/20210121231330551/model_word2vec_bibl_econtent
[2021-01-23 13:55:34,948] INFO: loaded /Users/neo1/PycharmProjects/vec4irltr/model/ir/20210121231330551/model_word2vec_bibl_econtent
[2021-01-23 13:55:34,948] INFO: load time:0.0055921077728271484
[2021-01-23 13:55:34,948] INFO: load time:0.0055921077728271484
[2021-01-23 13:55:35,950] INFO: pid:18023 done | load time: 1.0068600177764893
[2021-01-23 13:55:35,950] INFO: pid:18023 done | load time: 1.0068600177764893
