[2021-01-23 15:46:01,698] INFO: set_init_models_and_get_retrievals
[2021-01-23 15:46:01,698] INFO: set_init_models_and_get_retrievals
[2021-01-23 15:46:01,704] INFO: loading model_word2vec_bibl_bible_bcn
[2021-01-23 15:46:01,704] INFO: loading model_word2vec_bibl_bible_bcn
[2021-01-23 15:46:01,705] INFO: loading Word2Vec object from /Users/neo1/PycharmProjects/vec4irltr/model/ir/20210121231330551/model_word2vec_bibl_bible_bcn
[2021-01-23 15:46:01,705] INFO: loading Word2Vec object from /Users/neo1/PycharmProjects/vec4irltr/model/ir/20210121231330551/model_word2vec_bibl_bible_bcn
[2021-01-23 15:46:01,708] INFO: loading wv recursively from /Users/neo1/PycharmProjects/vec4irltr/model/ir/20210121231330551/model_word2vec_bibl_bible_bcn.wv.* with mmap=None
[2021-01-23 15:46:01,708] INFO: loading wv recursively from /Users/neo1/PycharmProjects/vec4irltr/model/ir/20210121231330551/model_word2vec_bibl_bible_bcn.wv.* with mmap=None
[2021-01-23 15:46:01,709] INFO: setting ignored attribute vectors_norm to None
[2021-01-23 15:46:01,709] INFO: setting ignored attribute vectors_norm to None
[2021-01-23 15:46:01,709] INFO: loading vocabulary recursively from /Users/neo1/PycharmProjects/vec4irltr/model/ir/20210121231330551/model_word2vec_bibl_bible_bcn.vocabulary.* with mmap=None
[2021-01-23 15:46:01,709] INFO: loading vocabulary recursively from /Users/neo1/PycharmProjects/vec4irltr/model/ir/20210121231330551/model_word2vec_bibl_bible_bcn.vocabulary.* with mmap=None
[2021-01-23 15:46:01,710] INFO: loading trainables recursively from /Users/neo1/PycharmProjects/vec4irltr/model/ir/20210121231330551/model_word2vec_bibl_bible_bcn.trainables.* with mmap=None
[2021-01-23 15:46:01,710] INFO: loading trainables recursively from /Users/neo1/PycharmProjects/vec4irltr/model/ir/20210121231330551/model_word2vec_bibl_bible_bcn.trainables.* with mmap=None
[2021-01-23 15:46:01,711] INFO: setting ignored attribute cum_table to None
[2021-01-23 15:46:01,711] INFO: setting ignored attribute cum_table to None
[2021-01-23 15:46:01,711] INFO: loaded /Users/neo1/PycharmProjects/vec4irltr/model/ir/20210121231330551/model_word2vec_bibl_bible_bcn
[2021-01-23 15:46:01,711] INFO: loaded /Users/neo1/PycharmProjects/vec4irltr/model/ir/20210121231330551/model_word2vec_bibl_bible_bcn
[2021-01-23 15:46:01,712] INFO: load time:0.007215261459350586
[2021-01-23 15:46:01,712] INFO: load time:0.007215261459350586
[2021-01-23 15:46:02,717] INFO: pid:25968 done | load time: 1.012017011642456
[2021-01-23 15:46:02,717] INFO: pid:25968 done | load time: 1.012017011642456
[2021-01-23 15:46:02,718] INFO: loading model_word2vec_bibl_content
[2021-01-23 15:46:02,718] INFO: loading model_word2vec_bibl_content
[2021-01-23 15:46:02,718] INFO: loading Word2Vec object from /Users/neo1/PycharmProjects/vec4irltr/model/ir/20210121231330551/model_word2vec_bibl_content
[2021-01-23 15:46:02,718] INFO: loading Word2Vec object from /Users/neo1/PycharmProjects/vec4irltr/model/ir/20210121231330551/model_word2vec_bibl_content
[2021-01-23 15:46:02,729] INFO: loading wv recursively from /Users/neo1/PycharmProjects/vec4irltr/model/ir/20210121231330551/model_word2vec_bibl_content.wv.* with mmap=None
[2021-01-23 15:46:02,729] INFO: loading wv recursively from /Users/neo1/PycharmProjects/vec4irltr/model/ir/20210121231330551/model_word2vec_bibl_content.wv.* with mmap=None
[2021-01-23 15:46:02,730] INFO: setting ignored attribute vectors_norm to None
[2021-01-23 15:46:02,730] INFO: setting ignored attribute vectors_norm to None
[2021-01-23 15:46:02,730] INFO: loading vocabulary recursively from /Users/neo1/PycharmProjects/vec4irltr/model/ir/20210121231330551/model_word2vec_bibl_content.vocabulary.* with mmap=None
[2021-01-23 15:46:02,730] INFO: loading vocabulary recursively from /Users/neo1/PycharmProjects/vec4irltr/model/ir/20210121231330551/model_word2vec_bibl_content.vocabulary.* with mmap=None
[2021-01-23 15:46:02,731] INFO: loading trainables recursively from /Users/neo1/PycharmProjects/vec4irltr/model/ir/20210121231330551/model_word2vec_bibl_content.trainables.* with mmap=None
[2021-01-23 15:46:02,731] INFO: loading trainables recursively from /Users/neo1/PycharmProjects/vec4irltr/model/ir/20210121231330551/model_word2vec_bibl_content.trainables.* with mmap=None
[2021-01-23 15:46:02,731] INFO: setting ignored attribute cum_table to None
[2021-01-23 15:46:02,731] INFO: setting ignored attribute cum_table to None
[2021-01-23 15:46:02,732] INFO: loaded /Users/neo1/PycharmProjects/vec4irltr/model/ir/20210121231330551/model_word2vec_bibl_content
[2021-01-23 15:46:02,732] INFO: loaded /Users/neo1/PycharmProjects/vec4irltr/model/ir/20210121231330551/model_word2vec_bibl_content
[2021-01-23 15:46:02,735] INFO: load time:0.01712322235107422
[2021-01-23 15:46:02,735] INFO: load time:0.01712322235107422
[2021-01-23 15:46:03,739] INFO: pid:25968 done | load time: 1.020329236984253
[2021-01-23 15:46:03,739] INFO: pid:25968 done | load time: 1.020329236984253
[2021-01-23 15:46:03,739] INFO: loading model_word2vec_bibl_econtent
[2021-01-23 15:46:03,739] INFO: loading model_word2vec_bibl_econtent
[2021-01-23 15:46:03,740] INFO: loading Word2Vec object from /Users/neo1/PycharmProjects/vec4irltr/model/ir/20210121231330551/model_word2vec_bibl_econtent
[2021-01-23 15:46:03,740] INFO: loading Word2Vec object from /Users/neo1/PycharmProjects/vec4irltr/model/ir/20210121231330551/model_word2vec_bibl_econtent
[2021-01-23 15:46:03,742] INFO: loading wv recursively from /Users/neo1/PycharmProjects/vec4irltr/model/ir/20210121231330551/model_word2vec_bibl_econtent.wv.* with mmap=None
[2021-01-23 15:46:03,742] INFO: loading wv recursively from /Users/neo1/PycharmProjects/vec4irltr/model/ir/20210121231330551/model_word2vec_bibl_econtent.wv.* with mmap=None
[2021-01-23 15:46:03,742] INFO: setting ignored attribute vectors_norm to None
[2021-01-23 15:46:03,742] INFO: setting ignored attribute vectors_norm to None
[2021-01-23 15:46:03,743] INFO: loading vocabulary recursively from /Users/neo1/PycharmProjects/vec4irltr/model/ir/20210121231330551/model_word2vec_bibl_econtent.vocabulary.* with mmap=None
[2021-01-23 15:46:03,743] INFO: loading vocabulary recursively from /Users/neo1/PycharmProjects/vec4irltr/model/ir/20210121231330551/model_word2vec_bibl_econtent.vocabulary.* with mmap=None
[2021-01-23 15:46:03,743] INFO: loading trainables recursively from /Users/neo1/PycharmProjects/vec4irltr/model/ir/20210121231330551/model_word2vec_bibl_econtent.trainables.* with mmap=None
[2021-01-23 15:46:03,743] INFO: loading trainables recursively from /Users/neo1/PycharmProjects/vec4irltr/model/ir/20210121231330551/model_word2vec_bibl_econtent.trainables.* with mmap=None
[2021-01-23 15:46:03,744] INFO: setting ignored attribute cum_table to None
[2021-01-23 15:46:03,744] INFO: setting ignored attribute cum_table to None
[2021-01-23 15:46:03,745] INFO: loaded /Users/neo1/PycharmProjects/vec4irltr/model/ir/20210121231330551/model_word2vec_bibl_econtent
[2021-01-23 15:46:03,745] INFO: loaded /Users/neo1/PycharmProjects/vec4irltr/model/ir/20210121231330551/model_word2vec_bibl_econtent
[2021-01-23 15:46:03,745] INFO: load time:0.005438089370727539
[2021-01-23 15:46:03,745] INFO: load time:0.005438089370727539
[2021-01-23 15:46:04,749] INFO: pid:25968 done | load time: 1.0088191032409668
[2021-01-23 15:46:04,749] INFO: pid:25968 done | load time: 1.0088191032409668
