[2021-01-23 19:48:22,165] INFO: set_init_models_and_get_retrievals
[2021-01-23 19:48:22,165] INFO: set_init_models_and_get_retrievals
[2021-01-23 19:48:22,171] INFO: loading model_word2vec_bibl_bible_bcn
[2021-01-23 19:48:22,171] INFO: loading model_word2vec_bibl_bible_bcn
[2021-01-23 19:48:22,172] INFO: loading Word2Vec object from /Users/neo1/PycharmProjects/vec4irltr/model/ir/20210121231330551/model_word2vec_bibl_bible_bcn
[2021-01-23 19:48:22,172] INFO: loading Word2Vec object from /Users/neo1/PycharmProjects/vec4irltr/model/ir/20210121231330551/model_word2vec_bibl_bible_bcn
[2021-01-23 19:48:22,175] INFO: loading wv recursively from /Users/neo1/PycharmProjects/vec4irltr/model/ir/20210121231330551/model_word2vec_bibl_bible_bcn.wv.* with mmap=None
[2021-01-23 19:48:22,175] INFO: loading wv recursively from /Users/neo1/PycharmProjects/vec4irltr/model/ir/20210121231330551/model_word2vec_bibl_bible_bcn.wv.* with mmap=None
[2021-01-23 19:48:22,176] INFO: setting ignored attribute vectors_norm to None
[2021-01-23 19:48:22,176] INFO: setting ignored attribute vectors_norm to None
[2021-01-23 19:48:22,177] INFO: loading vocabulary recursively from /Users/neo1/PycharmProjects/vec4irltr/model/ir/20210121231330551/model_word2vec_bibl_bible_bcn.vocabulary.* with mmap=None
[2021-01-23 19:48:22,177] INFO: loading vocabulary recursively from /Users/neo1/PycharmProjects/vec4irltr/model/ir/20210121231330551/model_word2vec_bibl_bible_bcn.vocabulary.* with mmap=None
[2021-01-23 19:48:22,177] INFO: loading trainables recursively from /Users/neo1/PycharmProjects/vec4irltr/model/ir/20210121231330551/model_word2vec_bibl_bible_bcn.trainables.* with mmap=None
[2021-01-23 19:48:22,177] INFO: loading trainables recursively from /Users/neo1/PycharmProjects/vec4irltr/model/ir/20210121231330551/model_word2vec_bibl_bible_bcn.trainables.* with mmap=None
[2021-01-23 19:48:22,178] INFO: setting ignored attribute cum_table to None
[2021-01-23 19:48:22,178] INFO: setting ignored attribute cum_table to None
[2021-01-23 19:48:22,179] INFO: loaded /Users/neo1/PycharmProjects/vec4irltr/model/ir/20210121231330551/model_word2vec_bibl_bible_bcn
[2021-01-23 19:48:22,179] INFO: loaded /Users/neo1/PycharmProjects/vec4irltr/model/ir/20210121231330551/model_word2vec_bibl_bible_bcn
[2021-01-23 19:48:22,179] INFO: load time:0.007603883743286133
[2021-01-23 19:48:22,179] INFO: load time:0.007603883743286133
[2021-01-23 19:48:23,185] INFO: pid:42773 done | load time: 1.0133371353149414
[2021-01-23 19:48:23,185] INFO: pid:42773 done | load time: 1.0133371353149414
[2021-01-23 19:48:23,186] INFO: loading model_word2vec_bibl_content
[2021-01-23 19:48:23,186] INFO: loading model_word2vec_bibl_content
[2021-01-23 19:48:23,186] INFO: loading Word2Vec object from /Users/neo1/PycharmProjects/vec4irltr/model/ir/20210121231330551/model_word2vec_bibl_content
[2021-01-23 19:48:23,186] INFO: loading Word2Vec object from /Users/neo1/PycharmProjects/vec4irltr/model/ir/20210121231330551/model_word2vec_bibl_content
[2021-01-23 19:48:23,198] INFO: loading wv recursively from /Users/neo1/PycharmProjects/vec4irltr/model/ir/20210121231330551/model_word2vec_bibl_content.wv.* with mmap=None
[2021-01-23 19:48:23,198] INFO: loading wv recursively from /Users/neo1/PycharmProjects/vec4irltr/model/ir/20210121231330551/model_word2vec_bibl_content.wv.* with mmap=None
[2021-01-23 19:48:23,199] INFO: setting ignored attribute vectors_norm to None
[2021-01-23 19:48:23,199] INFO: setting ignored attribute vectors_norm to None
[2021-01-23 19:48:23,200] INFO: loading vocabulary recursively from /Users/neo1/PycharmProjects/vec4irltr/model/ir/20210121231330551/model_word2vec_bibl_content.vocabulary.* with mmap=None
[2021-01-23 19:48:23,200] INFO: loading vocabulary recursively from /Users/neo1/PycharmProjects/vec4irltr/model/ir/20210121231330551/model_word2vec_bibl_content.vocabulary.* with mmap=None
[2021-01-23 19:48:23,200] INFO: loading trainables recursively from /Users/neo1/PycharmProjects/vec4irltr/model/ir/20210121231330551/model_word2vec_bibl_content.trainables.* with mmap=None
[2021-01-23 19:48:23,200] INFO: loading trainables recursively from /Users/neo1/PycharmProjects/vec4irltr/model/ir/20210121231330551/model_word2vec_bibl_content.trainables.* with mmap=None
[2021-01-23 19:48:23,201] INFO: setting ignored attribute cum_table to None
[2021-01-23 19:48:23,201] INFO: setting ignored attribute cum_table to None
[2021-01-23 19:48:23,202] INFO: loaded /Users/neo1/PycharmProjects/vec4irltr/model/ir/20210121231330551/model_word2vec_bibl_content
[2021-01-23 19:48:23,202] INFO: loaded /Users/neo1/PycharmProjects/vec4irltr/model/ir/20210121231330551/model_word2vec_bibl_content
[2021-01-23 19:48:23,205] INFO: load time:0.019001007080078125
[2021-01-23 19:48:23,205] INFO: load time:0.019001007080078125
[2021-01-23 19:48:24,209] INFO: pid:42773 done | load time: 1.0230090618133545
[2021-01-23 19:48:24,209] INFO: pid:42773 done | load time: 1.0230090618133545
[2021-01-23 19:48:24,210] INFO: loading model_word2vec_bibl_econtent
[2021-01-23 19:48:24,210] INFO: loading model_word2vec_bibl_econtent
[2021-01-23 19:48:24,211] INFO: loading Word2Vec object from /Users/neo1/PycharmProjects/vec4irltr/model/ir/20210121231330551/model_word2vec_bibl_econtent
[2021-01-23 19:48:24,211] INFO: loading Word2Vec object from /Users/neo1/PycharmProjects/vec4irltr/model/ir/20210121231330551/model_word2vec_bibl_econtent
[2021-01-23 19:48:24,212] INFO: loading wv recursively from /Users/neo1/PycharmProjects/vec4irltr/model/ir/20210121231330551/model_word2vec_bibl_econtent.wv.* with mmap=None
[2021-01-23 19:48:24,212] INFO: loading wv recursively from /Users/neo1/PycharmProjects/vec4irltr/model/ir/20210121231330551/model_word2vec_bibl_econtent.wv.* with mmap=None
[2021-01-23 19:48:24,213] INFO: setting ignored attribute vectors_norm to None
[2021-01-23 19:48:24,213] INFO: setting ignored attribute vectors_norm to None
[2021-01-23 19:48:24,214] INFO: loading vocabulary recursively from /Users/neo1/PycharmProjects/vec4irltr/model/ir/20210121231330551/model_word2vec_bibl_econtent.vocabulary.* with mmap=None
[2021-01-23 19:48:24,214] INFO: loading vocabulary recursively from /Users/neo1/PycharmProjects/vec4irltr/model/ir/20210121231330551/model_word2vec_bibl_econtent.vocabulary.* with mmap=None
[2021-01-23 19:48:24,215] INFO: loading trainables recursively from /Users/neo1/PycharmProjects/vec4irltr/model/ir/20210121231330551/model_word2vec_bibl_econtent.trainables.* with mmap=None
[2021-01-23 19:48:24,215] INFO: loading trainables recursively from /Users/neo1/PycharmProjects/vec4irltr/model/ir/20210121231330551/model_word2vec_bibl_econtent.trainables.* with mmap=None
[2021-01-23 19:48:24,215] INFO: setting ignored attribute cum_table to None
[2021-01-23 19:48:24,215] INFO: setting ignored attribute cum_table to None
[2021-01-23 19:48:24,216] INFO: loaded /Users/neo1/PycharmProjects/vec4irltr/model/ir/20210121231330551/model_word2vec_bibl_econtent
[2021-01-23 19:48:24,216] INFO: loaded /Users/neo1/PycharmProjects/vec4irltr/model/ir/20210121231330551/model_word2vec_bibl_econtent
[2021-01-23 19:48:24,217] INFO: load time:0.0060727596282958984
[2021-01-23 19:48:24,217] INFO: load time:0.0060727596282958984
[2021-01-23 19:48:25,220] INFO: pid:42773 done | load time: 1.0088257789611816
[2021-01-23 19:48:25,220] INFO: pid:42773 done | load time: 1.0088257789611816
