[2021-01-23 20:20:33,926] INFO: set_init_models_and_get_retrievals
[2021-01-23 20:20:33,926] INFO: set_init_models_and_get_retrievals
[2021-01-23 20:20:33,932] INFO: loading model_word2vec_bibl_bible_bcn
[2021-01-23 20:20:33,932] INFO: loading model_word2vec_bibl_bible_bcn
[2021-01-23 20:20:33,933] INFO: loading Word2Vec object from /Users/neo1/PycharmProjects/vec4irltr/model/ir/20210121231330551/model_word2vec_bibl_bible_bcn
[2021-01-23 20:20:33,933] INFO: loading Word2Vec object from /Users/neo1/PycharmProjects/vec4irltr/model/ir/20210121231330551/model_word2vec_bibl_bible_bcn
[2021-01-23 20:20:33,936] INFO: loading wv recursively from /Users/neo1/PycharmProjects/vec4irltr/model/ir/20210121231330551/model_word2vec_bibl_bible_bcn.wv.* with mmap=None
[2021-01-23 20:20:33,936] INFO: loading wv recursively from /Users/neo1/PycharmProjects/vec4irltr/model/ir/20210121231330551/model_word2vec_bibl_bible_bcn.wv.* with mmap=None
[2021-01-23 20:20:33,937] INFO: setting ignored attribute vectors_norm to None
[2021-01-23 20:20:33,937] INFO: setting ignored attribute vectors_norm to None
[2021-01-23 20:20:33,938] INFO: loading vocabulary recursively from /Users/neo1/PycharmProjects/vec4irltr/model/ir/20210121231330551/model_word2vec_bibl_bible_bcn.vocabulary.* with mmap=None
[2021-01-23 20:20:33,938] INFO: loading vocabulary recursively from /Users/neo1/PycharmProjects/vec4irltr/model/ir/20210121231330551/model_word2vec_bibl_bible_bcn.vocabulary.* with mmap=None
[2021-01-23 20:20:33,938] INFO: loading trainables recursively from /Users/neo1/PycharmProjects/vec4irltr/model/ir/20210121231330551/model_word2vec_bibl_bible_bcn.trainables.* with mmap=None
[2021-01-23 20:20:33,938] INFO: loading trainables recursively from /Users/neo1/PycharmProjects/vec4irltr/model/ir/20210121231330551/model_word2vec_bibl_bible_bcn.trainables.* with mmap=None
[2021-01-23 20:20:33,939] INFO: setting ignored attribute cum_table to None
[2021-01-23 20:20:33,939] INFO: setting ignored attribute cum_table to None
[2021-01-23 20:20:33,940] INFO: loaded /Users/neo1/PycharmProjects/vec4irltr/model/ir/20210121231330551/model_word2vec_bibl_bible_bcn
[2021-01-23 20:20:33,940] INFO: loaded /Users/neo1/PycharmProjects/vec4irltr/model/ir/20210121231330551/model_word2vec_bibl_bible_bcn
[2021-01-23 20:20:33,941] INFO: load time:0.008056879043579102
[2021-01-23 20:20:33,941] INFO: load time:0.008056879043579102
[2021-01-23 20:20:34,944] INFO: pid:45049 done | load time: 1.0111439228057861
[2021-01-23 20:20:34,944] INFO: pid:45049 done | load time: 1.0111439228057861
[2021-01-23 20:20:34,945] INFO: loading model_word2vec_bibl_content
[2021-01-23 20:20:34,945] INFO: loading model_word2vec_bibl_content
[2021-01-23 20:20:34,946] INFO: loading Word2Vec object from /Users/neo1/PycharmProjects/vec4irltr/model/ir/20210121231330551/model_word2vec_bibl_content
[2021-01-23 20:20:34,946] INFO: loading Word2Vec object from /Users/neo1/PycharmProjects/vec4irltr/model/ir/20210121231330551/model_word2vec_bibl_content
[2021-01-23 20:20:34,957] INFO: loading wv recursively from /Users/neo1/PycharmProjects/vec4irltr/model/ir/20210121231330551/model_word2vec_bibl_content.wv.* with mmap=None
[2021-01-23 20:20:34,957] INFO: loading wv recursively from /Users/neo1/PycharmProjects/vec4irltr/model/ir/20210121231330551/model_word2vec_bibl_content.wv.* with mmap=None
[2021-01-23 20:20:34,958] INFO: setting ignored attribute vectors_norm to None
[2021-01-23 20:20:34,958] INFO: setting ignored attribute vectors_norm to None
[2021-01-23 20:20:34,958] INFO: loading vocabulary recursively from /Users/neo1/PycharmProjects/vec4irltr/model/ir/20210121231330551/model_word2vec_bibl_content.vocabulary.* with mmap=None
[2021-01-23 20:20:34,958] INFO: loading vocabulary recursively from /Users/neo1/PycharmProjects/vec4irltr/model/ir/20210121231330551/model_word2vec_bibl_content.vocabulary.* with mmap=None
[2021-01-23 20:20:34,959] INFO: loading trainables recursively from /Users/neo1/PycharmProjects/vec4irltr/model/ir/20210121231330551/model_word2vec_bibl_content.trainables.* with mmap=None
[2021-01-23 20:20:34,959] INFO: loading trainables recursively from /Users/neo1/PycharmProjects/vec4irltr/model/ir/20210121231330551/model_word2vec_bibl_content.trainables.* with mmap=None
[2021-01-23 20:20:34,959] INFO: setting ignored attribute cum_table to None
[2021-01-23 20:20:34,959] INFO: setting ignored attribute cum_table to None
[2021-01-23 20:20:34,960] INFO: loaded /Users/neo1/PycharmProjects/vec4irltr/model/ir/20210121231330551/model_word2vec_bibl_content
[2021-01-23 20:20:34,960] INFO: loaded /Users/neo1/PycharmProjects/vec4irltr/model/ir/20210121231330551/model_word2vec_bibl_content
[2021-01-23 20:20:34,964] INFO: load time:0.01790785789489746
[2021-01-23 20:20:34,964] INFO: load time:0.01790785789489746
[2021-01-23 20:20:35,967] INFO: pid:45049 done | load time: 1.0213418006896973
[2021-01-23 20:20:35,967] INFO: pid:45049 done | load time: 1.0213418006896973
[2021-01-23 20:20:35,968] INFO: loading model_word2vec_bibl_econtent
[2021-01-23 20:20:35,968] INFO: loading model_word2vec_bibl_econtent
[2021-01-23 20:20:35,968] INFO: loading Word2Vec object from /Users/neo1/PycharmProjects/vec4irltr/model/ir/20210121231330551/model_word2vec_bibl_econtent
[2021-01-23 20:20:35,968] INFO: loading Word2Vec object from /Users/neo1/PycharmProjects/vec4irltr/model/ir/20210121231330551/model_word2vec_bibl_econtent
[2021-01-23 20:20:35,970] INFO: loading wv recursively from /Users/neo1/PycharmProjects/vec4irltr/model/ir/20210121231330551/model_word2vec_bibl_econtent.wv.* with mmap=None
[2021-01-23 20:20:35,970] INFO: loading wv recursively from /Users/neo1/PycharmProjects/vec4irltr/model/ir/20210121231330551/model_word2vec_bibl_econtent.wv.* with mmap=None
[2021-01-23 20:20:35,971] INFO: setting ignored attribute vectors_norm to None
[2021-01-23 20:20:35,971] INFO: setting ignored attribute vectors_norm to None
[2021-01-23 20:20:35,971] INFO: loading vocabulary recursively from /Users/neo1/PycharmProjects/vec4irltr/model/ir/20210121231330551/model_word2vec_bibl_econtent.vocabulary.* with mmap=None
[2021-01-23 20:20:35,971] INFO: loading vocabulary recursively from /Users/neo1/PycharmProjects/vec4irltr/model/ir/20210121231330551/model_word2vec_bibl_econtent.vocabulary.* with mmap=None
[2021-01-23 20:20:35,972] INFO: loading trainables recursively from /Users/neo1/PycharmProjects/vec4irltr/model/ir/20210121231330551/model_word2vec_bibl_econtent.trainables.* with mmap=None
[2021-01-23 20:20:35,972] INFO: loading trainables recursively from /Users/neo1/PycharmProjects/vec4irltr/model/ir/20210121231330551/model_word2vec_bibl_econtent.trainables.* with mmap=None
[2021-01-23 20:20:35,973] INFO: setting ignored attribute cum_table to None
[2021-01-23 20:20:35,973] INFO: setting ignored attribute cum_table to None
[2021-01-23 20:20:35,973] INFO: loaded /Users/neo1/PycharmProjects/vec4irltr/model/ir/20210121231330551/model_word2vec_bibl_econtent
[2021-01-23 20:20:35,973] INFO: loaded /Users/neo1/PycharmProjects/vec4irltr/model/ir/20210121231330551/model_word2vec_bibl_econtent
[2021-01-23 20:20:35,974] INFO: load time:0.005803108215332031
[2021-01-23 20:20:35,974] INFO: load time:0.005803108215332031
[2021-01-23 20:20:36,976] INFO: pid:45049 done | load time: 1.0080640316009521
[2021-01-23 20:20:36,976] INFO: pid:45049 done | load time: 1.0080640316009521
