[2021-01-24 00:09:22,431] INFO: set_init_models_and_get_retrievals
[2021-01-24 00:09:22,431] INFO: set_init_models_and_get_retrievals
[2021-01-24 00:09:22,440] INFO: loading model_word2vec_bibl_bible_bcn
[2021-01-24 00:09:22,440] INFO: loading model_word2vec_bibl_bible_bcn
[2021-01-24 00:09:22,441] INFO: loading Word2Vec object from /Users/neo1/PycharmProjects/vec4irltr/model/ir/20210121231330551/model_word2vec_bibl_bible_bcn
[2021-01-24 00:09:22,441] INFO: loading Word2Vec object from /Users/neo1/PycharmProjects/vec4irltr/model/ir/20210121231330551/model_word2vec_bibl_bible_bcn
[2021-01-24 00:09:22,445] INFO: loading wv recursively from /Users/neo1/PycharmProjects/vec4irltr/model/ir/20210121231330551/model_word2vec_bibl_bible_bcn.wv.* with mmap=None
[2021-01-24 00:09:22,445] INFO: loading wv recursively from /Users/neo1/PycharmProjects/vec4irltr/model/ir/20210121231330551/model_word2vec_bibl_bible_bcn.wv.* with mmap=None
[2021-01-24 00:09:22,445] INFO: setting ignored attribute vectors_norm to None
[2021-01-24 00:09:22,445] INFO: setting ignored attribute vectors_norm to None
[2021-01-24 00:09:22,446] INFO: loading vocabulary recursively from /Users/neo1/PycharmProjects/vec4irltr/model/ir/20210121231330551/model_word2vec_bibl_bible_bcn.vocabulary.* with mmap=None
[2021-01-24 00:09:22,446] INFO: loading vocabulary recursively from /Users/neo1/PycharmProjects/vec4irltr/model/ir/20210121231330551/model_word2vec_bibl_bible_bcn.vocabulary.* with mmap=None
[2021-01-24 00:09:22,447] INFO: loading trainables recursively from /Users/neo1/PycharmProjects/vec4irltr/model/ir/20210121231330551/model_word2vec_bibl_bible_bcn.trainables.* with mmap=None
[2021-01-24 00:09:22,447] INFO: loading trainables recursively from /Users/neo1/PycharmProjects/vec4irltr/model/ir/20210121231330551/model_word2vec_bibl_bible_bcn.trainables.* with mmap=None
[2021-01-24 00:09:22,448] INFO: setting ignored attribute cum_table to None
[2021-01-24 00:09:22,448] INFO: setting ignored attribute cum_table to None
[2021-01-24 00:09:22,451] INFO: loaded /Users/neo1/PycharmProjects/vec4irltr/model/ir/20210121231330551/model_word2vec_bibl_bible_bcn
[2021-01-24 00:09:22,451] INFO: loaded /Users/neo1/PycharmProjects/vec4irltr/model/ir/20210121231330551/model_word2vec_bibl_bible_bcn
[2021-01-24 00:09:22,453] INFO: load time:0.011497020721435547
[2021-01-24 00:09:22,453] INFO: load time:0.011497020721435547
[2021-01-24 00:09:23,456] INFO: pid:61570 done | load time: 1.0151259899139404
[2021-01-24 00:09:23,456] INFO: pid:61570 done | load time: 1.0151259899139404
[2021-01-24 00:09:23,457] INFO: loading model_word2vec_bibl_content
[2021-01-24 00:09:23,457] INFO: loading model_word2vec_bibl_content
[2021-01-24 00:09:23,458] INFO: loading Word2Vec object from /Users/neo1/PycharmProjects/vec4irltr/model/ir/20210121231330551/model_word2vec_bibl_content
[2021-01-24 00:09:23,458] INFO: loading Word2Vec object from /Users/neo1/PycharmProjects/vec4irltr/model/ir/20210121231330551/model_word2vec_bibl_content
[2021-01-24 00:09:23,470] INFO: loading wv recursively from /Users/neo1/PycharmProjects/vec4irltr/model/ir/20210121231330551/model_word2vec_bibl_content.wv.* with mmap=None
[2021-01-24 00:09:23,470] INFO: loading wv recursively from /Users/neo1/PycharmProjects/vec4irltr/model/ir/20210121231330551/model_word2vec_bibl_content.wv.* with mmap=None
[2021-01-24 00:09:23,471] INFO: setting ignored attribute vectors_norm to None
[2021-01-24 00:09:23,471] INFO: setting ignored attribute vectors_norm to None
[2021-01-24 00:09:23,471] INFO: loading vocabulary recursively from /Users/neo1/PycharmProjects/vec4irltr/model/ir/20210121231330551/model_word2vec_bibl_content.vocabulary.* with mmap=None
[2021-01-24 00:09:23,471] INFO: loading vocabulary recursively from /Users/neo1/PycharmProjects/vec4irltr/model/ir/20210121231330551/model_word2vec_bibl_content.vocabulary.* with mmap=None
[2021-01-24 00:09:23,472] INFO: loading trainables recursively from /Users/neo1/PycharmProjects/vec4irltr/model/ir/20210121231330551/model_word2vec_bibl_content.trainables.* with mmap=None
[2021-01-24 00:09:23,472] INFO: loading trainables recursively from /Users/neo1/PycharmProjects/vec4irltr/model/ir/20210121231330551/model_word2vec_bibl_content.trainables.* with mmap=None
[2021-01-24 00:09:23,473] INFO: setting ignored attribute cum_table to None
[2021-01-24 00:09:23,473] INFO: setting ignored attribute cum_table to None
[2021-01-24 00:09:23,473] INFO: loaded /Users/neo1/PycharmProjects/vec4irltr/model/ir/20210121231330551/model_word2vec_bibl_content
[2021-01-24 00:09:23,473] INFO: loaded /Users/neo1/PycharmProjects/vec4irltr/model/ir/20210121231330551/model_word2vec_bibl_content
[2021-01-24 00:09:23,477] INFO: load time:0.018993139266967773
[2021-01-24 00:09:23,477] INFO: load time:0.018993139266967773
[2021-01-24 00:09:24,478] INFO: pid:61570 done | load time: 1.020650863647461
[2021-01-24 00:09:24,478] INFO: pid:61570 done | load time: 1.020650863647461
[2021-01-24 00:09:24,480] INFO: loading model_word2vec_bibl_econtent
[2021-01-24 00:09:24,480] INFO: loading model_word2vec_bibl_econtent
[2021-01-24 00:09:24,480] INFO: loading Word2Vec object from /Users/neo1/PycharmProjects/vec4irltr/model/ir/20210121231330551/model_word2vec_bibl_econtent
[2021-01-24 00:09:24,480] INFO: loading Word2Vec object from /Users/neo1/PycharmProjects/vec4irltr/model/ir/20210121231330551/model_word2vec_bibl_econtent
[2021-01-24 00:09:24,482] INFO: loading wv recursively from /Users/neo1/PycharmProjects/vec4irltr/model/ir/20210121231330551/model_word2vec_bibl_econtent.wv.* with mmap=None
[2021-01-24 00:09:24,482] INFO: loading wv recursively from /Users/neo1/PycharmProjects/vec4irltr/model/ir/20210121231330551/model_word2vec_bibl_econtent.wv.* with mmap=None
[2021-01-24 00:09:24,483] INFO: setting ignored attribute vectors_norm to None
[2021-01-24 00:09:24,483] INFO: setting ignored attribute vectors_norm to None
[2021-01-24 00:09:24,483] INFO: loading vocabulary recursively from /Users/neo1/PycharmProjects/vec4irltr/model/ir/20210121231330551/model_word2vec_bibl_econtent.vocabulary.* with mmap=None
[2021-01-24 00:09:24,483] INFO: loading vocabulary recursively from /Users/neo1/PycharmProjects/vec4irltr/model/ir/20210121231330551/model_word2vec_bibl_econtent.vocabulary.* with mmap=None
[2021-01-24 00:09:24,484] INFO: loading trainables recursively from /Users/neo1/PycharmProjects/vec4irltr/model/ir/20210121231330551/model_word2vec_bibl_econtent.trainables.* with mmap=None
[2021-01-24 00:09:24,484] INFO: loading trainables recursively from /Users/neo1/PycharmProjects/vec4irltr/model/ir/20210121231330551/model_word2vec_bibl_econtent.trainables.* with mmap=None
[2021-01-24 00:09:24,485] INFO: setting ignored attribute cum_table to None
[2021-01-24 00:09:24,485] INFO: setting ignored attribute cum_table to None
[2021-01-24 00:09:24,486] INFO: loaded /Users/neo1/PycharmProjects/vec4irltr/model/ir/20210121231330551/model_word2vec_bibl_econtent
[2021-01-24 00:09:24,486] INFO: loaded /Users/neo1/PycharmProjects/vec4irltr/model/ir/20210121231330551/model_word2vec_bibl_econtent
[2021-01-24 00:09:24,487] INFO: load time:0.006579160690307617
[2021-01-24 00:09:24,487] INFO: load time:0.006579160690307617
[2021-01-24 00:09:25,488] INFO: pid:61570 done | load time: 1.0077040195465088
[2021-01-24 00:09:25,488] INFO: pid:61570 done | load time: 1.0077040195465088
