[2021-01-23 18:39:12,988] INFO: set_init_models_and_get_retrievals
[2021-01-23 18:39:12,988] INFO: set_init_models_and_get_retrievals
[2021-01-23 18:39:12,994] INFO: loading model_word2vec_bibl_bible_bcn
[2021-01-23 18:39:12,994] INFO: loading model_word2vec_bibl_bible_bcn
[2021-01-23 18:39:12,995] INFO: loading Word2Vec object from /Users/neo1/PycharmProjects/vec4irltr/model/ir/20210121231330551/model_word2vec_bibl_bible_bcn
[2021-01-23 18:39:12,995] INFO: loading Word2Vec object from /Users/neo1/PycharmProjects/vec4irltr/model/ir/20210121231330551/model_word2vec_bibl_bible_bcn
[2021-01-23 18:39:12,998] INFO: loading wv recursively from /Users/neo1/PycharmProjects/vec4irltr/model/ir/20210121231330551/model_word2vec_bibl_bible_bcn.wv.* with mmap=None
[2021-01-23 18:39:12,998] INFO: loading wv recursively from /Users/neo1/PycharmProjects/vec4irltr/model/ir/20210121231330551/model_word2vec_bibl_bible_bcn.wv.* with mmap=None
[2021-01-23 18:39:12,999] INFO: setting ignored attribute vectors_norm to None
[2021-01-23 18:39:12,999] INFO: setting ignored attribute vectors_norm to None
[2021-01-23 18:39:13,000] INFO: loading vocabulary recursively from /Users/neo1/PycharmProjects/vec4irltr/model/ir/20210121231330551/model_word2vec_bibl_bible_bcn.vocabulary.* with mmap=None
[2021-01-23 18:39:13,000] INFO: loading vocabulary recursively from /Users/neo1/PycharmProjects/vec4irltr/model/ir/20210121231330551/model_word2vec_bibl_bible_bcn.vocabulary.* with mmap=None
[2021-01-23 18:39:13,000] INFO: loading trainables recursively from /Users/neo1/PycharmProjects/vec4irltr/model/ir/20210121231330551/model_word2vec_bibl_bible_bcn.trainables.* with mmap=None
[2021-01-23 18:39:13,000] INFO: loading trainables recursively from /Users/neo1/PycharmProjects/vec4irltr/model/ir/20210121231330551/model_word2vec_bibl_bible_bcn.trainables.* with mmap=None
[2021-01-23 18:39:13,001] INFO: setting ignored attribute cum_table to None
[2021-01-23 18:39:13,001] INFO: setting ignored attribute cum_table to None
[2021-01-23 18:39:13,002] INFO: loaded /Users/neo1/PycharmProjects/vec4irltr/model/ir/20210121231330551/model_word2vec_bibl_bible_bcn
[2021-01-23 18:39:13,002] INFO: loaded /Users/neo1/PycharmProjects/vec4irltr/model/ir/20210121231330551/model_word2vec_bibl_bible_bcn
[2021-01-23 18:39:13,003] INFO: load time:0.007664918899536133
[2021-01-23 18:39:13,003] INFO: load time:0.007664918899536133
[2021-01-23 18:39:14,006] INFO: pid:37740 done | load time: 1.011328935623169
[2021-01-23 18:39:14,006] INFO: pid:37740 done | load time: 1.011328935623169
[2021-01-23 18:39:14,007] INFO: loading model_word2vec_bibl_content
[2021-01-23 18:39:14,007] INFO: loading model_word2vec_bibl_content
[2021-01-23 18:39:14,008] INFO: loading Word2Vec object from /Users/neo1/PycharmProjects/vec4irltr/model/ir/20210121231330551/model_word2vec_bibl_content
[2021-01-23 18:39:14,008] INFO: loading Word2Vec object from /Users/neo1/PycharmProjects/vec4irltr/model/ir/20210121231330551/model_word2vec_bibl_content
[2021-01-23 18:39:14,019] INFO: loading wv recursively from /Users/neo1/PycharmProjects/vec4irltr/model/ir/20210121231330551/model_word2vec_bibl_content.wv.* with mmap=None
[2021-01-23 18:39:14,019] INFO: loading wv recursively from /Users/neo1/PycharmProjects/vec4irltr/model/ir/20210121231330551/model_word2vec_bibl_content.wv.* with mmap=None
[2021-01-23 18:39:14,019] INFO: setting ignored attribute vectors_norm to None
[2021-01-23 18:39:14,019] INFO: setting ignored attribute vectors_norm to None
[2021-01-23 18:39:14,020] INFO: loading vocabulary recursively from /Users/neo1/PycharmProjects/vec4irltr/model/ir/20210121231330551/model_word2vec_bibl_content.vocabulary.* with mmap=None
[2021-01-23 18:39:14,020] INFO: loading vocabulary recursively from /Users/neo1/PycharmProjects/vec4irltr/model/ir/20210121231330551/model_word2vec_bibl_content.vocabulary.* with mmap=None
[2021-01-23 18:39:14,020] INFO: loading trainables recursively from /Users/neo1/PycharmProjects/vec4irltr/model/ir/20210121231330551/model_word2vec_bibl_content.trainables.* with mmap=None
[2021-01-23 18:39:14,020] INFO: loading trainables recursively from /Users/neo1/PycharmProjects/vec4irltr/model/ir/20210121231330551/model_word2vec_bibl_content.trainables.* with mmap=None
[2021-01-23 18:39:14,021] INFO: setting ignored attribute cum_table to None
[2021-01-23 18:39:14,021] INFO: setting ignored attribute cum_table to None
[2021-01-23 18:39:14,022] INFO: loaded /Users/neo1/PycharmProjects/vec4irltr/model/ir/20210121231330551/model_word2vec_bibl_content
[2021-01-23 18:39:14,022] INFO: loaded /Users/neo1/PycharmProjects/vec4irltr/model/ir/20210121231330551/model_word2vec_bibl_content
[2021-01-23 18:39:14,025] INFO: load time:0.017184972763061523
[2021-01-23 18:39:14,025] INFO: load time:0.017184972763061523
[2021-01-23 18:39:15,028] INFO: pid:37740 done | load time: 1.020716905593872
[2021-01-23 18:39:15,028] INFO: pid:37740 done | load time: 1.020716905593872
[2021-01-23 18:39:15,029] INFO: loading model_word2vec_bibl_econtent
[2021-01-23 18:39:15,029] INFO: loading model_word2vec_bibl_econtent
[2021-01-23 18:39:15,030] INFO: loading Word2Vec object from /Users/neo1/PycharmProjects/vec4irltr/model/ir/20210121231330551/model_word2vec_bibl_econtent
[2021-01-23 18:39:15,030] INFO: loading Word2Vec object from /Users/neo1/PycharmProjects/vec4irltr/model/ir/20210121231330551/model_word2vec_bibl_econtent
[2021-01-23 18:39:15,031] INFO: loading wv recursively from /Users/neo1/PycharmProjects/vec4irltr/model/ir/20210121231330551/model_word2vec_bibl_econtent.wv.* with mmap=None
[2021-01-23 18:39:15,031] INFO: loading wv recursively from /Users/neo1/PycharmProjects/vec4irltr/model/ir/20210121231330551/model_word2vec_bibl_econtent.wv.* with mmap=None
[2021-01-23 18:39:15,032] INFO: setting ignored attribute vectors_norm to None
[2021-01-23 18:39:15,032] INFO: setting ignored attribute vectors_norm to None
[2021-01-23 18:39:15,033] INFO: loading vocabulary recursively from /Users/neo1/PycharmProjects/vec4irltr/model/ir/20210121231330551/model_word2vec_bibl_econtent.vocabulary.* with mmap=None
[2021-01-23 18:39:15,033] INFO: loading vocabulary recursively from /Users/neo1/PycharmProjects/vec4irltr/model/ir/20210121231330551/model_word2vec_bibl_econtent.vocabulary.* with mmap=None
[2021-01-23 18:39:15,033] INFO: loading trainables recursively from /Users/neo1/PycharmProjects/vec4irltr/model/ir/20210121231330551/model_word2vec_bibl_econtent.trainables.* with mmap=None
[2021-01-23 18:39:15,033] INFO: loading trainables recursively from /Users/neo1/PycharmProjects/vec4irltr/model/ir/20210121231330551/model_word2vec_bibl_econtent.trainables.* with mmap=None
[2021-01-23 18:39:15,034] INFO: setting ignored attribute cum_table to None
[2021-01-23 18:39:15,034] INFO: setting ignored attribute cum_table to None
[2021-01-23 18:39:15,034] INFO: loaded /Users/neo1/PycharmProjects/vec4irltr/model/ir/20210121231330551/model_word2vec_bibl_econtent
[2021-01-23 18:39:15,034] INFO: loaded /Users/neo1/PycharmProjects/vec4irltr/model/ir/20210121231330551/model_word2vec_bibl_econtent
[2021-01-23 18:39:15,035] INFO: load time:0.0056362152099609375
[2021-01-23 18:39:15,035] INFO: load time:0.0056362152099609375
[2021-01-23 18:39:16,038] INFO: pid:37740 done | load time: 1.0088672637939453
[2021-01-23 18:39:16,038] INFO: pid:37740 done | load time: 1.0088672637939453
