[2021-01-24 03:00:08,889] INFO: set_init_models_and_get_retrievals
[2021-01-24 03:00:08,889] INFO: set_init_models_and_get_retrievals
[2021-01-24 03:00:08,894] INFO: loading model_word2vec_bibl_bible_bcn
[2021-01-24 03:00:08,894] INFO: loading model_word2vec_bibl_bible_bcn
[2021-01-24 03:00:08,895] INFO: loading Word2Vec object from /Users/neo1/PycharmProjects/vec4irltr/model/ir/20210121231330551/model_word2vec_bibl_bible_bcn
[2021-01-24 03:00:08,895] INFO: loading Word2Vec object from /Users/neo1/PycharmProjects/vec4irltr/model/ir/20210121231330551/model_word2vec_bibl_bible_bcn
[2021-01-24 03:00:08,898] INFO: loading wv recursively from /Users/neo1/PycharmProjects/vec4irltr/model/ir/20210121231330551/model_word2vec_bibl_bible_bcn.wv.* with mmap=None
[2021-01-24 03:00:08,898] INFO: loading wv recursively from /Users/neo1/PycharmProjects/vec4irltr/model/ir/20210121231330551/model_word2vec_bibl_bible_bcn.wv.* with mmap=None
[2021-01-24 03:00:08,898] INFO: setting ignored attribute vectors_norm to None
[2021-01-24 03:00:08,898] INFO: setting ignored attribute vectors_norm to None
[2021-01-24 03:00:08,899] INFO: loading vocabulary recursively from /Users/neo1/PycharmProjects/vec4irltr/model/ir/20210121231330551/model_word2vec_bibl_bible_bcn.vocabulary.* with mmap=None
[2021-01-24 03:00:08,899] INFO: loading vocabulary recursively from /Users/neo1/PycharmProjects/vec4irltr/model/ir/20210121231330551/model_word2vec_bibl_bible_bcn.vocabulary.* with mmap=None
[2021-01-24 03:00:08,899] INFO: loading trainables recursively from /Users/neo1/PycharmProjects/vec4irltr/model/ir/20210121231330551/model_word2vec_bibl_bible_bcn.trainables.* with mmap=None
[2021-01-24 03:00:08,899] INFO: loading trainables recursively from /Users/neo1/PycharmProjects/vec4irltr/model/ir/20210121231330551/model_word2vec_bibl_bible_bcn.trainables.* with mmap=None
[2021-01-24 03:00:08,900] INFO: setting ignored attribute cum_table to None
[2021-01-24 03:00:08,900] INFO: setting ignored attribute cum_table to None
[2021-01-24 03:00:08,900] INFO: loaded /Users/neo1/PycharmProjects/vec4irltr/model/ir/20210121231330551/model_word2vec_bibl_bible_bcn
[2021-01-24 03:00:08,900] INFO: loaded /Users/neo1/PycharmProjects/vec4irltr/model/ir/20210121231330551/model_word2vec_bibl_bible_bcn
[2021-01-24 03:00:08,901] INFO: load time:0.006365060806274414
[2021-01-24 03:00:08,901] INFO: load time:0.006365060806274414
[2021-01-24 03:00:09,904] INFO: pid:73733 done | load time: 1.0095090866088867
[2021-01-24 03:00:09,904] INFO: pid:73733 done | load time: 1.0095090866088867
[2021-01-24 03:00:09,905] INFO: loading model_word2vec_bibl_content
[2021-01-24 03:00:09,905] INFO: loading model_word2vec_bibl_content
[2021-01-24 03:00:09,905] INFO: loading Word2Vec object from /Users/neo1/PycharmProjects/vec4irltr/model/ir/20210121231330551/model_word2vec_bibl_content
[2021-01-24 03:00:09,905] INFO: loading Word2Vec object from /Users/neo1/PycharmProjects/vec4irltr/model/ir/20210121231330551/model_word2vec_bibl_content
[2021-01-24 03:00:09,917] INFO: loading wv recursively from /Users/neo1/PycharmProjects/vec4irltr/model/ir/20210121231330551/model_word2vec_bibl_content.wv.* with mmap=None
[2021-01-24 03:00:09,917] INFO: loading wv recursively from /Users/neo1/PycharmProjects/vec4irltr/model/ir/20210121231330551/model_word2vec_bibl_content.wv.* with mmap=None
[2021-01-24 03:00:09,917] INFO: setting ignored attribute vectors_norm to None
[2021-01-24 03:00:09,917] INFO: setting ignored attribute vectors_norm to None
[2021-01-24 03:00:09,918] INFO: loading vocabulary recursively from /Users/neo1/PycharmProjects/vec4irltr/model/ir/20210121231330551/model_word2vec_bibl_content.vocabulary.* with mmap=None
[2021-01-24 03:00:09,918] INFO: loading vocabulary recursively from /Users/neo1/PycharmProjects/vec4irltr/model/ir/20210121231330551/model_word2vec_bibl_content.vocabulary.* with mmap=None
[2021-01-24 03:00:09,918] INFO: loading trainables recursively from /Users/neo1/PycharmProjects/vec4irltr/model/ir/20210121231330551/model_word2vec_bibl_content.trainables.* with mmap=None
[2021-01-24 03:00:09,918] INFO: loading trainables recursively from /Users/neo1/PycharmProjects/vec4irltr/model/ir/20210121231330551/model_word2vec_bibl_content.trainables.* with mmap=None
[2021-01-24 03:00:09,918] INFO: setting ignored attribute cum_table to None
[2021-01-24 03:00:09,918] INFO: setting ignored attribute cum_table to None
[2021-01-24 03:00:09,919] INFO: loaded /Users/neo1/PycharmProjects/vec4irltr/model/ir/20210121231330551/model_word2vec_bibl_content
[2021-01-24 03:00:09,919] INFO: loaded /Users/neo1/PycharmProjects/vec4irltr/model/ir/20210121231330551/model_word2vec_bibl_content
[2021-01-24 03:00:09,921] INFO: load time:0.015522003173828125
[2021-01-24 03:00:09,921] INFO: load time:0.015522003173828125
[2021-01-24 03:00:10,923] INFO: pid:73733 done | load time: 1.0178730487823486
[2021-01-24 03:00:10,923] INFO: pid:73733 done | load time: 1.0178730487823486
[2021-01-24 03:00:10,924] INFO: loading model_word2vec_bibl_econtent
[2021-01-24 03:00:10,924] INFO: loading model_word2vec_bibl_econtent
[2021-01-24 03:00:10,924] INFO: loading Word2Vec object from /Users/neo1/PycharmProjects/vec4irltr/model/ir/20210121231330551/model_word2vec_bibl_econtent
[2021-01-24 03:00:10,924] INFO: loading Word2Vec object from /Users/neo1/PycharmProjects/vec4irltr/model/ir/20210121231330551/model_word2vec_bibl_econtent
[2021-01-24 03:00:10,925] INFO: loading wv recursively from /Users/neo1/PycharmProjects/vec4irltr/model/ir/20210121231330551/model_word2vec_bibl_econtent.wv.* with mmap=None
[2021-01-24 03:00:10,925] INFO: loading wv recursively from /Users/neo1/PycharmProjects/vec4irltr/model/ir/20210121231330551/model_word2vec_bibl_econtent.wv.* with mmap=None
[2021-01-24 03:00:10,925] INFO: setting ignored attribute vectors_norm to None
[2021-01-24 03:00:10,925] INFO: setting ignored attribute vectors_norm to None
[2021-01-24 03:00:10,926] INFO: loading vocabulary recursively from /Users/neo1/PycharmProjects/vec4irltr/model/ir/20210121231330551/model_word2vec_bibl_econtent.vocabulary.* with mmap=None
[2021-01-24 03:00:10,926] INFO: loading vocabulary recursively from /Users/neo1/PycharmProjects/vec4irltr/model/ir/20210121231330551/model_word2vec_bibl_econtent.vocabulary.* with mmap=None
[2021-01-24 03:00:10,926] INFO: loading trainables recursively from /Users/neo1/PycharmProjects/vec4irltr/model/ir/20210121231330551/model_word2vec_bibl_econtent.trainables.* with mmap=None
[2021-01-24 03:00:10,926] INFO: loading trainables recursively from /Users/neo1/PycharmProjects/vec4irltr/model/ir/20210121231330551/model_word2vec_bibl_econtent.trainables.* with mmap=None
[2021-01-24 03:00:10,926] INFO: setting ignored attribute cum_table to None
[2021-01-24 03:00:10,926] INFO: setting ignored attribute cum_table to None
[2021-01-24 03:00:10,927] INFO: loaded /Users/neo1/PycharmProjects/vec4irltr/model/ir/20210121231330551/model_word2vec_bibl_econtent
[2021-01-24 03:00:10,927] INFO: loaded /Users/neo1/PycharmProjects/vec4irltr/model/ir/20210121231330551/model_word2vec_bibl_econtent
[2021-01-24 03:00:10,927] INFO: load time:0.0033190250396728516
[2021-01-24 03:00:10,927] INFO: load time:0.0033190250396728516
[2021-01-24 03:00:11,929] INFO: pid:73733 done | load time: 1.0048210620880127
[2021-01-24 03:00:11,929] INFO: pid:73733 done | load time: 1.0048210620880127
[2021-01-24 03:02:42,879] INFO: api/search?q=태초에 하나님게서 천지를 창조하시니라
[2021-01-24 03:02:42,879] INFO: api/search?q=태초에 하나님게서 천지를 창조하시니라
[2021-01-24 03:04:52,097] INFO: api/search?q=하나님
[2021-01-24 03:04:52,097] INFO: api/search?q=하나님
[2021-01-24 03:09:34,647] INFO: api/search?q=하나님
[2021-01-24 03:09:34,647] INFO: api/search?q=하나님
[2021-01-24 03:09:47,433] INFO: api/search?q=예수
[2021-01-24 03:09:47,433] INFO: api/search?q=예수
[2021-01-24 03:10:08,883] INFO: api/search?q=태초에 하나님께서 천지를 창조하시니라 예수께서 가라사대
[2021-01-24 03:10:08,883] INFO: api/search?q=태초에 하나님께서 천지를 창조하시니라 예수께서 가라사대
[2021-01-24 03:11:08,264] INFO: api/search?q=태초에 하나님께서 천지를 창조하시니라 예수께서 가라사대
[2021-01-24 03:11:08,264] INFO: api/search?q=태초에 하나님께서 천지를 창조하시니라 예수께서 가라사대
[2021-01-24 03:17:35,144] INFO: api/search?q=창조
[2021-01-24 03:17:35,144] INFO: api/search?q=창조
