[2021-01-23 20:11:20,061] INFO: set_init_models_and_get_retrievals
[2021-01-23 20:11:20,061] INFO: set_init_models_and_get_retrievals
[2021-01-23 20:11:20,068] INFO: loading model_word2vec_bibl_bible_bcn
[2021-01-23 20:11:20,068] INFO: loading model_word2vec_bibl_bible_bcn
[2021-01-23 20:11:20,069] INFO: loading Word2Vec object from /Users/neo1/PycharmProjects/vec4irltr/model/ir/20210121231330551/model_word2vec_bibl_bible_bcn
[2021-01-23 20:11:20,069] INFO: loading Word2Vec object from /Users/neo1/PycharmProjects/vec4irltr/model/ir/20210121231330551/model_word2vec_bibl_bible_bcn
[2021-01-23 20:11:20,072] INFO: loading wv recursively from /Users/neo1/PycharmProjects/vec4irltr/model/ir/20210121231330551/model_word2vec_bibl_bible_bcn.wv.* with mmap=None
[2021-01-23 20:11:20,072] INFO: loading wv recursively from /Users/neo1/PycharmProjects/vec4irltr/model/ir/20210121231330551/model_word2vec_bibl_bible_bcn.wv.* with mmap=None
[2021-01-23 20:11:20,072] INFO: setting ignored attribute vectors_norm to None
[2021-01-23 20:11:20,072] INFO: setting ignored attribute vectors_norm to None
[2021-01-23 20:11:20,073] INFO: loading vocabulary recursively from /Users/neo1/PycharmProjects/vec4irltr/model/ir/20210121231330551/model_word2vec_bibl_bible_bcn.vocabulary.* with mmap=None
[2021-01-23 20:11:20,073] INFO: loading vocabulary recursively from /Users/neo1/PycharmProjects/vec4irltr/model/ir/20210121231330551/model_word2vec_bibl_bible_bcn.vocabulary.* with mmap=None
[2021-01-23 20:11:20,074] INFO: loading trainables recursively from /Users/neo1/PycharmProjects/vec4irltr/model/ir/20210121231330551/model_word2vec_bibl_bible_bcn.trainables.* with mmap=None
[2021-01-23 20:11:20,074] INFO: loading trainables recursively from /Users/neo1/PycharmProjects/vec4irltr/model/ir/20210121231330551/model_word2vec_bibl_bible_bcn.trainables.* with mmap=None
[2021-01-23 20:11:20,074] INFO: setting ignored attribute cum_table to None
[2021-01-23 20:11:20,074] INFO: setting ignored attribute cum_table to None
[2021-01-23 20:11:20,075] INFO: loaded /Users/neo1/PycharmProjects/vec4irltr/model/ir/20210121231330551/model_word2vec_bibl_bible_bcn
[2021-01-23 20:11:20,075] INFO: loaded /Users/neo1/PycharmProjects/vec4irltr/model/ir/20210121231330551/model_word2vec_bibl_bible_bcn
[2021-01-23 20:11:20,076] INFO: load time:0.007470130920410156
[2021-01-23 20:11:20,076] INFO: load time:0.007470130920410156
[2021-01-23 20:11:21,077] INFO: pid:44386 done | load time: 1.0087532997131348
[2021-01-23 20:11:21,077] INFO: pid:44386 done | load time: 1.0087532997131348
[2021-01-23 20:11:21,078] INFO: loading model_word2vec_bibl_content
[2021-01-23 20:11:21,078] INFO: loading model_word2vec_bibl_content
[2021-01-23 20:11:21,079] INFO: loading Word2Vec object from /Users/neo1/PycharmProjects/vec4irltr/model/ir/20210121231330551/model_word2vec_bibl_content
[2021-01-23 20:11:21,079] INFO: loading Word2Vec object from /Users/neo1/PycharmProjects/vec4irltr/model/ir/20210121231330551/model_word2vec_bibl_content
[2021-01-23 20:11:21,090] INFO: loading wv recursively from /Users/neo1/PycharmProjects/vec4irltr/model/ir/20210121231330551/model_word2vec_bibl_content.wv.* with mmap=None
[2021-01-23 20:11:21,090] INFO: loading wv recursively from /Users/neo1/PycharmProjects/vec4irltr/model/ir/20210121231330551/model_word2vec_bibl_content.wv.* with mmap=None
[2021-01-23 20:11:21,091] INFO: setting ignored attribute vectors_norm to None
[2021-01-23 20:11:21,091] INFO: setting ignored attribute vectors_norm to None
[2021-01-23 20:11:21,091] INFO: loading vocabulary recursively from /Users/neo1/PycharmProjects/vec4irltr/model/ir/20210121231330551/model_word2vec_bibl_content.vocabulary.* with mmap=None
[2021-01-23 20:11:21,091] INFO: loading vocabulary recursively from /Users/neo1/PycharmProjects/vec4irltr/model/ir/20210121231330551/model_word2vec_bibl_content.vocabulary.* with mmap=None
[2021-01-23 20:11:21,092] INFO: loading trainables recursively from /Users/neo1/PycharmProjects/vec4irltr/model/ir/20210121231330551/model_word2vec_bibl_content.trainables.* with mmap=None
[2021-01-23 20:11:21,092] INFO: loading trainables recursively from /Users/neo1/PycharmProjects/vec4irltr/model/ir/20210121231330551/model_word2vec_bibl_content.trainables.* with mmap=None
[2021-01-23 20:11:21,093] INFO: setting ignored attribute cum_table to None
[2021-01-23 20:11:21,093] INFO: setting ignored attribute cum_table to None
[2021-01-23 20:11:21,093] INFO: loaded /Users/neo1/PycharmProjects/vec4irltr/model/ir/20210121231330551/model_word2vec_bibl_content
[2021-01-23 20:11:21,093] INFO: loaded /Users/neo1/PycharmProjects/vec4irltr/model/ir/20210121231330551/model_word2vec_bibl_content
[2021-01-23 20:11:21,097] INFO: load time:0.018104076385498047
[2021-01-23 20:11:21,097] INFO: load time:0.018104076385498047
[2021-01-23 20:11:22,098] INFO: pid:44386 done | load time: 1.0193390846252441
[2021-01-23 20:11:22,098] INFO: pid:44386 done | load time: 1.0193390846252441
[2021-01-23 20:11:22,099] INFO: loading model_word2vec_bibl_econtent
[2021-01-23 20:11:22,099] INFO: loading model_word2vec_bibl_econtent
[2021-01-23 20:11:22,099] INFO: loading Word2Vec object from /Users/neo1/PycharmProjects/vec4irltr/model/ir/20210121231330551/model_word2vec_bibl_econtent
[2021-01-23 20:11:22,099] INFO: loading Word2Vec object from /Users/neo1/PycharmProjects/vec4irltr/model/ir/20210121231330551/model_word2vec_bibl_econtent
[2021-01-23 20:11:22,101] INFO: loading wv recursively from /Users/neo1/PycharmProjects/vec4irltr/model/ir/20210121231330551/model_word2vec_bibl_econtent.wv.* with mmap=None
[2021-01-23 20:11:22,101] INFO: loading wv recursively from /Users/neo1/PycharmProjects/vec4irltr/model/ir/20210121231330551/model_word2vec_bibl_econtent.wv.* with mmap=None
[2021-01-23 20:11:22,102] INFO: setting ignored attribute vectors_norm to None
[2021-01-23 20:11:22,102] INFO: setting ignored attribute vectors_norm to None
[2021-01-23 20:11:22,102] INFO: loading vocabulary recursively from /Users/neo1/PycharmProjects/vec4irltr/model/ir/20210121231330551/model_word2vec_bibl_econtent.vocabulary.* with mmap=None
[2021-01-23 20:11:22,102] INFO: loading vocabulary recursively from /Users/neo1/PycharmProjects/vec4irltr/model/ir/20210121231330551/model_word2vec_bibl_econtent.vocabulary.* with mmap=None
[2021-01-23 20:11:22,103] INFO: loading trainables recursively from /Users/neo1/PycharmProjects/vec4irltr/model/ir/20210121231330551/model_word2vec_bibl_econtent.trainables.* with mmap=None
[2021-01-23 20:11:22,103] INFO: loading trainables recursively from /Users/neo1/PycharmProjects/vec4irltr/model/ir/20210121231330551/model_word2vec_bibl_econtent.trainables.* with mmap=None
[2021-01-23 20:11:22,103] INFO: setting ignored attribute cum_table to None
[2021-01-23 20:11:22,103] INFO: setting ignored attribute cum_table to None
[2021-01-23 20:11:22,104] INFO: loaded /Users/neo1/PycharmProjects/vec4irltr/model/ir/20210121231330551/model_word2vec_bibl_econtent
[2021-01-23 20:11:22,104] INFO: loaded /Users/neo1/PycharmProjects/vec4irltr/model/ir/20210121231330551/model_word2vec_bibl_econtent
[2021-01-23 20:11:22,105] INFO: load time:0.005463123321533203
[2021-01-23 20:11:22,105] INFO: load time:0.005463123321533203
[2021-01-23 20:11:23,110] INFO: pid:44386 done | load time: 1.0109782218933105
[2021-01-23 20:11:23,110] INFO: pid:44386 done | load time: 1.0109782218933105
