[2021-01-24 00:48:17,822] INFO: set_init_models_and_get_retrievals
[2021-01-24 00:48:17,822] INFO: set_init_models_and_get_retrievals
[2021-01-24 00:48:17,828] INFO: loading model_word2vec_bibl_bible_bcn
[2021-01-24 00:48:17,828] INFO: loading model_word2vec_bibl_bible_bcn
[2021-01-24 00:48:17,831] INFO: loading Word2Vec object from /Users/neo1/PycharmProjects/vec4irltr/model/ir/20210121231330551/model_word2vec_bibl_bible_bcn
[2021-01-24 00:48:17,831] INFO: loading Word2Vec object from /Users/neo1/PycharmProjects/vec4irltr/model/ir/20210121231330551/model_word2vec_bibl_bible_bcn
[2021-01-24 00:48:17,835] INFO: loading wv recursively from /Users/neo1/PycharmProjects/vec4irltr/model/ir/20210121231330551/model_word2vec_bibl_bible_bcn.wv.* with mmap=None
[2021-01-24 00:48:17,835] INFO: loading wv recursively from /Users/neo1/PycharmProjects/vec4irltr/model/ir/20210121231330551/model_word2vec_bibl_bible_bcn.wv.* with mmap=None
[2021-01-24 00:48:17,835] INFO: setting ignored attribute vectors_norm to None
[2021-01-24 00:48:17,835] INFO: setting ignored attribute vectors_norm to None
[2021-01-24 00:48:17,836] INFO: loading vocabulary recursively from /Users/neo1/PycharmProjects/vec4irltr/model/ir/20210121231330551/model_word2vec_bibl_bible_bcn.vocabulary.* with mmap=None
[2021-01-24 00:48:17,836] INFO: loading vocabulary recursively from /Users/neo1/PycharmProjects/vec4irltr/model/ir/20210121231330551/model_word2vec_bibl_bible_bcn.vocabulary.* with mmap=None
[2021-01-24 00:48:17,837] INFO: loading trainables recursively from /Users/neo1/PycharmProjects/vec4irltr/model/ir/20210121231330551/model_word2vec_bibl_bible_bcn.trainables.* with mmap=None
[2021-01-24 00:48:17,837] INFO: loading trainables recursively from /Users/neo1/PycharmProjects/vec4irltr/model/ir/20210121231330551/model_word2vec_bibl_bible_bcn.trainables.* with mmap=None
[2021-01-24 00:48:17,838] INFO: setting ignored attribute cum_table to None
[2021-01-24 00:48:17,838] INFO: setting ignored attribute cum_table to None
[2021-01-24 00:48:17,838] INFO: loaded /Users/neo1/PycharmProjects/vec4irltr/model/ir/20210121231330551/model_word2vec_bibl_bible_bcn
[2021-01-24 00:48:17,838] INFO: loaded /Users/neo1/PycharmProjects/vec4irltr/model/ir/20210121231330551/model_word2vec_bibl_bible_bcn
[2021-01-24 00:48:17,839] INFO: load time:0.007864236831665039
[2021-01-24 00:48:17,839] INFO: load time:0.007864236831665039
[2021-01-24 00:48:18,843] INFO: pid:64224 done | load time: 1.0120861530303955
[2021-01-24 00:48:18,843] INFO: pid:64224 done | load time: 1.0120861530303955
[2021-01-24 00:48:18,844] INFO: loading model_word2vec_bibl_content
[2021-01-24 00:48:18,844] INFO: loading model_word2vec_bibl_content
[2021-01-24 00:48:18,845] INFO: loading Word2Vec object from /Users/neo1/PycharmProjects/vec4irltr/model/ir/20210121231330551/model_word2vec_bibl_content
[2021-01-24 00:48:18,845] INFO: loading Word2Vec object from /Users/neo1/PycharmProjects/vec4irltr/model/ir/20210121231330551/model_word2vec_bibl_content
[2021-01-24 00:48:18,857] INFO: loading wv recursively from /Users/neo1/PycharmProjects/vec4irltr/model/ir/20210121231330551/model_word2vec_bibl_content.wv.* with mmap=None
[2021-01-24 00:48:18,857] INFO: loading wv recursively from /Users/neo1/PycharmProjects/vec4irltr/model/ir/20210121231330551/model_word2vec_bibl_content.wv.* with mmap=None
[2021-01-24 00:48:18,857] INFO: setting ignored attribute vectors_norm to None
[2021-01-24 00:48:18,857] INFO: setting ignored attribute vectors_norm to None
[2021-01-24 00:48:18,858] INFO: loading vocabulary recursively from /Users/neo1/PycharmProjects/vec4irltr/model/ir/20210121231330551/model_word2vec_bibl_content.vocabulary.* with mmap=None
[2021-01-24 00:48:18,858] INFO: loading vocabulary recursively from /Users/neo1/PycharmProjects/vec4irltr/model/ir/20210121231330551/model_word2vec_bibl_content.vocabulary.* with mmap=None
[2021-01-24 00:48:18,859] INFO: loading trainables recursively from /Users/neo1/PycharmProjects/vec4irltr/model/ir/20210121231330551/model_word2vec_bibl_content.trainables.* with mmap=None
[2021-01-24 00:48:18,859] INFO: loading trainables recursively from /Users/neo1/PycharmProjects/vec4irltr/model/ir/20210121231330551/model_word2vec_bibl_content.trainables.* with mmap=None
[2021-01-24 00:48:18,860] INFO: setting ignored attribute cum_table to None
[2021-01-24 00:48:18,860] INFO: setting ignored attribute cum_table to None
[2021-01-24 00:48:18,860] INFO: loaded /Users/neo1/PycharmProjects/vec4irltr/model/ir/20210121231330551/model_word2vec_bibl_content
[2021-01-24 00:48:18,860] INFO: loaded /Users/neo1/PycharmProjects/vec4irltr/model/ir/20210121231330551/model_word2vec_bibl_content
[2021-01-24 00:48:18,864] INFO: load time:0.01941204071044922
[2021-01-24 00:48:18,864] INFO: load time:0.01941204071044922
[2021-01-24 00:48:19,867] INFO: pid:64224 done | load time: 1.021752119064331
[2021-01-24 00:48:19,867] INFO: pid:64224 done | load time: 1.021752119064331
[2021-01-24 00:48:19,867] INFO: loading model_word2vec_bibl_econtent
[2021-01-24 00:48:19,867] INFO: loading model_word2vec_bibl_econtent
[2021-01-24 00:48:19,868] INFO: loading Word2Vec object from /Users/neo1/PycharmProjects/vec4irltr/model/ir/20210121231330551/model_word2vec_bibl_econtent
[2021-01-24 00:48:19,868] INFO: loading Word2Vec object from /Users/neo1/PycharmProjects/vec4irltr/model/ir/20210121231330551/model_word2vec_bibl_econtent
[2021-01-24 00:48:19,871] INFO: loading wv recursively from /Users/neo1/PycharmProjects/vec4irltr/model/ir/20210121231330551/model_word2vec_bibl_econtent.wv.* with mmap=None
[2021-01-24 00:48:19,871] INFO: loading wv recursively from /Users/neo1/PycharmProjects/vec4irltr/model/ir/20210121231330551/model_word2vec_bibl_econtent.wv.* with mmap=None
[2021-01-24 00:48:19,871] INFO: setting ignored attribute vectors_norm to None
[2021-01-24 00:48:19,871] INFO: setting ignored attribute vectors_norm to None
[2021-01-24 00:48:19,872] INFO: loading vocabulary recursively from /Users/neo1/PycharmProjects/vec4irltr/model/ir/20210121231330551/model_word2vec_bibl_econtent.vocabulary.* with mmap=None
[2021-01-24 00:48:19,872] INFO: loading vocabulary recursively from /Users/neo1/PycharmProjects/vec4irltr/model/ir/20210121231330551/model_word2vec_bibl_econtent.vocabulary.* with mmap=None
[2021-01-24 00:48:19,873] INFO: loading trainables recursively from /Users/neo1/PycharmProjects/vec4irltr/model/ir/20210121231330551/model_word2vec_bibl_econtent.trainables.* with mmap=None
[2021-01-24 00:48:19,873] INFO: loading trainables recursively from /Users/neo1/PycharmProjects/vec4irltr/model/ir/20210121231330551/model_word2vec_bibl_econtent.trainables.* with mmap=None
[2021-01-24 00:48:19,874] INFO: setting ignored attribute cum_table to None
[2021-01-24 00:48:19,874] INFO: setting ignored attribute cum_table to None
[2021-01-24 00:48:19,875] INFO: loaded /Users/neo1/PycharmProjects/vec4irltr/model/ir/20210121231330551/model_word2vec_bibl_econtent
[2021-01-24 00:48:19,875] INFO: loaded /Users/neo1/PycharmProjects/vec4irltr/model/ir/20210121231330551/model_word2vec_bibl_econtent
[2021-01-24 00:48:19,876] INFO: load time:0.007662057876586914
[2021-01-24 00:48:19,876] INFO: load time:0.007662057876586914
[2021-01-24 00:48:20,881] INFO: pid:64224 done | load time: 1.0126488208770752
[2021-01-24 00:48:20,881] INFO: pid:64224 done | load time: 1.0126488208770752
