[2021-01-24 18:42:25,477] INFO: collecting all words and their counts
[2021-01-24 18:42:25,477] INFO: collecting all words and their counts
[2021-01-24 18:42:25,478] WARNING: Each 'sentences' item should be a list of words (usually unicode strings). First item here is instead plain <class 'str'>.
[2021-01-24 18:42:25,478] WARNING: Each 'sentences' item should be a list of words (usually unicode strings). First item here is instead plain <class 'str'>.
[2021-01-24 18:42:25,478] INFO: PROGRESS: at sentence #0, processed 0 words, keeping 0 word types
[2021-01-24 18:42:25,478] INFO: PROGRESS: at sentence #0, processed 0 words, keeping 0 word types
[2021-01-24 18:42:25,490] INFO: PROGRESS: at sentence #10000, processed 56762 words, keeping 28 word types
[2021-01-24 18:42:25,490] INFO: PROGRESS: at sentence #10000, processed 56762 words, keeping 28 word types
[2021-01-24 18:42:25,502] INFO: PROGRESS: at sentence #20000, processed 113196 words, keeping 40 word types
[2021-01-24 18:42:25,502] INFO: PROGRESS: at sentence #20000, processed 113196 words, keeping 40 word types
[2021-01-24 18:42:25,512] INFO: PROGRESS: at sentence #30000, processed 166129 words, keeping 69 word types
[2021-01-24 18:42:25,512] INFO: PROGRESS: at sentence #30000, processed 166129 words, keeping 69 word types
[2021-01-24 18:42:25,514] INFO: collected 72 word types from a corpus of 171830 raw words and 31102 sentences
[2021-01-24 18:42:25,514] INFO: collected 72 word types from a corpus of 171830 raw words and 31102 sentences
[2021-01-24 18:42:25,514] INFO: Loading a fresh vocabulary
[2021-01-24 18:42:25,514] INFO: Loading a fresh vocabulary
[2021-01-24 18:42:25,515] INFO: effective_min_count=1 retains 72 unique words (100% of original 72, drops 0)
[2021-01-24 18:42:25,515] INFO: effective_min_count=1 retains 72 unique words (100% of original 72, drops 0)
[2021-01-24 18:42:25,515] INFO: effective_min_count=1 leaves 171830 word corpus (100% of original 171830, drops 0)
[2021-01-24 18:42:25,515] INFO: effective_min_count=1 leaves 171830 word corpus (100% of original 171830, drops 0)
[2021-01-24 18:42:25,517] INFO: deleting the raw counts dictionary of 72 items
[2021-01-24 18:42:25,517] INFO: deleting the raw counts dictionary of 72 items
[2021-01-24 18:42:25,517] INFO: sample=0.001 downsamples 36 most-common words
[2021-01-24 18:42:25,517] INFO: sample=0.001 downsamples 36 most-common words
[2021-01-24 18:42:25,517] INFO: downsampling leaves estimated 38234 word corpus (22.3% of prior 171830)
[2021-01-24 18:42:25,517] INFO: downsampling leaves estimated 38234 word corpus (22.3% of prior 171830)
[2021-01-24 18:42:25,518] INFO: estimated required memory for 72 words and 100 dimensions: 93600 bytes
[2021-01-24 18:42:25,518] INFO: estimated required memory for 72 words and 100 dimensions: 93600 bytes
[2021-01-24 18:42:25,518] INFO: resetting layer weights
[2021-01-24 18:42:25,518] INFO: resetting layer weights
[2021-01-24 18:42:25,548] INFO: training model with 1 workers on 72 vocabulary and 100 features, using sg=0 hs=0 sample=0.001 negative=5 window=5
[2021-01-24 18:42:25,548] INFO: training model with 1 workers on 72 vocabulary and 100 features, using sg=0 hs=0 sample=0.001 negative=5 window=5
[2021-01-24 18:42:25,673] INFO: worker thread finished; awaiting finish of 0 more threads
[2021-01-24 18:42:25,673] INFO: worker thread finished; awaiting finish of 0 more threads
[2021-01-24 18:42:25,673] INFO: EPOCH - 1 : training on 171830 raw words (37960 effective words) took 0.1s, 361447 effective words/s
[2021-01-24 18:42:25,673] INFO: EPOCH - 1 : training on 171830 raw words (37960 effective words) took 0.1s, 361447 effective words/s
[2021-01-24 18:42:25,781] INFO: worker thread finished; awaiting finish of 0 more threads
[2021-01-24 18:42:25,781] INFO: worker thread finished; awaiting finish of 0 more threads
[2021-01-24 18:42:25,781] INFO: EPOCH - 2 : training on 171830 raw words (38218 effective words) took 0.1s, 382224 effective words/s
[2021-01-24 18:42:25,781] INFO: EPOCH - 2 : training on 171830 raw words (38218 effective words) took 0.1s, 382224 effective words/s
[2021-01-24 18:42:25,888] INFO: worker thread finished; awaiting finish of 0 more threads
[2021-01-24 18:42:25,888] INFO: worker thread finished; awaiting finish of 0 more threads
[2021-01-24 18:42:25,888] INFO: EPOCH - 3 : training on 171830 raw words (38197 effective words) took 0.1s, 389055 effective words/s
[2021-01-24 18:42:25,888] INFO: EPOCH - 3 : training on 171830 raw words (38197 effective words) took 0.1s, 389055 effective words/s
[2021-01-24 18:42:25,996] INFO: worker thread finished; awaiting finish of 0 more threads
[2021-01-24 18:42:25,996] INFO: worker thread finished; awaiting finish of 0 more threads
[2021-01-24 18:42:25,997] INFO: EPOCH - 4 : training on 171830 raw words (38442 effective words) took 0.1s, 381855 effective words/s
[2021-01-24 18:42:25,997] INFO: EPOCH - 4 : training on 171830 raw words (38442 effective words) took 0.1s, 381855 effective words/s
[2021-01-24 18:42:26,104] INFO: worker thread finished; awaiting finish of 0 more threads
[2021-01-24 18:42:26,104] INFO: worker thread finished; awaiting finish of 0 more threads
[2021-01-24 18:42:26,104] INFO: EPOCH - 5 : training on 171830 raw words (38242 effective words) took 0.1s, 379886 effective words/s
[2021-01-24 18:42:26,104] INFO: EPOCH - 5 : training on 171830 raw words (38242 effective words) took 0.1s, 379886 effective words/s
[2021-01-24 18:42:26,104] INFO: training on a 859150 raw words (191059 effective words) took 0.6s, 343278 effective words/s
[2021-01-24 18:42:26,104] INFO: training on a 859150 raw words (191059 effective words) took 0.6s, 343278 effective words/s
[2021-01-24 18:42:26,106] INFO: collecting all words and their counts
[2021-01-24 18:42:26,106] INFO: collecting all words and their counts
[2021-01-24 18:42:26,106] WARNING: Each 'sentences' item should be a list of words (usually unicode strings). First item here is instead plain <class 'str'>.
[2021-01-24 18:42:26,106] WARNING: Each 'sentences' item should be a list of words (usually unicode strings). First item here is instead plain <class 'str'>.
[2021-01-24 18:42:26,107] INFO: PROGRESS: at sentence #0, processed 0 words, keeping 0 word types
[2021-01-24 18:42:26,107] INFO: PROGRESS: at sentence #0, processed 0 words, keeping 0 word types
[2021-01-24 18:42:26,201] INFO: PROGRESS: at sentence #10000, processed 477404 words, keeping 1086 word types
[2021-01-24 18:42:26,201] INFO: PROGRESS: at sentence #10000, processed 477404 words, keeping 1086 word types
[2021-01-24 18:42:26,269] INFO: PROGRESS: at sentence #20000, processed 821458 words, keeping 1189 word types
[2021-01-24 18:42:26,269] INFO: PROGRESS: at sentence #20000, processed 821458 words, keeping 1189 word types
[2021-01-24 18:42:26,355] INFO: PROGRESS: at sentence #30000, processed 1261886 words, keeping 1235 word types
[2021-01-24 18:42:26,355] INFO: PROGRESS: at sentence #30000, processed 1261886 words, keeping 1235 word types
[2021-01-24 18:42:26,364] INFO: collected 1238 word types from a corpus of 1311409 raw words and 31102 sentences
[2021-01-24 18:42:26,364] INFO: collected 1238 word types from a corpus of 1311409 raw words and 31102 sentences
[2021-01-24 18:42:26,364] INFO: Loading a fresh vocabulary
[2021-01-24 18:42:26,364] INFO: Loading a fresh vocabulary
[2021-01-24 18:42:26,369] INFO: effective_min_count=1 retains 1238 unique words (100% of original 1238, drops 0)
[2021-01-24 18:42:26,369] INFO: effective_min_count=1 retains 1238 unique words (100% of original 1238, drops 0)
[2021-01-24 18:42:26,370] INFO: effective_min_count=1 leaves 1311409 word corpus (100% of original 1311409, drops 0)
[2021-01-24 18:42:26,370] INFO: effective_min_count=1 leaves 1311409 word corpus (100% of original 1311409, drops 0)
[2021-01-24 18:42:26,376] INFO: deleting the raw counts dictionary of 1238 items
[2021-01-24 18:42:26,376] INFO: deleting the raw counts dictionary of 1238 items
[2021-01-24 18:42:26,377] INFO: sample=0.001 downsamples 60 most-common words
[2021-01-24 18:42:26,377] INFO: sample=0.001 downsamples 60 most-common words
[2021-01-24 18:42:26,377] INFO: downsampling leaves estimated 638567 word corpus (48.7% of prior 1311409)
[2021-01-24 18:42:26,377] INFO: downsampling leaves estimated 638567 word corpus (48.7% of prior 1311409)
[2021-01-24 18:42:26,379] INFO: estimated required memory for 1238 words and 100 dimensions: 1609400 bytes
[2021-01-24 18:42:26,379] INFO: estimated required memory for 1238 words and 100 dimensions: 1609400 bytes
[2021-01-24 18:42:26,380] INFO: resetting layer weights
[2021-01-24 18:42:26,380] INFO: resetting layer weights
[2021-01-24 18:42:26,746] INFO: training model with 1 workers on 1238 vocabulary and 100 features, using sg=0 hs=0 sample=0.001 negative=5 window=5
[2021-01-24 18:42:26,746] INFO: training model with 1 workers on 1238 vocabulary and 100 features, using sg=0 hs=0 sample=0.001 negative=5 window=5
[2021-01-24 18:42:27,754] INFO: EPOCH 1 - PROGRESS: at 81.40% examples, 507036 words/s, in_qsize 1, out_qsize 0
[2021-01-24 18:42:27,754] INFO: EPOCH 1 - PROGRESS: at 81.40% examples, 507036 words/s, in_qsize 1, out_qsize 0
[2021-01-24 18:42:28,008] INFO: worker thread finished; awaiting finish of 0 more threads
[2021-01-24 18:42:28,008] INFO: worker thread finished; awaiting finish of 0 more threads
[2021-01-24 18:42:28,009] INFO: EPOCH - 1 : training on 1311409 raw words (639059 effective words) took 1.3s, 506940 effective words/s
[2021-01-24 18:42:28,009] INFO: EPOCH - 1 : training on 1311409 raw words (639059 effective words) took 1.3s, 506940 effective words/s
[2021-01-24 18:42:29,018] INFO: EPOCH 2 - PROGRESS: at 81.40% examples, 505732 words/s, in_qsize 1, out_qsize 0
[2021-01-24 18:42:29,018] INFO: EPOCH 2 - PROGRESS: at 81.40% examples, 505732 words/s, in_qsize 1, out_qsize 0
[2021-01-24 18:42:29,265] INFO: worker thread finished; awaiting finish of 0 more threads
[2021-01-24 18:42:29,265] INFO: worker thread finished; awaiting finish of 0 more threads
[2021-01-24 18:42:29,265] INFO: EPOCH - 2 : training on 1311409 raw words (638519 effective words) took 1.3s, 508954 effective words/s
[2021-01-24 18:42:29,265] INFO: EPOCH - 2 : training on 1311409 raw words (638519 effective words) took 1.3s, 508954 effective words/s
[2021-01-24 18:42:30,272] INFO: EPOCH 3 - PROGRESS: at 80.77% examples, 502737 words/s, in_qsize 1, out_qsize 0
[2021-01-24 18:42:30,272] INFO: EPOCH 3 - PROGRESS: at 80.77% examples, 502737 words/s, in_qsize 1, out_qsize 0
[2021-01-24 18:42:30,551] INFO: worker thread finished; awaiting finish of 0 more threads
[2021-01-24 18:42:30,551] INFO: worker thread finished; awaiting finish of 0 more threads
[2021-01-24 18:42:30,551] INFO: EPOCH - 3 : training on 1311409 raw words (638758 effective words) took 1.3s, 497271 effective words/s
[2021-01-24 18:42:30,551] INFO: EPOCH - 3 : training on 1311409 raw words (638758 effective words) took 1.3s, 497271 effective words/s
[2021-01-24 18:42:31,554] INFO: EPOCH 4 - PROGRESS: at 80.02% examples, 499856 words/s, in_qsize 1, out_qsize 0
[2021-01-24 18:42:31,554] INFO: EPOCH 4 - PROGRESS: at 80.02% examples, 499856 words/s, in_qsize 1, out_qsize 0
[2021-01-24 18:42:31,818] INFO: worker thread finished; awaiting finish of 0 more threads
[2021-01-24 18:42:31,818] INFO: worker thread finished; awaiting finish of 0 more threads
[2021-01-24 18:42:31,819] INFO: EPOCH - 4 : training on 1311409 raw words (638420 effective words) took 1.3s, 504313 effective words/s
[2021-01-24 18:42:31,819] INFO: EPOCH - 4 : training on 1311409 raw words (638420 effective words) took 1.3s, 504313 effective words/s
[2021-01-24 18:42:32,822] INFO: EPOCH 5 - PROGRESS: at 82.07% examples, 513916 words/s, in_qsize 1, out_qsize 0
[2021-01-24 18:42:32,822] INFO: EPOCH 5 - PROGRESS: at 82.07% examples, 513916 words/s, in_qsize 1, out_qsize 0
[2021-01-24 18:42:33,058] INFO: worker thread finished; awaiting finish of 0 more threads
[2021-01-24 18:42:33,058] INFO: worker thread finished; awaiting finish of 0 more threads
[2021-01-24 18:42:33,059] INFO: EPOCH - 5 : training on 1311409 raw words (638499 effective words) took 1.2s, 515533 effective words/s
[2021-01-24 18:42:33,059] INFO: EPOCH - 5 : training on 1311409 raw words (638499 effective words) took 1.2s, 515533 effective words/s
[2021-01-24 18:42:33,059] INFO: training on a 6557045 raw words (3193255 effective words) took 6.3s, 505841 effective words/s
[2021-01-24 18:42:33,059] INFO: training on a 6557045 raw words (3193255 effective words) took 6.3s, 505841 effective words/s
[2021-01-24 18:42:33,061] INFO: collecting all words and their counts
[2021-01-24 18:42:33,061] INFO: collecting all words and their counts
[2021-01-24 18:42:33,061] WARNING: Each 'sentences' item should be a list of words (usually unicode strings). First item here is instead plain <class 'str'>.
[2021-01-24 18:42:33,061] WARNING: Each 'sentences' item should be a list of words (usually unicode strings). First item here is instead plain <class 'str'>.
[2021-01-24 18:42:33,061] INFO: PROGRESS: at sentence #0, processed 0 words, keeping 0 word types
[2021-01-24 18:42:33,061] INFO: PROGRESS: at sentence #0, processed 0 words, keeping 0 word types
[2021-01-24 18:42:33,123] INFO: PROGRESS: at sentence #10000, processed 487377 words, keeping 64 word types
[2021-01-24 18:42:33,123] INFO: PROGRESS: at sentence #10000, processed 487377 words, keeping 64 word types
[2021-01-24 18:42:33,185] INFO: PROGRESS: at sentence #20000, processed 979341 words, keeping 65 word types
[2021-01-24 18:42:33,185] INFO: PROGRESS: at sentence #20000, processed 979341 words, keeping 65 word types
[2021-01-24 18:42:33,243] INFO: PROGRESS: at sentence #30000, processed 1422727 words, keeping 65 word types
[2021-01-24 18:42:33,243] INFO: PROGRESS: at sentence #30000, processed 1422727 words, keeping 65 word types
[2021-01-24 18:42:33,250] INFO: collected 65 word types from a corpus of 1477161 raw words and 31102 sentences
[2021-01-24 18:42:33,250] INFO: collected 65 word types from a corpus of 1477161 raw words and 31102 sentences
[2021-01-24 18:42:33,250] INFO: Loading a fresh vocabulary
[2021-01-24 18:42:33,250] INFO: Loading a fresh vocabulary
[2021-01-24 18:42:33,250] INFO: effective_min_count=1 retains 65 unique words (100% of original 65, drops 0)
[2021-01-24 18:42:33,250] INFO: effective_min_count=1 retains 65 unique words (100% of original 65, drops 0)
[2021-01-24 18:42:33,250] INFO: effective_min_count=1 leaves 1477161 word corpus (100% of original 1477161, drops 0)
[2021-01-24 18:42:33,250] INFO: effective_min_count=1 leaves 1477161 word corpus (100% of original 1477161, drops 0)
[2021-01-24 18:42:33,251] INFO: deleting the raw counts dictionary of 65 items
[2021-01-24 18:42:33,251] INFO: deleting the raw counts dictionary of 65 items
[2021-01-24 18:42:33,251] INFO: sample=0.001 downsamples 30 most-common words
[2021-01-24 18:42:33,251] INFO: sample=0.001 downsamples 30 most-common words
[2021-01-24 18:42:33,252] INFO: downsampling leaves estimated 308085 word corpus (20.9% of prior 1477161)
[2021-01-24 18:42:33,252] INFO: downsampling leaves estimated 308085 word corpus (20.9% of prior 1477161)
[2021-01-24 18:42:33,252] INFO: estimated required memory for 65 words and 100 dimensions: 84500 bytes
[2021-01-24 18:42:33,252] INFO: estimated required memory for 65 words and 100 dimensions: 84500 bytes
[2021-01-24 18:42:33,252] INFO: resetting layer weights
[2021-01-24 18:42:33,252] INFO: resetting layer weights
[2021-01-24 18:42:33,271] INFO: training model with 1 workers on 65 vocabulary and 100 features, using sg=0 hs=0 sample=0.001 negative=5 window=5
[2021-01-24 18:42:33,271] INFO: training model with 1 workers on 65 vocabulary and 100 features, using sg=0 hs=0 sample=0.001 negative=5 window=5
[2021-01-24 18:42:33,908] INFO: worker thread finished; awaiting finish of 0 more threads
[2021-01-24 18:42:33,908] INFO: worker thread finished; awaiting finish of 0 more threads
[2021-01-24 18:42:33,909] INFO: EPOCH - 1 : training on 1477161 raw words (307886 effective words) took 0.6s, 484258 effective words/s
[2021-01-24 18:42:33,909] INFO: EPOCH - 1 : training on 1477161 raw words (307886 effective words) took 0.6s, 484258 effective words/s
[2021-01-24 18:42:34,552] INFO: worker thread finished; awaiting finish of 0 more threads
[2021-01-24 18:42:34,552] INFO: worker thread finished; awaiting finish of 0 more threads
[2021-01-24 18:42:34,553] INFO: EPOCH - 2 : training on 1477161 raw words (308446 effective words) took 0.6s, 480294 effective words/s
[2021-01-24 18:42:34,553] INFO: EPOCH - 2 : training on 1477161 raw words (308446 effective words) took 0.6s, 480294 effective words/s
[2021-01-24 18:42:35,196] INFO: worker thread finished; awaiting finish of 0 more threads
[2021-01-24 18:42:35,196] INFO: worker thread finished; awaiting finish of 0 more threads
[2021-01-24 18:42:35,196] INFO: EPOCH - 3 : training on 1477161 raw words (308123 effective words) took 0.6s, 479805 effective words/s
[2021-01-24 18:42:35,196] INFO: EPOCH - 3 : training on 1477161 raw words (308123 effective words) took 0.6s, 479805 effective words/s
[2021-01-24 18:42:35,834] INFO: worker thread finished; awaiting finish of 0 more threads
[2021-01-24 18:42:35,834] INFO: worker thread finished; awaiting finish of 0 more threads
[2021-01-24 18:42:35,834] INFO: EPOCH - 4 : training on 1477161 raw words (307491 effective words) took 0.6s, 483235 effective words/s
[2021-01-24 18:42:35,834] INFO: EPOCH - 4 : training on 1477161 raw words (307491 effective words) took 0.6s, 483235 effective words/s
[2021-01-24 18:42:36,476] INFO: worker thread finished; awaiting finish of 0 more threads
[2021-01-24 18:42:36,476] INFO: worker thread finished; awaiting finish of 0 more threads
[2021-01-24 18:42:36,477] INFO: EPOCH - 5 : training on 1477161 raw words (308584 effective words) took 0.6s, 481803 effective words/s
[2021-01-24 18:42:36,477] INFO: EPOCH - 5 : training on 1477161 raw words (308584 effective words) took 0.6s, 481803 effective words/s
[2021-01-24 18:42:36,477] INFO: training on a 7385805 raw words (1540530 effective words) took 3.2s, 480613 effective words/s
[2021-01-24 18:42:36,477] INFO: training on a 7385805 raw words (1540530 effective words) took 3.2s, 480613 effective words/s
