[2021-02-01 20:44:20,530] INFO: set_init_models_and_get_retrievals
[2021-02-01 20:44:20,530] INFO: set_init_models_and_get_retrievals
[2021-02-01 20:44:20,538] INFO: loading model_word2vec_bibl_bible_bcn
[2021-02-01 20:44:20,538] INFO: loading model_word2vec_bibl_bible_bcn
[2021-02-01 20:44:20,538] INFO: loading Word2Vec object from /Users/neo1/PycharmProjects/vec4irltr/model/ir/20210127210618894/model_word2vec_bibl_bible_bcn
[2021-02-01 20:44:20,538] INFO: loading Word2Vec object from /Users/neo1/PycharmProjects/vec4irltr/model/ir/20210127210618894/model_word2vec_bibl_bible_bcn
[2021-02-01 20:44:20,554] INFO: loading wv recursively from /Users/neo1/PycharmProjects/vec4irltr/model/ir/20210127210618894/model_word2vec_bibl_bible_bcn.wv.* with mmap=None
[2021-02-01 20:44:20,554] INFO: loading wv recursively from /Users/neo1/PycharmProjects/vec4irltr/model/ir/20210127210618894/model_word2vec_bibl_bible_bcn.wv.* with mmap=None
[2021-02-01 20:44:20,554] INFO: setting ignored attribute vectors_norm to None
[2021-02-01 20:44:20,554] INFO: setting ignored attribute vectors_norm to None
[2021-02-01 20:44:20,555] INFO: loading vocabulary recursively from /Users/neo1/PycharmProjects/vec4irltr/model/ir/20210127210618894/model_word2vec_bibl_bible_bcn.vocabulary.* with mmap=None
[2021-02-01 20:44:20,555] INFO: loading vocabulary recursively from /Users/neo1/PycharmProjects/vec4irltr/model/ir/20210127210618894/model_word2vec_bibl_bible_bcn.vocabulary.* with mmap=None
[2021-02-01 20:44:20,555] INFO: loading trainables recursively from /Users/neo1/PycharmProjects/vec4irltr/model/ir/20210127210618894/model_word2vec_bibl_bible_bcn.trainables.* with mmap=None
[2021-02-01 20:44:20,555] INFO: loading trainables recursively from /Users/neo1/PycharmProjects/vec4irltr/model/ir/20210127210618894/model_word2vec_bibl_bible_bcn.trainables.* with mmap=None
[2021-02-01 20:44:20,555] INFO: setting ignored attribute cum_table to None
[2021-02-01 20:44:20,555] INFO: setting ignored attribute cum_table to None
[2021-02-01 20:44:20,556] INFO: loaded /Users/neo1/PycharmProjects/vec4irltr/model/ir/20210127210618894/model_word2vec_bibl_bible_bcn
[2021-02-01 20:44:20,556] INFO: loaded /Users/neo1/PycharmProjects/vec4irltr/model/ir/20210127210618894/model_word2vec_bibl_bible_bcn
[2021-02-01 20:44:20,557] INFO: load time:0.019095182418823242
[2021-02-01 20:44:20,557] INFO: load time:0.019095182418823242
[2021-02-01 20:44:21,558] INFO: pid:38603 done | load time: 1.019808053970337
[2021-02-01 20:44:21,558] INFO: pid:38603 done | load time: 1.019808053970337
[2021-02-01 20:44:21,558] INFO: loading model_word2vec_bibl_content
[2021-02-01 20:44:21,558] INFO: loading model_word2vec_bibl_content
[2021-02-01 20:44:21,559] INFO: loading Word2Vec object from /Users/neo1/PycharmProjects/vec4irltr/model/ir/20210127210618894/model_word2vec_bibl_content
[2021-02-01 20:44:21,559] INFO: loading Word2Vec object from /Users/neo1/PycharmProjects/vec4irltr/model/ir/20210127210618894/model_word2vec_bibl_content
[2021-02-01 20:44:21,577] INFO: loading wv recursively from /Users/neo1/PycharmProjects/vec4irltr/model/ir/20210127210618894/model_word2vec_bibl_content.wv.* with mmap=None
[2021-02-01 20:44:21,577] INFO: loading wv recursively from /Users/neo1/PycharmProjects/vec4irltr/model/ir/20210127210618894/model_word2vec_bibl_content.wv.* with mmap=None
[2021-02-01 20:44:21,577] INFO: setting ignored attribute vectors_norm to None
[2021-02-01 20:44:21,577] INFO: setting ignored attribute vectors_norm to None
[2021-02-01 20:44:21,577] INFO: loading vocabulary recursively from /Users/neo1/PycharmProjects/vec4irltr/model/ir/20210127210618894/model_word2vec_bibl_content.vocabulary.* with mmap=None
[2021-02-01 20:44:21,577] INFO: loading vocabulary recursively from /Users/neo1/PycharmProjects/vec4irltr/model/ir/20210127210618894/model_word2vec_bibl_content.vocabulary.* with mmap=None
[2021-02-01 20:44:21,578] INFO: loading trainables recursively from /Users/neo1/PycharmProjects/vec4irltr/model/ir/20210127210618894/model_word2vec_bibl_content.trainables.* with mmap=None
[2021-02-01 20:44:21,578] INFO: loading trainables recursively from /Users/neo1/PycharmProjects/vec4irltr/model/ir/20210127210618894/model_word2vec_bibl_content.trainables.* with mmap=None
[2021-02-01 20:44:21,578] INFO: setting ignored attribute cum_table to None
[2021-02-01 20:44:21,578] INFO: setting ignored attribute cum_table to None
[2021-02-01 20:44:21,578] INFO: loaded /Users/neo1/PycharmProjects/vec4irltr/model/ir/20210127210618894/model_word2vec_bibl_content
[2021-02-01 20:44:21,578] INFO: loaded /Users/neo1/PycharmProjects/vec4irltr/model/ir/20210127210618894/model_word2vec_bibl_content
[2021-02-01 20:44:21,581] INFO: load time:0.021879196166992188
[2021-02-01 20:44:21,581] INFO: load time:0.021879196166992188
[2021-02-01 20:44:22,586] INFO: pid:38603 done | load time: 1.0271780490875244
[2021-02-01 20:44:22,586] INFO: pid:38603 done | load time: 1.0271780490875244
[2021-02-01 20:44:22,587] INFO: loading model_word2vec_bibl_econtent
[2021-02-01 20:44:22,587] INFO: loading model_word2vec_bibl_econtent
[2021-02-01 20:44:22,587] INFO: loading Word2Vec object from /Users/neo1/PycharmProjects/vec4irltr/model/ir/20210127210618894/model_word2vec_bibl_econtent
[2021-02-01 20:44:22,587] INFO: loading Word2Vec object from /Users/neo1/PycharmProjects/vec4irltr/model/ir/20210127210618894/model_word2vec_bibl_econtent
[2021-02-01 20:44:22,592] INFO: loading wv recursively from /Users/neo1/PycharmProjects/vec4irltr/model/ir/20210127210618894/model_word2vec_bibl_econtent.wv.* with mmap=None
[2021-02-01 20:44:22,592] INFO: loading wv recursively from /Users/neo1/PycharmProjects/vec4irltr/model/ir/20210127210618894/model_word2vec_bibl_econtent.wv.* with mmap=None
[2021-02-01 20:44:22,593] INFO: setting ignored attribute vectors_norm to None
[2021-02-01 20:44:22,593] INFO: setting ignored attribute vectors_norm to None
[2021-02-01 20:44:22,593] INFO: loading vocabulary recursively from /Users/neo1/PycharmProjects/vec4irltr/model/ir/20210127210618894/model_word2vec_bibl_econtent.vocabulary.* with mmap=None
[2021-02-01 20:44:22,593] INFO: loading vocabulary recursively from /Users/neo1/PycharmProjects/vec4irltr/model/ir/20210127210618894/model_word2vec_bibl_econtent.vocabulary.* with mmap=None
[2021-02-01 20:44:22,593] INFO: loading trainables recursively from /Users/neo1/PycharmProjects/vec4irltr/model/ir/20210127210618894/model_word2vec_bibl_econtent.trainables.* with mmap=None
[2021-02-01 20:44:22,593] INFO: loading trainables recursively from /Users/neo1/PycharmProjects/vec4irltr/model/ir/20210127210618894/model_word2vec_bibl_econtent.trainables.* with mmap=None
[2021-02-01 20:44:22,594] INFO: setting ignored attribute cum_table to None
[2021-02-01 20:44:22,594] INFO: setting ignored attribute cum_table to None
[2021-02-01 20:44:22,594] INFO: loaded /Users/neo1/PycharmProjects/vec4irltr/model/ir/20210127210618894/model_word2vec_bibl_econtent
[2021-02-01 20:44:22,594] INFO: loaded /Users/neo1/PycharmProjects/vec4irltr/model/ir/20210127210618894/model_word2vec_bibl_econtent
[2021-02-01 20:44:22,595] INFO: load time:0.007630109786987305
[2021-02-01 20:44:22,595] INFO: load time:0.007630109786987305
[2021-02-01 20:44:23,597] INFO: pid:38603 done | load time: 1.0102710723876953
[2021-02-01 20:44:23,597] INFO: pid:38603 done | load time: 1.0102710723876953
[2021-02-01 20:44:30,229] WARNING: Not Found: /css/bootstrap.min.css
[2021-02-01 20:44:30,229] WARNING: Not Found: /css/bootstrap.min.css
[2021-02-01 20:44:30,899] INFO: {'rows': 1000, 'start': 0, 'fl': ['id', 'sales_i', 'expenses_i', 'savings_i', 'share_value_i', 'created_dt'], 'q': 'created_dt:[2021-01-25T00:00:00Z TO 2021-02-01T00:00:00Z]'}
[2021-02-01 20:44:30,899] INFO: {'rows': 1000, 'start': 0, 'fl': ['id', 'sales_i', 'expenses_i', 'savings_i', 'share_value_i', 'created_dt'], 'q': 'created_dt:[2021-01-25T00:00:00Z TO 2021-02-01T00:00:00Z]'}
[2021-02-01 20:44:30,906] INFO: {'rows': 6, 'start': 0, 'facet': 'on', 'facet.limit': 10, 'facet.offset': 0, 'facet.range': 'created_dt', 'facet.range.start': '2021-01-25T00:00:00Z', 'facet.range.end': '2021-02-01T00:00:00Z', 'facet.range.gap': '+1DAY', 'fl': ['id', 'domain_s', 'created_dt'], 'q': 'created_dt:[2021-01-25T00:00:00Z TO 2021-02-01T00:00:00Z]'}
[2021-02-01 20:44:30,906] INFO: {'rows': 6, 'start': 0, 'facet': 'on', 'facet.limit': 10, 'facet.offset': 0, 'facet.range': 'created_dt', 'facet.range.start': '2021-01-25T00:00:00Z', 'facet.range.end': '2021-02-01T00:00:00Z', 'facet.range.gap': '+1DAY', 'fl': ['id', 'domain_s', 'created_dt'], 'q': 'created_dt:[2021-01-25T00:00:00Z TO 2021-02-01T00:00:00Z]'}
[2021-02-01 20:44:30,912] INFO: {'rows': 6, 'start': 0, 'facet': 'on', 'facet.limit': 10, 'facet.offset': 0, 'facet.range': 'pub_date_dt', 'facet.range.start': '2021-01-25T00:00:00Z', 'facet.range.end': '2021-02-01T00:00:00Z', 'facet.range.gap': '+1DAY', 'fl': ['id', 'title_s', 'domain_s', 'pub_date_dt'], 'q': 'pub_date_dt:[2021-01-25T00:00:00Z TO 2021-02-01T00:00:00Z]'}
[2021-02-01 20:44:30,912] INFO: {'rows': 6, 'start': 0, 'facet': 'on', 'facet.limit': 10, 'facet.offset': 0, 'facet.range': 'pub_date_dt', 'facet.range.start': '2021-01-25T00:00:00Z', 'facet.range.end': '2021-02-01T00:00:00Z', 'facet.range.gap': '+1DAY', 'fl': ['id', 'title_s', 'domain_s', 'pub_date_dt'], 'q': 'pub_date_dt:[2021-01-25T00:00:00Z TO 2021-02-01T00:00:00Z]'}
[2021-02-01 20:44:30,958] WARNING: Not Found: /favicon.ico
[2021-02-01 20:44:30,958] WARNING: Not Found: /favicon.ico
[2021-02-01 20:47:12,448] WARNING: Not Found: /css/bootstrap.min.css
[2021-02-01 20:47:12,448] WARNING: Not Found: /css/bootstrap.min.css
[2021-02-01 20:47:12,758] INFO: {'rows': 1000, 'start': 0, 'fl': ['id', 'sales_i', 'expenses_i', 'savings_i', 'share_value_i', 'created_dt'], 'q': 'created_dt:[2021-01-25T00:00:00Z TO 2021-02-01T00:00:00Z]'}
[2021-02-01 20:47:12,758] INFO: {'rows': 1000, 'start': 0, 'fl': ['id', 'sales_i', 'expenses_i', 'savings_i', 'share_value_i', 'created_dt'], 'q': 'created_dt:[2021-01-25T00:00:00Z TO 2021-02-01T00:00:00Z]'}
[2021-02-01 20:47:12,767] INFO: {'rows': 6, 'start': 0, 'facet': 'on', 'facet.limit': 10, 'facet.offset': 0, 'facet.range': 'created_dt', 'facet.range.start': '2021-01-25T00:00:00Z', 'facet.range.end': '2021-02-01T00:00:00Z', 'facet.range.gap': '+1DAY', 'fl': ['id', 'domain_s', 'created_dt'], 'q': 'created_dt:[2021-01-25T00:00:00Z TO 2021-02-01T00:00:00Z]'}
[2021-02-01 20:47:12,767] INFO: {'rows': 6, 'start': 0, 'facet': 'on', 'facet.limit': 10, 'facet.offset': 0, 'facet.range': 'created_dt', 'facet.range.start': '2021-01-25T00:00:00Z', 'facet.range.end': '2021-02-01T00:00:00Z', 'facet.range.gap': '+1DAY', 'fl': ['id', 'domain_s', 'created_dt'], 'q': 'created_dt:[2021-01-25T00:00:00Z TO 2021-02-01T00:00:00Z]'}
[2021-02-01 20:47:12,776] INFO: {'rows': 6, 'start': 0, 'facet': 'on', 'facet.limit': 10, 'facet.offset': 0, 'facet.range': 'pub_date_dt', 'facet.range.start': '2021-01-25T00:00:00Z', 'facet.range.end': '2021-02-01T00:00:00Z', 'facet.range.gap': '+1DAY', 'fl': ['id', 'title_s', 'domain_s', 'pub_date_dt'], 'q': 'pub_date_dt:[2021-01-25T00:00:00Z TO 2021-02-01T00:00:00Z]'}
[2021-02-01 20:47:12,776] INFO: {'rows': 6, 'start': 0, 'facet': 'on', 'facet.limit': 10, 'facet.offset': 0, 'facet.range': 'pub_date_dt', 'facet.range.start': '2021-01-25T00:00:00Z', 'facet.range.end': '2021-02-01T00:00:00Z', 'facet.range.gap': '+1DAY', 'fl': ['id', 'title_s', 'domain_s', 'pub_date_dt'], 'q': 'pub_date_dt:[2021-01-25T00:00:00Z TO 2021-02-01T00:00:00Z]'}
[2021-02-01 20:47:59,588] INFO: {'rows': 1000, 'start': 0, 'fl': ['id', 'sales_i', 'expenses_i', 'savings_i', 'share_value_i', 'created_dt'], 'q': 'created_dt:[2021-02-7T00:00:00Z TO 2021-02-8T00:00:00Z]'}
[2021-02-01 20:47:59,588] INFO: {'rows': 1000, 'start': 0, 'fl': ['id', 'sales_i', 'expenses_i', 'savings_i', 'share_value_i', 'created_dt'], 'q': 'created_dt:[2021-02-7T00:00:00Z TO 2021-02-8T00:00:00Z]'}
[2021-02-01 20:48:42,383] INFO: {'rows': 1000, 'start': 0, 'fl': ['id', 'sales_i', 'expenses_i', 'savings_i', 'share_value_i', 'created_dt'], 'q': 'created_dt:[2021-01-25T00:00:00Z TO 2021-02-01T00:00:00Z]'}
[2021-02-01 20:48:42,383] INFO: {'rows': 1000, 'start': 0, 'fl': ['id', 'sales_i', 'expenses_i', 'savings_i', 'share_value_i', 'created_dt'], 'q': 'created_dt:[2021-01-25T00:00:00Z TO 2021-02-01T00:00:00Z]'}
[2021-02-01 20:48:42,391] INFO: {'rows': 6, 'start': 0, 'facet': 'on', 'facet.limit': 10, 'facet.offset': 0, 'facet.range': 'created_dt', 'facet.range.start': '2021-01-25T00:00:00Z', 'facet.range.end': '2021-02-01T00:00:00Z', 'facet.range.gap': '+1DAY', 'fl': ['id', 'domain_s', 'created_dt'], 'q': 'created_dt:[2021-01-25T00:00:00Z TO 2021-02-01T00:00:00Z]'}
[2021-02-01 20:48:42,391] INFO: {'rows': 6, 'start': 0, 'facet': 'on', 'facet.limit': 10, 'facet.offset': 0, 'facet.range': 'created_dt', 'facet.range.start': '2021-01-25T00:00:00Z', 'facet.range.end': '2021-02-01T00:00:00Z', 'facet.range.gap': '+1DAY', 'fl': ['id', 'domain_s', 'created_dt'], 'q': 'created_dt:[2021-01-25T00:00:00Z TO 2021-02-01T00:00:00Z]'}
[2021-02-01 20:48:42,402] INFO: {'rows': 6, 'start': 0, 'facet': 'on', 'facet.limit': 10, 'facet.offset': 0, 'facet.range': 'pub_date_dt', 'facet.range.start': '2021-01-25T00:00:00Z', 'facet.range.end': '2021-02-01T00:00:00Z', 'facet.range.gap': '+1DAY', 'fl': ['id', 'title_s', 'domain_s', 'pub_date_dt'], 'q': 'pub_date_dt:[2021-01-25T00:00:00Z TO 2021-02-01T00:00:00Z]'}
[2021-02-01 20:48:42,402] INFO: {'rows': 6, 'start': 0, 'facet': 'on', 'facet.limit': 10, 'facet.offset': 0, 'facet.range': 'pub_date_dt', 'facet.range.start': '2021-01-25T00:00:00Z', 'facet.range.end': '2021-02-01T00:00:00Z', 'facet.range.gap': '+1DAY', 'fl': ['id', 'title_s', 'domain_s', 'pub_date_dt'], 'q': 'pub_date_dt:[2021-01-25T00:00:00Z TO 2021-02-01T00:00:00Z]'}
[2021-02-01 20:48:51,714] INFO: {'rows': 6, 'start': 0, 'facet': 'on', 'facet.limit': 10, 'facet.offset': 0, 'facet.range': 'pub_date_dt', 'facet.range.start': '2021-02-1T00:00:00Z', 'facet.range.end': '2021-02-1T00:00:00Z', 'facet.range.gap': '+1DAY', 'fl': ['id', 'title_s', 'domain_s', 'pub_date_dt'], 'q': 'pub_date_dt:[2021-02-1T00:00:00Z TO 2021-02-1T00:00:00Z]'}
[2021-02-01 20:48:51,714] INFO: {'rows': 6, 'start': 0, 'facet': 'on', 'facet.limit': 10, 'facet.offset': 0, 'facet.range': 'pub_date_dt', 'facet.range.start': '2021-02-1T00:00:00Z', 'facet.range.end': '2021-02-1T00:00:00Z', 'facet.range.gap': '+1DAY', 'fl': ['id', 'title_s', 'domain_s', 'pub_date_dt'], 'q': 'pub_date_dt:[2021-02-1T00:00:00Z TO 2021-02-1T00:00:00Z]'}
[2021-02-01 20:54:35,107] INFO: {'rows': 1000, 'start': 0, 'fl': ['id', 'sales_i', 'expenses_i', 'savings_i', 'share_value_i', 'created_dt'], 'q': 'created_dt:[2021-01-25T00:00:00Z TO 2021-02-01T00:00:00Z]'}
[2021-02-01 20:54:35,107] INFO: {'rows': 1000, 'start': 0, 'fl': ['id', 'sales_i', 'expenses_i', 'savings_i', 'share_value_i', 'created_dt'], 'q': 'created_dt:[2021-01-25T00:00:00Z TO 2021-02-01T00:00:00Z]'}
[2021-02-01 20:54:35,115] INFO: {'rows': 6, 'start': 0, 'facet': 'on', 'facet.limit': 10, 'facet.offset': 0, 'facet.range': 'created_dt', 'facet.range.start': '2021-01-25T00:00:00Z', 'facet.range.end': '2021-02-01T00:00:00Z', 'facet.range.gap': '+1DAY', 'fl': ['id', 'domain_s', 'created_dt'], 'q': 'created_dt:[2021-01-25T00:00:00Z TO 2021-02-01T00:00:00Z]'}
[2021-02-01 20:54:35,115] INFO: {'rows': 6, 'start': 0, 'facet': 'on', 'facet.limit': 10, 'facet.offset': 0, 'facet.range': 'created_dt', 'facet.range.start': '2021-01-25T00:00:00Z', 'facet.range.end': '2021-02-01T00:00:00Z', 'facet.range.gap': '+1DAY', 'fl': ['id', 'domain_s', 'created_dt'], 'q': 'created_dt:[2021-01-25T00:00:00Z TO 2021-02-01T00:00:00Z]'}
[2021-02-01 20:54:35,120] INFO: {'rows': 6, 'start': 0, 'facet': 'on', 'facet.limit': 10, 'facet.offset': 0, 'facet.range': 'pub_date_dt', 'facet.range.start': '2021-01-25T00:00:00Z', 'facet.range.end': '2021-02-01T00:00:00Z', 'facet.range.gap': '+1DAY', 'fl': ['id', 'title_s', 'domain_s', 'pub_date_dt'], 'q': 'pub_date_dt:[2021-01-25T00:00:00Z TO 2021-02-01T00:00:00Z]'}
[2021-02-01 20:54:35,120] INFO: {'rows': 6, 'start': 0, 'facet': 'on', 'facet.limit': 10, 'facet.offset': 0, 'facet.range': 'pub_date_dt', 'facet.range.start': '2021-01-25T00:00:00Z', 'facet.range.end': '2021-02-01T00:00:00Z', 'facet.range.gap': '+1DAY', 'fl': ['id', 'title_s', 'domain_s', 'pub_date_dt'], 'q': 'pub_date_dt:[2021-01-25T00:00:00Z TO 2021-02-01T00:00:00Z]'}
[2021-02-01 20:54:40,100] INFO: {'rows': 1000, 'start': 0, 'fl': ['id', 'sales_i', 'expenses_i', 'savings_i', 'share_value_i', 'created_dt'], 'q': 'created_dt:[2021-01-26T00:00:00Z TO 2021-02-1T00:00:00Z]'}
[2021-02-01 20:54:40,100] INFO: {'rows': 1000, 'start': 0, 'fl': ['id', 'sales_i', 'expenses_i', 'savings_i', 'share_value_i', 'created_dt'], 'q': 'created_dt:[2021-01-26T00:00:00Z TO 2021-02-1T00:00:00Z]'}
[2021-02-01 20:54:48,945] INFO: {'rows': 1000, 'start': 0, 'fl': ['id', 'sales_i', 'expenses_i', 'savings_i', 'share_value_i', 'created_dt'], 'q': 'created_dt:[2021-01-7T00:00:00Z TO 2021-02-16T00:00:00Z]'}
[2021-02-01 20:54:48,945] INFO: {'rows': 1000, 'start': 0, 'fl': ['id', 'sales_i', 'expenses_i', 'savings_i', 'share_value_i', 'created_dt'], 'q': 'created_dt:[2021-01-7T00:00:00Z TO 2021-02-16T00:00:00Z]'}
[2021-02-01 21:02:50,404] INFO: {'rows': 6, 'start': 0, 'facet': 'on', 'facet.limit': 10, 'facet.offset': 0, 'facet.range': 'created_dt', 'facet.range.start': '2021-01-4T00:00:00Z', 'facet.range.end': '2021-02-11T00:00:00Z', 'facet.range.gap': '+1DAY', 'fl': ['id', 'domain_s', 'created_dt'], 'q': 'created_dt:[2021-01-4T00:00:00Z TO 2021-02-11T00:00:00Z]'}
[2021-02-01 21:02:50,404] INFO: {'rows': 6, 'start': 0, 'facet': 'on', 'facet.limit': 10, 'facet.offset': 0, 'facet.range': 'created_dt', 'facet.range.start': '2021-01-4T00:00:00Z', 'facet.range.end': '2021-02-11T00:00:00Z', 'facet.range.gap': '+1DAY', 'fl': ['id', 'domain_s', 'created_dt'], 'q': 'created_dt:[2021-01-4T00:00:00Z TO 2021-02-11T00:00:00Z]'}
[2021-02-01 21:04:09,542] INFO: {'rows': 6, 'start': 0, 'facet': 'on', 'facet.limit': 10, 'facet.offset': 0, 'facet.range': 'pub_date_dt', 'facet.range.start': '2021-01-6T00:00:00Z', 'facet.range.end': '2021-02-16T00:00:00Z', 'facet.range.gap': '+1DAY', 'fl': ['id', 'title_s', 'domain_s', 'pub_date_dt'], 'q': 'pub_date_dt:[2021-01-6T00:00:00Z TO 2021-02-16T00:00:00Z]'}
[2021-02-01 21:04:09,542] INFO: {'rows': 6, 'start': 0, 'facet': 'on', 'facet.limit': 10, 'facet.offset': 0, 'facet.range': 'pub_date_dt', 'facet.range.start': '2021-01-6T00:00:00Z', 'facet.range.end': '2021-02-16T00:00:00Z', 'facet.range.gap': '+1DAY', 'fl': ['id', 'title_s', 'domain_s', 'pub_date_dt'], 'q': 'pub_date_dt:[2021-01-6T00:00:00Z TO 2021-02-16T00:00:00Z]'}
