[2021-01-24 10:53:39,943] INFO: set_init_models_and_get_retrievals
[2021-01-24 10:53:39,943] INFO: set_init_models_and_get_retrievals
[2021-01-24 10:53:39,947] INFO: loading model_word2vec_bibl_bible_bcn
[2021-01-24 10:53:39,947] INFO: loading model_word2vec_bibl_bible_bcn
[2021-01-24 10:53:39,947] INFO: loading Word2Vec object from /Users/neo1/PycharmProjects/vec4irltr/model/ir/20210121231330551/model_word2vec_bibl_bible_bcn
[2021-01-24 10:53:39,947] INFO: loading Word2Vec object from /Users/neo1/PycharmProjects/vec4irltr/model/ir/20210121231330551/model_word2vec_bibl_bible_bcn
[2021-01-24 10:53:39,950] INFO: loading wv recursively from /Users/neo1/PycharmProjects/vec4irltr/model/ir/20210121231330551/model_word2vec_bibl_bible_bcn.wv.* with mmap=None
[2021-01-24 10:53:39,950] INFO: loading wv recursively from /Users/neo1/PycharmProjects/vec4irltr/model/ir/20210121231330551/model_word2vec_bibl_bible_bcn.wv.* with mmap=None
[2021-01-24 10:53:39,950] INFO: setting ignored attribute vectors_norm to None
[2021-01-24 10:53:39,950] INFO: setting ignored attribute vectors_norm to None
[2021-01-24 10:53:39,951] INFO: loading vocabulary recursively from /Users/neo1/PycharmProjects/vec4irltr/model/ir/20210121231330551/model_word2vec_bibl_bible_bcn.vocabulary.* with mmap=None
[2021-01-24 10:53:39,951] INFO: loading vocabulary recursively from /Users/neo1/PycharmProjects/vec4irltr/model/ir/20210121231330551/model_word2vec_bibl_bible_bcn.vocabulary.* with mmap=None
[2021-01-24 10:53:39,951] INFO: loading trainables recursively from /Users/neo1/PycharmProjects/vec4irltr/model/ir/20210121231330551/model_word2vec_bibl_bible_bcn.trainables.* with mmap=None
[2021-01-24 10:53:39,951] INFO: loading trainables recursively from /Users/neo1/PycharmProjects/vec4irltr/model/ir/20210121231330551/model_word2vec_bibl_bible_bcn.trainables.* with mmap=None
[2021-01-24 10:53:39,952] INFO: setting ignored attribute cum_table to None
[2021-01-24 10:53:39,952] INFO: setting ignored attribute cum_table to None
[2021-01-24 10:53:39,952] INFO: loaded /Users/neo1/PycharmProjects/vec4irltr/model/ir/20210121231330551/model_word2vec_bibl_bible_bcn
[2021-01-24 10:53:39,952] INFO: loaded /Users/neo1/PycharmProjects/vec4irltr/model/ir/20210121231330551/model_word2vec_bibl_bible_bcn
[2021-01-24 10:53:39,953] INFO: load time:0.005755901336669922
[2021-01-24 10:53:39,953] INFO: load time:0.005755901336669922
[2021-01-24 10:53:40,958] INFO: pid:2127 done | load time: 1.0104210376739502
[2021-01-24 10:53:40,958] INFO: pid:2127 done | load time: 1.0104210376739502
[2021-01-24 10:53:40,958] INFO: loading model_word2vec_bibl_content
[2021-01-24 10:53:40,958] INFO: loading model_word2vec_bibl_content
[2021-01-24 10:53:40,959] INFO: loading Word2Vec object from /Users/neo1/PycharmProjects/vec4irltr/model/ir/20210121231330551/model_word2vec_bibl_content
[2021-01-24 10:53:40,959] INFO: loading Word2Vec object from /Users/neo1/PycharmProjects/vec4irltr/model/ir/20210121231330551/model_word2vec_bibl_content
[2021-01-24 10:53:40,971] INFO: loading wv recursively from /Users/neo1/PycharmProjects/vec4irltr/model/ir/20210121231330551/model_word2vec_bibl_content.wv.* with mmap=None
[2021-01-24 10:53:40,971] INFO: loading wv recursively from /Users/neo1/PycharmProjects/vec4irltr/model/ir/20210121231330551/model_word2vec_bibl_content.wv.* with mmap=None
[2021-01-24 10:53:40,971] INFO: setting ignored attribute vectors_norm to None
[2021-01-24 10:53:40,971] INFO: setting ignored attribute vectors_norm to None
[2021-01-24 10:53:40,972] INFO: loading vocabulary recursively from /Users/neo1/PycharmProjects/vec4irltr/model/ir/20210121231330551/model_word2vec_bibl_content.vocabulary.* with mmap=None
[2021-01-24 10:53:40,972] INFO: loading vocabulary recursively from /Users/neo1/PycharmProjects/vec4irltr/model/ir/20210121231330551/model_word2vec_bibl_content.vocabulary.* with mmap=None
[2021-01-24 10:53:40,972] INFO: loading trainables recursively from /Users/neo1/PycharmProjects/vec4irltr/model/ir/20210121231330551/model_word2vec_bibl_content.trainables.* with mmap=None
[2021-01-24 10:53:40,972] INFO: loading trainables recursively from /Users/neo1/PycharmProjects/vec4irltr/model/ir/20210121231330551/model_word2vec_bibl_content.trainables.* with mmap=None
[2021-01-24 10:53:40,973] INFO: setting ignored attribute cum_table to None
[2021-01-24 10:53:40,973] INFO: setting ignored attribute cum_table to None
[2021-01-24 10:53:40,973] INFO: loaded /Users/neo1/PycharmProjects/vec4irltr/model/ir/20210121231330551/model_word2vec_bibl_content
[2021-01-24 10:53:40,973] INFO: loaded /Users/neo1/PycharmProjects/vec4irltr/model/ir/20210121231330551/model_word2vec_bibl_content
[2021-01-24 10:53:40,976] INFO: load time:0.017113924026489258
[2021-01-24 10:53:40,976] INFO: load time:0.017113924026489258
[2021-01-24 10:53:41,977] INFO: pid:2127 done | load time: 1.018826961517334
[2021-01-24 10:53:41,977] INFO: pid:2127 done | load time: 1.018826961517334
[2021-01-24 10:53:41,978] INFO: loading model_word2vec_bibl_econtent
[2021-01-24 10:53:41,978] INFO: loading model_word2vec_bibl_econtent
[2021-01-24 10:53:41,978] INFO: loading Word2Vec object from /Users/neo1/PycharmProjects/vec4irltr/model/ir/20210121231330551/model_word2vec_bibl_econtent
[2021-01-24 10:53:41,978] INFO: loading Word2Vec object from /Users/neo1/PycharmProjects/vec4irltr/model/ir/20210121231330551/model_word2vec_bibl_econtent
[2021-01-24 10:53:41,980] INFO: loading wv recursively from /Users/neo1/PycharmProjects/vec4irltr/model/ir/20210121231330551/model_word2vec_bibl_econtent.wv.* with mmap=None
[2021-01-24 10:53:41,980] INFO: loading wv recursively from /Users/neo1/PycharmProjects/vec4irltr/model/ir/20210121231330551/model_word2vec_bibl_econtent.wv.* with mmap=None
[2021-01-24 10:53:41,980] INFO: setting ignored attribute vectors_norm to None
[2021-01-24 10:53:41,980] INFO: setting ignored attribute vectors_norm to None
[2021-01-24 10:53:41,980] INFO: loading vocabulary recursively from /Users/neo1/PycharmProjects/vec4irltr/model/ir/20210121231330551/model_word2vec_bibl_econtent.vocabulary.* with mmap=None
[2021-01-24 10:53:41,980] INFO: loading vocabulary recursively from /Users/neo1/PycharmProjects/vec4irltr/model/ir/20210121231330551/model_word2vec_bibl_econtent.vocabulary.* with mmap=None
[2021-01-24 10:53:41,981] INFO: loading trainables recursively from /Users/neo1/PycharmProjects/vec4irltr/model/ir/20210121231330551/model_word2vec_bibl_econtent.trainables.* with mmap=None
[2021-01-24 10:53:41,981] INFO: loading trainables recursively from /Users/neo1/PycharmProjects/vec4irltr/model/ir/20210121231330551/model_word2vec_bibl_econtent.trainables.* with mmap=None
[2021-01-24 10:53:41,981] INFO: setting ignored attribute cum_table to None
[2021-01-24 10:53:41,981] INFO: setting ignored attribute cum_table to None
[2021-01-24 10:53:41,981] INFO: loaded /Users/neo1/PycharmProjects/vec4irltr/model/ir/20210121231330551/model_word2vec_bibl_econtent
[2021-01-24 10:53:41,981] INFO: loaded /Users/neo1/PycharmProjects/vec4irltr/model/ir/20210121231330551/model_word2vec_bibl_econtent
[2021-01-24 10:53:41,982] INFO: load time:0.003565073013305664
[2021-01-24 10:53:41,982] INFO: load time:0.003565073013305664
[2021-01-24 10:53:42,986] INFO: pid:2127 done | load time: 1.0074071884155273
[2021-01-24 10:53:42,986] INFO: pid:2127 done | load time: 1.0074071884155273
