[2021-01-23 12:49:52,349] INFO: set_init_models_and_get_retrievals
[2021-01-23 12:49:52,355] INFO: loading model_word2vec_bibl_bible_bcn
[2021-01-23 12:49:52,356] INFO: loading Word2Vec object from /Users/neo1/PycharmProjects/vec4irltr/model/ir/20210121231330551/model_word2vec_bibl_bible_bcn
[2021-01-23 12:49:52,363] INFO: loading wv recursively from /Users/neo1/PycharmProjects/vec4irltr/model/ir/20210121231330551/model_word2vec_bibl_bible_bcn.wv.* with mmap=None
[2021-01-23 12:49:52,363] INFO: setting ignored attribute vectors_norm to None
[2021-01-23 12:49:52,364] INFO: loading vocabulary recursively from /Users/neo1/PycharmProjects/vec4irltr/model/ir/20210121231330551/model_word2vec_bibl_bible_bcn.vocabulary.* with mmap=None
[2021-01-23 12:49:52,364] INFO: loading trainables recursively from /Users/neo1/PycharmProjects/vec4irltr/model/ir/20210121231330551/model_word2vec_bibl_bible_bcn.trainables.* with mmap=None
[2021-01-23 12:49:52,365] INFO: setting ignored attribute cum_table to None
[2021-01-23 12:49:52,365] INFO: loaded /Users/neo1/PycharmProjects/vec4irltr/model/ir/20210121231330551/model_word2vec_bibl_bible_bcn
[2021-01-23 12:49:52,366] INFO: load time:0.010319232940673828
[2021-01-23 12:49:53,369] INFO: pid:13004 done | load time: 1.01373291015625
[2021-01-23 12:49:53,370] INFO: loading model_word2vec_bibl_content
[2021-01-23 12:49:53,371] INFO: loading Word2Vec object from /Users/neo1/PycharmProjects/vec4irltr/model/ir/20210121231330551/model_word2vec_bibl_content
[2021-01-23 12:49:53,385] INFO: loading wv recursively from /Users/neo1/PycharmProjects/vec4irltr/model/ir/20210121231330551/model_word2vec_bibl_content.wv.* with mmap=None
[2021-01-23 12:49:53,385] INFO: setting ignored attribute vectors_norm to None
[2021-01-23 12:49:53,386] INFO: loading vocabulary recursively from /Users/neo1/PycharmProjects/vec4irltr/model/ir/20210121231330551/model_word2vec_bibl_content.vocabulary.* with mmap=None
[2021-01-23 12:49:53,387] INFO: loading trainables recursively from /Users/neo1/PycharmProjects/vec4irltr/model/ir/20210121231330551/model_word2vec_bibl_content.trainables.* with mmap=None
[2021-01-23 12:49:53,387] INFO: setting ignored attribute cum_table to None
[2021-01-23 12:49:53,388] INFO: loaded /Users/neo1/PycharmProjects/vec4irltr/model/ir/20210121231330551/model_word2vec_bibl_content
[2021-01-23 12:49:53,391] INFO: load time:0.020389795303344727
[2021-01-23 12:49:54,394] INFO: pid:13004 done | load time: 1.0235300064086914
[2021-01-23 12:49:54,395] INFO: loading model_word2vec_bibl_econtent
[2021-01-23 12:49:54,395] INFO: loading Word2Vec object from /Users/neo1/PycharmProjects/vec4irltr/model/ir/20210121231330551/model_word2vec_bibl_econtent
[2021-01-23 12:49:54,400] INFO: loading wv recursively from /Users/neo1/PycharmProjects/vec4irltr/model/ir/20210121231330551/model_word2vec_bibl_econtent.wv.* with mmap=None
[2021-01-23 12:49:54,400] INFO: setting ignored attribute vectors_norm to None
[2021-01-23 12:49:54,401] INFO: loading vocabulary recursively from /Users/neo1/PycharmProjects/vec4irltr/model/ir/20210121231330551/model_word2vec_bibl_econtent.vocabulary.* with mmap=None
[2021-01-23 12:49:54,401] INFO: loading trainables recursively from /Users/neo1/PycharmProjects/vec4irltr/model/ir/20210121231330551/model_word2vec_bibl_econtent.trainables.* with mmap=None
[2021-01-23 12:49:54,402] INFO: setting ignored attribute cum_table to None
[2021-01-23 12:49:54,402] INFO: loaded /Users/neo1/PycharmProjects/vec4irltr/model/ir/20210121231330551/model_word2vec_bibl_econtent
[2021-01-23 12:49:54,402] INFO: load time:0.007459878921508789
[2021-01-23 12:49:55,406] INFO: pid:13004 done | load time: 1.0112488269805908
[2021-01-23 12:50:03,920] INFO: loading model_fasttext_bibl_bible_bcn
[2021-01-23 12:50:03,924] INFO: loading FastText object from /Users/neo1/PycharmProjects/vec4irltr/model/ir/20210121231330551/model_fasttext_bibl_bible_bcn
[2021-01-23 12:50:03,928] INFO: loading wv recursively from /Users/neo1/PycharmProjects/vec4irltr/model/ir/20210121231330551/model_fasttext_bibl_bible_bcn.wv.* with mmap=None
[2021-01-23 12:50:03,928] INFO: loading vectors_ngrams from /Users/neo1/PycharmProjects/vec4irltr/model/ir/20210121231330551/model_fasttext_bibl_bible_bcn.wv.vectors_ngrams.npy with mmap=None
[2021-01-23 12:50:05,569] INFO: setting ignored attribute vectors_norm to None
[2021-01-23 12:50:05,570] INFO: setting ignored attribute vectors_vocab_norm to None
[2021-01-23 12:50:05,570] INFO: setting ignored attribute vectors_ngrams_norm to None
[2021-01-23 12:50:05,571] INFO: setting ignored attribute buckets_word to None
[2021-01-23 12:50:05,571] INFO: loading vocabulary recursively from /Users/neo1/PycharmProjects/vec4irltr/model/ir/20210121231330551/model_fasttext_bibl_bible_bcn.vocabulary.* with mmap=None
[2021-01-23 12:50:05,572] INFO: loading trainables recursively from /Users/neo1/PycharmProjects/vec4irltr/model/ir/20210121231330551/model_fasttext_bibl_bible_bcn.trainables.* with mmap=None
[2021-01-23 12:50:05,572] INFO: loading vectors_ngrams_lockf from /Users/neo1/PycharmProjects/vec4irltr/model/ir/20210121231330551/model_fasttext_bibl_bible_bcn.trainables.vectors_ngrams_lockf.npy with mmap=None
[2021-01-23 12:50:07,661] INFO: loaded /Users/neo1/PycharmProjects/vec4irltr/model/ir/20210121231330551/model_fasttext_bibl_bible_bcn
[2021-01-23 12:50:07,665] INFO: load time:3.7412710189819336
[2021-01-23 12:50:08,669] INFO: pid:13004 done | load time: 4.744673013687134
[2021-01-23 12:50:08,669] INFO: loading model_fasttext_bibl_content
[2021-01-23 12:50:08,670] INFO: loading FastText object from /Users/neo1/PycharmProjects/vec4irltr/model/ir/20210121231330551/model_fasttext_bibl_content
[2021-01-23 12:50:08,702] INFO: loading wv recursively from /Users/neo1/PycharmProjects/vec4irltr/model/ir/20210121231330551/model_fasttext_bibl_content.wv.* with mmap=None
[2021-01-23 12:50:08,703] INFO: loading vectors_ngrams from /Users/neo1/PycharmProjects/vec4irltr/model/ir/20210121231330551/model_fasttext_bibl_content.wv.vectors_ngrams.npy with mmap=None
[2021-01-23 12:50:10,868] INFO: setting ignored attribute vectors_norm to None
[2021-01-23 12:50:10,870] INFO: setting ignored attribute vectors_vocab_norm to None
[2021-01-23 12:50:10,870] INFO: setting ignored attribute vectors_ngrams_norm to None
[2021-01-23 12:50:10,871] INFO: setting ignored attribute buckets_word to None
[2021-01-23 12:50:10,871] INFO: loading vocabulary recursively from /Users/neo1/PycharmProjects/vec4irltr/model/ir/20210121231330551/model_fasttext_bibl_content.vocabulary.* with mmap=None
[2021-01-23 12:50:10,872] INFO: loading trainables recursively from /Users/neo1/PycharmProjects/vec4irltr/model/ir/20210121231330551/model_fasttext_bibl_content.trainables.* with mmap=None
[2021-01-23 12:50:10,872] INFO: loading vectors_ngrams_lockf from /Users/neo1/PycharmProjects/vec4irltr/model/ir/20210121231330551/model_fasttext_bibl_content.trainables.vectors_ngrams_lockf.npy with mmap=None
[2021-01-23 12:50:12,466] INFO: loaded /Users/neo1/PycharmProjects/vec4irltr/model/ir/20210121231330551/model_fasttext_bibl_content
[2021-01-23 12:50:12,470] INFO: load time:3.7997477054595947
[2021-01-23 12:50:13,470] INFO: pid:13004 done | load time: 4.800400972366333
[2021-01-23 12:50:13,471] INFO: loading model_fasttext_bibl_econtent
[2021-01-23 12:50:13,471] INFO: loading FastText object from /Users/neo1/PycharmProjects/vec4irltr/model/ir/20210121231330551/model_fasttext_bibl_econtent
[2021-01-23 12:50:13,477] INFO: loading wv recursively from /Users/neo1/PycharmProjects/vec4irltr/model/ir/20210121231330551/model_fasttext_bibl_econtent.wv.* with mmap=None
[2021-01-23 12:50:13,477] INFO: loading vectors_ngrams from /Users/neo1/PycharmProjects/vec4irltr/model/ir/20210121231330551/model_fasttext_bibl_econtent.wv.vectors_ngrams.npy with mmap=None
[2021-01-23 12:50:15,120] INFO: setting ignored attribute vectors_norm to None
[2021-01-23 12:50:15,121] INFO: setting ignored attribute vectors_vocab_norm to None
[2021-01-23 12:50:15,121] INFO: setting ignored attribute vectors_ngrams_norm to None
[2021-01-23 12:50:15,122] INFO: setting ignored attribute buckets_word to None
[2021-01-23 12:50:15,122] INFO: loading vocabulary recursively from /Users/neo1/PycharmProjects/vec4irltr/model/ir/20210121231330551/model_fasttext_bibl_econtent.vocabulary.* with mmap=None
[2021-01-23 12:50:15,123] INFO: loading trainables recursively from /Users/neo1/PycharmProjects/vec4irltr/model/ir/20210121231330551/model_fasttext_bibl_econtent.trainables.* with mmap=None
[2021-01-23 12:50:15,123] INFO: loading vectors_ngrams_lockf from /Users/neo1/PycharmProjects/vec4irltr/model/ir/20210121231330551/model_fasttext_bibl_econtent.trainables.vectors_ngrams_lockf.npy with mmap=None
[2021-01-23 12:50:16,677] INFO: loaded /Users/neo1/PycharmProjects/vec4irltr/model/ir/20210121231330551/model_fasttext_bibl_econtent
[2021-01-23 12:50:16,683] INFO: load time:3.2114219665527344
[2021-01-23 12:50:17,686] INFO: pid:13004 done | load time: 4.214663028717041
[2021-01-23 12:52:48,516] WARNING: Not Found: /api/docs/
[2021-01-23 12:52:48,800] WARNING: Not Found: /favicon.ico
[2021-01-23 12:54:12,627] WARNING: Not Found: /api/docs/
[2021-01-23 12:54:16,018] WARNING: Not Found: /api/
[2021-01-23 12:55:21,985] WARNING: Not Found: /api/search/
[2021-01-23 12:55:39,672] WARNING: Not Found: /api/docs/
[2021-01-23 12:55:44,937] WARNING: Not Found: /api2/docs/
[2021-01-23 12:55:56,606] WARNING: Not Found: /api/
[2021-01-23 12:56:02,070] WARNING: Not Found: /api/search/
[2021-01-23 12:56:16,470] WARNING: Not Found: /api/add/
[2021-01-23 12:56:40,320] WARNING: Unprocessable Entity: /api/add
[2021-01-23 12:57:00,821] WARNING: Unprocessable Entity: /api/search
[2021-01-23 12:57:13,918] ERROR: Internal Server Error: /api/search
Traceback (most recent call last):
  File "/Users/neo1/PycharmProjects/vec4irltr/venv/lib/python3.8/site-packages/django/core/handlers/exception.py", line 34, in inner
    response = get_response(request)
  File "/Users/neo1/PycharmProjects/vec4irltr/venv/lib/python3.8/site-packages/django/core/handlers/base.py", line 126, in _get_response
    response = self.process_exception_by_middleware(e, request)
  File "/Users/neo1/PycharmProjects/vec4irltr/venv/lib/python3.8/site-packages/django/core/handlers/base.py", line 124, in _get_response
    response = wrapped_callback(request, *callback_args, **callback_kwargs)
  File "/Users/neo1/PycharmProjects/vec4irltr/venv/lib/python3.8/site-packages/ninja/operation.py", line 227, in _sync_view
    return operation.run(request, *a, **kw)
  File "/Users/neo1/PycharmProjects/vec4irltr/venv/lib/python3.8/site-packages/ninja/operation.py", line 59, in run
    result = self.view_func(request, **values)
  File "/Users/neo1/PycharmProjects/vec4irltr/app/api.py", line 56, in search
    query_results = RETRIEVALS.get_query_results(q=q, retrievals=RETRIEVALS, columns=columns, k=10)
AttributeError: 'dict' object has no attribute 'get_query_results'
