[2021-01-23 13:20:45,979] INFO: set_init_models_and_get_retrievals
[2021-01-23 13:20:45,979] INFO: set_init_models_and_get_retrievals
[2021-01-23 13:20:46,143] INFO: loading model_word2vec_bibl_bible_bcn
[2021-01-23 13:20:46,143] INFO: loading model_word2vec_bibl_bible_bcn
[2021-01-23 13:20:46,144] INFO: loading Word2Vec object from /Users/neo1/PycharmProjects/vec4irltr/model/ir/20210121231330551/model_word2vec_bibl_bible_bcn
[2021-01-23 13:20:46,144] INFO: loading Word2Vec object from /Users/neo1/PycharmProjects/vec4irltr/model/ir/20210121231330551/model_word2vec_bibl_bible_bcn
[2021-01-23 13:20:46,149] INFO: loading wv recursively from /Users/neo1/PycharmProjects/vec4irltr/model/ir/20210121231330551/model_word2vec_bibl_bible_bcn.wv.* with mmap=None
[2021-01-23 13:20:46,149] INFO: loading wv recursively from /Users/neo1/PycharmProjects/vec4irltr/model/ir/20210121231330551/model_word2vec_bibl_bible_bcn.wv.* with mmap=None
[2021-01-23 13:20:46,149] INFO: setting ignored attribute vectors_norm to None
[2021-01-23 13:20:46,149] INFO: setting ignored attribute vectors_norm to None
[2021-01-23 13:20:46,150] INFO: loading vocabulary recursively from /Users/neo1/PycharmProjects/vec4irltr/model/ir/20210121231330551/model_word2vec_bibl_bible_bcn.vocabulary.* with mmap=None
[2021-01-23 13:20:46,150] INFO: loading vocabulary recursively from /Users/neo1/PycharmProjects/vec4irltr/model/ir/20210121231330551/model_word2vec_bibl_bible_bcn.vocabulary.* with mmap=None
[2021-01-23 13:20:46,151] INFO: loading trainables recursively from /Users/neo1/PycharmProjects/vec4irltr/model/ir/20210121231330551/model_word2vec_bibl_bible_bcn.trainables.* with mmap=None
[2021-01-23 13:20:46,151] INFO: loading trainables recursively from /Users/neo1/PycharmProjects/vec4irltr/model/ir/20210121231330551/model_word2vec_bibl_bible_bcn.trainables.* with mmap=None
[2021-01-23 13:20:46,152] INFO: setting ignored attribute cum_table to None
[2021-01-23 13:20:46,152] INFO: setting ignored attribute cum_table to None
[2021-01-23 13:20:46,153] INFO: loaded /Users/neo1/PycharmProjects/vec4irltr/model/ir/20210121231330551/model_word2vec_bibl_bible_bcn
[2021-01-23 13:20:46,153] INFO: loaded /Users/neo1/PycharmProjects/vec4irltr/model/ir/20210121231330551/model_word2vec_bibl_bible_bcn
[2021-01-23 13:20:46,154] INFO: load time:0.009402990341186523
[2021-01-23 13:20:46,154] INFO: load time:0.009402990341186523
[2021-01-23 13:20:47,155] INFO: pid:15464 done | load time: 1.0102310180664062
[2021-01-23 13:20:47,155] INFO: pid:15464 done | load time: 1.0102310180664062
[2021-01-23 13:20:47,155] INFO: loading model_word2vec_bibl_content
[2021-01-23 13:20:47,155] INFO: loading model_word2vec_bibl_content
[2021-01-23 13:20:47,156] INFO: loading Word2Vec object from /Users/neo1/PycharmProjects/vec4irltr/model/ir/20210121231330551/model_word2vec_bibl_content
[2021-01-23 13:20:47,156] INFO: loading Word2Vec object from /Users/neo1/PycharmProjects/vec4irltr/model/ir/20210121231330551/model_word2vec_bibl_content
[2021-01-23 13:20:47,174] INFO: loading wv recursively from /Users/neo1/PycharmProjects/vec4irltr/model/ir/20210121231330551/model_word2vec_bibl_content.wv.* with mmap=None
[2021-01-23 13:20:47,174] INFO: loading wv recursively from /Users/neo1/PycharmProjects/vec4irltr/model/ir/20210121231330551/model_word2vec_bibl_content.wv.* with mmap=None
[2021-01-23 13:20:47,175] INFO: setting ignored attribute vectors_norm to None
[2021-01-23 13:20:47,175] INFO: setting ignored attribute vectors_norm to None
[2021-01-23 13:20:47,176] INFO: loading vocabulary recursively from /Users/neo1/PycharmProjects/vec4irltr/model/ir/20210121231330551/model_word2vec_bibl_content.vocabulary.* with mmap=None
[2021-01-23 13:20:47,176] INFO: loading vocabulary recursively from /Users/neo1/PycharmProjects/vec4irltr/model/ir/20210121231330551/model_word2vec_bibl_content.vocabulary.* with mmap=None
[2021-01-23 13:20:47,177] INFO: loading trainables recursively from /Users/neo1/PycharmProjects/vec4irltr/model/ir/20210121231330551/model_word2vec_bibl_content.trainables.* with mmap=None
[2021-01-23 13:20:47,177] INFO: loading trainables recursively from /Users/neo1/PycharmProjects/vec4irltr/model/ir/20210121231330551/model_word2vec_bibl_content.trainables.* with mmap=None
[2021-01-23 13:20:47,178] INFO: setting ignored attribute cum_table to None
[2021-01-23 13:20:47,178] INFO: setting ignored attribute cum_table to None
[2021-01-23 13:20:47,178] INFO: loaded /Users/neo1/PycharmProjects/vec4irltr/model/ir/20210121231330551/model_word2vec_bibl_content
[2021-01-23 13:20:47,178] INFO: loaded /Users/neo1/PycharmProjects/vec4irltr/model/ir/20210121231330551/model_word2vec_bibl_content
[2021-01-23 13:20:47,182] INFO: load time:0.026055097579956055
[2021-01-23 13:20:47,182] INFO: load time:0.026055097579956055
[2021-01-23 13:20:48,187] INFO: pid:15464 done | load time: 1.030555009841919
[2021-01-23 13:20:48,187] INFO: pid:15464 done | load time: 1.030555009841919
[2021-01-23 13:20:48,188] INFO: loading model_word2vec_bibl_econtent
[2021-01-23 13:20:48,188] INFO: loading model_word2vec_bibl_econtent
[2021-01-23 13:20:48,189] INFO: loading Word2Vec object from /Users/neo1/PycharmProjects/vec4irltr/model/ir/20210121231330551/model_word2vec_bibl_econtent
[2021-01-23 13:20:48,189] INFO: loading Word2Vec object from /Users/neo1/PycharmProjects/vec4irltr/model/ir/20210121231330551/model_word2vec_bibl_econtent
[2021-01-23 13:20:48,191] INFO: loading wv recursively from /Users/neo1/PycharmProjects/vec4irltr/model/ir/20210121231330551/model_word2vec_bibl_econtent.wv.* with mmap=None
[2021-01-23 13:20:48,191] INFO: loading wv recursively from /Users/neo1/PycharmProjects/vec4irltr/model/ir/20210121231330551/model_word2vec_bibl_econtent.wv.* with mmap=None
[2021-01-23 13:20:48,192] INFO: setting ignored attribute vectors_norm to None
[2021-01-23 13:20:48,192] INFO: setting ignored attribute vectors_norm to None
[2021-01-23 13:20:48,193] INFO: loading vocabulary recursively from /Users/neo1/PycharmProjects/vec4irltr/model/ir/20210121231330551/model_word2vec_bibl_econtent.vocabulary.* with mmap=None
[2021-01-23 13:20:48,193] INFO: loading vocabulary recursively from /Users/neo1/PycharmProjects/vec4irltr/model/ir/20210121231330551/model_word2vec_bibl_econtent.vocabulary.* with mmap=None
[2021-01-23 13:20:48,193] INFO: loading trainables recursively from /Users/neo1/PycharmProjects/vec4irltr/model/ir/20210121231330551/model_word2vec_bibl_econtent.trainables.* with mmap=None
[2021-01-23 13:20:48,193] INFO: loading trainables recursively from /Users/neo1/PycharmProjects/vec4irltr/model/ir/20210121231330551/model_word2vec_bibl_econtent.trainables.* with mmap=None
[2021-01-23 13:20:48,194] INFO: setting ignored attribute cum_table to None
[2021-01-23 13:20:48,194] INFO: setting ignored attribute cum_table to None
[2021-01-23 13:20:48,195] INFO: loaded /Users/neo1/PycharmProjects/vec4irltr/model/ir/20210121231330551/model_word2vec_bibl_econtent
[2021-01-23 13:20:48,195] INFO: loaded /Users/neo1/PycharmProjects/vec4irltr/model/ir/20210121231330551/model_word2vec_bibl_econtent
[2021-01-23 13:20:48,196] INFO: load time:0.007356166839599609
[2021-01-23 13:20:48,196] INFO: load time:0.007356166839599609
[2021-01-23 13:20:49,201] INFO: pid:15464 done | load time: 1.011976957321167
[2021-01-23 13:20:49,201] INFO: pid:15464 done | load time: 1.011976957321167
[2021-01-23 13:20:58,359] INFO: loading model_fasttext_bibl_bible_bcn
[2021-01-23 13:20:58,359] INFO: loading model_fasttext_bibl_bible_bcn
[2021-01-23 13:20:58,361] INFO: loading FastText object from /Users/neo1/PycharmProjects/vec4irltr/model/ir/20210121231330551/model_fasttext_bibl_bible_bcn
[2021-01-23 13:20:58,361] INFO: loading FastText object from /Users/neo1/PycharmProjects/vec4irltr/model/ir/20210121231330551/model_fasttext_bibl_bible_bcn
[2021-01-23 13:20:58,369] INFO: loading wv recursively from /Users/neo1/PycharmProjects/vec4irltr/model/ir/20210121231330551/model_fasttext_bibl_bible_bcn.wv.* with mmap=None
[2021-01-23 13:20:58,369] INFO: loading wv recursively from /Users/neo1/PycharmProjects/vec4irltr/model/ir/20210121231330551/model_fasttext_bibl_bible_bcn.wv.* with mmap=None
[2021-01-23 13:20:58,371] INFO: loading vectors_ngrams from /Users/neo1/PycharmProjects/vec4irltr/model/ir/20210121231330551/model_fasttext_bibl_bible_bcn.wv.vectors_ngrams.npy with mmap=None
[2021-01-23 13:20:58,371] INFO: loading vectors_ngrams from /Users/neo1/PycharmProjects/vec4irltr/model/ir/20210121231330551/model_fasttext_bibl_bible_bcn.wv.vectors_ngrams.npy with mmap=None
[2021-01-23 13:21:00,076] INFO: setting ignored attribute vectors_norm to None
[2021-01-23 13:21:00,076] INFO: setting ignored attribute vectors_norm to None
[2021-01-23 13:21:00,077] INFO: setting ignored attribute vectors_vocab_norm to None
[2021-01-23 13:21:00,077] INFO: setting ignored attribute vectors_vocab_norm to None
[2021-01-23 13:21:00,078] INFO: setting ignored attribute vectors_ngrams_norm to None
[2021-01-23 13:21:00,078] INFO: setting ignored attribute vectors_ngrams_norm to None
[2021-01-23 13:21:00,079] INFO: setting ignored attribute buckets_word to None
[2021-01-23 13:21:00,079] INFO: setting ignored attribute buckets_word to None
[2021-01-23 13:21:00,080] INFO: loading vocabulary recursively from /Users/neo1/PycharmProjects/vec4irltr/model/ir/20210121231330551/model_fasttext_bibl_bible_bcn.vocabulary.* with mmap=None
[2021-01-23 13:21:00,080] INFO: loading vocabulary recursively from /Users/neo1/PycharmProjects/vec4irltr/model/ir/20210121231330551/model_fasttext_bibl_bible_bcn.vocabulary.* with mmap=None
[2021-01-23 13:21:00,081] INFO: loading trainables recursively from /Users/neo1/PycharmProjects/vec4irltr/model/ir/20210121231330551/model_fasttext_bibl_bible_bcn.trainables.* with mmap=None
[2021-01-23 13:21:00,081] INFO: loading trainables recursively from /Users/neo1/PycharmProjects/vec4irltr/model/ir/20210121231330551/model_fasttext_bibl_bible_bcn.trainables.* with mmap=None
[2021-01-23 13:21:00,081] INFO: loading vectors_ngrams_lockf from /Users/neo1/PycharmProjects/vec4irltr/model/ir/20210121231330551/model_fasttext_bibl_bible_bcn.trainables.vectors_ngrams_lockf.npy with mmap=None
[2021-01-23 13:21:00,081] INFO: loading vectors_ngrams_lockf from /Users/neo1/PycharmProjects/vec4irltr/model/ir/20210121231330551/model_fasttext_bibl_bible_bcn.trainables.vectors_ngrams_lockf.npy with mmap=None
[2021-01-23 13:21:00,715] INFO: loaded /Users/neo1/PycharmProjects/vec4irltr/model/ir/20210121231330551/model_fasttext_bibl_bible_bcn
[2021-01-23 13:21:00,715] INFO: loaded /Users/neo1/PycharmProjects/vec4irltr/model/ir/20210121231330551/model_fasttext_bibl_bible_bcn
[2021-01-23 13:21:00,716] INFO: load time:2.3552989959716797
[2021-01-23 13:21:00,716] INFO: load time:2.3552989959716797
[2021-01-23 13:21:01,719] INFO: pid:15464 done | load time: 3.3577210903167725
[2021-01-23 13:21:01,719] INFO: pid:15464 done | load time: 3.3577210903167725
[2021-01-23 13:21:01,720] INFO: loading model_fasttext_bibl_content
[2021-01-23 13:21:01,720] INFO: loading model_fasttext_bibl_content
[2021-01-23 13:21:01,721] INFO: loading FastText object from /Users/neo1/PycharmProjects/vec4irltr/model/ir/20210121231330551/model_fasttext_bibl_content
[2021-01-23 13:21:01,721] INFO: loading FastText object from /Users/neo1/PycharmProjects/vec4irltr/model/ir/20210121231330551/model_fasttext_bibl_content
[2021-01-23 13:21:01,740] INFO: loading wv recursively from /Users/neo1/PycharmProjects/vec4irltr/model/ir/20210121231330551/model_fasttext_bibl_content.wv.* with mmap=None
[2021-01-23 13:21:01,740] INFO: loading wv recursively from /Users/neo1/PycharmProjects/vec4irltr/model/ir/20210121231330551/model_fasttext_bibl_content.wv.* with mmap=None
[2021-01-23 13:21:01,741] INFO: loading vectors_ngrams from /Users/neo1/PycharmProjects/vec4irltr/model/ir/20210121231330551/model_fasttext_bibl_content.wv.vectors_ngrams.npy with mmap=None
[2021-01-23 13:21:01,741] INFO: loading vectors_ngrams from /Users/neo1/PycharmProjects/vec4irltr/model/ir/20210121231330551/model_fasttext_bibl_content.wv.vectors_ngrams.npy with mmap=None
[2021-01-23 13:21:02,202] INFO: setting ignored attribute vectors_norm to None
[2021-01-23 13:21:02,202] INFO: setting ignored attribute vectors_norm to None
[2021-01-23 13:21:02,203] INFO: setting ignored attribute vectors_vocab_norm to None
[2021-01-23 13:21:02,203] INFO: setting ignored attribute vectors_vocab_norm to None
[2021-01-23 13:21:02,204] INFO: setting ignored attribute vectors_ngrams_norm to None
[2021-01-23 13:21:02,204] INFO: setting ignored attribute vectors_ngrams_norm to None
[2021-01-23 13:21:02,204] INFO: setting ignored attribute buckets_word to None
[2021-01-23 13:21:02,204] INFO: setting ignored attribute buckets_word to None
[2021-01-23 13:21:02,205] INFO: loading vocabulary recursively from /Users/neo1/PycharmProjects/vec4irltr/model/ir/20210121231330551/model_fasttext_bibl_content.vocabulary.* with mmap=None
[2021-01-23 13:21:02,205] INFO: loading vocabulary recursively from /Users/neo1/PycharmProjects/vec4irltr/model/ir/20210121231330551/model_fasttext_bibl_content.vocabulary.* with mmap=None
[2021-01-23 13:21:02,206] INFO: loading trainables recursively from /Users/neo1/PycharmProjects/vec4irltr/model/ir/20210121231330551/model_fasttext_bibl_content.trainables.* with mmap=None
[2021-01-23 13:21:02,206] INFO: loading trainables recursively from /Users/neo1/PycharmProjects/vec4irltr/model/ir/20210121231330551/model_fasttext_bibl_content.trainables.* with mmap=None
[2021-01-23 13:21:02,207] INFO: loading vectors_ngrams_lockf from /Users/neo1/PycharmProjects/vec4irltr/model/ir/20210121231330551/model_fasttext_bibl_content.trainables.vectors_ngrams_lockf.npy with mmap=None
[2021-01-23 13:21:02,207] INFO: loading vectors_ngrams_lockf from /Users/neo1/PycharmProjects/vec4irltr/model/ir/20210121231330551/model_fasttext_bibl_content.trainables.vectors_ngrams_lockf.npy with mmap=None
[2021-01-23 13:21:02,889] INFO: loaded /Users/neo1/PycharmProjects/vec4irltr/model/ir/20210121231330551/model_fasttext_bibl_content
[2021-01-23 13:21:02,889] INFO: loaded /Users/neo1/PycharmProjects/vec4irltr/model/ir/20210121231330551/model_fasttext_bibl_content
[2021-01-23 13:21:02,894] INFO: load time:1.17277193069458
[2021-01-23 13:21:02,894] INFO: load time:1.17277193069458
[2021-01-23 13:21:03,900] INFO: pid:15464 done | load time: 2.17885684967041
[2021-01-23 13:21:03,900] INFO: pid:15464 done | load time: 2.17885684967041
[2021-01-23 13:21:03,900] INFO: loading model_fasttext_bibl_econtent
[2021-01-23 13:21:03,900] INFO: loading model_fasttext_bibl_econtent
[2021-01-23 13:21:03,901] INFO: loading FastText object from /Users/neo1/PycharmProjects/vec4irltr/model/ir/20210121231330551/model_fasttext_bibl_econtent
[2021-01-23 13:21:03,901] INFO: loading FastText object from /Users/neo1/PycharmProjects/vec4irltr/model/ir/20210121231330551/model_fasttext_bibl_econtent
[2021-01-23 13:21:03,906] INFO: loading wv recursively from /Users/neo1/PycharmProjects/vec4irltr/model/ir/20210121231330551/model_fasttext_bibl_econtent.wv.* with mmap=None
[2021-01-23 13:21:03,906] INFO: loading wv recursively from /Users/neo1/PycharmProjects/vec4irltr/model/ir/20210121231330551/model_fasttext_bibl_econtent.wv.* with mmap=None
[2021-01-23 13:21:03,907] INFO: loading vectors_ngrams from /Users/neo1/PycharmProjects/vec4irltr/model/ir/20210121231330551/model_fasttext_bibl_econtent.wv.vectors_ngrams.npy with mmap=None
[2021-01-23 13:21:03,907] INFO: loading vectors_ngrams from /Users/neo1/PycharmProjects/vec4irltr/model/ir/20210121231330551/model_fasttext_bibl_econtent.wv.vectors_ngrams.npy with mmap=None
[2021-01-23 13:21:05,978] INFO: setting ignored attribute vectors_norm to None
[2021-01-23 13:21:05,978] INFO: setting ignored attribute vectors_norm to None
[2021-01-23 13:21:05,982] INFO: setting ignored attribute vectors_vocab_norm to None
[2021-01-23 13:21:05,982] INFO: setting ignored attribute vectors_vocab_norm to None
[2021-01-23 13:21:05,982] INFO: setting ignored attribute vectors_ngrams_norm to None
[2021-01-23 13:21:05,982] INFO: setting ignored attribute vectors_ngrams_norm to None
[2021-01-23 13:21:05,983] INFO: setting ignored attribute buckets_word to None
[2021-01-23 13:21:05,983] INFO: setting ignored attribute buckets_word to None
[2021-01-23 13:21:05,984] INFO: loading vocabulary recursively from /Users/neo1/PycharmProjects/vec4irltr/model/ir/20210121231330551/model_fasttext_bibl_econtent.vocabulary.* with mmap=None
[2021-01-23 13:21:05,984] INFO: loading vocabulary recursively from /Users/neo1/PycharmProjects/vec4irltr/model/ir/20210121231330551/model_fasttext_bibl_econtent.vocabulary.* with mmap=None
[2021-01-23 13:21:05,985] INFO: loading trainables recursively from /Users/neo1/PycharmProjects/vec4irltr/model/ir/20210121231330551/model_fasttext_bibl_econtent.trainables.* with mmap=None
[2021-01-23 13:21:05,985] INFO: loading trainables recursively from /Users/neo1/PycharmProjects/vec4irltr/model/ir/20210121231330551/model_fasttext_bibl_econtent.trainables.* with mmap=None
[2021-01-23 13:21:05,986] INFO: loading vectors_ngrams_lockf from /Users/neo1/PycharmProjects/vec4irltr/model/ir/20210121231330551/model_fasttext_bibl_econtent.trainables.vectors_ngrams_lockf.npy with mmap=None
[2021-01-23 13:21:05,986] INFO: loading vectors_ngrams_lockf from /Users/neo1/PycharmProjects/vec4irltr/model/ir/20210121231330551/model_fasttext_bibl_econtent.trainables.vectors_ngrams_lockf.npy with mmap=None
[2021-01-23 13:21:09,044] INFO: loaded /Users/neo1/PycharmProjects/vec4irltr/model/ir/20210121231330551/model_fasttext_bibl_econtent
[2021-01-23 13:21:09,044] INFO: loaded /Users/neo1/PycharmProjects/vec4irltr/model/ir/20210121231330551/model_fasttext_bibl_econtent
[2021-01-23 13:21:09,046] INFO: load time:5.1446638107299805
[2021-01-23 13:21:09,046] INFO: load time:5.1446638107299805
[2021-01-23 13:21:10,047] INFO: pid:15464 done | load time: 6.145758152008057
[2021-01-23 13:21:10,047] INFO: pid:15464 done | load time: 6.145758152008057
[2021-01-23 13:21:31,608] INFO: api/search?q=태초에
[2021-01-23 13:21:31,608] INFO: api/search?q=태초에
[2021-01-23 13:21:31,888] ERROR: Internal Server Error: /api/search
Traceback (most recent call last):
  File "/Users/neo1/PycharmProjects/vec4irltr/venv/lib/python3.8/site-packages/django/core/handlers/exception.py", line 34, in inner
    response = get_response(request)
  File "/Users/neo1/PycharmProjects/vec4irltr/venv/lib/python3.8/site-packages/django/core/handlers/base.py", line 126, in _get_response
    response = self.process_exception_by_middleware(e, request)
  File "/Users/neo1/PycharmProjects/vec4irltr/venv/lib/python3.8/site-packages/django/core/handlers/base.py", line 124, in _get_response
    response = wrapped_callback(request, *callback_args, **callback_kwargs)
  File "/Users/neo1/PycharmProjects/vec4irltr/venv/lib/python3.8/site-packages/ninja/operation.py", line 227, in _sync_view
    return operation.run(request, *a, **kw)
  File "/Users/neo1/PycharmProjects/vec4irltr/venv/lib/python3.8/site-packages/ninja/operation.py", line 59, in run
    result = self.view_func(request, **values)
  File "/Users/neo1/PycharmProjects/vec4irltr/app/api.py", line 66, in search
    query_results = IRM.get_query_results(q=q, modeltype=modeltype, retrievals=RETRIEVALS, columns=columns, k=10)
  File "/Users/neo1/PycharmProjects/vec4irltr/ir/irmanager.py", line 218, in get_query_results
    result_column[col] = [query_result, score]
TypeError: 'type' object does not support item assignment
[2021-01-23 13:21:31,888] ERROR: Internal Server Error: /api/search
Traceback (most recent call last):
  File "/Users/neo1/PycharmProjects/vec4irltr/venv/lib/python3.8/site-packages/django/core/handlers/exception.py", line 34, in inner
    response = get_response(request)
  File "/Users/neo1/PycharmProjects/vec4irltr/venv/lib/python3.8/site-packages/django/core/handlers/base.py", line 126, in _get_response
    response = self.process_exception_by_middleware(e, request)
  File "/Users/neo1/PycharmProjects/vec4irltr/venv/lib/python3.8/site-packages/django/core/handlers/base.py", line 124, in _get_response
    response = wrapped_callback(request, *callback_args, **callback_kwargs)
  File "/Users/neo1/PycharmProjects/vec4irltr/venv/lib/python3.8/site-packages/ninja/operation.py", line 227, in _sync_view
    return operation.run(request, *a, **kw)
  File "/Users/neo1/PycharmProjects/vec4irltr/venv/lib/python3.8/site-packages/ninja/operation.py", line 59, in run
    result = self.view_func(request, **values)
  File "/Users/neo1/PycharmProjects/vec4irltr/app/api.py", line 66, in search
    query_results = IRM.get_query_results(q=q, modeltype=modeltype, retrievals=RETRIEVALS, columns=columns, k=10)
  File "/Users/neo1/PycharmProjects/vec4irltr/ir/irmanager.py", line 218, in get_query_results
    result_column[col] = [query_result, score]
TypeError: 'type' object does not support item assignment
[2021-01-23 13:25:44,409] INFO: api/search?q=태초에
[2021-01-23 13:25:44,409] INFO: api/search?q=태초에
[2021-01-23 13:26:10,031] ERROR: Internal Server Error: /api/search
Traceback (most recent call last):
  File "/Users/neo1/PycharmProjects/vec4irltr/venv/lib/python3.8/site-packages/django/core/handlers/exception.py", line 34, in inner
    response = get_response(request)
  File "/Users/neo1/PycharmProjects/vec4irltr/venv/lib/python3.8/site-packages/django/core/handlers/base.py", line 126, in _get_response
    response = self.process_exception_by_middleware(e, request)
  File "/Users/neo1/PycharmProjects/vec4irltr/venv/lib/python3.8/site-packages/django/core/handlers/base.py", line 124, in _get_response
    response = wrapped_callback(request, *callback_args, **callback_kwargs)
  File "/Users/neo1/PycharmProjects/vec4irltr/venv/lib/python3.8/site-packages/ninja/operation.py", line 227, in _sync_view
    return operation.run(request, *a, **kw)
  File "/Users/neo1/PycharmProjects/vec4irltr/venv/lib/python3.8/site-packages/ninja/operation.py", line 59, in run
    result = self.view_func(request, **values)
  File "/Users/neo1/PycharmProjects/vec4irltr/app/api.py", line 66, in search
    query_results = IRM.get_query_results(q=q, modeltype=modeltype, retrievals=RETRIEVALS, columns=columns, k=10)
  File "/Users/neo1/PycharmProjects/vec4irltr/ir/irmanager.py", line 218, in get_query_results
    result_column[col] = [query_result, score]
TypeError: 'type' object does not support item assignment
[2021-01-23 13:26:10,031] ERROR: Internal Server Error: /api/search
Traceback (most recent call last):
  File "/Users/neo1/PycharmProjects/vec4irltr/venv/lib/python3.8/site-packages/django/core/handlers/exception.py", line 34, in inner
    response = get_response(request)
  File "/Users/neo1/PycharmProjects/vec4irltr/venv/lib/python3.8/site-packages/django/core/handlers/base.py", line 126, in _get_response
    response = self.process_exception_by_middleware(e, request)
  File "/Users/neo1/PycharmProjects/vec4irltr/venv/lib/python3.8/site-packages/django/core/handlers/base.py", line 124, in _get_response
    response = wrapped_callback(request, *callback_args, **callback_kwargs)
  File "/Users/neo1/PycharmProjects/vec4irltr/venv/lib/python3.8/site-packages/ninja/operation.py", line 227, in _sync_view
    return operation.run(request, *a, **kw)
  File "/Users/neo1/PycharmProjects/vec4irltr/venv/lib/python3.8/site-packages/ninja/operation.py", line 59, in run
    result = self.view_func(request, **values)
  File "/Users/neo1/PycharmProjects/vec4irltr/app/api.py", line 66, in search
    query_results = IRM.get_query_results(q=q, modeltype=modeltype, retrievals=RETRIEVALS, columns=columns, k=10)
  File "/Users/neo1/PycharmProjects/vec4irltr/ir/irmanager.py", line 218, in get_query_results
    result_column[col] = [query_result, score]
TypeError: 'type' object does not support item assignment
