[2021-01-24 01:29:59,108] INFO: set_init_models_and_get_retrievals
[2021-01-24 01:29:59,108] INFO: set_init_models_and_get_retrievals
[2021-01-24 01:29:59,114] INFO: loading model_word2vec_bibl_bible_bcn
[2021-01-24 01:29:59,114] INFO: loading model_word2vec_bibl_bible_bcn
[2021-01-24 01:29:59,115] INFO: loading Word2Vec object from /Users/neo1/PycharmProjects/vec4irltr/model/ir/20210121231330551/model_word2vec_bibl_bible_bcn
[2021-01-24 01:29:59,115] INFO: loading Word2Vec object from /Users/neo1/PycharmProjects/vec4irltr/model/ir/20210121231330551/model_word2vec_bibl_bible_bcn
[2021-01-24 01:29:59,125] INFO: loading wv recursively from /Users/neo1/PycharmProjects/vec4irltr/model/ir/20210121231330551/model_word2vec_bibl_bible_bcn.wv.* with mmap=None
[2021-01-24 01:29:59,125] INFO: loading wv recursively from /Users/neo1/PycharmProjects/vec4irltr/model/ir/20210121231330551/model_word2vec_bibl_bible_bcn.wv.* with mmap=None
[2021-01-24 01:29:59,126] INFO: setting ignored attribute vectors_norm to None
[2021-01-24 01:29:59,126] INFO: setting ignored attribute vectors_norm to None
[2021-01-24 01:29:59,127] INFO: loading vocabulary recursively from /Users/neo1/PycharmProjects/vec4irltr/model/ir/20210121231330551/model_word2vec_bibl_bible_bcn.vocabulary.* with mmap=None
[2021-01-24 01:29:59,127] INFO: loading vocabulary recursively from /Users/neo1/PycharmProjects/vec4irltr/model/ir/20210121231330551/model_word2vec_bibl_bible_bcn.vocabulary.* with mmap=None
[2021-01-24 01:29:59,128] INFO: loading trainables recursively from /Users/neo1/PycharmProjects/vec4irltr/model/ir/20210121231330551/model_word2vec_bibl_bible_bcn.trainables.* with mmap=None
[2021-01-24 01:29:59,128] INFO: loading trainables recursively from /Users/neo1/PycharmProjects/vec4irltr/model/ir/20210121231330551/model_word2vec_bibl_bible_bcn.trainables.* with mmap=None
[2021-01-24 01:29:59,128] INFO: setting ignored attribute cum_table to None
[2021-01-24 01:29:59,128] INFO: setting ignored attribute cum_table to None
[2021-01-24 01:29:59,129] INFO: loaded /Users/neo1/PycharmProjects/vec4irltr/model/ir/20210121231330551/model_word2vec_bibl_bible_bcn
[2021-01-24 01:29:59,129] INFO: loaded /Users/neo1/PycharmProjects/vec4irltr/model/ir/20210121231330551/model_word2vec_bibl_bible_bcn
[2021-01-24 01:29:59,130] INFO: load time:0.014885187149047852
[2021-01-24 01:29:59,130] INFO: load time:0.014885187149047852
[2021-01-24 01:30:00,134] INFO: pid:67253 done | load time: 1.0191450119018555
[2021-01-24 01:30:00,134] INFO: pid:67253 done | load time: 1.0191450119018555
[2021-01-24 01:30:00,135] INFO: loading model_word2vec_bibl_content
[2021-01-24 01:30:00,135] INFO: loading model_word2vec_bibl_content
[2021-01-24 01:30:00,136] INFO: loading Word2Vec object from /Users/neo1/PycharmProjects/vec4irltr/model/ir/20210121231330551/model_word2vec_bibl_content
[2021-01-24 01:30:00,136] INFO: loading Word2Vec object from /Users/neo1/PycharmProjects/vec4irltr/model/ir/20210121231330551/model_word2vec_bibl_content
[2021-01-24 01:30:00,154] INFO: loading wv recursively from /Users/neo1/PycharmProjects/vec4irltr/model/ir/20210121231330551/model_word2vec_bibl_content.wv.* with mmap=None
[2021-01-24 01:30:00,154] INFO: loading wv recursively from /Users/neo1/PycharmProjects/vec4irltr/model/ir/20210121231330551/model_word2vec_bibl_content.wv.* with mmap=None
[2021-01-24 01:30:00,155] INFO: setting ignored attribute vectors_norm to None
[2021-01-24 01:30:00,155] INFO: setting ignored attribute vectors_norm to None
[2021-01-24 01:30:00,155] INFO: loading vocabulary recursively from /Users/neo1/PycharmProjects/vec4irltr/model/ir/20210121231330551/model_word2vec_bibl_content.vocabulary.* with mmap=None
[2021-01-24 01:30:00,155] INFO: loading vocabulary recursively from /Users/neo1/PycharmProjects/vec4irltr/model/ir/20210121231330551/model_word2vec_bibl_content.vocabulary.* with mmap=None
[2021-01-24 01:30:00,156] INFO: loading trainables recursively from /Users/neo1/PycharmProjects/vec4irltr/model/ir/20210121231330551/model_word2vec_bibl_content.trainables.* with mmap=None
[2021-01-24 01:30:00,156] INFO: loading trainables recursively from /Users/neo1/PycharmProjects/vec4irltr/model/ir/20210121231330551/model_word2vec_bibl_content.trainables.* with mmap=None
[2021-01-24 01:30:00,157] INFO: setting ignored attribute cum_table to None
[2021-01-24 01:30:00,157] INFO: setting ignored attribute cum_table to None
[2021-01-24 01:30:00,157] INFO: loaded /Users/neo1/PycharmProjects/vec4irltr/model/ir/20210121231330551/model_word2vec_bibl_content
[2021-01-24 01:30:00,157] INFO: loaded /Users/neo1/PycharmProjects/vec4irltr/model/ir/20210121231330551/model_word2vec_bibl_content
[2021-01-24 01:30:00,161] INFO: load time:0.02577519416809082
[2021-01-24 01:30:00,161] INFO: load time:0.02577519416809082
[2021-01-24 01:30:01,167] INFO: pid:67253 done | load time: 1.0312261581420898
[2021-01-24 01:30:01,167] INFO: pid:67253 done | load time: 1.0312261581420898
[2021-01-24 01:30:01,168] INFO: loading model_word2vec_bibl_econtent
[2021-01-24 01:30:01,168] INFO: loading model_word2vec_bibl_econtent
[2021-01-24 01:30:01,168] INFO: loading Word2Vec object from /Users/neo1/PycharmProjects/vec4irltr/model/ir/20210121231330551/model_word2vec_bibl_econtent
[2021-01-24 01:30:01,168] INFO: loading Word2Vec object from /Users/neo1/PycharmProjects/vec4irltr/model/ir/20210121231330551/model_word2vec_bibl_econtent
[2021-01-24 01:30:01,173] INFO: loading wv recursively from /Users/neo1/PycharmProjects/vec4irltr/model/ir/20210121231330551/model_word2vec_bibl_econtent.wv.* with mmap=None
[2021-01-24 01:30:01,173] INFO: loading wv recursively from /Users/neo1/PycharmProjects/vec4irltr/model/ir/20210121231330551/model_word2vec_bibl_econtent.wv.* with mmap=None
[2021-01-24 01:30:01,174] INFO: setting ignored attribute vectors_norm to None
[2021-01-24 01:30:01,174] INFO: setting ignored attribute vectors_norm to None
[2021-01-24 01:30:01,174] INFO: loading vocabulary recursively from /Users/neo1/PycharmProjects/vec4irltr/model/ir/20210121231330551/model_word2vec_bibl_econtent.vocabulary.* with mmap=None
[2021-01-24 01:30:01,174] INFO: loading vocabulary recursively from /Users/neo1/PycharmProjects/vec4irltr/model/ir/20210121231330551/model_word2vec_bibl_econtent.vocabulary.* with mmap=None
[2021-01-24 01:30:01,175] INFO: loading trainables recursively from /Users/neo1/PycharmProjects/vec4irltr/model/ir/20210121231330551/model_word2vec_bibl_econtent.trainables.* with mmap=None
[2021-01-24 01:30:01,175] INFO: loading trainables recursively from /Users/neo1/PycharmProjects/vec4irltr/model/ir/20210121231330551/model_word2vec_bibl_econtent.trainables.* with mmap=None
[2021-01-24 01:30:01,176] INFO: setting ignored attribute cum_table to None
[2021-01-24 01:30:01,176] INFO: setting ignored attribute cum_table to None
[2021-01-24 01:30:01,176] INFO: loaded /Users/neo1/PycharmProjects/vec4irltr/model/ir/20210121231330551/model_word2vec_bibl_econtent
[2021-01-24 01:30:01,176] INFO: loaded /Users/neo1/PycharmProjects/vec4irltr/model/ir/20210121231330551/model_word2vec_bibl_econtent
[2021-01-24 01:30:01,177] INFO: load time:0.008592844009399414
[2021-01-24 01:30:01,177] INFO: load time:0.008592844009399414
[2021-01-24 01:30:02,178] INFO: pid:67253 done | load time: 1.009807825088501
[2021-01-24 01:30:02,178] INFO: pid:67253 done | load time: 1.009807825088501
