[2021-01-22 00:11:27,190] INFO: loading model_word2vec_bibl_bible_bcn
[2021-01-22 00:11:27,190] INFO: loading model_word2vec_bibl_bible_bcn
[2021-01-22 00:11:27,191] INFO: loading Word2Vec object from /Users/neo1/PycharmProjects/vec4irltr/model/ir/20210121231330551/model_word2vec_bibl_bible_bcn
[2021-01-22 00:11:27,191] INFO: loading Word2Vec object from /Users/neo1/PycharmProjects/vec4irltr/model/ir/20210121231330551/model_word2vec_bibl_bible_bcn
[2021-01-22 00:11:27,198] INFO: loading wv recursively from /Users/neo1/PycharmProjects/vec4irltr/model/ir/20210121231330551/model_word2vec_bibl_bible_bcn.wv.* with mmap=None
[2021-01-22 00:11:27,198] INFO: loading wv recursively from /Users/neo1/PycharmProjects/vec4irltr/model/ir/20210121231330551/model_word2vec_bibl_bible_bcn.wv.* with mmap=None
[2021-01-22 00:11:27,199] INFO: setting ignored attribute vectors_norm to None
[2021-01-22 00:11:27,199] INFO: setting ignored attribute vectors_norm to None
[2021-01-22 00:11:27,200] INFO: loading vocabulary recursively from /Users/neo1/PycharmProjects/vec4irltr/model/ir/20210121231330551/model_word2vec_bibl_bible_bcn.vocabulary.* with mmap=None
[2021-01-22 00:11:27,200] INFO: loading vocabulary recursively from /Users/neo1/PycharmProjects/vec4irltr/model/ir/20210121231330551/model_word2vec_bibl_bible_bcn.vocabulary.* with mmap=None
[2021-01-22 00:11:27,200] INFO: loading trainables recursively from /Users/neo1/PycharmProjects/vec4irltr/model/ir/20210121231330551/model_word2vec_bibl_bible_bcn.trainables.* with mmap=None
[2021-01-22 00:11:27,200] INFO: loading trainables recursively from /Users/neo1/PycharmProjects/vec4irltr/model/ir/20210121231330551/model_word2vec_bibl_bible_bcn.trainables.* with mmap=None
[2021-01-22 00:11:27,201] INFO: setting ignored attribute cum_table to None
[2021-01-22 00:11:27,201] INFO: setting ignored attribute cum_table to None
[2021-01-22 00:11:27,201] INFO: loaded /Users/neo1/PycharmProjects/vec4irltr/model/ir/20210121231330551/model_word2vec_bibl_bible_bcn
[2021-01-22 00:11:27,201] INFO: loaded /Users/neo1/PycharmProjects/vec4irltr/model/ir/20210121231330551/model_word2vec_bibl_bible_bcn
[2021-01-22 00:11:27,202] INFO: load time:0.011133909225463867
[2021-01-22 00:11:27,202] INFO: load time:0.011133909225463867
[2021-01-22 00:11:28,207] INFO: pid:14948 done | load time: 1.0154979228973389
[2021-01-22 00:11:28,207] INFO: pid:14948 done | load time: 1.0154979228973389
[2021-01-22 00:11:28,207] INFO: loading model_word2vec_bibl_content
[2021-01-22 00:11:28,207] INFO: loading model_word2vec_bibl_content
[2021-01-22 00:11:28,208] INFO: loading Word2Vec object from /Users/neo1/PycharmProjects/vec4irltr/model/ir/20210121231330551/model_word2vec_bibl_content
[2021-01-22 00:11:28,208] INFO: loading Word2Vec object from /Users/neo1/PycharmProjects/vec4irltr/model/ir/20210121231330551/model_word2vec_bibl_content
[2021-01-22 00:11:28,224] INFO: loading wv recursively from /Users/neo1/PycharmProjects/vec4irltr/model/ir/20210121231330551/model_word2vec_bibl_content.wv.* with mmap=None
[2021-01-22 00:11:28,224] INFO: loading wv recursively from /Users/neo1/PycharmProjects/vec4irltr/model/ir/20210121231330551/model_word2vec_bibl_content.wv.* with mmap=None
[2021-01-22 00:11:28,225] INFO: setting ignored attribute vectors_norm to None
[2021-01-22 00:11:28,225] INFO: setting ignored attribute vectors_norm to None
[2021-01-22 00:11:28,225] INFO: loading vocabulary recursively from /Users/neo1/PycharmProjects/vec4irltr/model/ir/20210121231330551/model_word2vec_bibl_content.vocabulary.* with mmap=None
[2021-01-22 00:11:28,225] INFO: loading vocabulary recursively from /Users/neo1/PycharmProjects/vec4irltr/model/ir/20210121231330551/model_word2vec_bibl_content.vocabulary.* with mmap=None
[2021-01-22 00:11:28,226] INFO: loading trainables recursively from /Users/neo1/PycharmProjects/vec4irltr/model/ir/20210121231330551/model_word2vec_bibl_content.trainables.* with mmap=None
[2021-01-22 00:11:28,226] INFO: loading trainables recursively from /Users/neo1/PycharmProjects/vec4irltr/model/ir/20210121231330551/model_word2vec_bibl_content.trainables.* with mmap=None
[2021-01-22 00:11:28,226] INFO: setting ignored attribute cum_table to None
[2021-01-22 00:11:28,226] INFO: setting ignored attribute cum_table to None
[2021-01-22 00:11:28,226] INFO: loaded /Users/neo1/PycharmProjects/vec4irltr/model/ir/20210121231330551/model_word2vec_bibl_content
[2021-01-22 00:11:28,226] INFO: loaded /Users/neo1/PycharmProjects/vec4irltr/model/ir/20210121231330551/model_word2vec_bibl_content
[2021-01-22 00:11:28,229] INFO: load time:0.02097320556640625
[2021-01-22 00:11:28,229] INFO: load time:0.02097320556640625
[2021-01-22 00:11:29,234] INFO: pid:14948 done | load time: 1.026108980178833
[2021-01-22 00:11:29,234] INFO: pid:14948 done | load time: 1.026108980178833
[2021-01-22 00:11:29,234] INFO: loading model_word2vec_bibl_econtent
[2021-01-22 00:11:29,234] INFO: loading model_word2vec_bibl_econtent
[2021-01-22 00:11:29,235] INFO: loading Word2Vec object from /Users/neo1/PycharmProjects/vec4irltr/model/ir/20210121231330551/model_word2vec_bibl_econtent
[2021-01-22 00:11:29,235] INFO: loading Word2Vec object from /Users/neo1/PycharmProjects/vec4irltr/model/ir/20210121231330551/model_word2vec_bibl_econtent
[2021-01-22 00:11:29,239] INFO: loading wv recursively from /Users/neo1/PycharmProjects/vec4irltr/model/ir/20210121231330551/model_word2vec_bibl_econtent.wv.* with mmap=None
[2021-01-22 00:11:29,239] INFO: loading wv recursively from /Users/neo1/PycharmProjects/vec4irltr/model/ir/20210121231330551/model_word2vec_bibl_econtent.wv.* with mmap=None
[2021-01-22 00:11:29,240] INFO: setting ignored attribute vectors_norm to None
[2021-01-22 00:11:29,240] INFO: setting ignored attribute vectors_norm to None
[2021-01-22 00:11:29,240] INFO: loading vocabulary recursively from /Users/neo1/PycharmProjects/vec4irltr/model/ir/20210121231330551/model_word2vec_bibl_econtent.vocabulary.* with mmap=None
[2021-01-22 00:11:29,240] INFO: loading vocabulary recursively from /Users/neo1/PycharmProjects/vec4irltr/model/ir/20210121231330551/model_word2vec_bibl_econtent.vocabulary.* with mmap=None
[2021-01-22 00:11:29,241] INFO: loading trainables recursively from /Users/neo1/PycharmProjects/vec4irltr/model/ir/20210121231330551/model_word2vec_bibl_econtent.trainables.* with mmap=None
[2021-01-22 00:11:29,241] INFO: loading trainables recursively from /Users/neo1/PycharmProjects/vec4irltr/model/ir/20210121231330551/model_word2vec_bibl_econtent.trainables.* with mmap=None
[2021-01-22 00:11:29,241] INFO: setting ignored attribute cum_table to None
[2021-01-22 00:11:29,241] INFO: setting ignored attribute cum_table to None
[2021-01-22 00:11:29,241] INFO: loaded /Users/neo1/PycharmProjects/vec4irltr/model/ir/20210121231330551/model_word2vec_bibl_econtent
[2021-01-22 00:11:29,241] INFO: loaded /Users/neo1/PycharmProjects/vec4irltr/model/ir/20210121231330551/model_word2vec_bibl_econtent
[2021-01-22 00:11:29,242] INFO: load time:0.007047176361083984
[2021-01-22 00:11:29,242] INFO: load time:0.007047176361083984
[2021-01-22 00:11:30,243] INFO: pid:14948 done | load time: 1.0082509517669678
[2021-01-22 00:11:30,243] INFO: pid:14948 done | load time: 1.0082509517669678
[2021-01-22 00:11:34,341] INFO: loading model_fasttext_bibl_bible_bcn
[2021-01-22 00:11:34,341] INFO: loading model_fasttext_bibl_bible_bcn
[2021-01-22 00:11:34,342] INFO: loading FastText object from /Users/neo1/PycharmProjects/vec4irltr/model/ir/20210121231330551/model_fasttext_bibl_bible_bcn
[2021-01-22 00:11:34,342] INFO: loading FastText object from /Users/neo1/PycharmProjects/vec4irltr/model/ir/20210121231330551/model_fasttext_bibl_bible_bcn
[2021-01-22 00:11:34,349] INFO: loading wv recursively from /Users/neo1/PycharmProjects/vec4irltr/model/ir/20210121231330551/model_fasttext_bibl_bible_bcn.wv.* with mmap=None
[2021-01-22 00:11:34,349] INFO: loading wv recursively from /Users/neo1/PycharmProjects/vec4irltr/model/ir/20210121231330551/model_fasttext_bibl_bible_bcn.wv.* with mmap=None
[2021-01-22 00:11:34,349] INFO: loading vectors_ngrams from /Users/neo1/PycharmProjects/vec4irltr/model/ir/20210121231330551/model_fasttext_bibl_bible_bcn.wv.vectors_ngrams.npy with mmap=None
[2021-01-22 00:11:34,349] INFO: loading vectors_ngrams from /Users/neo1/PycharmProjects/vec4irltr/model/ir/20210121231330551/model_fasttext_bibl_bible_bcn.wv.vectors_ngrams.npy with mmap=None
[2021-01-22 00:11:35,942] INFO: setting ignored attribute vectors_norm to None
[2021-01-22 00:11:35,942] INFO: setting ignored attribute vectors_norm to None
[2021-01-22 00:11:35,943] INFO: setting ignored attribute vectors_vocab_norm to None
[2021-01-22 00:11:35,943] INFO: setting ignored attribute vectors_vocab_norm to None
[2021-01-22 00:11:35,943] INFO: setting ignored attribute vectors_ngrams_norm to None
[2021-01-22 00:11:35,943] INFO: setting ignored attribute vectors_ngrams_norm to None
[2021-01-22 00:11:35,943] INFO: setting ignored attribute buckets_word to None
[2021-01-22 00:11:35,943] INFO: setting ignored attribute buckets_word to None
[2021-01-22 00:11:35,944] INFO: loading vocabulary recursively from /Users/neo1/PycharmProjects/vec4irltr/model/ir/20210121231330551/model_fasttext_bibl_bible_bcn.vocabulary.* with mmap=None
[2021-01-22 00:11:35,944] INFO: loading vocabulary recursively from /Users/neo1/PycharmProjects/vec4irltr/model/ir/20210121231330551/model_fasttext_bibl_bible_bcn.vocabulary.* with mmap=None
[2021-01-22 00:11:35,944] INFO: loading trainables recursively from /Users/neo1/PycharmProjects/vec4irltr/model/ir/20210121231330551/model_fasttext_bibl_bible_bcn.trainables.* with mmap=None
[2021-01-22 00:11:35,944] INFO: loading trainables recursively from /Users/neo1/PycharmProjects/vec4irltr/model/ir/20210121231330551/model_fasttext_bibl_bible_bcn.trainables.* with mmap=None
[2021-01-22 00:11:35,944] INFO: loading vectors_ngrams_lockf from /Users/neo1/PycharmProjects/vec4irltr/model/ir/20210121231330551/model_fasttext_bibl_bible_bcn.trainables.vectors_ngrams_lockf.npy with mmap=None
[2021-01-22 00:11:35,944] INFO: loading vectors_ngrams_lockf from /Users/neo1/PycharmProjects/vec4irltr/model/ir/20210121231330551/model_fasttext_bibl_bible_bcn.trainables.vectors_ngrams_lockf.npy with mmap=None
[2021-01-22 00:11:37,433] INFO: loaded /Users/neo1/PycharmProjects/vec4irltr/model/ir/20210121231330551/model_fasttext_bibl_bible_bcn
[2021-01-22 00:11:37,433] INFO: loaded /Users/neo1/PycharmProjects/vec4irltr/model/ir/20210121231330551/model_fasttext_bibl_bible_bcn
[2021-01-22 00:11:37,434] INFO: load time:3.0919430255889893
[2021-01-22 00:11:37,434] INFO: load time:3.0919430255889893
[2021-01-22 00:11:38,439] INFO: pid:14948 done | load time: 4.096926927566528
[2021-01-22 00:11:38,439] INFO: pid:14948 done | load time: 4.096926927566528
[2021-01-22 00:11:38,439] INFO: loading model_fasttext_bibl_content
[2021-01-22 00:11:38,439] INFO: loading model_fasttext_bibl_content
[2021-01-22 00:11:38,440] INFO: loading FastText object from /Users/neo1/PycharmProjects/vec4irltr/model/ir/20210121231330551/model_fasttext_bibl_content
[2021-01-22 00:11:38,440] INFO: loading FastText object from /Users/neo1/PycharmProjects/vec4irltr/model/ir/20210121231330551/model_fasttext_bibl_content
[2021-01-22 00:11:38,463] INFO: loading wv recursively from /Users/neo1/PycharmProjects/vec4irltr/model/ir/20210121231330551/model_fasttext_bibl_content.wv.* with mmap=None
[2021-01-22 00:11:38,463] INFO: loading wv recursively from /Users/neo1/PycharmProjects/vec4irltr/model/ir/20210121231330551/model_fasttext_bibl_content.wv.* with mmap=None
[2021-01-22 00:11:38,464] INFO: loading vectors_ngrams from /Users/neo1/PycharmProjects/vec4irltr/model/ir/20210121231330551/model_fasttext_bibl_content.wv.vectors_ngrams.npy with mmap=None
[2021-01-22 00:11:38,464] INFO: loading vectors_ngrams from /Users/neo1/PycharmProjects/vec4irltr/model/ir/20210121231330551/model_fasttext_bibl_content.wv.vectors_ngrams.npy with mmap=None
[2021-01-22 00:11:40,639] INFO: setting ignored attribute vectors_norm to None
[2021-01-22 00:11:40,639] INFO: setting ignored attribute vectors_norm to None
[2021-01-22 00:11:40,765] INFO: setting ignored attribute vectors_vocab_norm to None
[2021-01-22 00:11:40,765] INFO: setting ignored attribute vectors_vocab_norm to None
[2021-01-22 00:11:40,766] INFO: setting ignored attribute vectors_ngrams_norm to None
[2021-01-22 00:11:40,766] INFO: setting ignored attribute vectors_ngrams_norm to None
[2021-01-22 00:11:40,766] INFO: setting ignored attribute buckets_word to None
[2021-01-22 00:11:40,766] INFO: setting ignored attribute buckets_word to None
[2021-01-22 00:11:40,767] INFO: loading vocabulary recursively from /Users/neo1/PycharmProjects/vec4irltr/model/ir/20210121231330551/model_fasttext_bibl_content.vocabulary.* with mmap=None
[2021-01-22 00:11:40,767] INFO: loading vocabulary recursively from /Users/neo1/PycharmProjects/vec4irltr/model/ir/20210121231330551/model_fasttext_bibl_content.vocabulary.* with mmap=None
[2021-01-22 00:11:40,767] INFO: loading trainables recursively from /Users/neo1/PycharmProjects/vec4irltr/model/ir/20210121231330551/model_fasttext_bibl_content.trainables.* with mmap=None
[2021-01-22 00:11:40,767] INFO: loading trainables recursively from /Users/neo1/PycharmProjects/vec4irltr/model/ir/20210121231330551/model_fasttext_bibl_content.trainables.* with mmap=None
[2021-01-22 00:11:40,767] INFO: loading vectors_ngrams_lockf from /Users/neo1/PycharmProjects/vec4irltr/model/ir/20210121231330551/model_fasttext_bibl_content.trainables.vectors_ngrams_lockf.npy with mmap=None
[2021-01-22 00:11:40,767] INFO: loading vectors_ngrams_lockf from /Users/neo1/PycharmProjects/vec4irltr/model/ir/20210121231330551/model_fasttext_bibl_content.trainables.vectors_ngrams_lockf.npy with mmap=None
[2021-01-22 00:11:43,095] INFO: loaded /Users/neo1/PycharmProjects/vec4irltr/model/ir/20210121231330551/model_fasttext_bibl_content
[2021-01-22 00:11:43,095] INFO: loaded /Users/neo1/PycharmProjects/vec4irltr/model/ir/20210121231330551/model_fasttext_bibl_content
[2021-01-22 00:11:43,100] INFO: load time:4.660372018814087
[2021-01-22 00:11:43,100] INFO: load time:4.660372018814087
[2021-01-22 00:11:44,104] INFO: pid:14948 done | load time: 5.664440870285034
[2021-01-22 00:11:44,104] INFO: pid:14948 done | load time: 5.664440870285034
[2021-01-22 00:11:44,105] INFO: loading model_fasttext_bibl_econtent
[2021-01-22 00:11:44,105] INFO: loading model_fasttext_bibl_econtent
[2021-01-22 00:11:44,105] INFO: loading FastText object from /Users/neo1/PycharmProjects/vec4irltr/model/ir/20210121231330551/model_fasttext_bibl_econtent
[2021-01-22 00:11:44,105] INFO: loading FastText object from /Users/neo1/PycharmProjects/vec4irltr/model/ir/20210121231330551/model_fasttext_bibl_econtent
[2021-01-22 00:11:44,112] INFO: loading wv recursively from /Users/neo1/PycharmProjects/vec4irltr/model/ir/20210121231330551/model_fasttext_bibl_econtent.wv.* with mmap=None
[2021-01-22 00:11:44,112] INFO: loading wv recursively from /Users/neo1/PycharmProjects/vec4irltr/model/ir/20210121231330551/model_fasttext_bibl_econtent.wv.* with mmap=None
[2021-01-22 00:11:44,112] INFO: loading vectors_ngrams from /Users/neo1/PycharmProjects/vec4irltr/model/ir/20210121231330551/model_fasttext_bibl_econtent.wv.vectors_ngrams.npy with mmap=None
[2021-01-22 00:11:44,112] INFO: loading vectors_ngrams from /Users/neo1/PycharmProjects/vec4irltr/model/ir/20210121231330551/model_fasttext_bibl_econtent.wv.vectors_ngrams.npy with mmap=None
[2021-01-22 00:11:46,512] INFO: setting ignored attribute vectors_norm to None
[2021-01-22 00:11:46,512] INFO: setting ignored attribute vectors_norm to None
[2021-01-22 00:11:46,514] INFO: setting ignored attribute vectors_vocab_norm to None
[2021-01-22 00:11:46,514] INFO: setting ignored attribute vectors_vocab_norm to None
[2021-01-22 00:11:46,514] INFO: setting ignored attribute vectors_ngrams_norm to None
[2021-01-22 00:11:46,514] INFO: setting ignored attribute vectors_ngrams_norm to None
[2021-01-22 00:11:46,514] INFO: setting ignored attribute buckets_word to None
[2021-01-22 00:11:46,514] INFO: setting ignored attribute buckets_word to None
[2021-01-22 00:11:46,515] INFO: loading vocabulary recursively from /Users/neo1/PycharmProjects/vec4irltr/model/ir/20210121231330551/model_fasttext_bibl_econtent.vocabulary.* with mmap=None
[2021-01-22 00:11:46,515] INFO: loading vocabulary recursively from /Users/neo1/PycharmProjects/vec4irltr/model/ir/20210121231330551/model_fasttext_bibl_econtent.vocabulary.* with mmap=None
[2021-01-22 00:11:46,516] INFO: loading trainables recursively from /Users/neo1/PycharmProjects/vec4irltr/model/ir/20210121231330551/model_fasttext_bibl_econtent.trainables.* with mmap=None
[2021-01-22 00:11:46,516] INFO: loading trainables recursively from /Users/neo1/PycharmProjects/vec4irltr/model/ir/20210121231330551/model_fasttext_bibl_econtent.trainables.* with mmap=None
[2021-01-22 00:11:46,516] INFO: loading vectors_ngrams_lockf from /Users/neo1/PycharmProjects/vec4irltr/model/ir/20210121231330551/model_fasttext_bibl_econtent.trainables.vectors_ngrams_lockf.npy with mmap=None
[2021-01-22 00:11:46,516] INFO: loading vectors_ngrams_lockf from /Users/neo1/PycharmProjects/vec4irltr/model/ir/20210121231330551/model_fasttext_bibl_econtent.trainables.vectors_ngrams_lockf.npy with mmap=None
[2021-01-22 00:11:48,607] INFO: loaded /Users/neo1/PycharmProjects/vec4irltr/model/ir/20210121231330551/model_fasttext_bibl_econtent
[2021-01-22 00:11:48,607] INFO: loaded /Users/neo1/PycharmProjects/vec4irltr/model/ir/20210121231330551/model_fasttext_bibl_econtent
[2021-01-22 00:11:48,607] INFO: load time:4.502421855926514
[2021-01-22 00:11:48,607] INFO: load time:4.502421855926514
[2021-01-22 00:11:49,613] INFO: pid:14948 done | load time: 5.508015871047974
[2021-01-22 00:11:49,613] INFO: pid:14948 done | load time: 5.508015871047974
[2021-01-22 00:13:03,446] INFO: loading model_word2vec_bibl_bible_bcn
[2021-01-22 00:13:03,446] INFO: loading model_word2vec_bibl_bible_bcn
[2021-01-22 00:13:03,450] INFO: loading Word2Vec object from /Users/neo1/PycharmProjects/vec4irltr/model/ir/20210121231330551/model_word2vec_bibl_bible_bcn
[2021-01-22 00:13:03,450] INFO: loading Word2Vec object from /Users/neo1/PycharmProjects/vec4irltr/model/ir/20210121231330551/model_word2vec_bibl_bible_bcn
[2021-01-22 00:13:03,453] INFO: loading wv recursively from /Users/neo1/PycharmProjects/vec4irltr/model/ir/20210121231330551/model_word2vec_bibl_bible_bcn.wv.* with mmap=None
[2021-01-22 00:13:03,453] INFO: loading wv recursively from /Users/neo1/PycharmProjects/vec4irltr/model/ir/20210121231330551/model_word2vec_bibl_bible_bcn.wv.* with mmap=None
[2021-01-22 00:13:03,454] INFO: setting ignored attribute vectors_norm to None
[2021-01-22 00:13:03,454] INFO: setting ignored attribute vectors_norm to None
[2021-01-22 00:13:03,454] INFO: loading vocabulary recursively from /Users/neo1/PycharmProjects/vec4irltr/model/ir/20210121231330551/model_word2vec_bibl_bible_bcn.vocabulary.* with mmap=None
[2021-01-22 00:13:03,454] INFO: loading vocabulary recursively from /Users/neo1/PycharmProjects/vec4irltr/model/ir/20210121231330551/model_word2vec_bibl_bible_bcn.vocabulary.* with mmap=None
[2021-01-22 00:13:03,455] INFO: loading trainables recursively from /Users/neo1/PycharmProjects/vec4irltr/model/ir/20210121231330551/model_word2vec_bibl_bible_bcn.trainables.* with mmap=None
[2021-01-22 00:13:03,455] INFO: loading trainables recursively from /Users/neo1/PycharmProjects/vec4irltr/model/ir/20210121231330551/model_word2vec_bibl_bible_bcn.trainables.* with mmap=None
[2021-01-22 00:13:03,455] INFO: setting ignored attribute cum_table to None
[2021-01-22 00:13:03,455] INFO: setting ignored attribute cum_table to None
[2021-01-22 00:13:03,456] INFO: loaded /Users/neo1/PycharmProjects/vec4irltr/model/ir/20210121231330551/model_word2vec_bibl_bible_bcn
[2021-01-22 00:13:03,456] INFO: loaded /Users/neo1/PycharmProjects/vec4irltr/model/ir/20210121231330551/model_word2vec_bibl_bible_bcn
[2021-01-22 00:13:03,457] INFO: load time:0.006945133209228516
[2021-01-22 00:13:03,457] INFO: load time:0.006945133209228516
[2021-01-22 00:13:04,462] INFO: pid:14948 done | load time: 1.012221336364746
[2021-01-22 00:13:04,462] INFO: pid:14948 done | load time: 1.012221336364746
[2021-01-22 00:13:04,462] INFO: loading model_word2vec_bibl_content
[2021-01-22 00:13:04,462] INFO: loading model_word2vec_bibl_content
[2021-01-22 00:13:04,463] INFO: loading Word2Vec object from /Users/neo1/PycharmProjects/vec4irltr/model/ir/20210121231330551/model_word2vec_bibl_content
[2021-01-22 00:13:04,463] INFO: loading Word2Vec object from /Users/neo1/PycharmProjects/vec4irltr/model/ir/20210121231330551/model_word2vec_bibl_content
[2021-01-22 00:13:04,481] INFO: loading wv recursively from /Users/neo1/PycharmProjects/vec4irltr/model/ir/20210121231330551/model_word2vec_bibl_content.wv.* with mmap=None
[2021-01-22 00:13:04,481] INFO: loading wv recursively from /Users/neo1/PycharmProjects/vec4irltr/model/ir/20210121231330551/model_word2vec_bibl_content.wv.* with mmap=None
[2021-01-22 00:13:04,482] INFO: setting ignored attribute vectors_norm to None
[2021-01-22 00:13:04,482] INFO: setting ignored attribute vectors_norm to None
[2021-01-22 00:13:04,483] INFO: loading vocabulary recursively from /Users/neo1/PycharmProjects/vec4irltr/model/ir/20210121231330551/model_word2vec_bibl_content.vocabulary.* with mmap=None
[2021-01-22 00:13:04,483] INFO: loading vocabulary recursively from /Users/neo1/PycharmProjects/vec4irltr/model/ir/20210121231330551/model_word2vec_bibl_content.vocabulary.* with mmap=None
[2021-01-22 00:13:04,483] INFO: loading trainables recursively from /Users/neo1/PycharmProjects/vec4irltr/model/ir/20210121231330551/model_word2vec_bibl_content.trainables.* with mmap=None
[2021-01-22 00:13:04,483] INFO: loading trainables recursively from /Users/neo1/PycharmProjects/vec4irltr/model/ir/20210121231330551/model_word2vec_bibl_content.trainables.* with mmap=None
[2021-01-22 00:13:04,484] INFO: setting ignored attribute cum_table to None
[2021-01-22 00:13:04,484] INFO: setting ignored attribute cum_table to None
[2021-01-22 00:13:04,484] INFO: loaded /Users/neo1/PycharmProjects/vec4irltr/model/ir/20210121231330551/model_word2vec_bibl_content
[2021-01-22 00:13:04,484] INFO: loaded /Users/neo1/PycharmProjects/vec4irltr/model/ir/20210121231330551/model_word2vec_bibl_content
[2021-01-22 00:13:04,487] INFO: load time:0.024361848831176758
[2021-01-22 00:13:04,487] INFO: load time:0.024361848831176758
[2021-01-22 00:13:05,493] INFO: pid:14948 done | load time: 1.0302138328552246
[2021-01-22 00:13:05,493] INFO: pid:14948 done | load time: 1.0302138328552246
[2021-01-22 00:13:05,493] INFO: loading model_word2vec_bibl_econtent
[2021-01-22 00:13:05,493] INFO: loading model_word2vec_bibl_econtent
[2021-01-22 00:13:05,494] INFO: loading Word2Vec object from /Users/neo1/PycharmProjects/vec4irltr/model/ir/20210121231330551/model_word2vec_bibl_econtent
[2021-01-22 00:13:05,494] INFO: loading Word2Vec object from /Users/neo1/PycharmProjects/vec4irltr/model/ir/20210121231330551/model_word2vec_bibl_econtent
[2021-01-22 00:13:05,498] INFO: loading wv recursively from /Users/neo1/PycharmProjects/vec4irltr/model/ir/20210121231330551/model_word2vec_bibl_econtent.wv.* with mmap=None
[2021-01-22 00:13:05,498] INFO: loading wv recursively from /Users/neo1/PycharmProjects/vec4irltr/model/ir/20210121231330551/model_word2vec_bibl_econtent.wv.* with mmap=None
[2021-01-22 00:13:05,499] INFO: setting ignored attribute vectors_norm to None
[2021-01-22 00:13:05,499] INFO: setting ignored attribute vectors_norm to None
[2021-01-22 00:13:05,499] INFO: loading vocabulary recursively from /Users/neo1/PycharmProjects/vec4irltr/model/ir/20210121231330551/model_word2vec_bibl_econtent.vocabulary.* with mmap=None
[2021-01-22 00:13:05,499] INFO: loading vocabulary recursively from /Users/neo1/PycharmProjects/vec4irltr/model/ir/20210121231330551/model_word2vec_bibl_econtent.vocabulary.* with mmap=None
[2021-01-22 00:13:05,499] INFO: loading trainables recursively from /Users/neo1/PycharmProjects/vec4irltr/model/ir/20210121231330551/model_word2vec_bibl_econtent.trainables.* with mmap=None
[2021-01-22 00:13:05,499] INFO: loading trainables recursively from /Users/neo1/PycharmProjects/vec4irltr/model/ir/20210121231330551/model_word2vec_bibl_econtent.trainables.* with mmap=None
[2021-01-22 00:13:05,500] INFO: setting ignored attribute cum_table to None
[2021-01-22 00:13:05,500] INFO: setting ignored attribute cum_table to None
[2021-01-22 00:13:05,500] INFO: loaded /Users/neo1/PycharmProjects/vec4irltr/model/ir/20210121231330551/model_word2vec_bibl_econtent
[2021-01-22 00:13:05,500] INFO: loaded /Users/neo1/PycharmProjects/vec4irltr/model/ir/20210121231330551/model_word2vec_bibl_econtent
[2021-01-22 00:13:05,500] INFO: load time:0.0065670013427734375
[2021-01-22 00:13:05,500] INFO: load time:0.0065670013427734375
[2021-01-22 00:13:06,504] INFO: pid:14948 done | load time: 1.0100302696228027
[2021-01-22 00:13:06,504] INFO: pid:14948 done | load time: 1.0100302696228027
[2021-01-22 00:13:10,862] INFO: loading model_fasttext_bibl_bible_bcn
[2021-01-22 00:13:10,862] INFO: loading model_fasttext_bibl_bible_bcn
[2021-01-22 00:13:10,862] INFO: loading FastText object from /Users/neo1/PycharmProjects/vec4irltr/model/ir/20210121231330551/model_fasttext_bibl_bible_bcn
[2021-01-22 00:13:10,862] INFO: loading FastText object from /Users/neo1/PycharmProjects/vec4irltr/model/ir/20210121231330551/model_fasttext_bibl_bible_bcn
[2021-01-22 00:13:10,869] INFO: loading wv recursively from /Users/neo1/PycharmProjects/vec4irltr/model/ir/20210121231330551/model_fasttext_bibl_bible_bcn.wv.* with mmap=None
[2021-01-22 00:13:10,869] INFO: loading wv recursively from /Users/neo1/PycharmProjects/vec4irltr/model/ir/20210121231330551/model_fasttext_bibl_bible_bcn.wv.* with mmap=None
[2021-01-22 00:13:10,869] INFO: loading vectors_ngrams from /Users/neo1/PycharmProjects/vec4irltr/model/ir/20210121231330551/model_fasttext_bibl_bible_bcn.wv.vectors_ngrams.npy with mmap=None
[2021-01-22 00:13:10,869] INFO: loading vectors_ngrams from /Users/neo1/PycharmProjects/vec4irltr/model/ir/20210121231330551/model_fasttext_bibl_bible_bcn.wv.vectors_ngrams.npy with mmap=None
[2021-01-22 00:13:12,395] INFO: setting ignored attribute vectors_norm to None
[2021-01-22 00:13:12,395] INFO: setting ignored attribute vectors_norm to None
[2021-01-22 00:13:12,395] INFO: setting ignored attribute vectors_vocab_norm to None
[2021-01-22 00:13:12,395] INFO: setting ignored attribute vectors_vocab_norm to None
[2021-01-22 00:13:12,396] INFO: setting ignored attribute vectors_ngrams_norm to None
[2021-01-22 00:13:12,396] INFO: setting ignored attribute vectors_ngrams_norm to None
[2021-01-22 00:13:12,396] INFO: setting ignored attribute buckets_word to None
[2021-01-22 00:13:12,396] INFO: setting ignored attribute buckets_word to None
[2021-01-22 00:13:12,396] INFO: loading vocabulary recursively from /Users/neo1/PycharmProjects/vec4irltr/model/ir/20210121231330551/model_fasttext_bibl_bible_bcn.vocabulary.* with mmap=None
[2021-01-22 00:13:12,396] INFO: loading vocabulary recursively from /Users/neo1/PycharmProjects/vec4irltr/model/ir/20210121231330551/model_fasttext_bibl_bible_bcn.vocabulary.* with mmap=None
[2021-01-22 00:13:12,397] INFO: loading trainables recursively from /Users/neo1/PycharmProjects/vec4irltr/model/ir/20210121231330551/model_fasttext_bibl_bible_bcn.trainables.* with mmap=None
[2021-01-22 00:13:12,397] INFO: loading trainables recursively from /Users/neo1/PycharmProjects/vec4irltr/model/ir/20210121231330551/model_fasttext_bibl_bible_bcn.trainables.* with mmap=None
[2021-01-22 00:13:12,397] INFO: loading vectors_ngrams_lockf from /Users/neo1/PycharmProjects/vec4irltr/model/ir/20210121231330551/model_fasttext_bibl_bible_bcn.trainables.vectors_ngrams_lockf.npy with mmap=None
[2021-01-22 00:13:12,397] INFO: loading vectors_ngrams_lockf from /Users/neo1/PycharmProjects/vec4irltr/model/ir/20210121231330551/model_fasttext_bibl_bible_bcn.trainables.vectors_ngrams_lockf.npy with mmap=None
[2021-01-22 00:13:13,861] INFO: loaded /Users/neo1/PycharmProjects/vec4irltr/model/ir/20210121231330551/model_fasttext_bibl_bible_bcn
[2021-01-22 00:13:13,861] INFO: loaded /Users/neo1/PycharmProjects/vec4irltr/model/ir/20210121231330551/model_fasttext_bibl_bible_bcn
[2021-01-22 00:13:13,862] INFO: load time:2.9998912811279297
[2021-01-22 00:13:13,862] INFO: load time:2.9998912811279297
[2021-01-22 00:13:14,863] INFO: pid:14948 done | load time: 4.0003392696380615
[2021-01-22 00:13:14,863] INFO: pid:14948 done | load time: 4.0003392696380615
[2021-01-22 00:13:14,863] INFO: loading model_fasttext_bibl_content
[2021-01-22 00:13:14,863] INFO: loading model_fasttext_bibl_content
[2021-01-22 00:13:14,864] INFO: loading FastText object from /Users/neo1/PycharmProjects/vec4irltr/model/ir/20210121231330551/model_fasttext_bibl_content
[2021-01-22 00:13:14,864] INFO: loading FastText object from /Users/neo1/PycharmProjects/vec4irltr/model/ir/20210121231330551/model_fasttext_bibl_content
[2021-01-22 00:13:14,887] INFO: loading wv recursively from /Users/neo1/PycharmProjects/vec4irltr/model/ir/20210121231330551/model_fasttext_bibl_content.wv.* with mmap=None
[2021-01-22 00:13:14,887] INFO: loading wv recursively from /Users/neo1/PycharmProjects/vec4irltr/model/ir/20210121231330551/model_fasttext_bibl_content.wv.* with mmap=None
[2021-01-22 00:13:14,888] INFO: loading vectors_ngrams from /Users/neo1/PycharmProjects/vec4irltr/model/ir/20210121231330551/model_fasttext_bibl_content.wv.vectors_ngrams.npy with mmap=None
[2021-01-22 00:13:14,888] INFO: loading vectors_ngrams from /Users/neo1/PycharmProjects/vec4irltr/model/ir/20210121231330551/model_fasttext_bibl_content.wv.vectors_ngrams.npy with mmap=None
[2021-01-22 00:13:15,911] INFO: setting ignored attribute vectors_norm to None
[2021-01-22 00:13:15,911] INFO: setting ignored attribute vectors_norm to None
[2021-01-22 00:13:15,913] INFO: setting ignored attribute vectors_vocab_norm to None
[2021-01-22 00:13:15,913] INFO: setting ignored attribute vectors_vocab_norm to None
[2021-01-22 00:13:15,914] INFO: setting ignored attribute vectors_ngrams_norm to None
[2021-01-22 00:13:15,914] INFO: setting ignored attribute vectors_ngrams_norm to None
[2021-01-22 00:13:15,914] INFO: setting ignored attribute buckets_word to None
[2021-01-22 00:13:15,914] INFO: setting ignored attribute buckets_word to None
[2021-01-22 00:13:15,914] INFO: loading vocabulary recursively from /Users/neo1/PycharmProjects/vec4irltr/model/ir/20210121231330551/model_fasttext_bibl_content.vocabulary.* with mmap=None
[2021-01-22 00:13:15,914] INFO: loading vocabulary recursively from /Users/neo1/PycharmProjects/vec4irltr/model/ir/20210121231330551/model_fasttext_bibl_content.vocabulary.* with mmap=None
[2021-01-22 00:13:15,915] INFO: loading trainables recursively from /Users/neo1/PycharmProjects/vec4irltr/model/ir/20210121231330551/model_fasttext_bibl_content.trainables.* with mmap=None
[2021-01-22 00:13:15,915] INFO: loading trainables recursively from /Users/neo1/PycharmProjects/vec4irltr/model/ir/20210121231330551/model_fasttext_bibl_content.trainables.* with mmap=None
[2021-01-22 00:13:15,915] INFO: loading vectors_ngrams_lockf from /Users/neo1/PycharmProjects/vec4irltr/model/ir/20210121231330551/model_fasttext_bibl_content.trainables.vectors_ngrams_lockf.npy with mmap=None
[2021-01-22 00:13:15,915] INFO: loading vectors_ngrams_lockf from /Users/neo1/PycharmProjects/vec4irltr/model/ir/20210121231330551/model_fasttext_bibl_content.trainables.vectors_ngrams_lockf.npy with mmap=None
[2021-01-22 00:13:17,723] INFO: loaded /Users/neo1/PycharmProjects/vec4irltr/model/ir/20210121231330551/model_fasttext_bibl_content
[2021-01-22 00:13:17,723] INFO: loaded /Users/neo1/PycharmProjects/vec4irltr/model/ir/20210121231330551/model_fasttext_bibl_content
[2021-01-22 00:13:17,726] INFO: load time:2.862058401107788
[2021-01-22 00:13:17,726] INFO: load time:2.862058401107788
[2021-01-22 00:13:18,731] INFO: pid:14948 done | load time: 3.8674352169036865
[2021-01-22 00:13:18,731] INFO: pid:14948 done | load time: 3.8674352169036865
[2021-01-22 00:13:18,732] INFO: loading model_fasttext_bibl_econtent
[2021-01-22 00:13:18,732] INFO: loading model_fasttext_bibl_econtent
[2021-01-22 00:13:18,732] INFO: loading FastText object from /Users/neo1/PycharmProjects/vec4irltr/model/ir/20210121231330551/model_fasttext_bibl_econtent
[2021-01-22 00:13:18,732] INFO: loading FastText object from /Users/neo1/PycharmProjects/vec4irltr/model/ir/20210121231330551/model_fasttext_bibl_econtent
[2021-01-22 00:13:18,737] INFO: loading wv recursively from /Users/neo1/PycharmProjects/vec4irltr/model/ir/20210121231330551/model_fasttext_bibl_econtent.wv.* with mmap=None
[2021-01-22 00:13:18,737] INFO: loading wv recursively from /Users/neo1/PycharmProjects/vec4irltr/model/ir/20210121231330551/model_fasttext_bibl_econtent.wv.* with mmap=None
[2021-01-22 00:13:18,737] INFO: loading vectors_ngrams from /Users/neo1/PycharmProjects/vec4irltr/model/ir/20210121231330551/model_fasttext_bibl_econtent.wv.vectors_ngrams.npy with mmap=None
[2021-01-22 00:13:18,737] INFO: loading vectors_ngrams from /Users/neo1/PycharmProjects/vec4irltr/model/ir/20210121231330551/model_fasttext_bibl_econtent.wv.vectors_ngrams.npy with mmap=None
[2021-01-22 00:13:20,748] INFO: setting ignored attribute vectors_norm to None
[2021-01-22 00:13:20,748] INFO: setting ignored attribute vectors_norm to None
[2021-01-22 00:13:20,748] INFO: setting ignored attribute vectors_vocab_norm to None
[2021-01-22 00:13:20,748] INFO: setting ignored attribute vectors_vocab_norm to None
[2021-01-22 00:13:20,749] INFO: setting ignored attribute vectors_ngrams_norm to None
[2021-01-22 00:13:20,749] INFO: setting ignored attribute vectors_ngrams_norm to None
[2021-01-22 00:13:20,749] INFO: setting ignored attribute buckets_word to None
[2021-01-22 00:13:20,749] INFO: setting ignored attribute buckets_word to None
[2021-01-22 00:13:20,750] INFO: loading vocabulary recursively from /Users/neo1/PycharmProjects/vec4irltr/model/ir/20210121231330551/model_fasttext_bibl_econtent.vocabulary.* with mmap=None
[2021-01-22 00:13:20,750] INFO: loading vocabulary recursively from /Users/neo1/PycharmProjects/vec4irltr/model/ir/20210121231330551/model_fasttext_bibl_econtent.vocabulary.* with mmap=None
[2021-01-22 00:13:20,750] INFO: loading trainables recursively from /Users/neo1/PycharmProjects/vec4irltr/model/ir/20210121231330551/model_fasttext_bibl_econtent.trainables.* with mmap=None
[2021-01-22 00:13:20,750] INFO: loading trainables recursively from /Users/neo1/PycharmProjects/vec4irltr/model/ir/20210121231330551/model_fasttext_bibl_econtent.trainables.* with mmap=None
[2021-01-22 00:13:20,751] INFO: loading vectors_ngrams_lockf from /Users/neo1/PycharmProjects/vec4irltr/model/ir/20210121231330551/model_fasttext_bibl_econtent.trainables.vectors_ngrams_lockf.npy with mmap=None
[2021-01-22 00:13:20,751] INFO: loading vectors_ngrams_lockf from /Users/neo1/PycharmProjects/vec4irltr/model/ir/20210121231330551/model_fasttext_bibl_econtent.trainables.vectors_ngrams_lockf.npy with mmap=None
[2021-01-22 00:13:22,230] INFO: loaded /Users/neo1/PycharmProjects/vec4irltr/model/ir/20210121231330551/model_fasttext_bibl_econtent
[2021-01-22 00:13:22,230] INFO: loaded /Users/neo1/PycharmProjects/vec4irltr/model/ir/20210121231330551/model_fasttext_bibl_econtent
[2021-01-22 00:13:22,230] INFO: load time:3.498466968536377
[2021-01-22 00:13:22,230] INFO: load time:3.498466968536377
[2021-01-22 00:13:23,236] INFO: pid:14948 done | load time: 4.503666162490845
[2021-01-22 00:13:23,236] INFO: pid:14948 done | load time: 4.503666162490845
