[2021-01-23 13:07:30,633] INFO: set_init_models_and_get_retrievals
[2021-01-23 13:07:30,633] INFO: set_init_models_and_get_retrievals
[2021-01-23 13:07:30,638] INFO: loading model_word2vec_bibl_bible_bcn
[2021-01-23 13:07:30,638] INFO: loading model_word2vec_bibl_bible_bcn
[2021-01-23 13:07:30,640] INFO: loading Word2Vec object from /Users/neo1/PycharmProjects/vec4irltr/model/ir/20210121231330551/model_word2vec_bibl_bible_bcn
[2021-01-23 13:07:30,640] INFO: loading Word2Vec object from /Users/neo1/PycharmProjects/vec4irltr/model/ir/20210121231330551/model_word2vec_bibl_bible_bcn
[2021-01-23 13:07:30,648] INFO: loading wv recursively from /Users/neo1/PycharmProjects/vec4irltr/model/ir/20210121231330551/model_word2vec_bibl_bible_bcn.wv.* with mmap=None
[2021-01-23 13:07:30,648] INFO: loading wv recursively from /Users/neo1/PycharmProjects/vec4irltr/model/ir/20210121231330551/model_word2vec_bibl_bible_bcn.wv.* with mmap=None
[2021-01-23 13:07:30,649] INFO: setting ignored attribute vectors_norm to None
[2021-01-23 13:07:30,649] INFO: setting ignored attribute vectors_norm to None
[2021-01-23 13:07:30,650] INFO: loading vocabulary recursively from /Users/neo1/PycharmProjects/vec4irltr/model/ir/20210121231330551/model_word2vec_bibl_bible_bcn.vocabulary.* with mmap=None
[2021-01-23 13:07:30,650] INFO: loading vocabulary recursively from /Users/neo1/PycharmProjects/vec4irltr/model/ir/20210121231330551/model_word2vec_bibl_bible_bcn.vocabulary.* with mmap=None
[2021-01-23 13:07:30,651] INFO: loading trainables recursively from /Users/neo1/PycharmProjects/vec4irltr/model/ir/20210121231330551/model_word2vec_bibl_bible_bcn.trainables.* with mmap=None
[2021-01-23 13:07:30,651] INFO: loading trainables recursively from /Users/neo1/PycharmProjects/vec4irltr/model/ir/20210121231330551/model_word2vec_bibl_bible_bcn.trainables.* with mmap=None
[2021-01-23 13:07:30,652] INFO: setting ignored attribute cum_table to None
[2021-01-23 13:07:30,652] INFO: setting ignored attribute cum_table to None
[2021-01-23 13:07:30,653] INFO: loaded /Users/neo1/PycharmProjects/vec4irltr/model/ir/20210121231330551/model_word2vec_bibl_bible_bcn
[2021-01-23 13:07:30,653] INFO: loaded /Users/neo1/PycharmProjects/vec4irltr/model/ir/20210121231330551/model_word2vec_bibl_bible_bcn
[2021-01-23 13:07:30,654] INFO: load time:0.01483917236328125
[2021-01-23 13:07:30,654] INFO: load time:0.01483917236328125
[2021-01-23 13:07:31,657] INFO: pid:14498 done | load time: 1.0174548625946045
[2021-01-23 13:07:31,657] INFO: pid:14498 done | load time: 1.0174548625946045
[2021-01-23 13:07:31,658] INFO: loading model_word2vec_bibl_content
[2021-01-23 13:07:31,658] INFO: loading model_word2vec_bibl_content
[2021-01-23 13:07:31,658] INFO: loading Word2Vec object from /Users/neo1/PycharmProjects/vec4irltr/model/ir/20210121231330551/model_word2vec_bibl_content
[2021-01-23 13:07:31,658] INFO: loading Word2Vec object from /Users/neo1/PycharmProjects/vec4irltr/model/ir/20210121231330551/model_word2vec_bibl_content
[2021-01-23 13:07:31,676] INFO: loading wv recursively from /Users/neo1/PycharmProjects/vec4irltr/model/ir/20210121231330551/model_word2vec_bibl_content.wv.* with mmap=None
[2021-01-23 13:07:31,676] INFO: loading wv recursively from /Users/neo1/PycharmProjects/vec4irltr/model/ir/20210121231330551/model_word2vec_bibl_content.wv.* with mmap=None
[2021-01-23 13:07:31,677] INFO: setting ignored attribute vectors_norm to None
[2021-01-23 13:07:31,677] INFO: setting ignored attribute vectors_norm to None
[2021-01-23 13:07:31,678] INFO: loading vocabulary recursively from /Users/neo1/PycharmProjects/vec4irltr/model/ir/20210121231330551/model_word2vec_bibl_content.vocabulary.* with mmap=None
[2021-01-23 13:07:31,678] INFO: loading vocabulary recursively from /Users/neo1/PycharmProjects/vec4irltr/model/ir/20210121231330551/model_word2vec_bibl_content.vocabulary.* with mmap=None
[2021-01-23 13:07:31,679] INFO: loading trainables recursively from /Users/neo1/PycharmProjects/vec4irltr/model/ir/20210121231330551/model_word2vec_bibl_content.trainables.* with mmap=None
[2021-01-23 13:07:31,679] INFO: loading trainables recursively from /Users/neo1/PycharmProjects/vec4irltr/model/ir/20210121231330551/model_word2vec_bibl_content.trainables.* with mmap=None
[2021-01-23 13:07:31,679] INFO: setting ignored attribute cum_table to None
[2021-01-23 13:07:31,679] INFO: setting ignored attribute cum_table to None
[2021-01-23 13:07:31,680] INFO: loaded /Users/neo1/PycharmProjects/vec4irltr/model/ir/20210121231330551/model_word2vec_bibl_content
[2021-01-23 13:07:31,680] INFO: loaded /Users/neo1/PycharmProjects/vec4irltr/model/ir/20210121231330551/model_word2vec_bibl_content
[2021-01-23 13:07:31,684] INFO: load time:0.02535104751586914
[2021-01-23 13:07:31,684] INFO: load time:0.02535104751586914
[2021-01-23 13:07:32,689] INFO: pid:14498 done | load time: 1.0306999683380127
[2021-01-23 13:07:32,689] INFO: pid:14498 done | load time: 1.0306999683380127
[2021-01-23 13:07:32,690] INFO: loading model_word2vec_bibl_econtent
[2021-01-23 13:07:32,690] INFO: loading model_word2vec_bibl_econtent
[2021-01-23 13:07:32,691] INFO: loading Word2Vec object from /Users/neo1/PycharmProjects/vec4irltr/model/ir/20210121231330551/model_word2vec_bibl_econtent
[2021-01-23 13:07:32,691] INFO: loading Word2Vec object from /Users/neo1/PycharmProjects/vec4irltr/model/ir/20210121231330551/model_word2vec_bibl_econtent
[2021-01-23 13:07:32,693] INFO: loading wv recursively from /Users/neo1/PycharmProjects/vec4irltr/model/ir/20210121231330551/model_word2vec_bibl_econtent.wv.* with mmap=None
[2021-01-23 13:07:32,693] INFO: loading wv recursively from /Users/neo1/PycharmProjects/vec4irltr/model/ir/20210121231330551/model_word2vec_bibl_econtent.wv.* with mmap=None
[2021-01-23 13:07:32,694] INFO: setting ignored attribute vectors_norm to None
[2021-01-23 13:07:32,694] INFO: setting ignored attribute vectors_norm to None
[2021-01-23 13:07:32,695] INFO: loading vocabulary recursively from /Users/neo1/PycharmProjects/vec4irltr/model/ir/20210121231330551/model_word2vec_bibl_econtent.vocabulary.* with mmap=None
[2021-01-23 13:07:32,695] INFO: loading vocabulary recursively from /Users/neo1/PycharmProjects/vec4irltr/model/ir/20210121231330551/model_word2vec_bibl_econtent.vocabulary.* with mmap=None
[2021-01-23 13:07:32,696] INFO: loading trainables recursively from /Users/neo1/PycharmProjects/vec4irltr/model/ir/20210121231330551/model_word2vec_bibl_econtent.trainables.* with mmap=None
[2021-01-23 13:07:32,696] INFO: loading trainables recursively from /Users/neo1/PycharmProjects/vec4irltr/model/ir/20210121231330551/model_word2vec_bibl_econtent.trainables.* with mmap=None
[2021-01-23 13:07:32,697] INFO: setting ignored attribute cum_table to None
[2021-01-23 13:07:32,697] INFO: setting ignored attribute cum_table to None
[2021-01-23 13:07:32,697] INFO: loaded /Users/neo1/PycharmProjects/vec4irltr/model/ir/20210121231330551/model_word2vec_bibl_econtent
[2021-01-23 13:07:32,697] INFO: loaded /Users/neo1/PycharmProjects/vec4irltr/model/ir/20210121231330551/model_word2vec_bibl_econtent
[2021-01-23 13:07:32,698] INFO: load time:0.0073468685150146484
[2021-01-23 13:07:32,698] INFO: load time:0.0073468685150146484
[2021-01-23 13:07:33,703] INFO: pid:14498 done | load time: 1.012082815170288
[2021-01-23 13:07:33,703] INFO: pid:14498 done | load time: 1.012082815170288
