[2021-02-01 22:27:30,483] INFO: set_init_models_and_get_retrievals
[2021-02-01 22:27:30,483] INFO: set_init_models_and_get_retrievals
[2021-02-01 22:27:30,487] INFO: loading model_word2vec_bibl_bible_bcn
[2021-02-01 22:27:30,487] INFO: loading model_word2vec_bibl_bible_bcn
[2021-02-01 22:27:30,487] INFO: loading Word2Vec object from /Users/neo1/PycharmProjects/vec4irltr/model/ir/20210127210618894/model_word2vec_bibl_bible_bcn
[2021-02-01 22:27:30,487] INFO: loading Word2Vec object from /Users/neo1/PycharmProjects/vec4irltr/model/ir/20210127210618894/model_word2vec_bibl_bible_bcn
[2021-02-01 22:27:30,490] INFO: loading wv recursively from /Users/neo1/PycharmProjects/vec4irltr/model/ir/20210127210618894/model_word2vec_bibl_bible_bcn.wv.* with mmap=None
[2021-02-01 22:27:30,490] INFO: loading wv recursively from /Users/neo1/PycharmProjects/vec4irltr/model/ir/20210127210618894/model_word2vec_bibl_bible_bcn.wv.* with mmap=None
[2021-02-01 22:27:30,490] INFO: setting ignored attribute vectors_norm to None
[2021-02-01 22:27:30,490] INFO: setting ignored attribute vectors_norm to None
[2021-02-01 22:27:30,490] INFO: loading vocabulary recursively from /Users/neo1/PycharmProjects/vec4irltr/model/ir/20210127210618894/model_word2vec_bibl_bible_bcn.vocabulary.* with mmap=None
[2021-02-01 22:27:30,490] INFO: loading vocabulary recursively from /Users/neo1/PycharmProjects/vec4irltr/model/ir/20210127210618894/model_word2vec_bibl_bible_bcn.vocabulary.* with mmap=None
[2021-02-01 22:27:30,491] INFO: loading trainables recursively from /Users/neo1/PycharmProjects/vec4irltr/model/ir/20210127210618894/model_word2vec_bibl_bible_bcn.trainables.* with mmap=None
[2021-02-01 22:27:30,491] INFO: loading trainables recursively from /Users/neo1/PycharmProjects/vec4irltr/model/ir/20210127210618894/model_word2vec_bibl_bible_bcn.trainables.* with mmap=None
[2021-02-01 22:27:30,491] INFO: setting ignored attribute cum_table to None
[2021-02-01 22:27:30,491] INFO: setting ignored attribute cum_table to None
[2021-02-01 22:27:30,492] INFO: loaded /Users/neo1/PycharmProjects/vec4irltr/model/ir/20210127210618894/model_word2vec_bibl_bible_bcn
[2021-02-01 22:27:30,492] INFO: loaded /Users/neo1/PycharmProjects/vec4irltr/model/ir/20210127210618894/model_word2vec_bibl_bible_bcn
[2021-02-01 22:27:30,492] INFO: load time:0.004971742630004883
[2021-02-01 22:27:30,492] INFO: load time:0.004971742630004883
[2021-02-01 22:27:31,494] INFO: pid:48105 done | load time: 1.0066606998443604
[2021-02-01 22:27:31,494] INFO: pid:48105 done | load time: 1.0066606998443604
[2021-02-01 22:27:31,495] INFO: loading model_word2vec_bibl_content
[2021-02-01 22:27:31,495] INFO: loading model_word2vec_bibl_content
[2021-02-01 22:27:31,495] INFO: loading Word2Vec object from /Users/neo1/PycharmProjects/vec4irltr/model/ir/20210127210618894/model_word2vec_bibl_content
[2021-02-01 22:27:31,495] INFO: loading Word2Vec object from /Users/neo1/PycharmProjects/vec4irltr/model/ir/20210127210618894/model_word2vec_bibl_content
[2021-02-01 22:27:31,507] INFO: loading wv recursively from /Users/neo1/PycharmProjects/vec4irltr/model/ir/20210127210618894/model_word2vec_bibl_content.wv.* with mmap=None
[2021-02-01 22:27:31,507] INFO: loading wv recursively from /Users/neo1/PycharmProjects/vec4irltr/model/ir/20210127210618894/model_word2vec_bibl_content.wv.* with mmap=None
[2021-02-01 22:27:31,507] INFO: setting ignored attribute vectors_norm to None
[2021-02-01 22:27:31,507] INFO: setting ignored attribute vectors_norm to None
[2021-02-01 22:27:31,507] INFO: loading vocabulary recursively from /Users/neo1/PycharmProjects/vec4irltr/model/ir/20210127210618894/model_word2vec_bibl_content.vocabulary.* with mmap=None
[2021-02-01 22:27:31,507] INFO: loading vocabulary recursively from /Users/neo1/PycharmProjects/vec4irltr/model/ir/20210127210618894/model_word2vec_bibl_content.vocabulary.* with mmap=None
[2021-02-01 22:27:31,508] INFO: loading trainables recursively from /Users/neo1/PycharmProjects/vec4irltr/model/ir/20210127210618894/model_word2vec_bibl_content.trainables.* with mmap=None
[2021-02-01 22:27:31,508] INFO: loading trainables recursively from /Users/neo1/PycharmProjects/vec4irltr/model/ir/20210127210618894/model_word2vec_bibl_content.trainables.* with mmap=None
[2021-02-01 22:27:31,508] INFO: setting ignored attribute cum_table to None
[2021-02-01 22:27:31,508] INFO: setting ignored attribute cum_table to None
[2021-02-01 22:27:31,508] INFO: loaded /Users/neo1/PycharmProjects/vec4irltr/model/ir/20210127210618894/model_word2vec_bibl_content
[2021-02-01 22:27:31,508] INFO: loaded /Users/neo1/PycharmProjects/vec4irltr/model/ir/20210127210618894/model_word2vec_bibl_content
[2021-02-01 22:27:31,511] INFO: load time:0.015581846237182617
[2021-02-01 22:27:31,511] INFO: load time:0.015581846237182617
[2021-02-01 22:27:32,512] INFO: pid:48105 done | load time: 1.0172109603881836
[2021-02-01 22:27:32,512] INFO: pid:48105 done | load time: 1.0172109603881836
[2021-02-01 22:27:32,513] INFO: loading model_word2vec_bibl_econtent
[2021-02-01 22:27:32,513] INFO: loading model_word2vec_bibl_econtent
[2021-02-01 22:27:32,513] INFO: loading Word2Vec object from /Users/neo1/PycharmProjects/vec4irltr/model/ir/20210127210618894/model_word2vec_bibl_econtent
[2021-02-01 22:27:32,513] INFO: loading Word2Vec object from /Users/neo1/PycharmProjects/vec4irltr/model/ir/20210127210618894/model_word2vec_bibl_econtent
[2021-02-01 22:27:32,515] INFO: loading wv recursively from /Users/neo1/PycharmProjects/vec4irltr/model/ir/20210127210618894/model_word2vec_bibl_econtent.wv.* with mmap=None
[2021-02-01 22:27:32,515] INFO: loading wv recursively from /Users/neo1/PycharmProjects/vec4irltr/model/ir/20210127210618894/model_word2vec_bibl_econtent.wv.* with mmap=None
[2021-02-01 22:27:32,515] INFO: setting ignored attribute vectors_norm to None
[2021-02-01 22:27:32,515] INFO: setting ignored attribute vectors_norm to None
[2021-02-01 22:27:32,515] INFO: loading vocabulary recursively from /Users/neo1/PycharmProjects/vec4irltr/model/ir/20210127210618894/model_word2vec_bibl_econtent.vocabulary.* with mmap=None
[2021-02-01 22:27:32,515] INFO: loading vocabulary recursively from /Users/neo1/PycharmProjects/vec4irltr/model/ir/20210127210618894/model_word2vec_bibl_econtent.vocabulary.* with mmap=None
[2021-02-01 22:27:32,516] INFO: loading trainables recursively from /Users/neo1/PycharmProjects/vec4irltr/model/ir/20210127210618894/model_word2vec_bibl_econtent.trainables.* with mmap=None
[2021-02-01 22:27:32,516] INFO: loading trainables recursively from /Users/neo1/PycharmProjects/vec4irltr/model/ir/20210127210618894/model_word2vec_bibl_econtent.trainables.* with mmap=None
[2021-02-01 22:27:32,516] INFO: setting ignored attribute cum_table to None
[2021-02-01 22:27:32,516] INFO: setting ignored attribute cum_table to None
[2021-02-01 22:27:32,516] INFO: loaded /Users/neo1/PycharmProjects/vec4irltr/model/ir/20210127210618894/model_word2vec_bibl_econtent
[2021-02-01 22:27:32,516] INFO: loaded /Users/neo1/PycharmProjects/vec4irltr/model/ir/20210127210618894/model_word2vec_bibl_econtent
[2021-02-01 22:27:32,517] INFO: load time:0.0038840770721435547
[2021-02-01 22:27:32,517] INFO: load time:0.0038840770721435547
[2021-02-01 22:27:33,520] INFO: pid:48105 done | load time: 1.006908893585205
[2021-02-01 22:27:33,520] INFO: pid:48105 done | load time: 1.006908893585205
[2021-02-01 22:27:39,276] INFO: api/search?q=태초에 하나님께서 천지를
[2021-02-01 22:27:39,276] INFO: api/search?q=태초에 하나님께서 천지를
[2021-02-01 22:27:43,789] INFO: api/search?q=태초에 하나님께서 천지를
[2021-02-01 22:27:43,789] INFO: api/search?q=태초에 하나님께서 천지를
[2021-02-01 22:27:51,868] INFO: api/search?q=태초에 하나님께서 천지를 창조하시고
[2021-02-01 22:27:51,868] INFO: api/search?q=태초에 하나님께서 천지를 창조하시고
[2021-02-01 22:28:03,446] INFO: api/search?q=태초에 하나님께서 천지를 창조하시고 이 우주도 창조하시고
[2021-02-01 22:28:03,446] INFO: api/search?q=태초에 하나님께서 천지를 창조하시고 이 우주도 창조하시고
[2021-02-01 22:28:14,584] INFO: api/search?q=태초에 하나님께서 천지를 창조하시고 이 우주도 창조하시고 많은 것을 창조 하셨도다.....
[2021-02-01 22:28:14,584] INFO: api/search?q=태초에 하나님께서 천지를 창조하시고 이 우주도 창조하시고 많은 것을 창조 하셨도다.....
[2021-02-01 22:28:43,379] INFO: api/search?q=태초에 하나님께서 천지를 창조하시고 이 우주도 창조하시고 많은 것을 창조 하셨도다..... 역시 나는 베드로 요한
[2021-02-01 22:28:43,379] INFO: api/search?q=태초에 하나님께서 천지를 창조하시고 이 우주도 창조하시고 많은 것을 창조 하셨도다..... 역시 나는 베드로 요한
[2021-02-01 22:29:10,503] INFO: api/search?q=태초에 하나님께서 천지를 창조하시고 이 우주도 창조하시고 많은 것을 창조 하셨도다..... 역시 나는 베드로 요한 가나안
[2021-02-01 22:29:10,503] INFO: api/search?q=태초에 하나님께서 천지를 창조하시고 이 우주도 창조하시고 많은 것을 창조 하셨도다..... 역시 나는 베드로 요한 가나안
[2021-02-01 22:29:21,195] INFO: api/search?q=태초에 하나님께서 천지를 창조하시고 이 우주도 창조하시고 많은 것을 창조 하셨도다..... 역시 나는 베드로 요한 가나안 이집트
[2021-02-01 22:29:21,195] INFO: api/search?q=태초에 하나님께서 천지를 창조하시고 이 우주도 창조하시고 많은 것을 창조 하셨도다..... 역시 나는 베드로 요한 가나안 이집트
[2021-02-01 22:29:26,599] INFO: api/search?q=태초에 하나님께서 천지를 창조하시고 이 우주도 창조하시고 많은 것을 창조 하셨도다..... 역시 나는 베드로 요한 가나안 이집트 어디를 가나
[2021-02-01 22:29:26,599] INFO: api/search?q=태초에 하나님께서 천지를 창조하시고 이 우주도 창조하시고 많은 것을 창조 하셨도다..... 역시 나는 베드로 요한 가나안 이집트 어디를 가나
