[2021-01-23 22:38:34,838] INFO: set_init_models_and_get_retrievals
[2021-01-23 22:38:34,838] INFO: set_init_models_and_get_retrievals
[2021-01-23 22:38:34,841] INFO: loading model_word2vec_bibl_bible_bcn
[2021-01-23 22:38:34,841] INFO: loading model_word2vec_bibl_bible_bcn
[2021-01-23 22:38:34,842] INFO: loading Word2Vec object from /Users/neo1/PycharmProjects/vec4irltr/model/ir/20210121231330551/model_word2vec_bibl_bible_bcn
[2021-01-23 22:38:34,842] INFO: loading Word2Vec object from /Users/neo1/PycharmProjects/vec4irltr/model/ir/20210121231330551/model_word2vec_bibl_bible_bcn
[2021-01-23 22:38:34,846] INFO: loading wv recursively from /Users/neo1/PycharmProjects/vec4irltr/model/ir/20210121231330551/model_word2vec_bibl_bible_bcn.wv.* with mmap=None
[2021-01-23 22:38:34,846] INFO: loading wv recursively from /Users/neo1/PycharmProjects/vec4irltr/model/ir/20210121231330551/model_word2vec_bibl_bible_bcn.wv.* with mmap=None
[2021-01-23 22:38:34,846] INFO: setting ignored attribute vectors_norm to None
[2021-01-23 22:38:34,846] INFO: setting ignored attribute vectors_norm to None
[2021-01-23 22:38:34,847] INFO: loading vocabulary recursively from /Users/neo1/PycharmProjects/vec4irltr/model/ir/20210121231330551/model_word2vec_bibl_bible_bcn.vocabulary.* with mmap=None
[2021-01-23 22:38:34,847] INFO: loading vocabulary recursively from /Users/neo1/PycharmProjects/vec4irltr/model/ir/20210121231330551/model_word2vec_bibl_bible_bcn.vocabulary.* with mmap=None
[2021-01-23 22:38:34,847] INFO: loading trainables recursively from /Users/neo1/PycharmProjects/vec4irltr/model/ir/20210121231330551/model_word2vec_bibl_bible_bcn.trainables.* with mmap=None
[2021-01-23 22:38:34,847] INFO: loading trainables recursively from /Users/neo1/PycharmProjects/vec4irltr/model/ir/20210121231330551/model_word2vec_bibl_bible_bcn.trainables.* with mmap=None
[2021-01-23 22:38:34,848] INFO: setting ignored attribute cum_table to None
[2021-01-23 22:38:34,848] INFO: setting ignored attribute cum_table to None
[2021-01-23 22:38:34,848] INFO: loaded /Users/neo1/PycharmProjects/vec4irltr/model/ir/20210121231330551/model_word2vec_bibl_bible_bcn
[2021-01-23 22:38:34,848] INFO: loaded /Users/neo1/PycharmProjects/vec4irltr/model/ir/20210121231330551/model_word2vec_bibl_bible_bcn
[2021-01-23 22:38:34,849] INFO: load time:0.0066258907318115234
[2021-01-23 22:38:34,849] INFO: load time:0.0066258907318115234
[2021-01-23 22:38:35,852] INFO: pid:55174 done | load time: 1.0097649097442627
[2021-01-23 22:38:35,852] INFO: pid:55174 done | load time: 1.0097649097442627
[2021-01-23 22:38:35,852] INFO: loading model_word2vec_bibl_content
[2021-01-23 22:38:35,852] INFO: loading model_word2vec_bibl_content
[2021-01-23 22:38:35,853] INFO: loading Word2Vec object from /Users/neo1/PycharmProjects/vec4irltr/model/ir/20210121231330551/model_word2vec_bibl_content
[2021-01-23 22:38:35,853] INFO: loading Word2Vec object from /Users/neo1/PycharmProjects/vec4irltr/model/ir/20210121231330551/model_word2vec_bibl_content
[2021-01-23 22:38:35,868] INFO: loading wv recursively from /Users/neo1/PycharmProjects/vec4irltr/model/ir/20210121231330551/model_word2vec_bibl_content.wv.* with mmap=None
[2021-01-23 22:38:35,868] INFO: loading wv recursively from /Users/neo1/PycharmProjects/vec4irltr/model/ir/20210121231330551/model_word2vec_bibl_content.wv.* with mmap=None
[2021-01-23 22:38:35,868] INFO: setting ignored attribute vectors_norm to None
[2021-01-23 22:38:35,868] INFO: setting ignored attribute vectors_norm to None
[2021-01-23 22:38:35,869] INFO: loading vocabulary recursively from /Users/neo1/PycharmProjects/vec4irltr/model/ir/20210121231330551/model_word2vec_bibl_content.vocabulary.* with mmap=None
[2021-01-23 22:38:35,869] INFO: loading vocabulary recursively from /Users/neo1/PycharmProjects/vec4irltr/model/ir/20210121231330551/model_word2vec_bibl_content.vocabulary.* with mmap=None
[2021-01-23 22:38:35,869] INFO: loading trainables recursively from /Users/neo1/PycharmProjects/vec4irltr/model/ir/20210121231330551/model_word2vec_bibl_content.trainables.* with mmap=None
[2021-01-23 22:38:35,869] INFO: loading trainables recursively from /Users/neo1/PycharmProjects/vec4irltr/model/ir/20210121231330551/model_word2vec_bibl_content.trainables.* with mmap=None
[2021-01-23 22:38:35,869] INFO: setting ignored attribute cum_table to None
[2021-01-23 22:38:35,869] INFO: setting ignored attribute cum_table to None
[2021-01-23 22:38:35,870] INFO: loaded /Users/neo1/PycharmProjects/vec4irltr/model/ir/20210121231330551/model_word2vec_bibl_content
[2021-01-23 22:38:35,870] INFO: loaded /Users/neo1/PycharmProjects/vec4irltr/model/ir/20210121231330551/model_word2vec_bibl_content
[2021-01-23 22:38:35,872] INFO: load time:0.019392013549804688
[2021-01-23 22:38:35,872] INFO: load time:0.019392013549804688
[2021-01-23 22:38:36,874] INFO: pid:55174 done | load time: 1.0218348503112793
[2021-01-23 22:38:36,874] INFO: pid:55174 done | load time: 1.0218348503112793
[2021-01-23 22:38:36,875] INFO: loading model_word2vec_bibl_econtent
[2021-01-23 22:38:36,875] INFO: loading model_word2vec_bibl_econtent
[2021-01-23 22:38:36,875] INFO: loading Word2Vec object from /Users/neo1/PycharmProjects/vec4irltr/model/ir/20210121231330551/model_word2vec_bibl_econtent
[2021-01-23 22:38:36,875] INFO: loading Word2Vec object from /Users/neo1/PycharmProjects/vec4irltr/model/ir/20210121231330551/model_word2vec_bibl_econtent
[2021-01-23 22:38:36,880] INFO: loading wv recursively from /Users/neo1/PycharmProjects/vec4irltr/model/ir/20210121231330551/model_word2vec_bibl_econtent.wv.* with mmap=None
[2021-01-23 22:38:36,880] INFO: loading wv recursively from /Users/neo1/PycharmProjects/vec4irltr/model/ir/20210121231330551/model_word2vec_bibl_econtent.wv.* with mmap=None
[2021-01-23 22:38:36,880] INFO: setting ignored attribute vectors_norm to None
[2021-01-23 22:38:36,880] INFO: setting ignored attribute vectors_norm to None
[2021-01-23 22:38:36,880] INFO: loading vocabulary recursively from /Users/neo1/PycharmProjects/vec4irltr/model/ir/20210121231330551/model_word2vec_bibl_econtent.vocabulary.* with mmap=None
[2021-01-23 22:38:36,880] INFO: loading vocabulary recursively from /Users/neo1/PycharmProjects/vec4irltr/model/ir/20210121231330551/model_word2vec_bibl_econtent.vocabulary.* with mmap=None
[2021-01-23 22:38:36,881] INFO: loading trainables recursively from /Users/neo1/PycharmProjects/vec4irltr/model/ir/20210121231330551/model_word2vec_bibl_econtent.trainables.* with mmap=None
[2021-01-23 22:38:36,881] INFO: loading trainables recursively from /Users/neo1/PycharmProjects/vec4irltr/model/ir/20210121231330551/model_word2vec_bibl_econtent.trainables.* with mmap=None
[2021-01-23 22:38:36,881] INFO: setting ignored attribute cum_table to None
[2021-01-23 22:38:36,881] INFO: setting ignored attribute cum_table to None
[2021-01-23 22:38:36,881] INFO: loaded /Users/neo1/PycharmProjects/vec4irltr/model/ir/20210121231330551/model_word2vec_bibl_econtent
[2021-01-23 22:38:36,881] INFO: loaded /Users/neo1/PycharmProjects/vec4irltr/model/ir/20210121231330551/model_word2vec_bibl_econtent
[2021-01-23 22:38:36,882] INFO: load time:0.006608009338378906
[2021-01-23 22:38:36,882] INFO: load time:0.006608009338378906
[2021-01-23 22:38:37,883] INFO: pid:55174 done | load time: 1.0078072547912598
[2021-01-23 22:38:37,883] INFO: pid:55174 done | load time: 1.0078072547912598
