[2021-01-23 21:02:07,594] INFO: set_init_models_and_get_retrievals
[2021-01-23 21:02:07,594] INFO: set_init_models_and_get_retrievals
[2021-01-23 21:02:07,864] INFO: loading model_word2vec_bibl_bible_bcn
[2021-01-23 21:02:07,864] INFO: loading model_word2vec_bibl_bible_bcn
[2021-01-23 21:02:07,864] INFO: loading Word2Vec object from /Users/neo1/PycharmProjects/vec4irltr/model/ir/20210121231330551/model_word2vec_bibl_bible_bcn
[2021-01-23 21:02:07,864] INFO: loading Word2Vec object from /Users/neo1/PycharmProjects/vec4irltr/model/ir/20210121231330551/model_word2vec_bibl_bible_bcn
[2021-01-23 21:02:07,868] INFO: loading wv recursively from /Users/neo1/PycharmProjects/vec4irltr/model/ir/20210121231330551/model_word2vec_bibl_bible_bcn.wv.* with mmap=None
[2021-01-23 21:02:07,868] INFO: loading wv recursively from /Users/neo1/PycharmProjects/vec4irltr/model/ir/20210121231330551/model_word2vec_bibl_bible_bcn.wv.* with mmap=None
[2021-01-23 21:02:07,868] INFO: setting ignored attribute vectors_norm to None
[2021-01-23 21:02:07,868] INFO: setting ignored attribute vectors_norm to None
[2021-01-23 21:02:07,869] INFO: loading vocabulary recursively from /Users/neo1/PycharmProjects/vec4irltr/model/ir/20210121231330551/model_word2vec_bibl_bible_bcn.vocabulary.* with mmap=None
[2021-01-23 21:02:07,869] INFO: loading vocabulary recursively from /Users/neo1/PycharmProjects/vec4irltr/model/ir/20210121231330551/model_word2vec_bibl_bible_bcn.vocabulary.* with mmap=None
[2021-01-23 21:02:07,869] INFO: loading trainables recursively from /Users/neo1/PycharmProjects/vec4irltr/model/ir/20210121231330551/model_word2vec_bibl_bible_bcn.trainables.* with mmap=None
[2021-01-23 21:02:07,869] INFO: loading trainables recursively from /Users/neo1/PycharmProjects/vec4irltr/model/ir/20210121231330551/model_word2vec_bibl_bible_bcn.trainables.* with mmap=None
[2021-01-23 21:02:07,869] INFO: setting ignored attribute cum_table to None
[2021-01-23 21:02:07,869] INFO: setting ignored attribute cum_table to None
[2021-01-23 21:02:07,870] INFO: loaded /Users/neo1/PycharmProjects/vec4irltr/model/ir/20210121231330551/model_word2vec_bibl_bible_bcn
[2021-01-23 21:02:07,870] INFO: loaded /Users/neo1/PycharmProjects/vec4irltr/model/ir/20210121231330551/model_word2vec_bibl_bible_bcn
[2021-01-23 21:02:07,870] INFO: load time:0.005548000335693359
[2021-01-23 21:02:07,870] INFO: load time:0.005548000335693359
[2021-01-23 21:02:08,875] INFO: pid:48209 done | load time: 1.0109310150146484
[2021-01-23 21:02:08,875] INFO: pid:48209 done | load time: 1.0109310150146484
[2021-01-23 21:02:08,876] INFO: loading model_word2vec_bibl_content
[2021-01-23 21:02:08,876] INFO: loading model_word2vec_bibl_content
[2021-01-23 21:02:08,876] INFO: loading Word2Vec object from /Users/neo1/PycharmProjects/vec4irltr/model/ir/20210121231330551/model_word2vec_bibl_content
[2021-01-23 21:02:08,876] INFO: loading Word2Vec object from /Users/neo1/PycharmProjects/vec4irltr/model/ir/20210121231330551/model_word2vec_bibl_content
[2021-01-23 21:02:08,892] INFO: loading wv recursively from /Users/neo1/PycharmProjects/vec4irltr/model/ir/20210121231330551/model_word2vec_bibl_content.wv.* with mmap=None
[2021-01-23 21:02:08,892] INFO: loading wv recursively from /Users/neo1/PycharmProjects/vec4irltr/model/ir/20210121231330551/model_word2vec_bibl_content.wv.* with mmap=None
[2021-01-23 21:02:08,893] INFO: setting ignored attribute vectors_norm to None
[2021-01-23 21:02:08,893] INFO: setting ignored attribute vectors_norm to None
[2021-01-23 21:02:08,893] INFO: loading vocabulary recursively from /Users/neo1/PycharmProjects/vec4irltr/model/ir/20210121231330551/model_word2vec_bibl_content.vocabulary.* with mmap=None
[2021-01-23 21:02:08,893] INFO: loading vocabulary recursively from /Users/neo1/PycharmProjects/vec4irltr/model/ir/20210121231330551/model_word2vec_bibl_content.vocabulary.* with mmap=None
[2021-01-23 21:02:08,894] INFO: loading trainables recursively from /Users/neo1/PycharmProjects/vec4irltr/model/ir/20210121231330551/model_word2vec_bibl_content.trainables.* with mmap=None
[2021-01-23 21:02:08,894] INFO: loading trainables recursively from /Users/neo1/PycharmProjects/vec4irltr/model/ir/20210121231330551/model_word2vec_bibl_content.trainables.* with mmap=None
[2021-01-23 21:02:08,894] INFO: setting ignored attribute cum_table to None
[2021-01-23 21:02:08,894] INFO: setting ignored attribute cum_table to None
[2021-01-23 21:02:08,894] INFO: loaded /Users/neo1/PycharmProjects/vec4irltr/model/ir/20210121231330551/model_word2vec_bibl_content
[2021-01-23 21:02:08,894] INFO: loaded /Users/neo1/PycharmProjects/vec4irltr/model/ir/20210121231330551/model_word2vec_bibl_content
[2021-01-23 21:02:08,896] INFO: load time:0.020132064819335938
[2021-01-23 21:02:08,896] INFO: load time:0.020132064819335938
[2021-01-23 21:02:09,898] INFO: pid:48209 done | load time: 1.0219600200653076
[2021-01-23 21:02:09,898] INFO: pid:48209 done | load time: 1.0219600200653076
[2021-01-23 21:02:09,899] INFO: loading model_word2vec_bibl_econtent
[2021-01-23 21:02:09,899] INFO: loading model_word2vec_bibl_econtent
[2021-01-23 21:02:09,899] INFO: loading Word2Vec object from /Users/neo1/PycharmProjects/vec4irltr/model/ir/20210121231330551/model_word2vec_bibl_econtent
[2021-01-23 21:02:09,899] INFO: loading Word2Vec object from /Users/neo1/PycharmProjects/vec4irltr/model/ir/20210121231330551/model_word2vec_bibl_econtent
[2021-01-23 21:02:09,901] INFO: loading wv recursively from /Users/neo1/PycharmProjects/vec4irltr/model/ir/20210121231330551/model_word2vec_bibl_econtent.wv.* with mmap=None
[2021-01-23 21:02:09,901] INFO: loading wv recursively from /Users/neo1/PycharmProjects/vec4irltr/model/ir/20210121231330551/model_word2vec_bibl_econtent.wv.* with mmap=None
[2021-01-23 21:02:09,901] INFO: setting ignored attribute vectors_norm to None
[2021-01-23 21:02:09,901] INFO: setting ignored attribute vectors_norm to None
[2021-01-23 21:02:09,901] INFO: loading vocabulary recursively from /Users/neo1/PycharmProjects/vec4irltr/model/ir/20210121231330551/model_word2vec_bibl_econtent.vocabulary.* with mmap=None
[2021-01-23 21:02:09,901] INFO: loading vocabulary recursively from /Users/neo1/PycharmProjects/vec4irltr/model/ir/20210121231330551/model_word2vec_bibl_econtent.vocabulary.* with mmap=None
[2021-01-23 21:02:09,902] INFO: loading trainables recursively from /Users/neo1/PycharmProjects/vec4irltr/model/ir/20210121231330551/model_word2vec_bibl_econtent.trainables.* with mmap=None
[2021-01-23 21:02:09,902] INFO: loading trainables recursively from /Users/neo1/PycharmProjects/vec4irltr/model/ir/20210121231330551/model_word2vec_bibl_econtent.trainables.* with mmap=None
[2021-01-23 21:02:09,902] INFO: setting ignored attribute cum_table to None
[2021-01-23 21:02:09,902] INFO: setting ignored attribute cum_table to None
[2021-01-23 21:02:09,902] INFO: loaded /Users/neo1/PycharmProjects/vec4irltr/model/ir/20210121231330551/model_word2vec_bibl_econtent
[2021-01-23 21:02:09,902] INFO: loaded /Users/neo1/PycharmProjects/vec4irltr/model/ir/20210121231330551/model_word2vec_bibl_econtent
[2021-01-23 21:02:09,902] INFO: load time:0.003637075424194336
[2021-01-23 21:02:09,902] INFO: load time:0.003637075424194336
[2021-01-23 21:02:10,903] INFO: pid:48209 done | load time: 1.004451036453247
[2021-01-23 21:02:10,903] INFO: pid:48209 done | load time: 1.004451036453247
