[2021-01-23 18:53:55,965] INFO: set_init_models_and_get_retrievals
[2021-01-23 18:53:55,965] INFO: set_init_models_and_get_retrievals
[2021-01-23 18:53:56,146] INFO: loading model_word2vec_bibl_bible_bcn
[2021-01-23 18:53:56,146] INFO: loading model_word2vec_bibl_bible_bcn
[2021-01-23 18:53:56,147] INFO: loading Word2Vec object from /Users/neo1/PycharmProjects/vec4irltr/model/ir/20210121231330551/model_word2vec_bibl_bible_bcn
[2021-01-23 18:53:56,147] INFO: loading Word2Vec object from /Users/neo1/PycharmProjects/vec4irltr/model/ir/20210121231330551/model_word2vec_bibl_bible_bcn
[2021-01-23 18:53:56,151] INFO: loading wv recursively from /Users/neo1/PycharmProjects/vec4irltr/model/ir/20210121231330551/model_word2vec_bibl_bible_bcn.wv.* with mmap=None
[2021-01-23 18:53:56,151] INFO: loading wv recursively from /Users/neo1/PycharmProjects/vec4irltr/model/ir/20210121231330551/model_word2vec_bibl_bible_bcn.wv.* with mmap=None
[2021-01-23 18:53:56,151] INFO: setting ignored attribute vectors_norm to None
[2021-01-23 18:53:56,151] INFO: setting ignored attribute vectors_norm to None
[2021-01-23 18:53:56,152] INFO: loading vocabulary recursively from /Users/neo1/PycharmProjects/vec4irltr/model/ir/20210121231330551/model_word2vec_bibl_bible_bcn.vocabulary.* with mmap=None
[2021-01-23 18:53:56,152] INFO: loading vocabulary recursively from /Users/neo1/PycharmProjects/vec4irltr/model/ir/20210121231330551/model_word2vec_bibl_bible_bcn.vocabulary.* with mmap=None
[2021-01-23 18:53:56,153] INFO: loading trainables recursively from /Users/neo1/PycharmProjects/vec4irltr/model/ir/20210121231330551/model_word2vec_bibl_bible_bcn.trainables.* with mmap=None
[2021-01-23 18:53:56,153] INFO: loading trainables recursively from /Users/neo1/PycharmProjects/vec4irltr/model/ir/20210121231330551/model_word2vec_bibl_bible_bcn.trainables.* with mmap=None
[2021-01-23 18:53:56,153] INFO: setting ignored attribute cum_table to None
[2021-01-23 18:53:56,153] INFO: setting ignored attribute cum_table to None
[2021-01-23 18:53:56,154] INFO: loaded /Users/neo1/PycharmProjects/vec4irltr/model/ir/20210121231330551/model_word2vec_bibl_bible_bcn
[2021-01-23 18:53:56,154] INFO: loaded /Users/neo1/PycharmProjects/vec4irltr/model/ir/20210121231330551/model_word2vec_bibl_bible_bcn
[2021-01-23 18:53:56,155] INFO: load time:0.007941722869873047
[2021-01-23 18:53:56,155] INFO: load time:0.007941722869873047
[2021-01-23 18:53:57,158] INFO: pid:38820 done | load time: 1.0108389854431152
[2021-01-23 18:53:57,158] INFO: pid:38820 done | load time: 1.0108389854431152
[2021-01-23 18:53:57,159] INFO: loading model_word2vec_bibl_content
[2021-01-23 18:53:57,159] INFO: loading model_word2vec_bibl_content
[2021-01-23 18:53:57,159] INFO: loading Word2Vec object from /Users/neo1/PycharmProjects/vec4irltr/model/ir/20210121231330551/model_word2vec_bibl_content
[2021-01-23 18:53:57,159] INFO: loading Word2Vec object from /Users/neo1/PycharmProjects/vec4irltr/model/ir/20210121231330551/model_word2vec_bibl_content
[2021-01-23 18:53:57,170] INFO: loading wv recursively from /Users/neo1/PycharmProjects/vec4irltr/model/ir/20210121231330551/model_word2vec_bibl_content.wv.* with mmap=None
[2021-01-23 18:53:57,170] INFO: loading wv recursively from /Users/neo1/PycharmProjects/vec4irltr/model/ir/20210121231330551/model_word2vec_bibl_content.wv.* with mmap=None
[2021-01-23 18:53:57,171] INFO: setting ignored attribute vectors_norm to None
[2021-01-23 18:53:57,171] INFO: setting ignored attribute vectors_norm to None
[2021-01-23 18:53:57,171] INFO: loading vocabulary recursively from /Users/neo1/PycharmProjects/vec4irltr/model/ir/20210121231330551/model_word2vec_bibl_content.vocabulary.* with mmap=None
[2021-01-23 18:53:57,171] INFO: loading vocabulary recursively from /Users/neo1/PycharmProjects/vec4irltr/model/ir/20210121231330551/model_word2vec_bibl_content.vocabulary.* with mmap=None
[2021-01-23 18:53:57,172] INFO: loading trainables recursively from /Users/neo1/PycharmProjects/vec4irltr/model/ir/20210121231330551/model_word2vec_bibl_content.trainables.* with mmap=None
[2021-01-23 18:53:57,172] INFO: loading trainables recursively from /Users/neo1/PycharmProjects/vec4irltr/model/ir/20210121231330551/model_word2vec_bibl_content.trainables.* with mmap=None
[2021-01-23 18:53:57,173] INFO: setting ignored attribute cum_table to None
[2021-01-23 18:53:57,173] INFO: setting ignored attribute cum_table to None
[2021-01-23 18:53:57,173] INFO: loaded /Users/neo1/PycharmProjects/vec4irltr/model/ir/20210121231330551/model_word2vec_bibl_content
[2021-01-23 18:53:57,173] INFO: loaded /Users/neo1/PycharmProjects/vec4irltr/model/ir/20210121231330551/model_word2vec_bibl_content
[2021-01-23 18:53:57,177] INFO: load time:0.017598867416381836
[2021-01-23 18:53:57,177] INFO: load time:0.017598867416381836
[2021-01-23 18:53:58,180] INFO: pid:38820 done | load time: 1.0202980041503906
[2021-01-23 18:53:58,180] INFO: pid:38820 done | load time: 1.0202980041503906
[2021-01-23 18:53:58,180] INFO: loading model_word2vec_bibl_econtent
[2021-01-23 18:53:58,180] INFO: loading model_word2vec_bibl_econtent
[2021-01-23 18:53:58,181] INFO: loading Word2Vec object from /Users/neo1/PycharmProjects/vec4irltr/model/ir/20210121231330551/model_word2vec_bibl_econtent
[2021-01-23 18:53:58,181] INFO: loading Word2Vec object from /Users/neo1/PycharmProjects/vec4irltr/model/ir/20210121231330551/model_word2vec_bibl_econtent
[2021-01-23 18:53:58,182] INFO: loading wv recursively from /Users/neo1/PycharmProjects/vec4irltr/model/ir/20210121231330551/model_word2vec_bibl_econtent.wv.* with mmap=None
[2021-01-23 18:53:58,182] INFO: loading wv recursively from /Users/neo1/PycharmProjects/vec4irltr/model/ir/20210121231330551/model_word2vec_bibl_econtent.wv.* with mmap=None
[2021-01-23 18:53:58,183] INFO: setting ignored attribute vectors_norm to None
[2021-01-23 18:53:58,183] INFO: setting ignored attribute vectors_norm to None
[2021-01-23 18:53:58,184] INFO: loading vocabulary recursively from /Users/neo1/PycharmProjects/vec4irltr/model/ir/20210121231330551/model_word2vec_bibl_econtent.vocabulary.* with mmap=None
[2021-01-23 18:53:58,184] INFO: loading vocabulary recursively from /Users/neo1/PycharmProjects/vec4irltr/model/ir/20210121231330551/model_word2vec_bibl_econtent.vocabulary.* with mmap=None
[2021-01-23 18:53:58,184] INFO: loading trainables recursively from /Users/neo1/PycharmProjects/vec4irltr/model/ir/20210121231330551/model_word2vec_bibl_econtent.trainables.* with mmap=None
[2021-01-23 18:53:58,184] INFO: loading trainables recursively from /Users/neo1/PycharmProjects/vec4irltr/model/ir/20210121231330551/model_word2vec_bibl_econtent.trainables.* with mmap=None
[2021-01-23 18:53:58,185] INFO: setting ignored attribute cum_table to None
[2021-01-23 18:53:58,185] INFO: setting ignored attribute cum_table to None
[2021-01-23 18:53:58,185] INFO: loaded /Users/neo1/PycharmProjects/vec4irltr/model/ir/20210121231330551/model_word2vec_bibl_econtent
[2021-01-23 18:53:58,185] INFO: loaded /Users/neo1/PycharmProjects/vec4irltr/model/ir/20210121231330551/model_word2vec_bibl_econtent
[2021-01-23 18:53:58,186] INFO: load time:0.005357980728149414
[2021-01-23 18:53:58,186] INFO: load time:0.005357980728149414
[2021-01-23 18:53:59,191] INFO: pid:38820 done | load time: 1.0102369785308838
[2021-01-23 18:53:59,191] INFO: pid:38820 done | load time: 1.0102369785308838
