[2021-01-24 03:23:30,420] INFO: set_init_models_and_get_retrievals
[2021-01-24 03:23:30,420] INFO: set_init_models_and_get_retrievals
[2021-01-24 03:23:30,429] INFO: loading model_word2vec_bibl_bible_bcn
[2021-01-24 03:23:30,429] INFO: loading model_word2vec_bibl_bible_bcn
[2021-01-24 03:23:30,430] INFO: loading Word2Vec object from /Users/neo1/PycharmProjects/vec4irltr/model/ir/20210121231330551/model_word2vec_bibl_bible_bcn
[2021-01-24 03:23:30,430] INFO: loading Word2Vec object from /Users/neo1/PycharmProjects/vec4irltr/model/ir/20210121231330551/model_word2vec_bibl_bible_bcn
[2021-01-24 03:23:30,437] INFO: loading wv recursively from /Users/neo1/PycharmProjects/vec4irltr/model/ir/20210121231330551/model_word2vec_bibl_bible_bcn.wv.* with mmap=None
[2021-01-24 03:23:30,437] INFO: loading wv recursively from /Users/neo1/PycharmProjects/vec4irltr/model/ir/20210121231330551/model_word2vec_bibl_bible_bcn.wv.* with mmap=None
[2021-01-24 03:23:30,437] INFO: setting ignored attribute vectors_norm to None
[2021-01-24 03:23:30,437] INFO: setting ignored attribute vectors_norm to None
[2021-01-24 03:23:30,442] INFO: loading vocabulary recursively from /Users/neo1/PycharmProjects/vec4irltr/model/ir/20210121231330551/model_word2vec_bibl_bible_bcn.vocabulary.* with mmap=None
[2021-01-24 03:23:30,442] INFO: loading vocabulary recursively from /Users/neo1/PycharmProjects/vec4irltr/model/ir/20210121231330551/model_word2vec_bibl_bible_bcn.vocabulary.* with mmap=None
[2021-01-24 03:23:30,442] INFO: loading trainables recursively from /Users/neo1/PycharmProjects/vec4irltr/model/ir/20210121231330551/model_word2vec_bibl_bible_bcn.trainables.* with mmap=None
[2021-01-24 03:23:30,442] INFO: loading trainables recursively from /Users/neo1/PycharmProjects/vec4irltr/model/ir/20210121231330551/model_word2vec_bibl_bible_bcn.trainables.* with mmap=None
[2021-01-24 03:23:30,443] INFO: setting ignored attribute cum_table to None
[2021-01-24 03:23:30,443] INFO: setting ignored attribute cum_table to None
[2021-01-24 03:23:30,446] INFO: loaded /Users/neo1/PycharmProjects/vec4irltr/model/ir/20210121231330551/model_word2vec_bibl_bible_bcn
[2021-01-24 03:23:30,446] INFO: loaded /Users/neo1/PycharmProjects/vec4irltr/model/ir/20210121231330551/model_word2vec_bibl_bible_bcn
[2021-01-24 03:23:30,447] INFO: load time:0.016793012619018555
[2021-01-24 03:23:30,447] INFO: load time:0.016793012619018555
[2021-01-24 03:23:31,450] INFO: pid:75380 done | load time: 1.0205740928649902
[2021-01-24 03:23:31,450] INFO: pid:75380 done | load time: 1.0205740928649902
[2021-01-24 03:23:31,451] INFO: loading model_word2vec_bibl_content
[2021-01-24 03:23:31,451] INFO: loading model_word2vec_bibl_content
[2021-01-24 03:23:31,451] INFO: loading Word2Vec object from /Users/neo1/PycharmProjects/vec4irltr/model/ir/20210121231330551/model_word2vec_bibl_content
[2021-01-24 03:23:31,451] INFO: loading Word2Vec object from /Users/neo1/PycharmProjects/vec4irltr/model/ir/20210121231330551/model_word2vec_bibl_content
[2021-01-24 03:23:31,467] INFO: loading wv recursively from /Users/neo1/PycharmProjects/vec4irltr/model/ir/20210121231330551/model_word2vec_bibl_content.wv.* with mmap=None
[2021-01-24 03:23:31,467] INFO: loading wv recursively from /Users/neo1/PycharmProjects/vec4irltr/model/ir/20210121231330551/model_word2vec_bibl_content.wv.* with mmap=None
[2021-01-24 03:23:31,468] INFO: setting ignored attribute vectors_norm to None
[2021-01-24 03:23:31,468] INFO: setting ignored attribute vectors_norm to None
[2021-01-24 03:23:31,468] INFO: loading vocabulary recursively from /Users/neo1/PycharmProjects/vec4irltr/model/ir/20210121231330551/model_word2vec_bibl_content.vocabulary.* with mmap=None
[2021-01-24 03:23:31,468] INFO: loading vocabulary recursively from /Users/neo1/PycharmProjects/vec4irltr/model/ir/20210121231330551/model_word2vec_bibl_content.vocabulary.* with mmap=None
[2021-01-24 03:23:31,468] INFO: loading trainables recursively from /Users/neo1/PycharmProjects/vec4irltr/model/ir/20210121231330551/model_word2vec_bibl_content.trainables.* with mmap=None
[2021-01-24 03:23:31,468] INFO: loading trainables recursively from /Users/neo1/PycharmProjects/vec4irltr/model/ir/20210121231330551/model_word2vec_bibl_content.trainables.* with mmap=None
[2021-01-24 03:23:31,469] INFO: setting ignored attribute cum_table to None
[2021-01-24 03:23:31,469] INFO: setting ignored attribute cum_table to None
[2021-01-24 03:23:31,469] INFO: loaded /Users/neo1/PycharmProjects/vec4irltr/model/ir/20210121231330551/model_word2vec_bibl_content
[2021-01-24 03:23:31,469] INFO: loaded /Users/neo1/PycharmProjects/vec4irltr/model/ir/20210121231330551/model_word2vec_bibl_content
[2021-01-24 03:23:31,472] INFO: load time:0.020373821258544922
[2021-01-24 03:23:31,472] INFO: load time:0.020373821258544922
[2021-01-24 03:23:32,475] INFO: pid:75380 done | load time: 1.0241718292236328
[2021-01-24 03:23:32,475] INFO: pid:75380 done | load time: 1.0241718292236328
[2021-01-24 03:23:32,476] INFO: loading model_word2vec_bibl_econtent
[2021-01-24 03:23:32,476] INFO: loading model_word2vec_bibl_econtent
[2021-01-24 03:23:32,476] INFO: loading Word2Vec object from /Users/neo1/PycharmProjects/vec4irltr/model/ir/20210121231330551/model_word2vec_bibl_econtent
[2021-01-24 03:23:32,476] INFO: loading Word2Vec object from /Users/neo1/PycharmProjects/vec4irltr/model/ir/20210121231330551/model_word2vec_bibl_econtent
[2021-01-24 03:23:32,478] INFO: loading wv recursively from /Users/neo1/PycharmProjects/vec4irltr/model/ir/20210121231330551/model_word2vec_bibl_econtent.wv.* with mmap=None
[2021-01-24 03:23:32,478] INFO: loading wv recursively from /Users/neo1/PycharmProjects/vec4irltr/model/ir/20210121231330551/model_word2vec_bibl_econtent.wv.* with mmap=None
[2021-01-24 03:23:32,478] INFO: setting ignored attribute vectors_norm to None
[2021-01-24 03:23:32,478] INFO: setting ignored attribute vectors_norm to None
[2021-01-24 03:23:32,479] INFO: loading vocabulary recursively from /Users/neo1/PycharmProjects/vec4irltr/model/ir/20210121231330551/model_word2vec_bibl_econtent.vocabulary.* with mmap=None
[2021-01-24 03:23:32,479] INFO: loading vocabulary recursively from /Users/neo1/PycharmProjects/vec4irltr/model/ir/20210121231330551/model_word2vec_bibl_econtent.vocabulary.* with mmap=None
[2021-01-24 03:23:32,479] INFO: loading trainables recursively from /Users/neo1/PycharmProjects/vec4irltr/model/ir/20210121231330551/model_word2vec_bibl_econtent.trainables.* with mmap=None
[2021-01-24 03:23:32,479] INFO: loading trainables recursively from /Users/neo1/PycharmProjects/vec4irltr/model/ir/20210121231330551/model_word2vec_bibl_econtent.trainables.* with mmap=None
[2021-01-24 03:23:32,480] INFO: setting ignored attribute cum_table to None
[2021-01-24 03:23:32,480] INFO: setting ignored attribute cum_table to None
[2021-01-24 03:23:32,480] INFO: loaded /Users/neo1/PycharmProjects/vec4irltr/model/ir/20210121231330551/model_word2vec_bibl_econtent
[2021-01-24 03:23:32,480] INFO: loaded /Users/neo1/PycharmProjects/vec4irltr/model/ir/20210121231330551/model_word2vec_bibl_econtent
[2021-01-24 03:23:32,480] INFO: load time:0.004281044006347656
[2021-01-24 03:23:32,480] INFO: load time:0.004281044006347656
[2021-01-24 03:23:33,485] INFO: pid:75380 done | load time: 1.0084850788116455
[2021-01-24 03:23:33,485] INFO: pid:75380 done | load time: 1.0084850788116455
[2021-01-24 03:23:52,738] INFO: set_init_models_and_get_retrievals
[2021-01-24 03:23:52,738] INFO: set_init_models_and_get_retrievals
[2021-01-24 03:23:52,750] INFO: loading model_word2vec_bibl_bible_bcn
[2021-01-24 03:23:52,750] INFO: loading model_word2vec_bibl_bible_bcn
[2021-01-24 03:23:52,751] INFO: loading Word2Vec object from /Users/neo1/PycharmProjects/vec4irltr/model/ir/20210121231330551/model_word2vec_bibl_bible_bcn
[2021-01-24 03:23:52,751] INFO: loading Word2Vec object from /Users/neo1/PycharmProjects/vec4irltr/model/ir/20210121231330551/model_word2vec_bibl_bible_bcn
[2021-01-24 03:23:52,755] INFO: loading wv recursively from /Users/neo1/PycharmProjects/vec4irltr/model/ir/20210121231330551/model_word2vec_bibl_bible_bcn.wv.* with mmap=None
[2021-01-24 03:23:52,755] INFO: loading wv recursively from /Users/neo1/PycharmProjects/vec4irltr/model/ir/20210121231330551/model_word2vec_bibl_bible_bcn.wv.* with mmap=None
[2021-01-24 03:23:52,756] INFO: setting ignored attribute vectors_norm to None
[2021-01-24 03:23:52,756] INFO: setting ignored attribute vectors_norm to None
[2021-01-24 03:23:52,757] INFO: loading vocabulary recursively from /Users/neo1/PycharmProjects/vec4irltr/model/ir/20210121231330551/model_word2vec_bibl_bible_bcn.vocabulary.* with mmap=None
[2021-01-24 03:23:52,757] INFO: loading vocabulary recursively from /Users/neo1/PycharmProjects/vec4irltr/model/ir/20210121231330551/model_word2vec_bibl_bible_bcn.vocabulary.* with mmap=None
[2021-01-24 03:23:52,758] INFO: loading trainables recursively from /Users/neo1/PycharmProjects/vec4irltr/model/ir/20210121231330551/model_word2vec_bibl_bible_bcn.trainables.* with mmap=None
[2021-01-24 03:23:52,758] INFO: loading trainables recursively from /Users/neo1/PycharmProjects/vec4irltr/model/ir/20210121231330551/model_word2vec_bibl_bible_bcn.trainables.* with mmap=None
[2021-01-24 03:23:52,759] INFO: setting ignored attribute cum_table to None
[2021-01-24 03:23:52,759] INFO: setting ignored attribute cum_table to None
[2021-01-24 03:23:52,760] INFO: loaded /Users/neo1/PycharmProjects/vec4irltr/model/ir/20210121231330551/model_word2vec_bibl_bible_bcn
[2021-01-24 03:23:52,760] INFO: loaded /Users/neo1/PycharmProjects/vec4irltr/model/ir/20210121231330551/model_word2vec_bibl_bible_bcn
[2021-01-24 03:23:52,761] INFO: load time:0.01076817512512207
[2021-01-24 03:23:52,761] INFO: load time:0.01076817512512207
[2021-01-24 03:23:53,766] INFO: pid:75406 done | load time: 1.0149190425872803
[2021-01-24 03:23:53,766] INFO: pid:75406 done | load time: 1.0149190425872803
[2021-01-24 03:23:53,767] INFO: loading model_word2vec_bibl_content
[2021-01-24 03:23:53,767] INFO: loading model_word2vec_bibl_content
[2021-01-24 03:23:53,767] INFO: loading Word2Vec object from /Users/neo1/PycharmProjects/vec4irltr/model/ir/20210121231330551/model_word2vec_bibl_content
[2021-01-24 03:23:53,767] INFO: loading Word2Vec object from /Users/neo1/PycharmProjects/vec4irltr/model/ir/20210121231330551/model_word2vec_bibl_content
[2021-01-24 03:23:53,786] INFO: loading wv recursively from /Users/neo1/PycharmProjects/vec4irltr/model/ir/20210121231330551/model_word2vec_bibl_content.wv.* with mmap=None
[2021-01-24 03:23:53,786] INFO: loading wv recursively from /Users/neo1/PycharmProjects/vec4irltr/model/ir/20210121231330551/model_word2vec_bibl_content.wv.* with mmap=None
[2021-01-24 03:23:53,787] INFO: setting ignored attribute vectors_norm to None
[2021-01-24 03:23:53,787] INFO: setting ignored attribute vectors_norm to None
[2021-01-24 03:23:53,788] INFO: loading vocabulary recursively from /Users/neo1/PycharmProjects/vec4irltr/model/ir/20210121231330551/model_word2vec_bibl_content.vocabulary.* with mmap=None
[2021-01-24 03:23:53,788] INFO: loading vocabulary recursively from /Users/neo1/PycharmProjects/vec4irltr/model/ir/20210121231330551/model_word2vec_bibl_content.vocabulary.* with mmap=None
[2021-01-24 03:23:53,789] INFO: loading trainables recursively from /Users/neo1/PycharmProjects/vec4irltr/model/ir/20210121231330551/model_word2vec_bibl_content.trainables.* with mmap=None
[2021-01-24 03:23:53,789] INFO: loading trainables recursively from /Users/neo1/PycharmProjects/vec4irltr/model/ir/20210121231330551/model_word2vec_bibl_content.trainables.* with mmap=None
[2021-01-24 03:23:53,790] INFO: setting ignored attribute cum_table to None
[2021-01-24 03:23:53,790] INFO: setting ignored attribute cum_table to None
[2021-01-24 03:23:53,791] INFO: loaded /Users/neo1/PycharmProjects/vec4irltr/model/ir/20210121231330551/model_word2vec_bibl_content
[2021-01-24 03:23:53,791] INFO: loaded /Users/neo1/PycharmProjects/vec4irltr/model/ir/20210121231330551/model_word2vec_bibl_content
[2021-01-24 03:23:53,794] INFO: load time:0.026777029037475586
[2021-01-24 03:23:53,794] INFO: load time:0.026777029037475586
[2021-01-24 03:23:54,797] INFO: pid:75406 done | load time: 1.0290849208831787
[2021-01-24 03:23:54,797] INFO: pid:75406 done | load time: 1.0290849208831787
[2021-01-24 03:23:54,798] INFO: loading model_word2vec_bibl_econtent
[2021-01-24 03:23:54,798] INFO: loading model_word2vec_bibl_econtent
[2021-01-24 03:23:54,799] INFO: loading Word2Vec object from /Users/neo1/PycharmProjects/vec4irltr/model/ir/20210121231330551/model_word2vec_bibl_econtent
[2021-01-24 03:23:54,799] INFO: loading Word2Vec object from /Users/neo1/PycharmProjects/vec4irltr/model/ir/20210121231330551/model_word2vec_bibl_econtent
[2021-01-24 03:23:54,804] INFO: loading wv recursively from /Users/neo1/PycharmProjects/vec4irltr/model/ir/20210121231330551/model_word2vec_bibl_econtent.wv.* with mmap=None
[2021-01-24 03:23:54,804] INFO: loading wv recursively from /Users/neo1/PycharmProjects/vec4irltr/model/ir/20210121231330551/model_word2vec_bibl_econtent.wv.* with mmap=None
[2021-01-24 03:23:54,805] INFO: setting ignored attribute vectors_norm to None
[2021-01-24 03:23:54,805] INFO: setting ignored attribute vectors_norm to None
[2021-01-24 03:23:54,806] INFO: loading vocabulary recursively from /Users/neo1/PycharmProjects/vec4irltr/model/ir/20210121231330551/model_word2vec_bibl_econtent.vocabulary.* with mmap=None
[2021-01-24 03:23:54,806] INFO: loading vocabulary recursively from /Users/neo1/PycharmProjects/vec4irltr/model/ir/20210121231330551/model_word2vec_bibl_econtent.vocabulary.* with mmap=None
[2021-01-24 03:23:54,807] INFO: loading trainables recursively from /Users/neo1/PycharmProjects/vec4irltr/model/ir/20210121231330551/model_word2vec_bibl_econtent.trainables.* with mmap=None
[2021-01-24 03:23:54,807] INFO: loading trainables recursively from /Users/neo1/PycharmProjects/vec4irltr/model/ir/20210121231330551/model_word2vec_bibl_econtent.trainables.* with mmap=None
[2021-01-24 03:23:54,807] INFO: setting ignored attribute cum_table to None
[2021-01-24 03:23:54,807] INFO: setting ignored attribute cum_table to None
[2021-01-24 03:23:54,808] INFO: loaded /Users/neo1/PycharmProjects/vec4irltr/model/ir/20210121231330551/model_word2vec_bibl_econtent
[2021-01-24 03:23:54,808] INFO: loaded /Users/neo1/PycharmProjects/vec4irltr/model/ir/20210121231330551/model_word2vec_bibl_econtent
[2021-01-24 03:23:54,809] INFO: load time:0.010685920715332031
[2021-01-24 03:23:54,809] INFO: load time:0.010685920715332031
[2021-01-24 03:23:55,815] INFO: pid:75406 done | load time: 1.0160248279571533
[2021-01-24 03:23:55,815] INFO: pid:75406 done | load time: 1.0160248279571533
