[2021-01-23 13:01:25,988] INFO: set_init_models_and_get_retrievals
[2021-01-23 13:01:25,993] INFO: loading model_word2vec_bibl_bible_bcn
[2021-01-23 13:01:25,994] INFO: loading Word2Vec object from /Users/neo1/PycharmProjects/vec4irltr/model/ir/20210121231330551/model_word2vec_bibl_bible_bcn
[2021-01-23 13:01:26,001] INFO: loading wv recursively from /Users/neo1/PycharmProjects/vec4irltr/model/ir/20210121231330551/model_word2vec_bibl_bible_bcn.wv.* with mmap=None
[2021-01-23 13:01:26,002] INFO: setting ignored attribute vectors_norm to None
[2021-01-23 13:01:26,002] INFO: loading vocabulary recursively from /Users/neo1/PycharmProjects/vec4irltr/model/ir/20210121231330551/model_word2vec_bibl_bible_bcn.vocabulary.* with mmap=None
[2021-01-23 13:01:26,003] INFO: loading trainables recursively from /Users/neo1/PycharmProjects/vec4irltr/model/ir/20210121231330551/model_word2vec_bibl_bible_bcn.trainables.* with mmap=None
[2021-01-23 13:01:26,003] INFO: setting ignored attribute cum_table to None
[2021-01-23 13:01:26,004] INFO: loaded /Users/neo1/PycharmProjects/vec4irltr/model/ir/20210121231330551/model_word2vec_bibl_bible_bcn
[2021-01-23 13:01:26,004] INFO: load time:0.010399103164672852
[2021-01-23 13:01:27,006] INFO: pid:13981 done | load time: 1.0121281147003174
[2021-01-23 13:01:27,006] INFO: loading model_word2vec_bibl_content
[2021-01-23 13:01:27,007] INFO: loading Word2Vec object from /Users/neo1/PycharmProjects/vec4irltr/model/ir/20210121231330551/model_word2vec_bibl_content
[2021-01-23 13:01:27,024] INFO: loading wv recursively from /Users/neo1/PycharmProjects/vec4irltr/model/ir/20210121231330551/model_word2vec_bibl_content.wv.* with mmap=None
[2021-01-23 13:01:27,025] INFO: setting ignored attribute vectors_norm to None
[2021-01-23 13:01:27,025] INFO: loading vocabulary recursively from /Users/neo1/PycharmProjects/vec4irltr/model/ir/20210121231330551/model_word2vec_bibl_content.vocabulary.* with mmap=None
[2021-01-23 13:01:27,025] INFO: loading trainables recursively from /Users/neo1/PycharmProjects/vec4irltr/model/ir/20210121231330551/model_word2vec_bibl_content.trainables.* with mmap=None
[2021-01-23 13:01:27,026] INFO: setting ignored attribute cum_table to None
[2021-01-23 13:01:27,027] INFO: loaded /Users/neo1/PycharmProjects/vec4irltr/model/ir/20210121231330551/model_word2vec_bibl_content
[2021-01-23 13:01:27,030] INFO: load time:0.0228118896484375
[2021-01-23 13:01:28,034] INFO: pid:13981 done | load time: 1.0268616676330566
[2021-01-23 13:01:28,034] INFO: loading model_word2vec_bibl_econtent
[2021-01-23 13:01:28,035] INFO: loading Word2Vec object from /Users/neo1/PycharmProjects/vec4irltr/model/ir/20210121231330551/model_word2vec_bibl_econtent
[2021-01-23 13:01:28,041] INFO: loading wv recursively from /Users/neo1/PycharmProjects/vec4irltr/model/ir/20210121231330551/model_word2vec_bibl_econtent.wv.* with mmap=None
[2021-01-23 13:01:28,041] INFO: setting ignored attribute vectors_norm to None
[2021-01-23 13:01:28,042] INFO: loading vocabulary recursively from /Users/neo1/PycharmProjects/vec4irltr/model/ir/20210121231330551/model_word2vec_bibl_econtent.vocabulary.* with mmap=None
[2021-01-23 13:01:28,042] INFO: loading trainables recursively from /Users/neo1/PycharmProjects/vec4irltr/model/ir/20210121231330551/model_word2vec_bibl_econtent.trainables.* with mmap=None
[2021-01-23 13:01:28,043] INFO: setting ignored attribute cum_table to None
[2021-01-23 13:01:28,043] INFO: loaded /Users/neo1/PycharmProjects/vec4irltr/model/ir/20210121231330551/model_word2vec_bibl_econtent
[2021-01-23 13:01:28,044] INFO: load time:0.008951902389526367
[2021-01-23 13:01:29,045] INFO: pid:13981 done | load time: 1.0097761154174805
[2021-01-23 13:01:37,902] INFO: loading model_fasttext_bibl_bible_bcn
[2021-01-23 13:01:37,902] INFO: loading FastText object from /Users/neo1/PycharmProjects/vec4irltr/model/ir/20210121231330551/model_fasttext_bibl_bible_bcn
[2021-01-23 13:01:37,909] INFO: loading wv recursively from /Users/neo1/PycharmProjects/vec4irltr/model/ir/20210121231330551/model_fasttext_bibl_bible_bcn.wv.* with mmap=None
[2021-01-23 13:01:37,910] INFO: loading vectors_ngrams from /Users/neo1/PycharmProjects/vec4irltr/model/ir/20210121231330551/model_fasttext_bibl_bible_bcn.wv.vectors_ngrams.npy with mmap=None
[2021-01-23 13:01:39,681] INFO: setting ignored attribute vectors_norm to None
[2021-01-23 13:01:39,682] INFO: setting ignored attribute vectors_vocab_norm to None
[2021-01-23 13:01:39,682] INFO: setting ignored attribute vectors_ngrams_norm to None
[2021-01-23 13:01:39,683] INFO: setting ignored attribute buckets_word to None
[2021-01-23 13:01:39,683] INFO: loading vocabulary recursively from /Users/neo1/PycharmProjects/vec4irltr/model/ir/20210121231330551/model_fasttext_bibl_bible_bcn.vocabulary.* with mmap=None
[2021-01-23 13:01:39,684] INFO: loading trainables recursively from /Users/neo1/PycharmProjects/vec4irltr/model/ir/20210121231330551/model_fasttext_bibl_bible_bcn.trainables.* with mmap=None
[2021-01-23 13:01:39,684] INFO: loading vectors_ngrams_lockf from /Users/neo1/PycharmProjects/vec4irltr/model/ir/20210121231330551/model_fasttext_bibl_bible_bcn.trainables.vectors_ngrams_lockf.npy with mmap=None
[2021-01-23 13:01:41,158] INFO: loaded /Users/neo1/PycharmProjects/vec4irltr/model/ir/20210121231330551/model_fasttext_bibl_bible_bcn
[2021-01-23 13:01:41,159] INFO: load time:3.256438970565796
[2021-01-23 13:01:42,160] INFO: pid:13981 done | load time: 4.257535934448242
[2021-01-23 13:01:42,160] INFO: loading model_fasttext_bibl_content
[2021-01-23 13:01:42,161] INFO: loading FastText object from /Users/neo1/PycharmProjects/vec4irltr/model/ir/20210121231330551/model_fasttext_bibl_content
[2021-01-23 13:01:42,185] INFO: loading wv recursively from /Users/neo1/PycharmProjects/vec4irltr/model/ir/20210121231330551/model_fasttext_bibl_content.wv.* with mmap=None
[2021-01-23 13:01:42,186] INFO: loading vectors_ngrams from /Users/neo1/PycharmProjects/vec4irltr/model/ir/20210121231330551/model_fasttext_bibl_content.wv.vectors_ngrams.npy with mmap=None
[2021-01-23 13:01:44,151] INFO: setting ignored attribute vectors_norm to None
[2021-01-23 13:01:44,152] INFO: setting ignored attribute vectors_vocab_norm to None
[2021-01-23 13:01:44,152] INFO: setting ignored attribute vectors_ngrams_norm to None
[2021-01-23 13:01:44,153] INFO: setting ignored attribute buckets_word to None
[2021-01-23 13:01:44,153] INFO: loading vocabulary recursively from /Users/neo1/PycharmProjects/vec4irltr/model/ir/20210121231330551/model_fasttext_bibl_content.vocabulary.* with mmap=None
[2021-01-23 13:01:44,154] INFO: loading trainables recursively from /Users/neo1/PycharmProjects/vec4irltr/model/ir/20210121231330551/model_fasttext_bibl_content.trainables.* with mmap=None
[2021-01-23 13:01:44,154] INFO: loading vectors_ngrams_lockf from /Users/neo1/PycharmProjects/vec4irltr/model/ir/20210121231330551/model_fasttext_bibl_content.trainables.vectors_ngrams_lockf.npy with mmap=None
[2021-01-23 13:01:45,438] INFO: loaded /Users/neo1/PycharmProjects/vec4irltr/model/ir/20210121231330551/model_fasttext_bibl_content
[2021-01-23 13:01:45,445] INFO: load time:3.2842721939086914
[2021-01-23 13:01:46,448] INFO: pid:13981 done | load time: 4.28697395324707
[2021-01-23 13:01:46,448] INFO: loading model_fasttext_bibl_econtent
[2021-01-23 13:01:46,449] INFO: loading FastText object from /Users/neo1/PycharmProjects/vec4irltr/model/ir/20210121231330551/model_fasttext_bibl_econtent
[2021-01-23 13:01:46,454] INFO: loading wv recursively from /Users/neo1/PycharmProjects/vec4irltr/model/ir/20210121231330551/model_fasttext_bibl_econtent.wv.* with mmap=None
[2021-01-23 13:01:46,455] INFO: loading vectors_ngrams from /Users/neo1/PycharmProjects/vec4irltr/model/ir/20210121231330551/model_fasttext_bibl_econtent.wv.vectors_ngrams.npy with mmap=None
[2021-01-23 13:01:48,583] INFO: setting ignored attribute vectors_norm to None
[2021-01-23 13:01:48,583] INFO: setting ignored attribute vectors_vocab_norm to None
[2021-01-23 13:01:48,584] INFO: setting ignored attribute vectors_ngrams_norm to None
[2021-01-23 13:01:48,584] INFO: setting ignored attribute buckets_word to None
[2021-01-23 13:01:48,585] INFO: loading vocabulary recursively from /Users/neo1/PycharmProjects/vec4irltr/model/ir/20210121231330551/model_fasttext_bibl_econtent.vocabulary.* with mmap=None
[2021-01-23 13:01:48,585] INFO: loading trainables recursively from /Users/neo1/PycharmProjects/vec4irltr/model/ir/20210121231330551/model_fasttext_bibl_econtent.trainables.* with mmap=None
[2021-01-23 13:01:48,586] INFO: loading vectors_ngrams_lockf from /Users/neo1/PycharmProjects/vec4irltr/model/ir/20210121231330551/model_fasttext_bibl_econtent.trainables.vectors_ngrams_lockf.npy with mmap=None
[2021-01-23 13:01:50,325] INFO: loaded /Users/neo1/PycharmProjects/vec4irltr/model/ir/20210121231330551/model_fasttext_bibl_econtent
[2021-01-23 13:01:50,326] INFO: load time:3.8772380352020264
[2021-01-23 13:01:51,329] INFO: pid:13981 done | load time: 4.880613088607788
