[2021-01-23 15:49:36,861] INFO: set_init_models_and_get_retrievals
[2021-01-23 15:49:36,861] INFO: set_init_models_and_get_retrievals
[2021-01-23 15:49:36,867] INFO: loading model_word2vec_bibl_bible_bcn
[2021-01-23 15:49:36,867] INFO: loading model_word2vec_bibl_bible_bcn
[2021-01-23 15:49:36,868] INFO: loading Word2Vec object from /Users/neo1/PycharmProjects/vec4irltr/model/ir/20210121231330551/model_word2vec_bibl_bible_bcn
[2021-01-23 15:49:36,868] INFO: loading Word2Vec object from /Users/neo1/PycharmProjects/vec4irltr/model/ir/20210121231330551/model_word2vec_bibl_bible_bcn
[2021-01-23 15:49:36,871] INFO: loading wv recursively from /Users/neo1/PycharmProjects/vec4irltr/model/ir/20210121231330551/model_word2vec_bibl_bible_bcn.wv.* with mmap=None
[2021-01-23 15:49:36,871] INFO: loading wv recursively from /Users/neo1/PycharmProjects/vec4irltr/model/ir/20210121231330551/model_word2vec_bibl_bible_bcn.wv.* with mmap=None
[2021-01-23 15:49:36,872] INFO: setting ignored attribute vectors_norm to None
[2021-01-23 15:49:36,872] INFO: setting ignored attribute vectors_norm to None
[2021-01-23 15:49:36,873] INFO: loading vocabulary recursively from /Users/neo1/PycharmProjects/vec4irltr/model/ir/20210121231330551/model_word2vec_bibl_bible_bcn.vocabulary.* with mmap=None
[2021-01-23 15:49:36,873] INFO: loading vocabulary recursively from /Users/neo1/PycharmProjects/vec4irltr/model/ir/20210121231330551/model_word2vec_bibl_bible_bcn.vocabulary.* with mmap=None
[2021-01-23 15:49:36,873] INFO: loading trainables recursively from /Users/neo1/PycharmProjects/vec4irltr/model/ir/20210121231330551/model_word2vec_bibl_bible_bcn.trainables.* with mmap=None
[2021-01-23 15:49:36,873] INFO: loading trainables recursively from /Users/neo1/PycharmProjects/vec4irltr/model/ir/20210121231330551/model_word2vec_bibl_bible_bcn.trainables.* with mmap=None
[2021-01-23 15:49:36,874] INFO: setting ignored attribute cum_table to None
[2021-01-23 15:49:36,874] INFO: setting ignored attribute cum_table to None
[2021-01-23 15:49:36,875] INFO: loaded /Users/neo1/PycharmProjects/vec4irltr/model/ir/20210121231330551/model_word2vec_bibl_bible_bcn
[2021-01-23 15:49:36,875] INFO: loaded /Users/neo1/PycharmProjects/vec4irltr/model/ir/20210121231330551/model_word2vec_bibl_bible_bcn
[2021-01-23 15:49:36,877] INFO: load time:0.00869607925415039
[2021-01-23 15:49:36,877] INFO: load time:0.00869607925415039
[2021-01-23 15:49:37,881] INFO: pid:26255 done | load time: 1.0127999782562256
[2021-01-23 15:49:37,881] INFO: pid:26255 done | load time: 1.0127999782562256
[2021-01-23 15:49:37,881] INFO: loading model_word2vec_bibl_content
[2021-01-23 15:49:37,881] INFO: loading model_word2vec_bibl_content
[2021-01-23 15:49:37,882] INFO: loading Word2Vec object from /Users/neo1/PycharmProjects/vec4irltr/model/ir/20210121231330551/model_word2vec_bibl_content
[2021-01-23 15:49:37,882] INFO: loading Word2Vec object from /Users/neo1/PycharmProjects/vec4irltr/model/ir/20210121231330551/model_word2vec_bibl_content
[2021-01-23 15:49:37,894] INFO: loading wv recursively from /Users/neo1/PycharmProjects/vec4irltr/model/ir/20210121231330551/model_word2vec_bibl_content.wv.* with mmap=None
[2021-01-23 15:49:37,894] INFO: loading wv recursively from /Users/neo1/PycharmProjects/vec4irltr/model/ir/20210121231330551/model_word2vec_bibl_content.wv.* with mmap=None
[2021-01-23 15:49:37,894] INFO: setting ignored attribute vectors_norm to None
[2021-01-23 15:49:37,894] INFO: setting ignored attribute vectors_norm to None
[2021-01-23 15:49:37,895] INFO: loading vocabulary recursively from /Users/neo1/PycharmProjects/vec4irltr/model/ir/20210121231330551/model_word2vec_bibl_content.vocabulary.* with mmap=None
[2021-01-23 15:49:37,895] INFO: loading vocabulary recursively from /Users/neo1/PycharmProjects/vec4irltr/model/ir/20210121231330551/model_word2vec_bibl_content.vocabulary.* with mmap=None
[2021-01-23 15:49:37,896] INFO: loading trainables recursively from /Users/neo1/PycharmProjects/vec4irltr/model/ir/20210121231330551/model_word2vec_bibl_content.trainables.* with mmap=None
[2021-01-23 15:49:37,896] INFO: loading trainables recursively from /Users/neo1/PycharmProjects/vec4irltr/model/ir/20210121231330551/model_word2vec_bibl_content.trainables.* with mmap=None
[2021-01-23 15:49:37,896] INFO: setting ignored attribute cum_table to None
[2021-01-23 15:49:37,896] INFO: setting ignored attribute cum_table to None
[2021-01-23 15:49:37,897] INFO: loaded /Users/neo1/PycharmProjects/vec4irltr/model/ir/20210121231330551/model_word2vec_bibl_content
[2021-01-23 15:49:37,897] INFO: loaded /Users/neo1/PycharmProjects/vec4irltr/model/ir/20210121231330551/model_word2vec_bibl_content
[2021-01-23 15:49:37,901] INFO: load time:0.01896214485168457
[2021-01-23 15:49:37,901] INFO: load time:0.01896214485168457
[2021-01-23 15:49:38,903] INFO: pid:26255 done | load time: 1.0211131572723389
[2021-01-23 15:49:38,903] INFO: pid:26255 done | load time: 1.0211131572723389
[2021-01-23 15:49:38,904] INFO: loading model_word2vec_bibl_econtent
[2021-01-23 15:49:38,904] INFO: loading model_word2vec_bibl_econtent
[2021-01-23 15:49:38,905] INFO: loading Word2Vec object from /Users/neo1/PycharmProjects/vec4irltr/model/ir/20210121231330551/model_word2vec_bibl_econtent
[2021-01-23 15:49:38,905] INFO: loading Word2Vec object from /Users/neo1/PycharmProjects/vec4irltr/model/ir/20210121231330551/model_word2vec_bibl_econtent
[2021-01-23 15:49:38,906] INFO: loading wv recursively from /Users/neo1/PycharmProjects/vec4irltr/model/ir/20210121231330551/model_word2vec_bibl_econtent.wv.* with mmap=None
[2021-01-23 15:49:38,906] INFO: loading wv recursively from /Users/neo1/PycharmProjects/vec4irltr/model/ir/20210121231330551/model_word2vec_bibl_econtent.wv.* with mmap=None
[2021-01-23 15:49:38,907] INFO: setting ignored attribute vectors_norm to None
[2021-01-23 15:49:38,907] INFO: setting ignored attribute vectors_norm to None
[2021-01-23 15:49:38,908] INFO: loading vocabulary recursively from /Users/neo1/PycharmProjects/vec4irltr/model/ir/20210121231330551/model_word2vec_bibl_econtent.vocabulary.* with mmap=None
[2021-01-23 15:49:38,908] INFO: loading vocabulary recursively from /Users/neo1/PycharmProjects/vec4irltr/model/ir/20210121231330551/model_word2vec_bibl_econtent.vocabulary.* with mmap=None
[2021-01-23 15:49:38,908] INFO: loading trainables recursively from /Users/neo1/PycharmProjects/vec4irltr/model/ir/20210121231330551/model_word2vec_bibl_econtent.trainables.* with mmap=None
[2021-01-23 15:49:38,908] INFO: loading trainables recursively from /Users/neo1/PycharmProjects/vec4irltr/model/ir/20210121231330551/model_word2vec_bibl_econtent.trainables.* with mmap=None
[2021-01-23 15:49:38,909] INFO: setting ignored attribute cum_table to None
[2021-01-23 15:49:38,909] INFO: setting ignored attribute cum_table to None
[2021-01-23 15:49:38,910] INFO: loaded /Users/neo1/PycharmProjects/vec4irltr/model/ir/20210121231330551/model_word2vec_bibl_econtent
[2021-01-23 15:49:38,910] INFO: loaded /Users/neo1/PycharmProjects/vec4irltr/model/ir/20210121231330551/model_word2vec_bibl_econtent
[2021-01-23 15:49:38,910] INFO: load time:0.005692720413208008
[2021-01-23 15:49:38,910] INFO: load time:0.005692720413208008
[2021-01-23 15:49:39,915] INFO: pid:26255 done | load time: 1.010260820388794
[2021-01-23 15:49:39,915] INFO: pid:26255 done | load time: 1.010260820388794
