[2021-01-24 00:07:05,209] INFO: set_init_models_and_get_retrievals
[2021-01-24 00:07:05,209] INFO: set_init_models_and_get_retrievals
[2021-01-24 00:07:05,216] INFO: loading model_word2vec_bibl_bible_bcn
[2021-01-24 00:07:05,216] INFO: loading model_word2vec_bibl_bible_bcn
[2021-01-24 00:07:05,216] INFO: loading Word2Vec object from /Users/neo1/PycharmProjects/vec4irltr/model/ir/20210121231330551/model_word2vec_bibl_bible_bcn
[2021-01-24 00:07:05,216] INFO: loading Word2Vec object from /Users/neo1/PycharmProjects/vec4irltr/model/ir/20210121231330551/model_word2vec_bibl_bible_bcn
[2021-01-24 00:07:05,219] INFO: loading wv recursively from /Users/neo1/PycharmProjects/vec4irltr/model/ir/20210121231330551/model_word2vec_bibl_bible_bcn.wv.* with mmap=None
[2021-01-24 00:07:05,219] INFO: loading wv recursively from /Users/neo1/PycharmProjects/vec4irltr/model/ir/20210121231330551/model_word2vec_bibl_bible_bcn.wv.* with mmap=None
[2021-01-24 00:07:05,220] INFO: setting ignored attribute vectors_norm to None
[2021-01-24 00:07:05,220] INFO: setting ignored attribute vectors_norm to None
[2021-01-24 00:07:05,223] INFO: loading vocabulary recursively from /Users/neo1/PycharmProjects/vec4irltr/model/ir/20210121231330551/model_word2vec_bibl_bible_bcn.vocabulary.* with mmap=None
[2021-01-24 00:07:05,223] INFO: loading vocabulary recursively from /Users/neo1/PycharmProjects/vec4irltr/model/ir/20210121231330551/model_word2vec_bibl_bible_bcn.vocabulary.* with mmap=None
[2021-01-24 00:07:05,224] INFO: loading trainables recursively from /Users/neo1/PycharmProjects/vec4irltr/model/ir/20210121231330551/model_word2vec_bibl_bible_bcn.trainables.* with mmap=None
[2021-01-24 00:07:05,224] INFO: loading trainables recursively from /Users/neo1/PycharmProjects/vec4irltr/model/ir/20210121231330551/model_word2vec_bibl_bible_bcn.trainables.* with mmap=None
[2021-01-24 00:07:05,225] INFO: setting ignored attribute cum_table to None
[2021-01-24 00:07:05,225] INFO: setting ignored attribute cum_table to None
[2021-01-24 00:07:05,225] INFO: loaded /Users/neo1/PycharmProjects/vec4irltr/model/ir/20210121231330551/model_word2vec_bibl_bible_bcn
[2021-01-24 00:07:05,225] INFO: loaded /Users/neo1/PycharmProjects/vec4irltr/model/ir/20210121231330551/model_word2vec_bibl_bible_bcn
[2021-01-24 00:07:05,226] INFO: load time:0.009887218475341797
[2021-01-24 00:07:05,226] INFO: load time:0.009887218475341797
[2021-01-24 00:07:06,231] INFO: pid:61406 done | load time: 1.015099048614502
[2021-01-24 00:07:06,231] INFO: pid:61406 done | load time: 1.015099048614502
[2021-01-24 00:07:06,232] INFO: loading model_word2vec_bibl_content
[2021-01-24 00:07:06,232] INFO: loading model_word2vec_bibl_content
[2021-01-24 00:07:06,233] INFO: loading Word2Vec object from /Users/neo1/PycharmProjects/vec4irltr/model/ir/20210121231330551/model_word2vec_bibl_content
[2021-01-24 00:07:06,233] INFO: loading Word2Vec object from /Users/neo1/PycharmProjects/vec4irltr/model/ir/20210121231330551/model_word2vec_bibl_content
[2021-01-24 00:07:06,245] INFO: loading wv recursively from /Users/neo1/PycharmProjects/vec4irltr/model/ir/20210121231330551/model_word2vec_bibl_content.wv.* with mmap=None
[2021-01-24 00:07:06,245] INFO: loading wv recursively from /Users/neo1/PycharmProjects/vec4irltr/model/ir/20210121231330551/model_word2vec_bibl_content.wv.* with mmap=None
[2021-01-24 00:07:06,246] INFO: setting ignored attribute vectors_norm to None
[2021-01-24 00:07:06,246] INFO: setting ignored attribute vectors_norm to None
[2021-01-24 00:07:06,246] INFO: loading vocabulary recursively from /Users/neo1/PycharmProjects/vec4irltr/model/ir/20210121231330551/model_word2vec_bibl_content.vocabulary.* with mmap=None
[2021-01-24 00:07:06,246] INFO: loading vocabulary recursively from /Users/neo1/PycharmProjects/vec4irltr/model/ir/20210121231330551/model_word2vec_bibl_content.vocabulary.* with mmap=None
[2021-01-24 00:07:06,247] INFO: loading trainables recursively from /Users/neo1/PycharmProjects/vec4irltr/model/ir/20210121231330551/model_word2vec_bibl_content.trainables.* with mmap=None
[2021-01-24 00:07:06,247] INFO: loading trainables recursively from /Users/neo1/PycharmProjects/vec4irltr/model/ir/20210121231330551/model_word2vec_bibl_content.trainables.* with mmap=None
[2021-01-24 00:07:06,248] INFO: setting ignored attribute cum_table to None
[2021-01-24 00:07:06,248] INFO: setting ignored attribute cum_table to None
[2021-01-24 00:07:06,248] INFO: loaded /Users/neo1/PycharmProjects/vec4irltr/model/ir/20210121231330551/model_word2vec_bibl_content
[2021-01-24 00:07:06,248] INFO: loaded /Users/neo1/PycharmProjects/vec4irltr/model/ir/20210121231330551/model_word2vec_bibl_content
[2021-01-24 00:07:06,253] INFO: load time:0.020009994506835938
[2021-01-24 00:07:06,253] INFO: load time:0.020009994506835938
[2021-01-24 00:07:07,257] INFO: pid:61406 done | load time: 1.0245182514190674
[2021-01-24 00:07:07,257] INFO: pid:61406 done | load time: 1.0245182514190674
[2021-01-24 00:07:07,277] INFO: loading model_word2vec_bibl_econtent
[2021-01-24 00:07:07,277] INFO: loading model_word2vec_bibl_econtent
[2021-01-24 00:07:07,278] INFO: loading Word2Vec object from /Users/neo1/PycharmProjects/vec4irltr/model/ir/20210121231330551/model_word2vec_bibl_econtent
[2021-01-24 00:07:07,278] INFO: loading Word2Vec object from /Users/neo1/PycharmProjects/vec4irltr/model/ir/20210121231330551/model_word2vec_bibl_econtent
[2021-01-24 00:07:07,280] INFO: loading wv recursively from /Users/neo1/PycharmProjects/vec4irltr/model/ir/20210121231330551/model_word2vec_bibl_econtent.wv.* with mmap=None
[2021-01-24 00:07:07,280] INFO: loading wv recursively from /Users/neo1/PycharmProjects/vec4irltr/model/ir/20210121231330551/model_word2vec_bibl_econtent.wv.* with mmap=None
[2021-01-24 00:07:07,280] INFO: setting ignored attribute vectors_norm to None
[2021-01-24 00:07:07,280] INFO: setting ignored attribute vectors_norm to None
[2021-01-24 00:07:07,281] INFO: loading vocabulary recursively from /Users/neo1/PycharmProjects/vec4irltr/model/ir/20210121231330551/model_word2vec_bibl_econtent.vocabulary.* with mmap=None
[2021-01-24 00:07:07,281] INFO: loading vocabulary recursively from /Users/neo1/PycharmProjects/vec4irltr/model/ir/20210121231330551/model_word2vec_bibl_econtent.vocabulary.* with mmap=None
[2021-01-24 00:07:07,282] INFO: loading trainables recursively from /Users/neo1/PycharmProjects/vec4irltr/model/ir/20210121231330551/model_word2vec_bibl_econtent.trainables.* with mmap=None
[2021-01-24 00:07:07,282] INFO: loading trainables recursively from /Users/neo1/PycharmProjects/vec4irltr/model/ir/20210121231330551/model_word2vec_bibl_econtent.trainables.* with mmap=None
[2021-01-24 00:07:07,282] INFO: setting ignored attribute cum_table to None
[2021-01-24 00:07:07,282] INFO: setting ignored attribute cum_table to None
[2021-01-24 00:07:07,283] INFO: loaded /Users/neo1/PycharmProjects/vec4irltr/model/ir/20210121231330551/model_word2vec_bibl_econtent
[2021-01-24 00:07:07,283] INFO: loaded /Users/neo1/PycharmProjects/vec4irltr/model/ir/20210121231330551/model_word2vec_bibl_econtent
[2021-01-24 00:07:07,284] INFO: load time:0.005939960479736328
[2021-01-24 00:07:07,284] INFO: load time:0.005939960479736328
[2021-01-24 00:07:08,287] INFO: pid:61406 done | load time: 1.0088472366333008
[2021-01-24 00:07:08,287] INFO: pid:61406 done | load time: 1.0088472366333008
