[2021-01-24 03:20:07,873] INFO: set_init_models_and_get_retrievals
[2021-01-24 03:20:07,873] INFO: set_init_models_and_get_retrievals
[2021-01-24 03:20:07,877] INFO: loading model_word2vec_bibl_bible_bcn
[2021-01-24 03:20:07,877] INFO: loading model_word2vec_bibl_bible_bcn
[2021-01-24 03:20:07,877] INFO: loading Word2Vec object from /Users/neo1/PycharmProjects/vec4irltr/model/ir/20210121231330551/model_word2vec_bibl_bible_bcn
[2021-01-24 03:20:07,877] INFO: loading Word2Vec object from /Users/neo1/PycharmProjects/vec4irltr/model/ir/20210121231330551/model_word2vec_bibl_bible_bcn
[2021-01-24 03:20:07,885] INFO: loading wv recursively from /Users/neo1/PycharmProjects/vec4irltr/model/ir/20210121231330551/model_word2vec_bibl_bible_bcn.wv.* with mmap=None
[2021-01-24 03:20:07,885] INFO: loading wv recursively from /Users/neo1/PycharmProjects/vec4irltr/model/ir/20210121231330551/model_word2vec_bibl_bible_bcn.wv.* with mmap=None
[2021-01-24 03:20:07,885] INFO: setting ignored attribute vectors_norm to None
[2021-01-24 03:20:07,885] INFO: setting ignored attribute vectors_norm to None
[2021-01-24 03:20:07,886] INFO: loading vocabulary recursively from /Users/neo1/PycharmProjects/vec4irltr/model/ir/20210121231330551/model_word2vec_bibl_bible_bcn.vocabulary.* with mmap=None
[2021-01-24 03:20:07,886] INFO: loading vocabulary recursively from /Users/neo1/PycharmProjects/vec4irltr/model/ir/20210121231330551/model_word2vec_bibl_bible_bcn.vocabulary.* with mmap=None
[2021-01-24 03:20:07,886] INFO: loading trainables recursively from /Users/neo1/PycharmProjects/vec4irltr/model/ir/20210121231330551/model_word2vec_bibl_bible_bcn.trainables.* with mmap=None
[2021-01-24 03:20:07,886] INFO: loading trainables recursively from /Users/neo1/PycharmProjects/vec4irltr/model/ir/20210121231330551/model_word2vec_bibl_bible_bcn.trainables.* with mmap=None
[2021-01-24 03:20:07,887] INFO: setting ignored attribute cum_table to None
[2021-01-24 03:20:07,887] INFO: setting ignored attribute cum_table to None
[2021-01-24 03:20:07,887] INFO: loaded /Users/neo1/PycharmProjects/vec4irltr/model/ir/20210121231330551/model_word2vec_bibl_bible_bcn
[2021-01-24 03:20:07,887] INFO: loaded /Users/neo1/PycharmProjects/vec4irltr/model/ir/20210121231330551/model_word2vec_bibl_bible_bcn
[2021-01-24 03:20:07,887] INFO: load time:0.010329961776733398
[2021-01-24 03:20:07,887] INFO: load time:0.010329961776733398
[2021-01-24 03:20:08,891] INFO: pid:75130 done | load time: 1.0136809349060059
[2021-01-24 03:20:08,891] INFO: pid:75130 done | load time: 1.0136809349060059
[2021-01-24 03:20:08,891] INFO: loading model_word2vec_bibl_content
[2021-01-24 03:20:08,891] INFO: loading model_word2vec_bibl_content
[2021-01-24 03:20:08,892] INFO: loading Word2Vec object from /Users/neo1/PycharmProjects/vec4irltr/model/ir/20210121231330551/model_word2vec_bibl_content
[2021-01-24 03:20:08,892] INFO: loading Word2Vec object from /Users/neo1/PycharmProjects/vec4irltr/model/ir/20210121231330551/model_word2vec_bibl_content
[2021-01-24 03:20:08,988] INFO: loading wv recursively from /Users/neo1/PycharmProjects/vec4irltr/model/ir/20210121231330551/model_word2vec_bibl_content.wv.* with mmap=None
[2021-01-24 03:20:08,988] INFO: loading wv recursively from /Users/neo1/PycharmProjects/vec4irltr/model/ir/20210121231330551/model_word2vec_bibl_content.wv.* with mmap=None
[2021-01-24 03:20:08,988] INFO: setting ignored attribute vectors_norm to None
[2021-01-24 03:20:08,988] INFO: setting ignored attribute vectors_norm to None
[2021-01-24 03:20:08,989] INFO: loading vocabulary recursively from /Users/neo1/PycharmProjects/vec4irltr/model/ir/20210121231330551/model_word2vec_bibl_content.vocabulary.* with mmap=None
[2021-01-24 03:20:08,989] INFO: loading vocabulary recursively from /Users/neo1/PycharmProjects/vec4irltr/model/ir/20210121231330551/model_word2vec_bibl_content.vocabulary.* with mmap=None
[2021-01-24 03:20:08,989] INFO: loading trainables recursively from /Users/neo1/PycharmProjects/vec4irltr/model/ir/20210121231330551/model_word2vec_bibl_content.trainables.* with mmap=None
[2021-01-24 03:20:08,989] INFO: loading trainables recursively from /Users/neo1/PycharmProjects/vec4irltr/model/ir/20210121231330551/model_word2vec_bibl_content.trainables.* with mmap=None
[2021-01-24 03:20:08,989] INFO: setting ignored attribute cum_table to None
[2021-01-24 03:20:08,989] INFO: setting ignored attribute cum_table to None
[2021-01-24 03:20:08,990] INFO: loaded /Users/neo1/PycharmProjects/vec4irltr/model/ir/20210121231330551/model_word2vec_bibl_content
[2021-01-24 03:20:08,990] INFO: loaded /Users/neo1/PycharmProjects/vec4irltr/model/ir/20210121231330551/model_word2vec_bibl_content
[2021-01-24 03:20:08,992] INFO: load time:0.10008096694946289
[2021-01-24 03:20:08,992] INFO: load time:0.10008096694946289
[2021-01-24 03:20:09,993] INFO: pid:75130 done | load time: 1.1011919975280762
[2021-01-24 03:20:09,993] INFO: pid:75130 done | load time: 1.1011919975280762
[2021-01-24 03:20:09,993] INFO: loading model_word2vec_bibl_econtent
[2021-01-24 03:20:09,993] INFO: loading model_word2vec_bibl_econtent
[2021-01-24 03:20:09,994] INFO: loading Word2Vec object from /Users/neo1/PycharmProjects/vec4irltr/model/ir/20210121231330551/model_word2vec_bibl_econtent
[2021-01-24 03:20:09,994] INFO: loading Word2Vec object from /Users/neo1/PycharmProjects/vec4irltr/model/ir/20210121231330551/model_word2vec_bibl_econtent
[2021-01-24 03:20:09,998] INFO: loading wv recursively from /Users/neo1/PycharmProjects/vec4irltr/model/ir/20210121231330551/model_word2vec_bibl_econtent.wv.* with mmap=None
[2021-01-24 03:20:09,998] INFO: loading wv recursively from /Users/neo1/PycharmProjects/vec4irltr/model/ir/20210121231330551/model_word2vec_bibl_econtent.wv.* with mmap=None
[2021-01-24 03:20:09,999] INFO: setting ignored attribute vectors_norm to None
[2021-01-24 03:20:09,999] INFO: setting ignored attribute vectors_norm to None
[2021-01-24 03:20:09,999] INFO: loading vocabulary recursively from /Users/neo1/PycharmProjects/vec4irltr/model/ir/20210121231330551/model_word2vec_bibl_econtent.vocabulary.* with mmap=None
[2021-01-24 03:20:09,999] INFO: loading vocabulary recursively from /Users/neo1/PycharmProjects/vec4irltr/model/ir/20210121231330551/model_word2vec_bibl_econtent.vocabulary.* with mmap=None
[2021-01-24 03:20:10,000] INFO: loading trainables recursively from /Users/neo1/PycharmProjects/vec4irltr/model/ir/20210121231330551/model_word2vec_bibl_econtent.trainables.* with mmap=None
[2021-01-24 03:20:10,000] INFO: loading trainables recursively from /Users/neo1/PycharmProjects/vec4irltr/model/ir/20210121231330551/model_word2vec_bibl_econtent.trainables.* with mmap=None
[2021-01-24 03:20:10,000] INFO: setting ignored attribute cum_table to None
[2021-01-24 03:20:10,000] INFO: setting ignored attribute cum_table to None
[2021-01-24 03:20:10,000] INFO: loaded /Users/neo1/PycharmProjects/vec4irltr/model/ir/20210121231330551/model_word2vec_bibl_econtent
[2021-01-24 03:20:10,000] INFO: loaded /Users/neo1/PycharmProjects/vec4irltr/model/ir/20210121231330551/model_word2vec_bibl_econtent
[2021-01-24 03:20:10,001] INFO: load time:0.007148027420043945
[2021-01-24 03:20:10,001] INFO: load time:0.007148027420043945
[2021-01-24 03:20:11,003] INFO: pid:75130 done | load time: 1.009310007095337
[2021-01-24 03:20:11,003] INFO: pid:75130 done | load time: 1.009310007095337
