[2021-01-23 22:44:50,582] INFO: set_init_models_and_get_retrievals
[2021-01-23 22:44:50,582] INFO: set_init_models_and_get_retrievals
[2021-01-23 22:44:50,586] INFO: loading model_word2vec_bibl_bible_bcn
[2021-01-23 22:44:50,586] INFO: loading model_word2vec_bibl_bible_bcn
[2021-01-23 22:44:50,587] INFO: loading Word2Vec object from /Users/neo1/PycharmProjects/vec4irltr/model/ir/20210121231330551/model_word2vec_bibl_bible_bcn
[2021-01-23 22:44:50,587] INFO: loading Word2Vec object from /Users/neo1/PycharmProjects/vec4irltr/model/ir/20210121231330551/model_word2vec_bibl_bible_bcn
[2021-01-23 22:44:50,600] INFO: loading wv recursively from /Users/neo1/PycharmProjects/vec4irltr/model/ir/20210121231330551/model_word2vec_bibl_bible_bcn.wv.* with mmap=None
[2021-01-23 22:44:50,600] INFO: loading wv recursively from /Users/neo1/PycharmProjects/vec4irltr/model/ir/20210121231330551/model_word2vec_bibl_bible_bcn.wv.* with mmap=None
[2021-01-23 22:44:50,600] INFO: setting ignored attribute vectors_norm to None
[2021-01-23 22:44:50,600] INFO: setting ignored attribute vectors_norm to None
[2021-01-23 22:44:50,600] INFO: loading vocabulary recursively from /Users/neo1/PycharmProjects/vec4irltr/model/ir/20210121231330551/model_word2vec_bibl_bible_bcn.vocabulary.* with mmap=None
[2021-01-23 22:44:50,600] INFO: loading vocabulary recursively from /Users/neo1/PycharmProjects/vec4irltr/model/ir/20210121231330551/model_word2vec_bibl_bible_bcn.vocabulary.* with mmap=None
[2021-01-23 22:44:50,601] INFO: loading trainables recursively from /Users/neo1/PycharmProjects/vec4irltr/model/ir/20210121231330551/model_word2vec_bibl_bible_bcn.trainables.* with mmap=None
[2021-01-23 22:44:50,601] INFO: loading trainables recursively from /Users/neo1/PycharmProjects/vec4irltr/model/ir/20210121231330551/model_word2vec_bibl_bible_bcn.trainables.* with mmap=None
[2021-01-23 22:44:50,601] INFO: setting ignored attribute cum_table to None
[2021-01-23 22:44:50,601] INFO: setting ignored attribute cum_table to None
[2021-01-23 22:44:50,602] INFO: loaded /Users/neo1/PycharmProjects/vec4irltr/model/ir/20210121231330551/model_word2vec_bibl_bible_bcn
[2021-01-23 22:44:50,602] INFO: loaded /Users/neo1/PycharmProjects/vec4irltr/model/ir/20210121231330551/model_word2vec_bibl_bible_bcn
[2021-01-23 22:44:50,602] INFO: load time:0.015607833862304688
[2021-01-23 22:44:50,602] INFO: load time:0.015607833862304688
[2021-01-23 22:44:51,606] INFO: pid:55641 done | load time: 1.0195059776306152
[2021-01-23 22:44:51,606] INFO: pid:55641 done | load time: 1.0195059776306152
[2021-01-23 22:44:51,607] INFO: loading model_word2vec_bibl_content
[2021-01-23 22:44:51,607] INFO: loading model_word2vec_bibl_content
[2021-01-23 22:44:51,607] INFO: loading Word2Vec object from /Users/neo1/PycharmProjects/vec4irltr/model/ir/20210121231330551/model_word2vec_bibl_content
[2021-01-23 22:44:51,607] INFO: loading Word2Vec object from /Users/neo1/PycharmProjects/vec4irltr/model/ir/20210121231330551/model_word2vec_bibl_content
[2021-01-23 22:44:51,625] INFO: loading wv recursively from /Users/neo1/PycharmProjects/vec4irltr/model/ir/20210121231330551/model_word2vec_bibl_content.wv.* with mmap=None
[2021-01-23 22:44:51,625] INFO: loading wv recursively from /Users/neo1/PycharmProjects/vec4irltr/model/ir/20210121231330551/model_word2vec_bibl_content.wv.* with mmap=None
[2021-01-23 22:44:51,625] INFO: setting ignored attribute vectors_norm to None
[2021-01-23 22:44:51,625] INFO: setting ignored attribute vectors_norm to None
[2021-01-23 22:44:51,626] INFO: loading vocabulary recursively from /Users/neo1/PycharmProjects/vec4irltr/model/ir/20210121231330551/model_word2vec_bibl_content.vocabulary.* with mmap=None
[2021-01-23 22:44:51,626] INFO: loading vocabulary recursively from /Users/neo1/PycharmProjects/vec4irltr/model/ir/20210121231330551/model_word2vec_bibl_content.vocabulary.* with mmap=None
[2021-01-23 22:44:51,626] INFO: loading trainables recursively from /Users/neo1/PycharmProjects/vec4irltr/model/ir/20210121231330551/model_word2vec_bibl_content.trainables.* with mmap=None
[2021-01-23 22:44:51,626] INFO: loading trainables recursively from /Users/neo1/PycharmProjects/vec4irltr/model/ir/20210121231330551/model_word2vec_bibl_content.trainables.* with mmap=None
[2021-01-23 22:44:51,626] INFO: setting ignored attribute cum_table to None
[2021-01-23 22:44:51,626] INFO: setting ignored attribute cum_table to None
[2021-01-23 22:44:51,627] INFO: loaded /Users/neo1/PycharmProjects/vec4irltr/model/ir/20210121231330551/model_word2vec_bibl_content
[2021-01-23 22:44:51,627] INFO: loaded /Users/neo1/PycharmProjects/vec4irltr/model/ir/20210121231330551/model_word2vec_bibl_content
[2021-01-23 22:44:51,629] INFO: load time:0.02160477638244629
[2021-01-23 22:44:51,629] INFO: load time:0.02160477638244629
[2021-01-23 22:44:52,634] INFO: pid:55641 done | load time: 1.0263957977294922
[2021-01-23 22:44:52,634] INFO: pid:55641 done | load time: 1.0263957977294922
[2021-01-23 22:44:52,634] INFO: loading model_word2vec_bibl_econtent
[2021-01-23 22:44:52,634] INFO: loading model_word2vec_bibl_econtent
[2021-01-23 22:44:52,634] INFO: loading Word2Vec object from /Users/neo1/PycharmProjects/vec4irltr/model/ir/20210121231330551/model_word2vec_bibl_econtent
[2021-01-23 22:44:52,634] INFO: loading Word2Vec object from /Users/neo1/PycharmProjects/vec4irltr/model/ir/20210121231330551/model_word2vec_bibl_econtent
[2021-01-23 22:44:52,639] INFO: loading wv recursively from /Users/neo1/PycharmProjects/vec4irltr/model/ir/20210121231330551/model_word2vec_bibl_econtent.wv.* with mmap=None
[2021-01-23 22:44:52,639] INFO: loading wv recursively from /Users/neo1/PycharmProjects/vec4irltr/model/ir/20210121231330551/model_word2vec_bibl_econtent.wv.* with mmap=None
[2021-01-23 22:44:52,639] INFO: setting ignored attribute vectors_norm to None
[2021-01-23 22:44:52,639] INFO: setting ignored attribute vectors_norm to None
[2021-01-23 22:44:52,640] INFO: loading vocabulary recursively from /Users/neo1/PycharmProjects/vec4irltr/model/ir/20210121231330551/model_word2vec_bibl_econtent.vocabulary.* with mmap=None
[2021-01-23 22:44:52,640] INFO: loading vocabulary recursively from /Users/neo1/PycharmProjects/vec4irltr/model/ir/20210121231330551/model_word2vec_bibl_econtent.vocabulary.* with mmap=None
[2021-01-23 22:44:52,640] INFO: loading trainables recursively from /Users/neo1/PycharmProjects/vec4irltr/model/ir/20210121231330551/model_word2vec_bibl_econtent.trainables.* with mmap=None
[2021-01-23 22:44:52,640] INFO: loading trainables recursively from /Users/neo1/PycharmProjects/vec4irltr/model/ir/20210121231330551/model_word2vec_bibl_econtent.trainables.* with mmap=None
[2021-01-23 22:44:52,641] INFO: setting ignored attribute cum_table to None
[2021-01-23 22:44:52,641] INFO: setting ignored attribute cum_table to None
[2021-01-23 22:44:52,641] INFO: loaded /Users/neo1/PycharmProjects/vec4irltr/model/ir/20210121231330551/model_word2vec_bibl_econtent
[2021-01-23 22:44:52,641] INFO: loaded /Users/neo1/PycharmProjects/vec4irltr/model/ir/20210121231330551/model_word2vec_bibl_econtent
[2021-01-23 22:44:52,641] INFO: load time:0.006849050521850586
[2021-01-23 22:44:52,641] INFO: load time:0.006849050521850586
[2021-01-23 22:44:53,646] INFO: pid:55641 done | load time: 1.0118498802185059
[2021-01-23 22:44:53,646] INFO: pid:55641 done | load time: 1.0118498802185059
