[2021-01-23 20:31:06,542] INFO: set_init_models_and_get_retrievals
[2021-01-23 20:31:06,542] INFO: set_init_models_and_get_retrievals
[2021-01-23 20:31:06,549] INFO: loading model_word2vec_bibl_bible_bcn
[2021-01-23 20:31:06,549] INFO: loading model_word2vec_bibl_bible_bcn
[2021-01-23 20:31:06,549] INFO: loading Word2Vec object from /Users/neo1/PycharmProjects/vec4irltr/model/ir/20210121231330551/model_word2vec_bibl_bible_bcn
[2021-01-23 20:31:06,549] INFO: loading Word2Vec object from /Users/neo1/PycharmProjects/vec4irltr/model/ir/20210121231330551/model_word2vec_bibl_bible_bcn
[2021-01-23 20:31:06,553] INFO: loading wv recursively from /Users/neo1/PycharmProjects/vec4irltr/model/ir/20210121231330551/model_word2vec_bibl_bible_bcn.wv.* with mmap=None
[2021-01-23 20:31:06,553] INFO: loading wv recursively from /Users/neo1/PycharmProjects/vec4irltr/model/ir/20210121231330551/model_word2vec_bibl_bible_bcn.wv.* with mmap=None
[2021-01-23 20:31:06,553] INFO: setting ignored attribute vectors_norm to None
[2021-01-23 20:31:06,553] INFO: setting ignored attribute vectors_norm to None
[2021-01-23 20:31:06,554] INFO: loading vocabulary recursively from /Users/neo1/PycharmProjects/vec4irltr/model/ir/20210121231330551/model_word2vec_bibl_bible_bcn.vocabulary.* with mmap=None
[2021-01-23 20:31:06,554] INFO: loading vocabulary recursively from /Users/neo1/PycharmProjects/vec4irltr/model/ir/20210121231330551/model_word2vec_bibl_bible_bcn.vocabulary.* with mmap=None
[2021-01-23 20:31:06,554] INFO: loading trainables recursively from /Users/neo1/PycharmProjects/vec4irltr/model/ir/20210121231330551/model_word2vec_bibl_bible_bcn.trainables.* with mmap=None
[2021-01-23 20:31:06,554] INFO: loading trainables recursively from /Users/neo1/PycharmProjects/vec4irltr/model/ir/20210121231330551/model_word2vec_bibl_bible_bcn.trainables.* with mmap=None
[2021-01-23 20:31:06,555] INFO: setting ignored attribute cum_table to None
[2021-01-23 20:31:06,555] INFO: setting ignored attribute cum_table to None
[2021-01-23 20:31:06,556] INFO: loaded /Users/neo1/PycharmProjects/vec4irltr/model/ir/20210121231330551/model_word2vec_bibl_bible_bcn
[2021-01-23 20:31:06,556] INFO: loaded /Users/neo1/PycharmProjects/vec4irltr/model/ir/20210121231330551/model_word2vec_bibl_bible_bcn
[2021-01-23 20:31:06,557] INFO: load time:0.007187843322753906
[2021-01-23 20:31:06,557] INFO: load time:0.007187843322753906
[2021-01-23 20:31:07,560] INFO: pid:45854 done | load time: 1.0110316276550293
[2021-01-23 20:31:07,560] INFO: pid:45854 done | load time: 1.0110316276550293
[2021-01-23 20:31:07,561] INFO: loading model_word2vec_bibl_content
[2021-01-23 20:31:07,561] INFO: loading model_word2vec_bibl_content
[2021-01-23 20:31:07,562] INFO: loading Word2Vec object from /Users/neo1/PycharmProjects/vec4irltr/model/ir/20210121231330551/model_word2vec_bibl_content
[2021-01-23 20:31:07,562] INFO: loading Word2Vec object from /Users/neo1/PycharmProjects/vec4irltr/model/ir/20210121231330551/model_word2vec_bibl_content
[2021-01-23 20:31:07,573] INFO: loading wv recursively from /Users/neo1/PycharmProjects/vec4irltr/model/ir/20210121231330551/model_word2vec_bibl_content.wv.* with mmap=None
[2021-01-23 20:31:07,573] INFO: loading wv recursively from /Users/neo1/PycharmProjects/vec4irltr/model/ir/20210121231330551/model_word2vec_bibl_content.wv.* with mmap=None
[2021-01-23 20:31:07,574] INFO: setting ignored attribute vectors_norm to None
[2021-01-23 20:31:07,574] INFO: setting ignored attribute vectors_norm to None
[2021-01-23 20:31:07,574] INFO: loading vocabulary recursively from /Users/neo1/PycharmProjects/vec4irltr/model/ir/20210121231330551/model_word2vec_bibl_content.vocabulary.* with mmap=None
[2021-01-23 20:31:07,574] INFO: loading vocabulary recursively from /Users/neo1/PycharmProjects/vec4irltr/model/ir/20210121231330551/model_word2vec_bibl_content.vocabulary.* with mmap=None
[2021-01-23 20:31:07,575] INFO: loading trainables recursively from /Users/neo1/PycharmProjects/vec4irltr/model/ir/20210121231330551/model_word2vec_bibl_content.trainables.* with mmap=None
[2021-01-23 20:31:07,575] INFO: loading trainables recursively from /Users/neo1/PycharmProjects/vec4irltr/model/ir/20210121231330551/model_word2vec_bibl_content.trainables.* with mmap=None
[2021-01-23 20:31:07,576] INFO: setting ignored attribute cum_table to None
[2021-01-23 20:31:07,576] INFO: setting ignored attribute cum_table to None
[2021-01-23 20:31:07,576] INFO: loaded /Users/neo1/PycharmProjects/vec4irltr/model/ir/20210121231330551/model_word2vec_bibl_content
[2021-01-23 20:31:07,576] INFO: loaded /Users/neo1/PycharmProjects/vec4irltr/model/ir/20210121231330551/model_word2vec_bibl_content
[2021-01-23 20:31:07,580] INFO: load time:0.017795085906982422
[2021-01-23 20:31:07,580] INFO: load time:0.017795085906982422
[2021-01-23 20:31:08,582] INFO: pid:45854 done | load time: 1.0200560092926025
[2021-01-23 20:31:08,582] INFO: pid:45854 done | load time: 1.0200560092926025
[2021-01-23 20:31:08,582] INFO: loading model_word2vec_bibl_econtent
[2021-01-23 20:31:08,582] INFO: loading model_word2vec_bibl_econtent
[2021-01-23 20:31:08,583] INFO: loading Word2Vec object from /Users/neo1/PycharmProjects/vec4irltr/model/ir/20210121231330551/model_word2vec_bibl_econtent
[2021-01-23 20:31:08,583] INFO: loading Word2Vec object from /Users/neo1/PycharmProjects/vec4irltr/model/ir/20210121231330551/model_word2vec_bibl_econtent
[2021-01-23 20:31:08,585] INFO: loading wv recursively from /Users/neo1/PycharmProjects/vec4irltr/model/ir/20210121231330551/model_word2vec_bibl_econtent.wv.* with mmap=None
[2021-01-23 20:31:08,585] INFO: loading wv recursively from /Users/neo1/PycharmProjects/vec4irltr/model/ir/20210121231330551/model_word2vec_bibl_econtent.wv.* with mmap=None
[2021-01-23 20:31:08,585] INFO: setting ignored attribute vectors_norm to None
[2021-01-23 20:31:08,585] INFO: setting ignored attribute vectors_norm to None
[2021-01-23 20:31:08,586] INFO: loading vocabulary recursively from /Users/neo1/PycharmProjects/vec4irltr/model/ir/20210121231330551/model_word2vec_bibl_econtent.vocabulary.* with mmap=None
[2021-01-23 20:31:08,586] INFO: loading vocabulary recursively from /Users/neo1/PycharmProjects/vec4irltr/model/ir/20210121231330551/model_word2vec_bibl_econtent.vocabulary.* with mmap=None
[2021-01-23 20:31:08,587] INFO: loading trainables recursively from /Users/neo1/PycharmProjects/vec4irltr/model/ir/20210121231330551/model_word2vec_bibl_econtent.trainables.* with mmap=None
[2021-01-23 20:31:08,587] INFO: loading trainables recursively from /Users/neo1/PycharmProjects/vec4irltr/model/ir/20210121231330551/model_word2vec_bibl_econtent.trainables.* with mmap=None
[2021-01-23 20:31:08,588] INFO: setting ignored attribute cum_table to None
[2021-01-23 20:31:08,588] INFO: setting ignored attribute cum_table to None
[2021-01-23 20:31:08,588] INFO: loaded /Users/neo1/PycharmProjects/vec4irltr/model/ir/20210121231330551/model_word2vec_bibl_econtent
[2021-01-23 20:31:08,588] INFO: loaded /Users/neo1/PycharmProjects/vec4irltr/model/ir/20210121231330551/model_word2vec_bibl_econtent
[2021-01-23 20:31:08,589] INFO: load time:0.005896091461181641
[2021-01-23 20:31:08,589] INFO: load time:0.005896091461181641
[2021-01-23 20:31:09,594] INFO: pid:45854 done | load time: 1.0109891891479492
[2021-01-23 20:31:09,594] INFO: pid:45854 done | load time: 1.0109891891479492
