[2021-01-23 20:59:30,002] INFO: set_init_models_and_get_retrievals
[2021-01-23 20:59:30,002] INFO: set_init_models_and_get_retrievals
[2021-01-23 20:59:30,104] INFO: loading model_word2vec_bibl_bible_bcn
[2021-01-23 20:59:30,104] INFO: loading model_word2vec_bibl_bible_bcn
[2021-01-23 20:59:30,105] INFO: loading Word2Vec object from /Users/neo1/PycharmProjects/vec4irltr/model/ir/20210121231330551/model_word2vec_bibl_bible_bcn
[2021-01-23 20:59:30,105] INFO: loading Word2Vec object from /Users/neo1/PycharmProjects/vec4irltr/model/ir/20210121231330551/model_word2vec_bibl_bible_bcn
[2021-01-23 20:59:30,107] INFO: loading wv recursively from /Users/neo1/PycharmProjects/vec4irltr/model/ir/20210121231330551/model_word2vec_bibl_bible_bcn.wv.* with mmap=None
[2021-01-23 20:59:30,107] INFO: loading wv recursively from /Users/neo1/PycharmProjects/vec4irltr/model/ir/20210121231330551/model_word2vec_bibl_bible_bcn.wv.* with mmap=None
[2021-01-23 20:59:30,107] INFO: setting ignored attribute vectors_norm to None
[2021-01-23 20:59:30,107] INFO: setting ignored attribute vectors_norm to None
[2021-01-23 20:59:30,108] INFO: loading vocabulary recursively from /Users/neo1/PycharmProjects/vec4irltr/model/ir/20210121231330551/model_word2vec_bibl_bible_bcn.vocabulary.* with mmap=None
[2021-01-23 20:59:30,108] INFO: loading vocabulary recursively from /Users/neo1/PycharmProjects/vec4irltr/model/ir/20210121231330551/model_word2vec_bibl_bible_bcn.vocabulary.* with mmap=None
[2021-01-23 20:59:30,108] INFO: loading trainables recursively from /Users/neo1/PycharmProjects/vec4irltr/model/ir/20210121231330551/model_word2vec_bibl_bible_bcn.trainables.* with mmap=None
[2021-01-23 20:59:30,108] INFO: loading trainables recursively from /Users/neo1/PycharmProjects/vec4irltr/model/ir/20210121231330551/model_word2vec_bibl_bible_bcn.trainables.* with mmap=None
[2021-01-23 20:59:30,108] INFO: setting ignored attribute cum_table to None
[2021-01-23 20:59:30,108] INFO: setting ignored attribute cum_table to None
[2021-01-23 20:59:30,108] INFO: loaded /Users/neo1/PycharmProjects/vec4irltr/model/ir/20210121231330551/model_word2vec_bibl_bible_bcn
[2021-01-23 20:59:30,108] INFO: loaded /Users/neo1/PycharmProjects/vec4irltr/model/ir/20210121231330551/model_word2vec_bibl_bible_bcn
[2021-01-23 20:59:30,109] INFO: load time:0.0045239925384521484
[2021-01-23 20:59:30,109] INFO: load time:0.0045239925384521484
[2021-01-23 20:59:31,109] INFO: pid:48003 done | load time: 1.0048649311065674
[2021-01-23 20:59:31,109] INFO: pid:48003 done | load time: 1.0048649311065674
[2021-01-23 20:59:31,110] INFO: loading model_word2vec_bibl_content
[2021-01-23 20:59:31,110] INFO: loading model_word2vec_bibl_content
[2021-01-23 20:59:31,110] INFO: loading Word2Vec object from /Users/neo1/PycharmProjects/vec4irltr/model/ir/20210121231330551/model_word2vec_bibl_content
[2021-01-23 20:59:31,110] INFO: loading Word2Vec object from /Users/neo1/PycharmProjects/vec4irltr/model/ir/20210121231330551/model_word2vec_bibl_content
[2021-01-23 20:59:31,121] INFO: loading wv recursively from /Users/neo1/PycharmProjects/vec4irltr/model/ir/20210121231330551/model_word2vec_bibl_content.wv.* with mmap=None
[2021-01-23 20:59:31,121] INFO: loading wv recursively from /Users/neo1/PycharmProjects/vec4irltr/model/ir/20210121231330551/model_word2vec_bibl_content.wv.* with mmap=None
[2021-01-23 20:59:31,121] INFO: setting ignored attribute vectors_norm to None
[2021-01-23 20:59:31,121] INFO: setting ignored attribute vectors_norm to None
[2021-01-23 20:59:31,121] INFO: loading vocabulary recursively from /Users/neo1/PycharmProjects/vec4irltr/model/ir/20210121231330551/model_word2vec_bibl_content.vocabulary.* with mmap=None
[2021-01-23 20:59:31,121] INFO: loading vocabulary recursively from /Users/neo1/PycharmProjects/vec4irltr/model/ir/20210121231330551/model_word2vec_bibl_content.vocabulary.* with mmap=None
[2021-01-23 20:59:31,122] INFO: loading trainables recursively from /Users/neo1/PycharmProjects/vec4irltr/model/ir/20210121231330551/model_word2vec_bibl_content.trainables.* with mmap=None
[2021-01-23 20:59:31,122] INFO: loading trainables recursively from /Users/neo1/PycharmProjects/vec4irltr/model/ir/20210121231330551/model_word2vec_bibl_content.trainables.* with mmap=None
[2021-01-23 20:59:31,122] INFO: setting ignored attribute cum_table to None
[2021-01-23 20:59:31,122] INFO: setting ignored attribute cum_table to None
[2021-01-23 20:59:31,122] INFO: loaded /Users/neo1/PycharmProjects/vec4irltr/model/ir/20210121231330551/model_word2vec_bibl_content
[2021-01-23 20:59:31,122] INFO: loaded /Users/neo1/PycharmProjects/vec4irltr/model/ir/20210121231330551/model_word2vec_bibl_content
[2021-01-23 20:59:31,124] INFO: load time:0.014418840408325195
[2021-01-23 20:59:31,124] INFO: load time:0.014418840408325195
[2021-01-23 20:59:32,125] INFO: pid:48003 done | load time: 1.0147089958190918
[2021-01-23 20:59:32,125] INFO: pid:48003 done | load time: 1.0147089958190918
[2021-01-23 20:59:32,125] INFO: loading model_word2vec_bibl_econtent
[2021-01-23 20:59:32,125] INFO: loading model_word2vec_bibl_econtent
[2021-01-23 20:59:32,125] INFO: loading Word2Vec object from /Users/neo1/PycharmProjects/vec4irltr/model/ir/20210121231330551/model_word2vec_bibl_econtent
[2021-01-23 20:59:32,125] INFO: loading Word2Vec object from /Users/neo1/PycharmProjects/vec4irltr/model/ir/20210121231330551/model_word2vec_bibl_econtent
[2021-01-23 20:59:32,127] INFO: loading wv recursively from /Users/neo1/PycharmProjects/vec4irltr/model/ir/20210121231330551/model_word2vec_bibl_econtent.wv.* with mmap=None
[2021-01-23 20:59:32,127] INFO: loading wv recursively from /Users/neo1/PycharmProjects/vec4irltr/model/ir/20210121231330551/model_word2vec_bibl_econtent.wv.* with mmap=None
[2021-01-23 20:59:32,127] INFO: setting ignored attribute vectors_norm to None
[2021-01-23 20:59:32,127] INFO: setting ignored attribute vectors_norm to None
[2021-01-23 20:59:32,127] INFO: loading vocabulary recursively from /Users/neo1/PycharmProjects/vec4irltr/model/ir/20210121231330551/model_word2vec_bibl_econtent.vocabulary.* with mmap=None
[2021-01-23 20:59:32,127] INFO: loading vocabulary recursively from /Users/neo1/PycharmProjects/vec4irltr/model/ir/20210121231330551/model_word2vec_bibl_econtent.vocabulary.* with mmap=None
[2021-01-23 20:59:32,127] INFO: loading trainables recursively from /Users/neo1/PycharmProjects/vec4irltr/model/ir/20210121231330551/model_word2vec_bibl_econtent.trainables.* with mmap=None
[2021-01-23 20:59:32,127] INFO: loading trainables recursively from /Users/neo1/PycharmProjects/vec4irltr/model/ir/20210121231330551/model_word2vec_bibl_econtent.trainables.* with mmap=None
[2021-01-23 20:59:32,128] INFO: setting ignored attribute cum_table to None
[2021-01-23 20:59:32,128] INFO: setting ignored attribute cum_table to None
[2021-01-23 20:59:32,128] INFO: loaded /Users/neo1/PycharmProjects/vec4irltr/model/ir/20210121231330551/model_word2vec_bibl_econtent
[2021-01-23 20:59:32,128] INFO: loaded /Users/neo1/PycharmProjects/vec4irltr/model/ir/20210121231330551/model_word2vec_bibl_econtent
[2021-01-23 20:59:32,128] INFO: load time:0.002843141555786133
[2021-01-23 20:59:32,128] INFO: load time:0.002843141555786133
[2021-01-23 20:59:33,129] INFO: pid:48003 done | load time: 1.0039353370666504
[2021-01-23 20:59:33,129] INFO: pid:48003 done | load time: 1.0039353370666504
