[2021-02-01 21:54:49,573] INFO: set_init_models_and_get_retrievals
[2021-02-01 21:54:49,573] INFO: set_init_models_and_get_retrievals
[2021-02-01 21:54:49,576] INFO: loading model_word2vec_bibl_bible_bcn
[2021-02-01 21:54:49,576] INFO: loading model_word2vec_bibl_bible_bcn
[2021-02-01 21:54:49,577] INFO: loading Word2Vec object from /Users/neo1/PycharmProjects/vec4irltr/model/ir/20210127210618894/model_word2vec_bibl_bible_bcn
[2021-02-01 21:54:49,577] INFO: loading Word2Vec object from /Users/neo1/PycharmProjects/vec4irltr/model/ir/20210127210618894/model_word2vec_bibl_bible_bcn
[2021-02-01 21:54:49,579] INFO: loading wv recursively from /Users/neo1/PycharmProjects/vec4irltr/model/ir/20210127210618894/model_word2vec_bibl_bible_bcn.wv.* with mmap=None
[2021-02-01 21:54:49,579] INFO: loading wv recursively from /Users/neo1/PycharmProjects/vec4irltr/model/ir/20210127210618894/model_word2vec_bibl_bible_bcn.wv.* with mmap=None
[2021-02-01 21:54:49,579] INFO: setting ignored attribute vectors_norm to None
[2021-02-01 21:54:49,579] INFO: setting ignored attribute vectors_norm to None
[2021-02-01 21:54:49,579] INFO: loading vocabulary recursively from /Users/neo1/PycharmProjects/vec4irltr/model/ir/20210127210618894/model_word2vec_bibl_bible_bcn.vocabulary.* with mmap=None
[2021-02-01 21:54:49,579] INFO: loading vocabulary recursively from /Users/neo1/PycharmProjects/vec4irltr/model/ir/20210127210618894/model_word2vec_bibl_bible_bcn.vocabulary.* with mmap=None
[2021-02-01 21:54:49,580] INFO: loading trainables recursively from /Users/neo1/PycharmProjects/vec4irltr/model/ir/20210127210618894/model_word2vec_bibl_bible_bcn.trainables.* with mmap=None
[2021-02-01 21:54:49,580] INFO: loading trainables recursively from /Users/neo1/PycharmProjects/vec4irltr/model/ir/20210127210618894/model_word2vec_bibl_bible_bcn.trainables.* with mmap=None
[2021-02-01 21:54:49,580] INFO: setting ignored attribute cum_table to None
[2021-02-01 21:54:49,580] INFO: setting ignored attribute cum_table to None
[2021-02-01 21:54:49,581] INFO: loaded /Users/neo1/PycharmProjects/vec4irltr/model/ir/20210127210618894/model_word2vec_bibl_bible_bcn
[2021-02-01 21:54:49,581] INFO: loaded /Users/neo1/PycharmProjects/vec4irltr/model/ir/20210127210618894/model_word2vec_bibl_bible_bcn
[2021-02-01 21:54:49,581] INFO: load time:0.00430607795715332
[2021-02-01 21:54:49,581] INFO: load time:0.00430607795715332
[2021-02-01 21:54:50,586] INFO: pid:45014 done | load time: 1.0088090896606445
[2021-02-01 21:54:50,586] INFO: pid:45014 done | load time: 1.0088090896606445
[2021-02-01 21:54:50,586] INFO: loading model_word2vec_bibl_content
[2021-02-01 21:54:50,586] INFO: loading model_word2vec_bibl_content
[2021-02-01 21:54:50,586] INFO: loading Word2Vec object from /Users/neo1/PycharmProjects/vec4irltr/model/ir/20210127210618894/model_word2vec_bibl_content
[2021-02-01 21:54:50,586] INFO: loading Word2Vec object from /Users/neo1/PycharmProjects/vec4irltr/model/ir/20210127210618894/model_word2vec_bibl_content
[2021-02-01 21:54:50,598] INFO: loading wv recursively from /Users/neo1/PycharmProjects/vec4irltr/model/ir/20210127210618894/model_word2vec_bibl_content.wv.* with mmap=None
[2021-02-01 21:54:50,598] INFO: loading wv recursively from /Users/neo1/PycharmProjects/vec4irltr/model/ir/20210127210618894/model_word2vec_bibl_content.wv.* with mmap=None
[2021-02-01 21:54:50,598] INFO: setting ignored attribute vectors_norm to None
[2021-02-01 21:54:50,598] INFO: setting ignored attribute vectors_norm to None
[2021-02-01 21:54:50,598] INFO: loading vocabulary recursively from /Users/neo1/PycharmProjects/vec4irltr/model/ir/20210127210618894/model_word2vec_bibl_content.vocabulary.* with mmap=None
[2021-02-01 21:54:50,598] INFO: loading vocabulary recursively from /Users/neo1/PycharmProjects/vec4irltr/model/ir/20210127210618894/model_word2vec_bibl_content.vocabulary.* with mmap=None
[2021-02-01 21:54:50,599] INFO: loading trainables recursively from /Users/neo1/PycharmProjects/vec4irltr/model/ir/20210127210618894/model_word2vec_bibl_content.trainables.* with mmap=None
[2021-02-01 21:54:50,599] INFO: loading trainables recursively from /Users/neo1/PycharmProjects/vec4irltr/model/ir/20210127210618894/model_word2vec_bibl_content.trainables.* with mmap=None
[2021-02-01 21:54:50,599] INFO: setting ignored attribute cum_table to None
[2021-02-01 21:54:50,599] INFO: setting ignored attribute cum_table to None
[2021-02-01 21:54:50,599] INFO: loaded /Users/neo1/PycharmProjects/vec4irltr/model/ir/20210127210618894/model_word2vec_bibl_content
[2021-02-01 21:54:50,599] INFO: loaded /Users/neo1/PycharmProjects/vec4irltr/model/ir/20210127210618894/model_word2vec_bibl_content
[2021-02-01 21:54:50,602] INFO: load time:0.015169858932495117
[2021-02-01 21:54:50,602] INFO: load time:0.015169858932495117
[2021-02-01 21:54:51,604] INFO: pid:45014 done | load time: 1.0175297260284424
[2021-02-01 21:54:51,604] INFO: pid:45014 done | load time: 1.0175297260284424
[2021-02-01 21:54:51,604] INFO: loading model_word2vec_bibl_econtent
[2021-02-01 21:54:51,604] INFO: loading model_word2vec_bibl_econtent
[2021-02-01 21:54:51,605] INFO: loading Word2Vec object from /Users/neo1/PycharmProjects/vec4irltr/model/ir/20210127210618894/model_word2vec_bibl_econtent
[2021-02-01 21:54:51,605] INFO: loading Word2Vec object from /Users/neo1/PycharmProjects/vec4irltr/model/ir/20210127210618894/model_word2vec_bibl_econtent
[2021-02-01 21:54:51,606] INFO: loading wv recursively from /Users/neo1/PycharmProjects/vec4irltr/model/ir/20210127210618894/model_word2vec_bibl_econtent.wv.* with mmap=None
[2021-02-01 21:54:51,606] INFO: loading wv recursively from /Users/neo1/PycharmProjects/vec4irltr/model/ir/20210127210618894/model_word2vec_bibl_econtent.wv.* with mmap=None
[2021-02-01 21:54:51,607] INFO: setting ignored attribute vectors_norm to None
[2021-02-01 21:54:51,607] INFO: setting ignored attribute vectors_norm to None
[2021-02-01 21:54:51,607] INFO: loading vocabulary recursively from /Users/neo1/PycharmProjects/vec4irltr/model/ir/20210127210618894/model_word2vec_bibl_econtent.vocabulary.* with mmap=None
[2021-02-01 21:54:51,607] INFO: loading vocabulary recursively from /Users/neo1/PycharmProjects/vec4irltr/model/ir/20210127210618894/model_word2vec_bibl_econtent.vocabulary.* with mmap=None
[2021-02-01 21:54:51,607] INFO: loading trainables recursively from /Users/neo1/PycharmProjects/vec4irltr/model/ir/20210127210618894/model_word2vec_bibl_econtent.trainables.* with mmap=None
[2021-02-01 21:54:51,607] INFO: loading trainables recursively from /Users/neo1/PycharmProjects/vec4irltr/model/ir/20210127210618894/model_word2vec_bibl_econtent.trainables.* with mmap=None
[2021-02-01 21:54:51,608] INFO: setting ignored attribute cum_table to None
[2021-02-01 21:54:51,608] INFO: setting ignored attribute cum_table to None
[2021-02-01 21:54:51,608] INFO: loaded /Users/neo1/PycharmProjects/vec4irltr/model/ir/20210127210618894/model_word2vec_bibl_econtent
[2021-02-01 21:54:51,608] INFO: loaded /Users/neo1/PycharmProjects/vec4irltr/model/ir/20210127210618894/model_word2vec_bibl_econtent
[2021-02-01 21:54:51,609] INFO: load time:0.0038728713989257812
[2021-02-01 21:54:51,609] INFO: load time:0.0038728713989257812
[2021-02-01 21:54:52,613] INFO: pid:45014 done | load time: 1.0084447860717773
[2021-02-01 21:54:52,613] INFO: pid:45014 done | load time: 1.0084447860717773
[2021-02-01 21:55:00,423] INFO: api/search?q=태초에 하나님께서 천지를
[2021-02-01 21:55:00,423] INFO: api/search?q=태초에 하나님께서 천지를
