[2021-01-24 00:01:48,508] INFO: set_init_models_and_get_retrievals
[2021-01-24 00:01:48,508] INFO: set_init_models_and_get_retrievals
[2021-01-24 00:01:48,514] INFO: loading model_word2vec_bibl_bible_bcn
[2021-01-24 00:01:48,514] INFO: loading model_word2vec_bibl_bible_bcn
[2021-01-24 00:01:48,515] INFO: loading Word2Vec object from /Users/neo1/PycharmProjects/vec4irltr/model/ir/20210121231330551/model_word2vec_bibl_bible_bcn
[2021-01-24 00:01:48,515] INFO: loading Word2Vec object from /Users/neo1/PycharmProjects/vec4irltr/model/ir/20210121231330551/model_word2vec_bibl_bible_bcn
[2021-01-24 00:01:48,520] INFO: loading wv recursively from /Users/neo1/PycharmProjects/vec4irltr/model/ir/20210121231330551/model_word2vec_bibl_bible_bcn.wv.* with mmap=None
[2021-01-24 00:01:48,520] INFO: loading wv recursively from /Users/neo1/PycharmProjects/vec4irltr/model/ir/20210121231330551/model_word2vec_bibl_bible_bcn.wv.* with mmap=None
[2021-01-24 00:01:48,521] INFO: setting ignored attribute vectors_norm to None
[2021-01-24 00:01:48,521] INFO: setting ignored attribute vectors_norm to None
[2021-01-24 00:01:48,522] INFO: loading vocabulary recursively from /Users/neo1/PycharmProjects/vec4irltr/model/ir/20210121231330551/model_word2vec_bibl_bible_bcn.vocabulary.* with mmap=None
[2021-01-24 00:01:48,522] INFO: loading vocabulary recursively from /Users/neo1/PycharmProjects/vec4irltr/model/ir/20210121231330551/model_word2vec_bibl_bible_bcn.vocabulary.* with mmap=None
[2021-01-24 00:01:48,522] INFO: loading trainables recursively from /Users/neo1/PycharmProjects/vec4irltr/model/ir/20210121231330551/model_word2vec_bibl_bible_bcn.trainables.* with mmap=None
[2021-01-24 00:01:48,522] INFO: loading trainables recursively from /Users/neo1/PycharmProjects/vec4irltr/model/ir/20210121231330551/model_word2vec_bibl_bible_bcn.trainables.* with mmap=None
[2021-01-24 00:01:48,523] INFO: setting ignored attribute cum_table to None
[2021-01-24 00:01:48,523] INFO: setting ignored attribute cum_table to None
[2021-01-24 00:01:48,524] INFO: loaded /Users/neo1/PycharmProjects/vec4irltr/model/ir/20210121231330551/model_word2vec_bibl_bible_bcn
[2021-01-24 00:01:48,524] INFO: loaded /Users/neo1/PycharmProjects/vec4irltr/model/ir/20210121231330551/model_word2vec_bibl_bible_bcn
[2021-01-24 00:01:48,525] INFO: load time:0.009602069854736328
[2021-01-24 00:01:48,525] INFO: load time:0.009602069854736328
[2021-01-24 00:01:49,530] INFO: pid:61014 done | load time: 1.0146121978759766
[2021-01-24 00:01:49,530] INFO: pid:61014 done | load time: 1.0146121978759766
[2021-01-24 00:01:49,531] INFO: loading model_word2vec_bibl_content
[2021-01-24 00:01:49,531] INFO: loading model_word2vec_bibl_content
[2021-01-24 00:01:49,531] INFO: loading Word2Vec object from /Users/neo1/PycharmProjects/vec4irltr/model/ir/20210121231330551/model_word2vec_bibl_content
[2021-01-24 00:01:49,531] INFO: loading Word2Vec object from /Users/neo1/PycharmProjects/vec4irltr/model/ir/20210121231330551/model_word2vec_bibl_content
[2021-01-24 00:01:49,543] INFO: loading wv recursively from /Users/neo1/PycharmProjects/vec4irltr/model/ir/20210121231330551/model_word2vec_bibl_content.wv.* with mmap=None
[2021-01-24 00:01:49,543] INFO: loading wv recursively from /Users/neo1/PycharmProjects/vec4irltr/model/ir/20210121231330551/model_word2vec_bibl_content.wv.* with mmap=None
[2021-01-24 00:01:49,544] INFO: setting ignored attribute vectors_norm to None
[2021-01-24 00:01:49,544] INFO: setting ignored attribute vectors_norm to None
[2021-01-24 00:01:49,544] INFO: loading vocabulary recursively from /Users/neo1/PycharmProjects/vec4irltr/model/ir/20210121231330551/model_word2vec_bibl_content.vocabulary.* with mmap=None
[2021-01-24 00:01:49,544] INFO: loading vocabulary recursively from /Users/neo1/PycharmProjects/vec4irltr/model/ir/20210121231330551/model_word2vec_bibl_content.vocabulary.* with mmap=None
[2021-01-24 00:01:49,545] INFO: loading trainables recursively from /Users/neo1/PycharmProjects/vec4irltr/model/ir/20210121231330551/model_word2vec_bibl_content.trainables.* with mmap=None
[2021-01-24 00:01:49,545] INFO: loading trainables recursively from /Users/neo1/PycharmProjects/vec4irltr/model/ir/20210121231330551/model_word2vec_bibl_content.trainables.* with mmap=None
[2021-01-24 00:01:49,546] INFO: setting ignored attribute cum_table to None
[2021-01-24 00:01:49,546] INFO: setting ignored attribute cum_table to None
[2021-01-24 00:01:49,547] INFO: loaded /Users/neo1/PycharmProjects/vec4irltr/model/ir/20210121231330551/model_word2vec_bibl_content
[2021-01-24 00:01:49,547] INFO: loaded /Users/neo1/PycharmProjects/vec4irltr/model/ir/20210121231330551/model_word2vec_bibl_content
[2021-01-24 00:01:49,551] INFO: load time:0.020045042037963867
[2021-01-24 00:01:49,551] INFO: load time:0.020045042037963867
[2021-01-24 00:01:50,557] INFO: pid:61014 done | load time: 1.0254762172698975
[2021-01-24 00:01:50,557] INFO: pid:61014 done | load time: 1.0254762172698975
[2021-01-24 00:01:50,557] INFO: loading model_word2vec_bibl_econtent
[2021-01-24 00:01:50,557] INFO: loading model_word2vec_bibl_econtent
[2021-01-24 00:01:50,558] INFO: loading Word2Vec object from /Users/neo1/PycharmProjects/vec4irltr/model/ir/20210121231330551/model_word2vec_bibl_econtent
[2021-01-24 00:01:50,558] INFO: loading Word2Vec object from /Users/neo1/PycharmProjects/vec4irltr/model/ir/20210121231330551/model_word2vec_bibl_econtent
[2021-01-24 00:01:50,560] INFO: loading wv recursively from /Users/neo1/PycharmProjects/vec4irltr/model/ir/20210121231330551/model_word2vec_bibl_econtent.wv.* with mmap=None
[2021-01-24 00:01:50,560] INFO: loading wv recursively from /Users/neo1/PycharmProjects/vec4irltr/model/ir/20210121231330551/model_word2vec_bibl_econtent.wv.* with mmap=None
[2021-01-24 00:01:50,560] INFO: setting ignored attribute vectors_norm to None
[2021-01-24 00:01:50,560] INFO: setting ignored attribute vectors_norm to None
[2021-01-24 00:01:50,561] INFO: loading vocabulary recursively from /Users/neo1/PycharmProjects/vec4irltr/model/ir/20210121231330551/model_word2vec_bibl_econtent.vocabulary.* with mmap=None
[2021-01-24 00:01:50,561] INFO: loading vocabulary recursively from /Users/neo1/PycharmProjects/vec4irltr/model/ir/20210121231330551/model_word2vec_bibl_econtent.vocabulary.* with mmap=None
[2021-01-24 00:01:50,562] INFO: loading trainables recursively from /Users/neo1/PycharmProjects/vec4irltr/model/ir/20210121231330551/model_word2vec_bibl_econtent.trainables.* with mmap=None
[2021-01-24 00:01:50,562] INFO: loading trainables recursively from /Users/neo1/PycharmProjects/vec4irltr/model/ir/20210121231330551/model_word2vec_bibl_econtent.trainables.* with mmap=None
[2021-01-24 00:01:50,562] INFO: setting ignored attribute cum_table to None
[2021-01-24 00:01:50,562] INFO: setting ignored attribute cum_table to None
[2021-01-24 00:01:50,563] INFO: loaded /Users/neo1/PycharmProjects/vec4irltr/model/ir/20210121231330551/model_word2vec_bibl_econtent
[2021-01-24 00:01:50,563] INFO: loaded /Users/neo1/PycharmProjects/vec4irltr/model/ir/20210121231330551/model_word2vec_bibl_econtent
[2021-01-24 00:01:50,564] INFO: load time:0.005682945251464844
[2021-01-24 00:01:50,564] INFO: load time:0.005682945251464844
[2021-01-24 00:01:51,568] INFO: pid:61014 done | load time: 1.0095078945159912
[2021-01-24 00:01:51,568] INFO: pid:61014 done | load time: 1.0095078945159912
