[2021-01-23 15:56:52,308] INFO: set_init_models_and_get_retrievals
[2021-01-23 15:56:52,308] INFO: set_init_models_and_get_retrievals
[2021-01-23 15:56:52,314] INFO: loading model_word2vec_bibl_bible_bcn
[2021-01-23 15:56:52,314] INFO: loading model_word2vec_bibl_bible_bcn
[2021-01-23 15:56:52,315] INFO: loading Word2Vec object from /Users/neo1/PycharmProjects/vec4irltr/model/ir/20210121231330551/model_word2vec_bibl_bible_bcn
[2021-01-23 15:56:52,315] INFO: loading Word2Vec object from /Users/neo1/PycharmProjects/vec4irltr/model/ir/20210121231330551/model_word2vec_bibl_bible_bcn
[2021-01-23 15:56:52,319] INFO: loading wv recursively from /Users/neo1/PycharmProjects/vec4irltr/model/ir/20210121231330551/model_word2vec_bibl_bible_bcn.wv.* with mmap=None
[2021-01-23 15:56:52,319] INFO: loading wv recursively from /Users/neo1/PycharmProjects/vec4irltr/model/ir/20210121231330551/model_word2vec_bibl_bible_bcn.wv.* with mmap=None
[2021-01-23 15:56:52,319] INFO: setting ignored attribute vectors_norm to None
[2021-01-23 15:56:52,319] INFO: setting ignored attribute vectors_norm to None
[2021-01-23 15:56:52,320] INFO: loading vocabulary recursively from /Users/neo1/PycharmProjects/vec4irltr/model/ir/20210121231330551/model_word2vec_bibl_bible_bcn.vocabulary.* with mmap=None
[2021-01-23 15:56:52,320] INFO: loading vocabulary recursively from /Users/neo1/PycharmProjects/vec4irltr/model/ir/20210121231330551/model_word2vec_bibl_bible_bcn.vocabulary.* with mmap=None
[2021-01-23 15:56:52,321] INFO: loading trainables recursively from /Users/neo1/PycharmProjects/vec4irltr/model/ir/20210121231330551/model_word2vec_bibl_bible_bcn.trainables.* with mmap=None
[2021-01-23 15:56:52,321] INFO: loading trainables recursively from /Users/neo1/PycharmProjects/vec4irltr/model/ir/20210121231330551/model_word2vec_bibl_bible_bcn.trainables.* with mmap=None
[2021-01-23 15:56:52,322] INFO: setting ignored attribute cum_table to None
[2021-01-23 15:56:52,322] INFO: setting ignored attribute cum_table to None
[2021-01-23 15:56:52,322] INFO: loaded /Users/neo1/PycharmProjects/vec4irltr/model/ir/20210121231330551/model_word2vec_bibl_bible_bcn
[2021-01-23 15:56:52,322] INFO: loaded /Users/neo1/PycharmProjects/vec4irltr/model/ir/20210121231330551/model_word2vec_bibl_bible_bcn
[2021-01-23 15:56:52,323] INFO: load time:0.007830142974853516
[2021-01-23 15:56:52,323] INFO: load time:0.007830142974853516
[2021-01-23 15:56:53,327] INFO: pid:26810 done | load time: 1.0116701126098633
[2021-01-23 15:56:53,327] INFO: pid:26810 done | load time: 1.0116701126098633
[2021-01-23 15:56:53,328] INFO: loading model_word2vec_bibl_content
[2021-01-23 15:56:53,328] INFO: loading model_word2vec_bibl_content
[2021-01-23 15:56:53,328] INFO: loading Word2Vec object from /Users/neo1/PycharmProjects/vec4irltr/model/ir/20210121231330551/model_word2vec_bibl_content
[2021-01-23 15:56:53,328] INFO: loading Word2Vec object from /Users/neo1/PycharmProjects/vec4irltr/model/ir/20210121231330551/model_word2vec_bibl_content
[2021-01-23 15:56:53,340] INFO: loading wv recursively from /Users/neo1/PycharmProjects/vec4irltr/model/ir/20210121231330551/model_word2vec_bibl_content.wv.* with mmap=None
[2021-01-23 15:56:53,340] INFO: loading wv recursively from /Users/neo1/PycharmProjects/vec4irltr/model/ir/20210121231330551/model_word2vec_bibl_content.wv.* with mmap=None
[2021-01-23 15:56:53,341] INFO: setting ignored attribute vectors_norm to None
[2021-01-23 15:56:53,341] INFO: setting ignored attribute vectors_norm to None
[2021-01-23 15:56:53,341] INFO: loading vocabulary recursively from /Users/neo1/PycharmProjects/vec4irltr/model/ir/20210121231330551/model_word2vec_bibl_content.vocabulary.* with mmap=None
[2021-01-23 15:56:53,341] INFO: loading vocabulary recursively from /Users/neo1/PycharmProjects/vec4irltr/model/ir/20210121231330551/model_word2vec_bibl_content.vocabulary.* with mmap=None
[2021-01-23 15:56:53,342] INFO: loading trainables recursively from /Users/neo1/PycharmProjects/vec4irltr/model/ir/20210121231330551/model_word2vec_bibl_content.trainables.* with mmap=None
[2021-01-23 15:56:53,342] INFO: loading trainables recursively from /Users/neo1/PycharmProjects/vec4irltr/model/ir/20210121231330551/model_word2vec_bibl_content.trainables.* with mmap=None
[2021-01-23 15:56:53,342] INFO: setting ignored attribute cum_table to None
[2021-01-23 15:56:53,342] INFO: setting ignored attribute cum_table to None
[2021-01-23 15:56:53,343] INFO: loaded /Users/neo1/PycharmProjects/vec4irltr/model/ir/20210121231330551/model_word2vec_bibl_content
[2021-01-23 15:56:53,343] INFO: loaded /Users/neo1/PycharmProjects/vec4irltr/model/ir/20210121231330551/model_word2vec_bibl_content
[2021-01-23 15:56:53,347] INFO: load time:0.01844000816345215
[2021-01-23 15:56:53,347] INFO: load time:0.01844000816345215
[2021-01-23 15:56:54,352] INFO: pid:26810 done | load time: 1.0236749649047852
[2021-01-23 15:56:54,352] INFO: pid:26810 done | load time: 1.0236749649047852
[2021-01-23 15:56:54,353] INFO: loading model_word2vec_bibl_econtent
[2021-01-23 15:56:54,353] INFO: loading model_word2vec_bibl_econtent
[2021-01-23 15:56:54,353] INFO: loading Word2Vec object from /Users/neo1/PycharmProjects/vec4irltr/model/ir/20210121231330551/model_word2vec_bibl_econtent
[2021-01-23 15:56:54,353] INFO: loading Word2Vec object from /Users/neo1/PycharmProjects/vec4irltr/model/ir/20210121231330551/model_word2vec_bibl_econtent
[2021-01-23 15:56:54,355] INFO: loading wv recursively from /Users/neo1/PycharmProjects/vec4irltr/model/ir/20210121231330551/model_word2vec_bibl_econtent.wv.* with mmap=None
[2021-01-23 15:56:54,355] INFO: loading wv recursively from /Users/neo1/PycharmProjects/vec4irltr/model/ir/20210121231330551/model_word2vec_bibl_econtent.wv.* with mmap=None
[2021-01-23 15:56:54,356] INFO: setting ignored attribute vectors_norm to None
[2021-01-23 15:56:54,356] INFO: setting ignored attribute vectors_norm to None
[2021-01-23 15:56:54,356] INFO: loading vocabulary recursively from /Users/neo1/PycharmProjects/vec4irltr/model/ir/20210121231330551/model_word2vec_bibl_econtent.vocabulary.* with mmap=None
[2021-01-23 15:56:54,356] INFO: loading vocabulary recursively from /Users/neo1/PycharmProjects/vec4irltr/model/ir/20210121231330551/model_word2vec_bibl_econtent.vocabulary.* with mmap=None
[2021-01-23 15:56:54,357] INFO: loading trainables recursively from /Users/neo1/PycharmProjects/vec4irltr/model/ir/20210121231330551/model_word2vec_bibl_econtent.trainables.* with mmap=None
[2021-01-23 15:56:54,357] INFO: loading trainables recursively from /Users/neo1/PycharmProjects/vec4irltr/model/ir/20210121231330551/model_word2vec_bibl_econtent.trainables.* with mmap=None
[2021-01-23 15:56:54,358] INFO: setting ignored attribute cum_table to None
[2021-01-23 15:56:54,358] INFO: setting ignored attribute cum_table to None
[2021-01-23 15:56:54,358] INFO: loaded /Users/neo1/PycharmProjects/vec4irltr/model/ir/20210121231330551/model_word2vec_bibl_econtent
[2021-01-23 15:56:54,358] INFO: loaded /Users/neo1/PycharmProjects/vec4irltr/model/ir/20210121231330551/model_word2vec_bibl_econtent
[2021-01-23 15:56:54,359] INFO: load time:0.005470991134643555
[2021-01-23 15:56:54,359] INFO: load time:0.005470991134643555
[2021-01-23 15:56:55,363] INFO: pid:26810 done | load time: 1.0098669528961182
[2021-01-23 15:56:55,363] INFO: pid:26810 done | load time: 1.0098669528961182
