[2021-01-23 18:38:23,880] INFO: set_init_models_and_get_retrievals
[2021-01-23 18:38:23,880] INFO: set_init_models_and_get_retrievals
[2021-01-23 18:38:23,886] INFO: loading model_word2vec_bibl_bible_bcn
[2021-01-23 18:38:23,886] INFO: loading model_word2vec_bibl_bible_bcn
[2021-01-23 18:38:23,887] INFO: loading Word2Vec object from /Users/neo1/PycharmProjects/vec4irltr/model/ir/20210121231330551/model_word2vec_bibl_bible_bcn
[2021-01-23 18:38:23,887] INFO: loading Word2Vec object from /Users/neo1/PycharmProjects/vec4irltr/model/ir/20210121231330551/model_word2vec_bibl_bible_bcn
[2021-01-23 18:38:23,890] INFO: loading wv recursively from /Users/neo1/PycharmProjects/vec4irltr/model/ir/20210121231330551/model_word2vec_bibl_bible_bcn.wv.* with mmap=None
[2021-01-23 18:38:23,890] INFO: loading wv recursively from /Users/neo1/PycharmProjects/vec4irltr/model/ir/20210121231330551/model_word2vec_bibl_bible_bcn.wv.* with mmap=None
[2021-01-23 18:38:23,891] INFO: setting ignored attribute vectors_norm to None
[2021-01-23 18:38:23,891] INFO: setting ignored attribute vectors_norm to None
[2021-01-23 18:38:23,891] INFO: loading vocabulary recursively from /Users/neo1/PycharmProjects/vec4irltr/model/ir/20210121231330551/model_word2vec_bibl_bible_bcn.vocabulary.* with mmap=None
[2021-01-23 18:38:23,891] INFO: loading vocabulary recursively from /Users/neo1/PycharmProjects/vec4irltr/model/ir/20210121231330551/model_word2vec_bibl_bible_bcn.vocabulary.* with mmap=None
[2021-01-23 18:38:23,892] INFO: loading trainables recursively from /Users/neo1/PycharmProjects/vec4irltr/model/ir/20210121231330551/model_word2vec_bibl_bible_bcn.trainables.* with mmap=None
[2021-01-23 18:38:23,892] INFO: loading trainables recursively from /Users/neo1/PycharmProjects/vec4irltr/model/ir/20210121231330551/model_word2vec_bibl_bible_bcn.trainables.* with mmap=None
[2021-01-23 18:38:23,893] INFO: setting ignored attribute cum_table to None
[2021-01-23 18:38:23,893] INFO: setting ignored attribute cum_table to None
[2021-01-23 18:38:23,893] INFO: loaded /Users/neo1/PycharmProjects/vec4irltr/model/ir/20210121231330551/model_word2vec_bibl_bible_bcn
[2021-01-23 18:38:23,893] INFO: loaded /Users/neo1/PycharmProjects/vec4irltr/model/ir/20210121231330551/model_word2vec_bibl_bible_bcn
[2021-01-23 18:38:23,894] INFO: load time:0.008031129837036133
[2021-01-23 18:38:23,894] INFO: load time:0.008031129837036133
[2021-01-23 18:38:24,899] INFO: pid:37673 done | load time: 1.0126962661743164
[2021-01-23 18:38:24,899] INFO: pid:37673 done | load time: 1.0126962661743164
[2021-01-23 18:38:24,900] INFO: loading model_word2vec_bibl_content
[2021-01-23 18:38:24,900] INFO: loading model_word2vec_bibl_content
[2021-01-23 18:38:24,900] INFO: loading Word2Vec object from /Users/neo1/PycharmProjects/vec4irltr/model/ir/20210121231330551/model_word2vec_bibl_content
[2021-01-23 18:38:24,900] INFO: loading Word2Vec object from /Users/neo1/PycharmProjects/vec4irltr/model/ir/20210121231330551/model_word2vec_bibl_content
[2021-01-23 18:38:24,912] INFO: loading wv recursively from /Users/neo1/PycharmProjects/vec4irltr/model/ir/20210121231330551/model_word2vec_bibl_content.wv.* with mmap=None
[2021-01-23 18:38:24,912] INFO: loading wv recursively from /Users/neo1/PycharmProjects/vec4irltr/model/ir/20210121231330551/model_word2vec_bibl_content.wv.* with mmap=None
[2021-01-23 18:38:24,912] INFO: setting ignored attribute vectors_norm to None
[2021-01-23 18:38:24,912] INFO: setting ignored attribute vectors_norm to None
[2021-01-23 18:38:24,913] INFO: loading vocabulary recursively from /Users/neo1/PycharmProjects/vec4irltr/model/ir/20210121231330551/model_word2vec_bibl_content.vocabulary.* with mmap=None
[2021-01-23 18:38:24,913] INFO: loading vocabulary recursively from /Users/neo1/PycharmProjects/vec4irltr/model/ir/20210121231330551/model_word2vec_bibl_content.vocabulary.* with mmap=None
[2021-01-23 18:38:24,914] INFO: loading trainables recursively from /Users/neo1/PycharmProjects/vec4irltr/model/ir/20210121231330551/model_word2vec_bibl_content.trainables.* with mmap=None
[2021-01-23 18:38:24,914] INFO: loading trainables recursively from /Users/neo1/PycharmProjects/vec4irltr/model/ir/20210121231330551/model_word2vec_bibl_content.trainables.* with mmap=None
[2021-01-23 18:38:24,914] INFO: setting ignored attribute cum_table to None
[2021-01-23 18:38:24,914] INFO: setting ignored attribute cum_table to None
[2021-01-23 18:38:24,915] INFO: loaded /Users/neo1/PycharmProjects/vec4irltr/model/ir/20210121231330551/model_word2vec_bibl_content
[2021-01-23 18:38:24,915] INFO: loaded /Users/neo1/PycharmProjects/vec4irltr/model/ir/20210121231330551/model_word2vec_bibl_content
[2021-01-23 18:38:24,918] INFO: load time:0.01783013343811035
[2021-01-23 18:38:24,918] INFO: load time:0.01783013343811035
[2021-01-23 18:38:25,923] INFO: pid:37673 done | load time: 1.0222251415252686
[2021-01-23 18:38:25,923] INFO: pid:37673 done | load time: 1.0222251415252686
[2021-01-23 18:38:25,923] INFO: loading model_word2vec_bibl_econtent
[2021-01-23 18:38:25,923] INFO: loading model_word2vec_bibl_econtent
[2021-01-23 18:38:25,924] INFO: loading Word2Vec object from /Users/neo1/PycharmProjects/vec4irltr/model/ir/20210121231330551/model_word2vec_bibl_econtent
[2021-01-23 18:38:25,924] INFO: loading Word2Vec object from /Users/neo1/PycharmProjects/vec4irltr/model/ir/20210121231330551/model_word2vec_bibl_econtent
[2021-01-23 18:38:25,926] INFO: loading wv recursively from /Users/neo1/PycharmProjects/vec4irltr/model/ir/20210121231330551/model_word2vec_bibl_econtent.wv.* with mmap=None
[2021-01-23 18:38:25,926] INFO: loading wv recursively from /Users/neo1/PycharmProjects/vec4irltr/model/ir/20210121231330551/model_word2vec_bibl_econtent.wv.* with mmap=None
[2021-01-23 18:38:25,927] INFO: setting ignored attribute vectors_norm to None
[2021-01-23 18:38:25,927] INFO: setting ignored attribute vectors_norm to None
[2021-01-23 18:38:25,927] INFO: loading vocabulary recursively from /Users/neo1/PycharmProjects/vec4irltr/model/ir/20210121231330551/model_word2vec_bibl_econtent.vocabulary.* with mmap=None
[2021-01-23 18:38:25,927] INFO: loading vocabulary recursively from /Users/neo1/PycharmProjects/vec4irltr/model/ir/20210121231330551/model_word2vec_bibl_econtent.vocabulary.* with mmap=None
[2021-01-23 18:38:25,928] INFO: loading trainables recursively from /Users/neo1/PycharmProjects/vec4irltr/model/ir/20210121231330551/model_word2vec_bibl_econtent.trainables.* with mmap=None
[2021-01-23 18:38:25,928] INFO: loading trainables recursively from /Users/neo1/PycharmProjects/vec4irltr/model/ir/20210121231330551/model_word2vec_bibl_econtent.trainables.* with mmap=None
[2021-01-23 18:38:25,929] INFO: setting ignored attribute cum_table to None
[2021-01-23 18:38:25,929] INFO: setting ignored attribute cum_table to None
[2021-01-23 18:38:25,929] INFO: loaded /Users/neo1/PycharmProjects/vec4irltr/model/ir/20210121231330551/model_word2vec_bibl_econtent
[2021-01-23 18:38:25,929] INFO: loaded /Users/neo1/PycharmProjects/vec4irltr/model/ir/20210121231330551/model_word2vec_bibl_econtent
[2021-01-23 18:38:25,930] INFO: load time:0.005964994430541992
[2021-01-23 18:38:25,930] INFO: load time:0.005964994430541992
[2021-01-23 18:38:26,934] INFO: pid:37673 done | load time: 1.0102381706237793
[2021-01-23 18:38:26,934] INFO: pid:37673 done | load time: 1.0102381706237793
