[2021-01-23 23:58:25,767] INFO: set_init_models_and_get_retrievals
[2021-01-23 23:58:25,767] INFO: set_init_models_and_get_retrievals
[2021-01-23 23:58:25,823] INFO: loading model_word2vec_bibl_bible_bcn
[2021-01-23 23:58:25,823] INFO: loading model_word2vec_bibl_bible_bcn
[2021-01-23 23:58:25,825] INFO: loading Word2Vec object from /Users/neo1/PycharmProjects/vec4irltr/model/ir/20210121231330551/model_word2vec_bibl_bible_bcn
[2021-01-23 23:58:25,825] INFO: loading Word2Vec object from /Users/neo1/PycharmProjects/vec4irltr/model/ir/20210121231330551/model_word2vec_bibl_bible_bcn
[2021-01-23 23:58:25,830] INFO: loading wv recursively from /Users/neo1/PycharmProjects/vec4irltr/model/ir/20210121231330551/model_word2vec_bibl_bible_bcn.wv.* with mmap=None
[2021-01-23 23:58:25,830] INFO: loading wv recursively from /Users/neo1/PycharmProjects/vec4irltr/model/ir/20210121231330551/model_word2vec_bibl_bible_bcn.wv.* with mmap=None
[2021-01-23 23:58:25,831] INFO: setting ignored attribute vectors_norm to None
[2021-01-23 23:58:25,831] INFO: setting ignored attribute vectors_norm to None
[2021-01-23 23:58:25,832] INFO: loading vocabulary recursively from /Users/neo1/PycharmProjects/vec4irltr/model/ir/20210121231330551/model_word2vec_bibl_bible_bcn.vocabulary.* with mmap=None
[2021-01-23 23:58:25,832] INFO: loading vocabulary recursively from /Users/neo1/PycharmProjects/vec4irltr/model/ir/20210121231330551/model_word2vec_bibl_bible_bcn.vocabulary.* with mmap=None
[2021-01-23 23:58:25,832] INFO: loading trainables recursively from /Users/neo1/PycharmProjects/vec4irltr/model/ir/20210121231330551/model_word2vec_bibl_bible_bcn.trainables.* with mmap=None
[2021-01-23 23:58:25,832] INFO: loading trainables recursively from /Users/neo1/PycharmProjects/vec4irltr/model/ir/20210121231330551/model_word2vec_bibl_bible_bcn.trainables.* with mmap=None
[2021-01-23 23:58:25,833] INFO: setting ignored attribute cum_table to None
[2021-01-23 23:58:25,833] INFO: setting ignored attribute cum_table to None
[2021-01-23 23:58:25,834] INFO: loaded /Users/neo1/PycharmProjects/vec4irltr/model/ir/20210121231330551/model_word2vec_bibl_bible_bcn
[2021-01-23 23:58:25,834] INFO: loaded /Users/neo1/PycharmProjects/vec4irltr/model/ir/20210121231330551/model_word2vec_bibl_bible_bcn
[2021-01-23 23:58:25,835] INFO: load time:0.011334896087646484
[2021-01-23 23:58:25,835] INFO: load time:0.011334896087646484
[2021-01-23 23:58:26,840] INFO: pid:60761 done | load time: 1.0157959461212158
[2021-01-23 23:58:26,840] INFO: pid:60761 done | load time: 1.0157959461212158
[2021-01-23 23:58:26,840] INFO: loading model_word2vec_bibl_content
[2021-01-23 23:58:26,840] INFO: loading model_word2vec_bibl_content
[2021-01-23 23:58:26,841] INFO: loading Word2Vec object from /Users/neo1/PycharmProjects/vec4irltr/model/ir/20210121231330551/model_word2vec_bibl_content
[2021-01-23 23:58:26,841] INFO: loading Word2Vec object from /Users/neo1/PycharmProjects/vec4irltr/model/ir/20210121231330551/model_word2vec_bibl_content
[2021-01-23 23:58:26,853] INFO: loading wv recursively from /Users/neo1/PycharmProjects/vec4irltr/model/ir/20210121231330551/model_word2vec_bibl_content.wv.* with mmap=None
[2021-01-23 23:58:26,853] INFO: loading wv recursively from /Users/neo1/PycharmProjects/vec4irltr/model/ir/20210121231330551/model_word2vec_bibl_content.wv.* with mmap=None
[2021-01-23 23:58:26,854] INFO: setting ignored attribute vectors_norm to None
[2021-01-23 23:58:26,854] INFO: setting ignored attribute vectors_norm to None
[2021-01-23 23:58:26,854] INFO: loading vocabulary recursively from /Users/neo1/PycharmProjects/vec4irltr/model/ir/20210121231330551/model_word2vec_bibl_content.vocabulary.* with mmap=None
[2021-01-23 23:58:26,854] INFO: loading vocabulary recursively from /Users/neo1/PycharmProjects/vec4irltr/model/ir/20210121231330551/model_word2vec_bibl_content.vocabulary.* with mmap=None
[2021-01-23 23:58:26,855] INFO: loading trainables recursively from /Users/neo1/PycharmProjects/vec4irltr/model/ir/20210121231330551/model_word2vec_bibl_content.trainables.* with mmap=None
[2021-01-23 23:58:26,855] INFO: loading trainables recursively from /Users/neo1/PycharmProjects/vec4irltr/model/ir/20210121231330551/model_word2vec_bibl_content.trainables.* with mmap=None
[2021-01-23 23:58:26,856] INFO: setting ignored attribute cum_table to None
[2021-01-23 23:58:26,856] INFO: setting ignored attribute cum_table to None
[2021-01-23 23:58:26,857] INFO: loaded /Users/neo1/PycharmProjects/vec4irltr/model/ir/20210121231330551/model_word2vec_bibl_content
[2021-01-23 23:58:26,857] INFO: loaded /Users/neo1/PycharmProjects/vec4irltr/model/ir/20210121231330551/model_word2vec_bibl_content
[2021-01-23 23:58:26,866] INFO: load time:0.024893999099731445
[2021-01-23 23:58:26,866] INFO: load time:0.024893999099731445
[2021-01-23 23:58:27,871] INFO: pid:60761 done | load time: 1.030426025390625
[2021-01-23 23:58:27,871] INFO: pid:60761 done | load time: 1.030426025390625
[2021-01-23 23:58:27,872] INFO: loading model_word2vec_bibl_econtent
[2021-01-23 23:58:27,872] INFO: loading model_word2vec_bibl_econtent
[2021-01-23 23:58:27,873] INFO: loading Word2Vec object from /Users/neo1/PycharmProjects/vec4irltr/model/ir/20210121231330551/model_word2vec_bibl_econtent
[2021-01-23 23:58:27,873] INFO: loading Word2Vec object from /Users/neo1/PycharmProjects/vec4irltr/model/ir/20210121231330551/model_word2vec_bibl_econtent
[2021-01-23 23:58:27,875] INFO: loading wv recursively from /Users/neo1/PycharmProjects/vec4irltr/model/ir/20210121231330551/model_word2vec_bibl_econtent.wv.* with mmap=None
[2021-01-23 23:58:27,875] INFO: loading wv recursively from /Users/neo1/PycharmProjects/vec4irltr/model/ir/20210121231330551/model_word2vec_bibl_econtent.wv.* with mmap=None
[2021-01-23 23:58:27,876] INFO: setting ignored attribute vectors_norm to None
[2021-01-23 23:58:27,876] INFO: setting ignored attribute vectors_norm to None
[2021-01-23 23:58:27,876] INFO: loading vocabulary recursively from /Users/neo1/PycharmProjects/vec4irltr/model/ir/20210121231330551/model_word2vec_bibl_econtent.vocabulary.* with mmap=None
[2021-01-23 23:58:27,876] INFO: loading vocabulary recursively from /Users/neo1/PycharmProjects/vec4irltr/model/ir/20210121231330551/model_word2vec_bibl_econtent.vocabulary.* with mmap=None
[2021-01-23 23:58:27,877] INFO: loading trainables recursively from /Users/neo1/PycharmProjects/vec4irltr/model/ir/20210121231330551/model_word2vec_bibl_econtent.trainables.* with mmap=None
[2021-01-23 23:58:27,877] INFO: loading trainables recursively from /Users/neo1/PycharmProjects/vec4irltr/model/ir/20210121231330551/model_word2vec_bibl_econtent.trainables.* with mmap=None
[2021-01-23 23:58:27,878] INFO: setting ignored attribute cum_table to None
[2021-01-23 23:58:27,878] INFO: setting ignored attribute cum_table to None
[2021-01-23 23:58:27,879] INFO: loaded /Users/neo1/PycharmProjects/vec4irltr/model/ir/20210121231330551/model_word2vec_bibl_econtent
[2021-01-23 23:58:27,879] INFO: loaded /Users/neo1/PycharmProjects/vec4irltr/model/ir/20210121231330551/model_word2vec_bibl_econtent
[2021-01-23 23:58:27,879] INFO: load time:0.006760835647583008
[2021-01-23 23:58:27,879] INFO: load time:0.006760835647583008
[2021-01-23 23:58:28,880] INFO: pid:60761 done | load time: 1.0074169635772705
[2021-01-23 23:58:28,880] INFO: pid:60761 done | load time: 1.0074169635772705
