[2021-01-24 10:41:57,302] INFO: set_init_models_and_get_retrievals
[2021-01-24 10:41:57,302] INFO: set_init_models_and_get_retrievals
[2021-01-24 10:41:57,307] INFO: loading model_word2vec_bibl_bible_bcn
[2021-01-24 10:41:57,307] INFO: loading model_word2vec_bibl_bible_bcn
[2021-01-24 10:41:57,308] INFO: loading Word2Vec object from /Users/neo1/PycharmProjects/vec4irltr/model/ir/20210121231330551/model_word2vec_bibl_bible_bcn
[2021-01-24 10:41:57,308] INFO: loading Word2Vec object from /Users/neo1/PycharmProjects/vec4irltr/model/ir/20210121231330551/model_word2vec_bibl_bible_bcn
[2021-01-24 10:41:57,318] INFO: loading wv recursively from /Users/neo1/PycharmProjects/vec4irltr/model/ir/20210121231330551/model_word2vec_bibl_bible_bcn.wv.* with mmap=None
[2021-01-24 10:41:57,318] INFO: loading wv recursively from /Users/neo1/PycharmProjects/vec4irltr/model/ir/20210121231330551/model_word2vec_bibl_bible_bcn.wv.* with mmap=None
[2021-01-24 10:41:57,319] INFO: setting ignored attribute vectors_norm to None
[2021-01-24 10:41:57,319] INFO: setting ignored attribute vectors_norm to None
[2021-01-24 10:41:57,319] INFO: loading vocabulary recursively from /Users/neo1/PycharmProjects/vec4irltr/model/ir/20210121231330551/model_word2vec_bibl_bible_bcn.vocabulary.* with mmap=None
[2021-01-24 10:41:57,319] INFO: loading vocabulary recursively from /Users/neo1/PycharmProjects/vec4irltr/model/ir/20210121231330551/model_word2vec_bibl_bible_bcn.vocabulary.* with mmap=None
[2021-01-24 10:41:57,319] INFO: loading trainables recursively from /Users/neo1/PycharmProjects/vec4irltr/model/ir/20210121231330551/model_word2vec_bibl_bible_bcn.trainables.* with mmap=None
[2021-01-24 10:41:57,319] INFO: loading trainables recursively from /Users/neo1/PycharmProjects/vec4irltr/model/ir/20210121231330551/model_word2vec_bibl_bible_bcn.trainables.* with mmap=None
[2021-01-24 10:41:57,320] INFO: setting ignored attribute cum_table to None
[2021-01-24 10:41:57,320] INFO: setting ignored attribute cum_table to None
[2021-01-24 10:41:57,320] INFO: loaded /Users/neo1/PycharmProjects/vec4irltr/model/ir/20210121231330551/model_word2vec_bibl_bible_bcn
[2021-01-24 10:41:57,320] INFO: loaded /Users/neo1/PycharmProjects/vec4irltr/model/ir/20210121231330551/model_word2vec_bibl_bible_bcn
[2021-01-24 10:41:57,320] INFO: load time:0.012806892395019531
[2021-01-24 10:41:57,320] INFO: load time:0.012806892395019531
[2021-01-24 10:41:58,324] INFO: pid:1277 done | load time: 1.0160987377166748
[2021-01-24 10:41:58,324] INFO: pid:1277 done | load time: 1.0160987377166748
[2021-01-24 10:41:58,324] INFO: loading model_word2vec_bibl_content
[2021-01-24 10:41:58,324] INFO: loading model_word2vec_bibl_content
[2021-01-24 10:41:58,325] INFO: loading Word2Vec object from /Users/neo1/PycharmProjects/vec4irltr/model/ir/20210121231330551/model_word2vec_bibl_content
[2021-01-24 10:41:58,325] INFO: loading Word2Vec object from /Users/neo1/PycharmProjects/vec4irltr/model/ir/20210121231330551/model_word2vec_bibl_content
[2021-01-24 10:41:58,342] INFO: loading wv recursively from /Users/neo1/PycharmProjects/vec4irltr/model/ir/20210121231330551/model_word2vec_bibl_content.wv.* with mmap=None
[2021-01-24 10:41:58,342] INFO: loading wv recursively from /Users/neo1/PycharmProjects/vec4irltr/model/ir/20210121231330551/model_word2vec_bibl_content.wv.* with mmap=None
[2021-01-24 10:41:58,342] INFO: setting ignored attribute vectors_norm to None
[2021-01-24 10:41:58,342] INFO: setting ignored attribute vectors_norm to None
[2021-01-24 10:41:58,343] INFO: loading vocabulary recursively from /Users/neo1/PycharmProjects/vec4irltr/model/ir/20210121231330551/model_word2vec_bibl_content.vocabulary.* with mmap=None
[2021-01-24 10:41:58,343] INFO: loading vocabulary recursively from /Users/neo1/PycharmProjects/vec4irltr/model/ir/20210121231330551/model_word2vec_bibl_content.vocabulary.* with mmap=None
[2021-01-24 10:41:58,343] INFO: loading trainables recursively from /Users/neo1/PycharmProjects/vec4irltr/model/ir/20210121231330551/model_word2vec_bibl_content.trainables.* with mmap=None
[2021-01-24 10:41:58,343] INFO: loading trainables recursively from /Users/neo1/PycharmProjects/vec4irltr/model/ir/20210121231330551/model_word2vec_bibl_content.trainables.* with mmap=None
[2021-01-24 10:41:58,343] INFO: setting ignored attribute cum_table to None
[2021-01-24 10:41:58,343] INFO: setting ignored attribute cum_table to None
[2021-01-24 10:41:58,344] INFO: loaded /Users/neo1/PycharmProjects/vec4irltr/model/ir/20210121231330551/model_word2vec_bibl_content
[2021-01-24 10:41:58,344] INFO: loaded /Users/neo1/PycharmProjects/vec4irltr/model/ir/20210121231330551/model_word2vec_bibl_content
[2021-01-24 10:41:58,346] INFO: load time:0.021715164184570312
[2021-01-24 10:41:58,346] INFO: load time:0.021715164184570312
[2021-01-24 10:41:59,349] INFO: pid:1277 done | load time: 1.0247070789337158
[2021-01-24 10:41:59,349] INFO: pid:1277 done | load time: 1.0247070789337158
[2021-01-24 10:41:59,351] INFO: loading model_word2vec_bibl_econtent
[2021-01-24 10:41:59,351] INFO: loading model_word2vec_bibl_econtent
[2021-01-24 10:41:59,351] INFO: loading Word2Vec object from /Users/neo1/PycharmProjects/vec4irltr/model/ir/20210121231330551/model_word2vec_bibl_econtent
[2021-01-24 10:41:59,351] INFO: loading Word2Vec object from /Users/neo1/PycharmProjects/vec4irltr/model/ir/20210121231330551/model_word2vec_bibl_econtent
[2021-01-24 10:41:59,355] INFO: loading wv recursively from /Users/neo1/PycharmProjects/vec4irltr/model/ir/20210121231330551/model_word2vec_bibl_econtent.wv.* with mmap=None
[2021-01-24 10:41:59,355] INFO: loading wv recursively from /Users/neo1/PycharmProjects/vec4irltr/model/ir/20210121231330551/model_word2vec_bibl_econtent.wv.* with mmap=None
[2021-01-24 10:41:59,356] INFO: setting ignored attribute vectors_norm to None
[2021-01-24 10:41:59,356] INFO: setting ignored attribute vectors_norm to None
[2021-01-24 10:41:59,356] INFO: loading vocabulary recursively from /Users/neo1/PycharmProjects/vec4irltr/model/ir/20210121231330551/model_word2vec_bibl_econtent.vocabulary.* with mmap=None
[2021-01-24 10:41:59,356] INFO: loading vocabulary recursively from /Users/neo1/PycharmProjects/vec4irltr/model/ir/20210121231330551/model_word2vec_bibl_econtent.vocabulary.* with mmap=None
[2021-01-24 10:41:59,356] INFO: loading trainables recursively from /Users/neo1/PycharmProjects/vec4irltr/model/ir/20210121231330551/model_word2vec_bibl_econtent.trainables.* with mmap=None
[2021-01-24 10:41:59,356] INFO: loading trainables recursively from /Users/neo1/PycharmProjects/vec4irltr/model/ir/20210121231330551/model_word2vec_bibl_econtent.trainables.* with mmap=None
[2021-01-24 10:41:59,357] INFO: setting ignored attribute cum_table to None
[2021-01-24 10:41:59,357] INFO: setting ignored attribute cum_table to None
[2021-01-24 10:41:59,357] INFO: loaded /Users/neo1/PycharmProjects/vec4irltr/model/ir/20210121231330551/model_word2vec_bibl_econtent
[2021-01-24 10:41:59,357] INFO: loaded /Users/neo1/PycharmProjects/vec4irltr/model/ir/20210121231330551/model_word2vec_bibl_econtent
[2021-01-24 10:41:59,357] INFO: load time:0.00661778450012207
[2021-01-24 10:41:59,357] INFO: load time:0.00661778450012207
[2021-01-24 10:42:00,362] INFO: pid:1277 done | load time: 1.0114827156066895
[2021-01-24 10:42:00,362] INFO: pid:1277 done | load time: 1.0114827156066895
[2021-01-24 10:42:14,225] INFO: api/search?q=하나님
[2021-01-24 10:42:14,225] INFO: api/search?q=하나님
[2021-01-24 10:42:15,137] WARNING: Not Found: /favicon.ico
[2021-01-24 10:42:15,137] WARNING: Not Found: /favicon.ico
