[2021-01-24 02:30:27,739] INFO: set_init_models_and_get_retrievals
[2021-01-24 02:30:27,739] INFO: set_init_models_and_get_retrievals
[2021-01-24 02:30:27,745] INFO: loading model_word2vec_bibl_bible_bcn
[2021-01-24 02:30:27,745] INFO: loading model_word2vec_bibl_bible_bcn
[2021-01-24 02:30:27,746] INFO: loading Word2Vec object from /Users/neo1/PycharmProjects/vec4irltr/model/ir/20210121231330551/model_word2vec_bibl_bible_bcn
[2021-01-24 02:30:27,746] INFO: loading Word2Vec object from /Users/neo1/PycharmProjects/vec4irltr/model/ir/20210121231330551/model_word2vec_bibl_bible_bcn
[2021-01-24 02:30:27,749] INFO: loading wv recursively from /Users/neo1/PycharmProjects/vec4irltr/model/ir/20210121231330551/model_word2vec_bibl_bible_bcn.wv.* with mmap=None
[2021-01-24 02:30:27,749] INFO: loading wv recursively from /Users/neo1/PycharmProjects/vec4irltr/model/ir/20210121231330551/model_word2vec_bibl_bible_bcn.wv.* with mmap=None
[2021-01-24 02:30:27,749] INFO: setting ignored attribute vectors_norm to None
[2021-01-24 02:30:27,749] INFO: setting ignored attribute vectors_norm to None
[2021-01-24 02:30:27,750] INFO: loading vocabulary recursively from /Users/neo1/PycharmProjects/vec4irltr/model/ir/20210121231330551/model_word2vec_bibl_bible_bcn.vocabulary.* with mmap=None
[2021-01-24 02:30:27,750] INFO: loading vocabulary recursively from /Users/neo1/PycharmProjects/vec4irltr/model/ir/20210121231330551/model_word2vec_bibl_bible_bcn.vocabulary.* with mmap=None
[2021-01-24 02:30:27,751] INFO: loading trainables recursively from /Users/neo1/PycharmProjects/vec4irltr/model/ir/20210121231330551/model_word2vec_bibl_bible_bcn.trainables.* with mmap=None
[2021-01-24 02:30:27,751] INFO: loading trainables recursively from /Users/neo1/PycharmProjects/vec4irltr/model/ir/20210121231330551/model_word2vec_bibl_bible_bcn.trainables.* with mmap=None
[2021-01-24 02:30:27,751] INFO: setting ignored attribute cum_table to None
[2021-01-24 02:30:27,751] INFO: setting ignored attribute cum_table to None
[2021-01-24 02:30:27,752] INFO: loaded /Users/neo1/PycharmProjects/vec4irltr/model/ir/20210121231330551/model_word2vec_bibl_bible_bcn
[2021-01-24 02:30:27,752] INFO: loaded /Users/neo1/PycharmProjects/vec4irltr/model/ir/20210121231330551/model_word2vec_bibl_bible_bcn
[2021-01-24 02:30:27,753] INFO: load time:0.007280111312866211
[2021-01-24 02:30:27,753] INFO: load time:0.007280111312866211
[2021-01-24 02:30:28,754] INFO: pid:71489 done | load time: 1.0087149143218994
[2021-01-24 02:30:28,754] INFO: pid:71489 done | load time: 1.0087149143218994
[2021-01-24 02:30:28,755] INFO: loading model_word2vec_bibl_content
[2021-01-24 02:30:28,755] INFO: loading model_word2vec_bibl_content
[2021-01-24 02:30:28,755] INFO: loading Word2Vec object from /Users/neo1/PycharmProjects/vec4irltr/model/ir/20210121231330551/model_word2vec_bibl_content
[2021-01-24 02:30:28,755] INFO: loading Word2Vec object from /Users/neo1/PycharmProjects/vec4irltr/model/ir/20210121231330551/model_word2vec_bibl_content
[2021-01-24 02:30:28,766] INFO: loading wv recursively from /Users/neo1/PycharmProjects/vec4irltr/model/ir/20210121231330551/model_word2vec_bibl_content.wv.* with mmap=None
[2021-01-24 02:30:28,766] INFO: loading wv recursively from /Users/neo1/PycharmProjects/vec4irltr/model/ir/20210121231330551/model_word2vec_bibl_content.wv.* with mmap=None
[2021-01-24 02:30:28,767] INFO: setting ignored attribute vectors_norm to None
[2021-01-24 02:30:28,767] INFO: setting ignored attribute vectors_norm to None
[2021-01-24 02:30:28,768] INFO: loading vocabulary recursively from /Users/neo1/PycharmProjects/vec4irltr/model/ir/20210121231330551/model_word2vec_bibl_content.vocabulary.* with mmap=None
[2021-01-24 02:30:28,768] INFO: loading vocabulary recursively from /Users/neo1/PycharmProjects/vec4irltr/model/ir/20210121231330551/model_word2vec_bibl_content.vocabulary.* with mmap=None
[2021-01-24 02:30:28,768] INFO: loading trainables recursively from /Users/neo1/PycharmProjects/vec4irltr/model/ir/20210121231330551/model_word2vec_bibl_content.trainables.* with mmap=None
[2021-01-24 02:30:28,768] INFO: loading trainables recursively from /Users/neo1/PycharmProjects/vec4irltr/model/ir/20210121231330551/model_word2vec_bibl_content.trainables.* with mmap=None
[2021-01-24 02:30:28,769] INFO: setting ignored attribute cum_table to None
[2021-01-24 02:30:28,769] INFO: setting ignored attribute cum_table to None
[2021-01-24 02:30:28,770] INFO: loaded /Users/neo1/PycharmProjects/vec4irltr/model/ir/20210121231330551/model_word2vec_bibl_content
[2021-01-24 02:30:28,770] INFO: loaded /Users/neo1/PycharmProjects/vec4irltr/model/ir/20210121231330551/model_word2vec_bibl_content
[2021-01-24 02:30:28,773] INFO: load time:0.017446041107177734
[2021-01-24 02:30:28,773] INFO: load time:0.017446041107177734
[2021-01-24 02:30:29,778] INFO: pid:71489 done | load time: 1.0226681232452393
[2021-01-24 02:30:29,778] INFO: pid:71489 done | load time: 1.0226681232452393
[2021-01-24 02:30:29,779] INFO: loading model_word2vec_bibl_econtent
[2021-01-24 02:30:29,779] INFO: loading model_word2vec_bibl_econtent
[2021-01-24 02:30:29,779] INFO: loading Word2Vec object from /Users/neo1/PycharmProjects/vec4irltr/model/ir/20210121231330551/model_word2vec_bibl_econtent
[2021-01-24 02:30:29,779] INFO: loading Word2Vec object from /Users/neo1/PycharmProjects/vec4irltr/model/ir/20210121231330551/model_word2vec_bibl_econtent
[2021-01-24 02:30:29,781] INFO: loading wv recursively from /Users/neo1/PycharmProjects/vec4irltr/model/ir/20210121231330551/model_word2vec_bibl_econtent.wv.* with mmap=None
[2021-01-24 02:30:29,781] INFO: loading wv recursively from /Users/neo1/PycharmProjects/vec4irltr/model/ir/20210121231330551/model_word2vec_bibl_econtent.wv.* with mmap=None
[2021-01-24 02:30:29,782] INFO: setting ignored attribute vectors_norm to None
[2021-01-24 02:30:29,782] INFO: setting ignored attribute vectors_norm to None
[2021-01-24 02:30:29,782] INFO: loading vocabulary recursively from /Users/neo1/PycharmProjects/vec4irltr/model/ir/20210121231330551/model_word2vec_bibl_econtent.vocabulary.* with mmap=None
[2021-01-24 02:30:29,782] INFO: loading vocabulary recursively from /Users/neo1/PycharmProjects/vec4irltr/model/ir/20210121231330551/model_word2vec_bibl_econtent.vocabulary.* with mmap=None
[2021-01-24 02:30:29,783] INFO: loading trainables recursively from /Users/neo1/PycharmProjects/vec4irltr/model/ir/20210121231330551/model_word2vec_bibl_econtent.trainables.* with mmap=None
[2021-01-24 02:30:29,783] INFO: loading trainables recursively from /Users/neo1/PycharmProjects/vec4irltr/model/ir/20210121231330551/model_word2vec_bibl_econtent.trainables.* with mmap=None
[2021-01-24 02:30:29,783] INFO: setting ignored attribute cum_table to None
[2021-01-24 02:30:29,783] INFO: setting ignored attribute cum_table to None
[2021-01-24 02:30:29,784] INFO: loaded /Users/neo1/PycharmProjects/vec4irltr/model/ir/20210121231330551/model_word2vec_bibl_econtent
[2021-01-24 02:30:29,784] INFO: loaded /Users/neo1/PycharmProjects/vec4irltr/model/ir/20210121231330551/model_word2vec_bibl_econtent
[2021-01-24 02:30:29,785] INFO: load time:0.0052449703216552734
[2021-01-24 02:30:29,785] INFO: load time:0.0052449703216552734
[2021-01-24 02:30:30,789] INFO: pid:71489 done | load time: 1.0095231533050537
[2021-01-24 02:30:30,789] INFO: pid:71489 done | load time: 1.0095231533050537
