[2021-01-23 21:51:12,199] INFO: set_init_models_and_get_retrievals
[2021-01-23 21:51:12,199] INFO: set_init_models_and_get_retrievals
[2021-01-23 21:51:12,203] INFO: loading model_word2vec_bibl_bible_bcn
[2021-01-23 21:51:12,203] INFO: loading model_word2vec_bibl_bible_bcn
[2021-01-23 21:51:12,204] INFO: loading Word2Vec object from /Users/neo1/PycharmProjects/vec4irltr/model/ir/20210121231330551/model_word2vec_bibl_bible_bcn
[2021-01-23 21:51:12,204] INFO: loading Word2Vec object from /Users/neo1/PycharmProjects/vec4irltr/model/ir/20210121231330551/model_word2vec_bibl_bible_bcn
[2021-01-23 21:51:12,206] INFO: loading wv recursively from /Users/neo1/PycharmProjects/vec4irltr/model/ir/20210121231330551/model_word2vec_bibl_bible_bcn.wv.* with mmap=None
[2021-01-23 21:51:12,206] INFO: loading wv recursively from /Users/neo1/PycharmProjects/vec4irltr/model/ir/20210121231330551/model_word2vec_bibl_bible_bcn.wv.* with mmap=None
[2021-01-23 21:51:12,206] INFO: setting ignored attribute vectors_norm to None
[2021-01-23 21:51:12,206] INFO: setting ignored attribute vectors_norm to None
[2021-01-23 21:51:12,206] INFO: loading vocabulary recursively from /Users/neo1/PycharmProjects/vec4irltr/model/ir/20210121231330551/model_word2vec_bibl_bible_bcn.vocabulary.* with mmap=None
[2021-01-23 21:51:12,206] INFO: loading vocabulary recursively from /Users/neo1/PycharmProjects/vec4irltr/model/ir/20210121231330551/model_word2vec_bibl_bible_bcn.vocabulary.* with mmap=None
[2021-01-23 21:51:12,207] INFO: loading trainables recursively from /Users/neo1/PycharmProjects/vec4irltr/model/ir/20210121231330551/model_word2vec_bibl_bible_bcn.trainables.* with mmap=None
[2021-01-23 21:51:12,207] INFO: loading trainables recursively from /Users/neo1/PycharmProjects/vec4irltr/model/ir/20210121231330551/model_word2vec_bibl_bible_bcn.trainables.* with mmap=None
[2021-01-23 21:51:12,207] INFO: setting ignored attribute cum_table to None
[2021-01-23 21:51:12,207] INFO: setting ignored attribute cum_table to None
[2021-01-23 21:51:12,208] INFO: loaded /Users/neo1/PycharmProjects/vec4irltr/model/ir/20210121231330551/model_word2vec_bibl_bible_bcn
[2021-01-23 21:51:12,208] INFO: loaded /Users/neo1/PycharmProjects/vec4irltr/model/ir/20210121231330551/model_word2vec_bibl_bible_bcn
[2021-01-23 21:51:12,208] INFO: load time:0.004806041717529297
[2021-01-23 21:51:12,208] INFO: load time:0.004806041717529297
[2021-01-23 21:51:13,209] INFO: pid:51749 done | load time: 1.0054779052734375
[2021-01-23 21:51:13,209] INFO: pid:51749 done | load time: 1.0054779052734375
[2021-01-23 21:51:13,209] INFO: loading model_word2vec_bibl_content
[2021-01-23 21:51:13,209] INFO: loading model_word2vec_bibl_content
[2021-01-23 21:51:13,210] INFO: loading Word2Vec object from /Users/neo1/PycharmProjects/vec4irltr/model/ir/20210121231330551/model_word2vec_bibl_content
[2021-01-23 21:51:13,210] INFO: loading Word2Vec object from /Users/neo1/PycharmProjects/vec4irltr/model/ir/20210121231330551/model_word2vec_bibl_content
[2021-01-23 21:51:13,223] INFO: loading wv recursively from /Users/neo1/PycharmProjects/vec4irltr/model/ir/20210121231330551/model_word2vec_bibl_content.wv.* with mmap=None
[2021-01-23 21:51:13,223] INFO: loading wv recursively from /Users/neo1/PycharmProjects/vec4irltr/model/ir/20210121231330551/model_word2vec_bibl_content.wv.* with mmap=None
[2021-01-23 21:51:13,223] INFO: setting ignored attribute vectors_norm to None
[2021-01-23 21:51:13,223] INFO: setting ignored attribute vectors_norm to None
[2021-01-23 21:51:13,224] INFO: loading vocabulary recursively from /Users/neo1/PycharmProjects/vec4irltr/model/ir/20210121231330551/model_word2vec_bibl_content.vocabulary.* with mmap=None
[2021-01-23 21:51:13,224] INFO: loading vocabulary recursively from /Users/neo1/PycharmProjects/vec4irltr/model/ir/20210121231330551/model_word2vec_bibl_content.vocabulary.* with mmap=None
[2021-01-23 21:51:13,224] INFO: loading trainables recursively from /Users/neo1/PycharmProjects/vec4irltr/model/ir/20210121231330551/model_word2vec_bibl_content.trainables.* with mmap=None
[2021-01-23 21:51:13,224] INFO: loading trainables recursively from /Users/neo1/PycharmProjects/vec4irltr/model/ir/20210121231330551/model_word2vec_bibl_content.trainables.* with mmap=None
[2021-01-23 21:51:13,224] INFO: setting ignored attribute cum_table to None
[2021-01-23 21:51:13,224] INFO: setting ignored attribute cum_table to None
[2021-01-23 21:51:13,225] INFO: loaded /Users/neo1/PycharmProjects/vec4irltr/model/ir/20210121231330551/model_word2vec_bibl_content
[2021-01-23 21:51:13,225] INFO: loaded /Users/neo1/PycharmProjects/vec4irltr/model/ir/20210121231330551/model_word2vec_bibl_content
[2021-01-23 21:51:13,227] INFO: load time:0.017413854598999023
[2021-01-23 21:51:13,227] INFO: load time:0.017413854598999023
[2021-01-23 21:51:14,229] INFO: pid:51749 done | load time: 1.0187318325042725
[2021-01-23 21:51:14,229] INFO: pid:51749 done | load time: 1.0187318325042725
[2021-01-23 21:51:14,229] INFO: loading model_word2vec_bibl_econtent
[2021-01-23 21:51:14,229] INFO: loading model_word2vec_bibl_econtent
[2021-01-23 21:51:14,229] INFO: loading Word2Vec object from /Users/neo1/PycharmProjects/vec4irltr/model/ir/20210121231330551/model_word2vec_bibl_econtent
[2021-01-23 21:51:14,229] INFO: loading Word2Vec object from /Users/neo1/PycharmProjects/vec4irltr/model/ir/20210121231330551/model_word2vec_bibl_econtent
[2021-01-23 21:51:14,231] INFO: loading wv recursively from /Users/neo1/PycharmProjects/vec4irltr/model/ir/20210121231330551/model_word2vec_bibl_econtent.wv.* with mmap=None
[2021-01-23 21:51:14,231] INFO: loading wv recursively from /Users/neo1/PycharmProjects/vec4irltr/model/ir/20210121231330551/model_word2vec_bibl_econtent.wv.* with mmap=None
[2021-01-23 21:51:14,231] INFO: setting ignored attribute vectors_norm to None
[2021-01-23 21:51:14,231] INFO: setting ignored attribute vectors_norm to None
[2021-01-23 21:51:14,232] INFO: loading vocabulary recursively from /Users/neo1/PycharmProjects/vec4irltr/model/ir/20210121231330551/model_word2vec_bibl_econtent.vocabulary.* with mmap=None
[2021-01-23 21:51:14,232] INFO: loading vocabulary recursively from /Users/neo1/PycharmProjects/vec4irltr/model/ir/20210121231330551/model_word2vec_bibl_econtent.vocabulary.* with mmap=None
[2021-01-23 21:51:14,232] INFO: loading trainables recursively from /Users/neo1/PycharmProjects/vec4irltr/model/ir/20210121231330551/model_word2vec_bibl_econtent.trainables.* with mmap=None
[2021-01-23 21:51:14,232] INFO: loading trainables recursively from /Users/neo1/PycharmProjects/vec4irltr/model/ir/20210121231330551/model_word2vec_bibl_econtent.trainables.* with mmap=None
[2021-01-23 21:51:14,232] INFO: setting ignored attribute cum_table to None
[2021-01-23 21:51:14,232] INFO: setting ignored attribute cum_table to None
[2021-01-23 21:51:14,233] INFO: loaded /Users/neo1/PycharmProjects/vec4irltr/model/ir/20210121231330551/model_word2vec_bibl_econtent
[2021-01-23 21:51:14,233] INFO: loaded /Users/neo1/PycharmProjects/vec4irltr/model/ir/20210121231330551/model_word2vec_bibl_econtent
[2021-01-23 21:51:14,233] INFO: load time:0.0035910606384277344
[2021-01-23 21:51:14,233] INFO: load time:0.0035910606384277344
[2021-01-23 21:51:15,237] INFO: pid:51749 done | load time: 1.0078141689300537
[2021-01-23 21:51:15,237] INFO: pid:51749 done | load time: 1.0078141689300537
[2021-01-23 21:51:33,917] INFO: set_init_models_and_get_retrievals
[2021-01-23 21:51:33,917] INFO: set_init_models_and_get_retrievals
[2021-01-23 21:51:33,921] INFO: loading model_word2vec_bibl_bible_bcn
[2021-01-23 21:51:33,921] INFO: loading model_word2vec_bibl_bible_bcn
[2021-01-23 21:51:33,921] INFO: loading Word2Vec object from /Users/neo1/PycharmProjects/vec4irltr/model/ir/20210121231330551/model_word2vec_bibl_bible_bcn
[2021-01-23 21:51:33,921] INFO: loading Word2Vec object from /Users/neo1/PycharmProjects/vec4irltr/model/ir/20210121231330551/model_word2vec_bibl_bible_bcn
[2021-01-23 21:51:33,923] INFO: loading wv recursively from /Users/neo1/PycharmProjects/vec4irltr/model/ir/20210121231330551/model_word2vec_bibl_bible_bcn.wv.* with mmap=None
[2021-01-23 21:51:33,923] INFO: loading wv recursively from /Users/neo1/PycharmProjects/vec4irltr/model/ir/20210121231330551/model_word2vec_bibl_bible_bcn.wv.* with mmap=None
[2021-01-23 21:51:33,924] INFO: setting ignored attribute vectors_norm to None
[2021-01-23 21:51:33,924] INFO: setting ignored attribute vectors_norm to None
[2021-01-23 21:51:33,924] INFO: loading vocabulary recursively from /Users/neo1/PycharmProjects/vec4irltr/model/ir/20210121231330551/model_word2vec_bibl_bible_bcn.vocabulary.* with mmap=None
[2021-01-23 21:51:33,924] INFO: loading vocabulary recursively from /Users/neo1/PycharmProjects/vec4irltr/model/ir/20210121231330551/model_word2vec_bibl_bible_bcn.vocabulary.* with mmap=None
[2021-01-23 21:51:33,924] INFO: loading trainables recursively from /Users/neo1/PycharmProjects/vec4irltr/model/ir/20210121231330551/model_word2vec_bibl_bible_bcn.trainables.* with mmap=None
[2021-01-23 21:51:33,924] INFO: loading trainables recursively from /Users/neo1/PycharmProjects/vec4irltr/model/ir/20210121231330551/model_word2vec_bibl_bible_bcn.trainables.* with mmap=None
[2021-01-23 21:51:33,925] INFO: setting ignored attribute cum_table to None
[2021-01-23 21:51:33,925] INFO: setting ignored attribute cum_table to None
[2021-01-23 21:51:33,925] INFO: loaded /Users/neo1/PycharmProjects/vec4irltr/model/ir/20210121231330551/model_word2vec_bibl_bible_bcn
[2021-01-23 21:51:33,925] INFO: loaded /Users/neo1/PycharmProjects/vec4irltr/model/ir/20210121231330551/model_word2vec_bibl_bible_bcn
[2021-01-23 21:51:33,926] INFO: load time:0.004540920257568359
[2021-01-23 21:51:33,926] INFO: load time:0.004540920257568359
[2021-01-23 21:51:34,931] INFO: pid:51781 done | load time: 1.009812831878662
[2021-01-23 21:51:34,931] INFO: pid:51781 done | load time: 1.009812831878662
[2021-01-23 21:51:34,931] INFO: loading model_word2vec_bibl_content
[2021-01-23 21:51:34,931] INFO: loading model_word2vec_bibl_content
[2021-01-23 21:51:34,932] INFO: loading Word2Vec object from /Users/neo1/PycharmProjects/vec4irltr/model/ir/20210121231330551/model_word2vec_bibl_content
[2021-01-23 21:51:34,932] INFO: loading Word2Vec object from /Users/neo1/PycharmProjects/vec4irltr/model/ir/20210121231330551/model_word2vec_bibl_content
[2021-01-23 21:51:34,944] INFO: loading wv recursively from /Users/neo1/PycharmProjects/vec4irltr/model/ir/20210121231330551/model_word2vec_bibl_content.wv.* with mmap=None
[2021-01-23 21:51:34,944] INFO: loading wv recursively from /Users/neo1/PycharmProjects/vec4irltr/model/ir/20210121231330551/model_word2vec_bibl_content.wv.* with mmap=None
[2021-01-23 21:51:34,945] INFO: setting ignored attribute vectors_norm to None
[2021-01-23 21:51:34,945] INFO: setting ignored attribute vectors_norm to None
[2021-01-23 21:51:34,945] INFO: loading vocabulary recursively from /Users/neo1/PycharmProjects/vec4irltr/model/ir/20210121231330551/model_word2vec_bibl_content.vocabulary.* with mmap=None
[2021-01-23 21:51:34,945] INFO: loading vocabulary recursively from /Users/neo1/PycharmProjects/vec4irltr/model/ir/20210121231330551/model_word2vec_bibl_content.vocabulary.* with mmap=None
[2021-01-23 21:51:34,946] INFO: loading trainables recursively from /Users/neo1/PycharmProjects/vec4irltr/model/ir/20210121231330551/model_word2vec_bibl_content.trainables.* with mmap=None
[2021-01-23 21:51:34,946] INFO: loading trainables recursively from /Users/neo1/PycharmProjects/vec4irltr/model/ir/20210121231330551/model_word2vec_bibl_content.trainables.* with mmap=None
[2021-01-23 21:51:34,946] INFO: setting ignored attribute cum_table to None
[2021-01-23 21:51:34,946] INFO: setting ignored attribute cum_table to None
[2021-01-23 21:51:34,946] INFO: loaded /Users/neo1/PycharmProjects/vec4irltr/model/ir/20210121231330551/model_word2vec_bibl_content
[2021-01-23 21:51:34,946] INFO: loaded /Users/neo1/PycharmProjects/vec4irltr/model/ir/20210121231330551/model_word2vec_bibl_content
[2021-01-23 21:51:34,949] INFO: load time:0.016956806182861328
[2021-01-23 21:51:34,949] INFO: load time:0.016956806182861328
[2021-01-23 21:51:35,950] INFO: pid:51781 done | load time: 1.0177710056304932
[2021-01-23 21:51:35,950] INFO: pid:51781 done | load time: 1.0177710056304932
[2021-01-23 21:51:35,950] INFO: loading model_word2vec_bibl_econtent
[2021-01-23 21:51:35,950] INFO: loading model_word2vec_bibl_econtent
[2021-01-23 21:51:35,950] INFO: loading Word2Vec object from /Users/neo1/PycharmProjects/vec4irltr/model/ir/20210121231330551/model_word2vec_bibl_econtent
[2021-01-23 21:51:35,950] INFO: loading Word2Vec object from /Users/neo1/PycharmProjects/vec4irltr/model/ir/20210121231330551/model_word2vec_bibl_econtent
[2021-01-23 21:51:35,952] INFO: loading wv recursively from /Users/neo1/PycharmProjects/vec4irltr/model/ir/20210121231330551/model_word2vec_bibl_econtent.wv.* with mmap=None
[2021-01-23 21:51:35,952] INFO: loading wv recursively from /Users/neo1/PycharmProjects/vec4irltr/model/ir/20210121231330551/model_word2vec_bibl_econtent.wv.* with mmap=None
[2021-01-23 21:51:35,952] INFO: setting ignored attribute vectors_norm to None
[2021-01-23 21:51:35,952] INFO: setting ignored attribute vectors_norm to None
[2021-01-23 21:51:35,952] INFO: loading vocabulary recursively from /Users/neo1/PycharmProjects/vec4irltr/model/ir/20210121231330551/model_word2vec_bibl_econtent.vocabulary.* with mmap=None
[2021-01-23 21:51:35,952] INFO: loading vocabulary recursively from /Users/neo1/PycharmProjects/vec4irltr/model/ir/20210121231330551/model_word2vec_bibl_econtent.vocabulary.* with mmap=None
[2021-01-23 21:51:35,953] INFO: loading trainables recursively from /Users/neo1/PycharmProjects/vec4irltr/model/ir/20210121231330551/model_word2vec_bibl_econtent.trainables.* with mmap=None
[2021-01-23 21:51:35,953] INFO: loading trainables recursively from /Users/neo1/PycharmProjects/vec4irltr/model/ir/20210121231330551/model_word2vec_bibl_econtent.trainables.* with mmap=None
[2021-01-23 21:51:35,953] INFO: setting ignored attribute cum_table to None
[2021-01-23 21:51:35,953] INFO: setting ignored attribute cum_table to None
[2021-01-23 21:51:35,953] INFO: loaded /Users/neo1/PycharmProjects/vec4irltr/model/ir/20210121231330551/model_word2vec_bibl_econtent
[2021-01-23 21:51:35,953] INFO: loaded /Users/neo1/PycharmProjects/vec4irltr/model/ir/20210121231330551/model_word2vec_bibl_econtent
[2021-01-23 21:51:35,954] INFO: load time:0.0035431385040283203
[2021-01-23 21:51:35,954] INFO: load time:0.0035431385040283203
[2021-01-23 21:51:36,959] INFO: pid:51781 done | load time: 1.0081820487976074
[2021-01-23 21:51:36,959] INFO: pid:51781 done | load time: 1.0081820487976074
[2021-01-23 21:51:57,987] INFO: api/search?q=태초에
[2021-01-23 21:51:57,987] INFO: api/search?q=태초에
