[2021-01-24 00:03:23,971] INFO: set_init_models_and_get_retrievals
[2021-01-24 00:03:23,971] INFO: set_init_models_and_get_retrievals
[2021-01-24 00:03:23,977] INFO: loading model_word2vec_bibl_bible_bcn
[2021-01-24 00:03:23,977] INFO: loading model_word2vec_bibl_bible_bcn
[2021-01-24 00:03:23,977] INFO: loading Word2Vec object from /Users/neo1/PycharmProjects/vec4irltr/model/ir/20210121231330551/model_word2vec_bibl_bible_bcn
[2021-01-24 00:03:23,977] INFO: loading Word2Vec object from /Users/neo1/PycharmProjects/vec4irltr/model/ir/20210121231330551/model_word2vec_bibl_bible_bcn
[2021-01-24 00:03:23,983] INFO: loading wv recursively from /Users/neo1/PycharmProjects/vec4irltr/model/ir/20210121231330551/model_word2vec_bibl_bible_bcn.wv.* with mmap=None
[2021-01-24 00:03:23,983] INFO: loading wv recursively from /Users/neo1/PycharmProjects/vec4irltr/model/ir/20210121231330551/model_word2vec_bibl_bible_bcn.wv.* with mmap=None
[2021-01-24 00:03:23,984] INFO: setting ignored attribute vectors_norm to None
[2021-01-24 00:03:23,984] INFO: setting ignored attribute vectors_norm to None
[2021-01-24 00:03:23,984] INFO: loading vocabulary recursively from /Users/neo1/PycharmProjects/vec4irltr/model/ir/20210121231330551/model_word2vec_bibl_bible_bcn.vocabulary.* with mmap=None
[2021-01-24 00:03:23,984] INFO: loading vocabulary recursively from /Users/neo1/PycharmProjects/vec4irltr/model/ir/20210121231330551/model_word2vec_bibl_bible_bcn.vocabulary.* with mmap=None
[2021-01-24 00:03:23,985] INFO: loading trainables recursively from /Users/neo1/PycharmProjects/vec4irltr/model/ir/20210121231330551/model_word2vec_bibl_bible_bcn.trainables.* with mmap=None
[2021-01-24 00:03:23,985] INFO: loading trainables recursively from /Users/neo1/PycharmProjects/vec4irltr/model/ir/20210121231330551/model_word2vec_bibl_bible_bcn.trainables.* with mmap=None
[2021-01-24 00:03:23,986] INFO: setting ignored attribute cum_table to None
[2021-01-24 00:03:23,986] INFO: setting ignored attribute cum_table to None
[2021-01-24 00:03:23,986] INFO: loaded /Users/neo1/PycharmProjects/vec4irltr/model/ir/20210121231330551/model_word2vec_bibl_bible_bcn
[2021-01-24 00:03:23,986] INFO: loaded /Users/neo1/PycharmProjects/vec4irltr/model/ir/20210121231330551/model_word2vec_bibl_bible_bcn
[2021-01-24 00:03:23,987] INFO: load time:0.009965896606445312
[2021-01-24 00:03:23,987] INFO: load time:0.009965896606445312
[2021-01-24 00:03:24,989] INFO: pid:61132 done | load time: 1.011535882949829
[2021-01-24 00:03:24,989] INFO: pid:61132 done | load time: 1.011535882949829
[2021-01-24 00:03:24,990] INFO: loading model_word2vec_bibl_content
[2021-01-24 00:03:24,990] INFO: loading model_word2vec_bibl_content
[2021-01-24 00:03:24,990] INFO: loading Word2Vec object from /Users/neo1/PycharmProjects/vec4irltr/model/ir/20210121231330551/model_word2vec_bibl_content
[2021-01-24 00:03:24,990] INFO: loading Word2Vec object from /Users/neo1/PycharmProjects/vec4irltr/model/ir/20210121231330551/model_word2vec_bibl_content
[2021-01-24 00:03:25,002] INFO: loading wv recursively from /Users/neo1/PycharmProjects/vec4irltr/model/ir/20210121231330551/model_word2vec_bibl_content.wv.* with mmap=None
[2021-01-24 00:03:25,002] INFO: loading wv recursively from /Users/neo1/PycharmProjects/vec4irltr/model/ir/20210121231330551/model_word2vec_bibl_content.wv.* with mmap=None
[2021-01-24 00:03:25,003] INFO: setting ignored attribute vectors_norm to None
[2021-01-24 00:03:25,003] INFO: setting ignored attribute vectors_norm to None
[2021-01-24 00:03:25,004] INFO: loading vocabulary recursively from /Users/neo1/PycharmProjects/vec4irltr/model/ir/20210121231330551/model_word2vec_bibl_content.vocabulary.* with mmap=None
[2021-01-24 00:03:25,004] INFO: loading vocabulary recursively from /Users/neo1/PycharmProjects/vec4irltr/model/ir/20210121231330551/model_word2vec_bibl_content.vocabulary.* with mmap=None
[2021-01-24 00:03:25,004] INFO: loading trainables recursively from /Users/neo1/PycharmProjects/vec4irltr/model/ir/20210121231330551/model_word2vec_bibl_content.trainables.* with mmap=None
[2021-01-24 00:03:25,004] INFO: loading trainables recursively from /Users/neo1/PycharmProjects/vec4irltr/model/ir/20210121231330551/model_word2vec_bibl_content.trainables.* with mmap=None
[2021-01-24 00:03:25,005] INFO: setting ignored attribute cum_table to None
[2021-01-24 00:03:25,005] INFO: setting ignored attribute cum_table to None
[2021-01-24 00:03:25,006] INFO: loaded /Users/neo1/PycharmProjects/vec4irltr/model/ir/20210121231330551/model_word2vec_bibl_content
[2021-01-24 00:03:25,006] INFO: loaded /Users/neo1/PycharmProjects/vec4irltr/model/ir/20210121231330551/model_word2vec_bibl_content
[2021-01-24 00:03:25,009] INFO: load time:0.018903732299804688
[2021-01-24 00:03:25,009] INFO: load time:0.018903732299804688
[2021-01-24 00:03:26,013] INFO: pid:61132 done | load time: 1.022690773010254
[2021-01-24 00:03:26,013] INFO: pid:61132 done | load time: 1.022690773010254
[2021-01-24 00:03:26,014] INFO: loading model_word2vec_bibl_econtent
[2021-01-24 00:03:26,014] INFO: loading model_word2vec_bibl_econtent
[2021-01-24 00:03:26,014] INFO: loading Word2Vec object from /Users/neo1/PycharmProjects/vec4irltr/model/ir/20210121231330551/model_word2vec_bibl_econtent
[2021-01-24 00:03:26,014] INFO: loading Word2Vec object from /Users/neo1/PycharmProjects/vec4irltr/model/ir/20210121231330551/model_word2vec_bibl_econtent
[2021-01-24 00:03:26,016] INFO: loading wv recursively from /Users/neo1/PycharmProjects/vec4irltr/model/ir/20210121231330551/model_word2vec_bibl_econtent.wv.* with mmap=None
[2021-01-24 00:03:26,016] INFO: loading wv recursively from /Users/neo1/PycharmProjects/vec4irltr/model/ir/20210121231330551/model_word2vec_bibl_econtent.wv.* with mmap=None
[2021-01-24 00:03:26,021] INFO: setting ignored attribute vectors_norm to None
[2021-01-24 00:03:26,021] INFO: setting ignored attribute vectors_norm to None
[2021-01-24 00:03:26,023] INFO: loading vocabulary recursively from /Users/neo1/PycharmProjects/vec4irltr/model/ir/20210121231330551/model_word2vec_bibl_econtent.vocabulary.* with mmap=None
[2021-01-24 00:03:26,023] INFO: loading vocabulary recursively from /Users/neo1/PycharmProjects/vec4irltr/model/ir/20210121231330551/model_word2vec_bibl_econtent.vocabulary.* with mmap=None
[2021-01-24 00:03:26,024] INFO: loading trainables recursively from /Users/neo1/PycharmProjects/vec4irltr/model/ir/20210121231330551/model_word2vec_bibl_econtent.trainables.* with mmap=None
[2021-01-24 00:03:26,024] INFO: loading trainables recursively from /Users/neo1/PycharmProjects/vec4irltr/model/ir/20210121231330551/model_word2vec_bibl_econtent.trainables.* with mmap=None
[2021-01-24 00:03:26,025] INFO: setting ignored attribute cum_table to None
[2021-01-24 00:03:26,025] INFO: setting ignored attribute cum_table to None
[2021-01-24 00:03:26,025] INFO: loaded /Users/neo1/PycharmProjects/vec4irltr/model/ir/20210121231330551/model_word2vec_bibl_econtent
[2021-01-24 00:03:26,025] INFO: loaded /Users/neo1/PycharmProjects/vec4irltr/model/ir/20210121231330551/model_word2vec_bibl_econtent
[2021-01-24 00:03:26,026] INFO: load time:0.011790752410888672
[2021-01-24 00:03:26,026] INFO: load time:0.011790752410888672
[2021-01-24 00:03:27,032] INFO: pid:61132 done | load time: 1.0173718929290771
[2021-01-24 00:03:27,032] INFO: pid:61132 done | load time: 1.0173718929290771
