[2021-01-24 02:47:06,455] INFO: set_init_models_and_get_retrievals
[2021-01-24 02:47:06,455] INFO: set_init_models_and_get_retrievals
[2021-01-24 02:47:06,461] INFO: loading model_word2vec_bibl_bible_bcn
[2021-01-24 02:47:06,461] INFO: loading model_word2vec_bibl_bible_bcn
[2021-01-24 02:47:06,462] INFO: loading Word2Vec object from /Users/neo1/PycharmProjects/vec4irltr/model/ir/20210121231330551/model_word2vec_bibl_bible_bcn
[2021-01-24 02:47:06,462] INFO: loading Word2Vec object from /Users/neo1/PycharmProjects/vec4irltr/model/ir/20210121231330551/model_word2vec_bibl_bible_bcn
[2021-01-24 02:47:06,465] INFO: loading wv recursively from /Users/neo1/PycharmProjects/vec4irltr/model/ir/20210121231330551/model_word2vec_bibl_bible_bcn.wv.* with mmap=None
[2021-01-24 02:47:06,465] INFO: loading wv recursively from /Users/neo1/PycharmProjects/vec4irltr/model/ir/20210121231330551/model_word2vec_bibl_bible_bcn.wv.* with mmap=None
[2021-01-24 02:47:06,466] INFO: setting ignored attribute vectors_norm to None
[2021-01-24 02:47:06,466] INFO: setting ignored attribute vectors_norm to None
[2021-01-24 02:47:06,467] INFO: loading vocabulary recursively from /Users/neo1/PycharmProjects/vec4irltr/model/ir/20210121231330551/model_word2vec_bibl_bible_bcn.vocabulary.* with mmap=None
[2021-01-24 02:47:06,467] INFO: loading vocabulary recursively from /Users/neo1/PycharmProjects/vec4irltr/model/ir/20210121231330551/model_word2vec_bibl_bible_bcn.vocabulary.* with mmap=None
[2021-01-24 02:47:06,467] INFO: loading trainables recursively from /Users/neo1/PycharmProjects/vec4irltr/model/ir/20210121231330551/model_word2vec_bibl_bible_bcn.trainables.* with mmap=None
[2021-01-24 02:47:06,467] INFO: loading trainables recursively from /Users/neo1/PycharmProjects/vec4irltr/model/ir/20210121231330551/model_word2vec_bibl_bible_bcn.trainables.* with mmap=None
[2021-01-24 02:47:06,468] INFO: setting ignored attribute cum_table to None
[2021-01-24 02:47:06,468] INFO: setting ignored attribute cum_table to None
[2021-01-24 02:47:06,469] INFO: loaded /Users/neo1/PycharmProjects/vec4irltr/model/ir/20210121231330551/model_word2vec_bibl_bible_bcn
[2021-01-24 02:47:06,469] INFO: loaded /Users/neo1/PycharmProjects/vec4irltr/model/ir/20210121231330551/model_word2vec_bibl_bible_bcn
[2021-01-24 02:47:06,469] INFO: load time:0.007158041000366211
[2021-01-24 02:47:06,469] INFO: load time:0.007158041000366211
[2021-01-24 02:47:07,475] INFO: pid:72713 done | load time: 1.0125179290771484
[2021-01-24 02:47:07,475] INFO: pid:72713 done | load time: 1.0125179290771484
[2021-01-24 02:47:07,475] INFO: loading model_word2vec_bibl_content
[2021-01-24 02:47:07,475] INFO: loading model_word2vec_bibl_content
[2021-01-24 02:47:07,476] INFO: loading Word2Vec object from /Users/neo1/PycharmProjects/vec4irltr/model/ir/20210121231330551/model_word2vec_bibl_content
[2021-01-24 02:47:07,476] INFO: loading Word2Vec object from /Users/neo1/PycharmProjects/vec4irltr/model/ir/20210121231330551/model_word2vec_bibl_content
[2021-01-24 02:47:07,492] INFO: loading wv recursively from /Users/neo1/PycharmProjects/vec4irltr/model/ir/20210121231330551/model_word2vec_bibl_content.wv.* with mmap=None
[2021-01-24 02:47:07,492] INFO: loading wv recursively from /Users/neo1/PycharmProjects/vec4irltr/model/ir/20210121231330551/model_word2vec_bibl_content.wv.* with mmap=None
[2021-01-24 02:47:07,493] INFO: setting ignored attribute vectors_norm to None
[2021-01-24 02:47:07,493] INFO: setting ignored attribute vectors_norm to None
[2021-01-24 02:47:07,493] INFO: loading vocabulary recursively from /Users/neo1/PycharmProjects/vec4irltr/model/ir/20210121231330551/model_word2vec_bibl_content.vocabulary.* with mmap=None
[2021-01-24 02:47:07,493] INFO: loading vocabulary recursively from /Users/neo1/PycharmProjects/vec4irltr/model/ir/20210121231330551/model_word2vec_bibl_content.vocabulary.* with mmap=None
[2021-01-24 02:47:07,494] INFO: loading trainables recursively from /Users/neo1/PycharmProjects/vec4irltr/model/ir/20210121231330551/model_word2vec_bibl_content.trainables.* with mmap=None
[2021-01-24 02:47:07,494] INFO: loading trainables recursively from /Users/neo1/PycharmProjects/vec4irltr/model/ir/20210121231330551/model_word2vec_bibl_content.trainables.* with mmap=None
[2021-01-24 02:47:07,495] INFO: setting ignored attribute cum_table to None
[2021-01-24 02:47:07,495] INFO: setting ignored attribute cum_table to None
[2021-01-24 02:47:07,495] INFO: loaded /Users/neo1/PycharmProjects/vec4irltr/model/ir/20210121231330551/model_word2vec_bibl_content
[2021-01-24 02:47:07,495] INFO: loaded /Users/neo1/PycharmProjects/vec4irltr/model/ir/20210121231330551/model_word2vec_bibl_content
[2021-01-24 02:47:07,499] INFO: load time:0.022778749465942383
[2021-01-24 02:47:07,499] INFO: load time:0.022778749465942383
[2021-01-24 02:47:08,505] INFO: pid:72713 done | load time: 1.028390884399414
[2021-01-24 02:47:08,505] INFO: pid:72713 done | load time: 1.028390884399414
[2021-01-24 02:47:08,505] INFO: loading model_word2vec_bibl_econtent
[2021-01-24 02:47:08,505] INFO: loading model_word2vec_bibl_econtent
[2021-01-24 02:47:08,506] INFO: loading Word2Vec object from /Users/neo1/PycharmProjects/vec4irltr/model/ir/20210121231330551/model_word2vec_bibl_econtent
[2021-01-24 02:47:08,506] INFO: loading Word2Vec object from /Users/neo1/PycharmProjects/vec4irltr/model/ir/20210121231330551/model_word2vec_bibl_econtent
[2021-01-24 02:47:08,508] INFO: loading wv recursively from /Users/neo1/PycharmProjects/vec4irltr/model/ir/20210121231330551/model_word2vec_bibl_econtent.wv.* with mmap=None
[2021-01-24 02:47:08,508] INFO: loading wv recursively from /Users/neo1/PycharmProjects/vec4irltr/model/ir/20210121231330551/model_word2vec_bibl_econtent.wv.* with mmap=None
[2021-01-24 02:47:08,508] INFO: setting ignored attribute vectors_norm to None
[2021-01-24 02:47:08,508] INFO: setting ignored attribute vectors_norm to None
[2021-01-24 02:47:08,509] INFO: loading vocabulary recursively from /Users/neo1/PycharmProjects/vec4irltr/model/ir/20210121231330551/model_word2vec_bibl_econtent.vocabulary.* with mmap=None
[2021-01-24 02:47:08,509] INFO: loading vocabulary recursively from /Users/neo1/PycharmProjects/vec4irltr/model/ir/20210121231330551/model_word2vec_bibl_econtent.vocabulary.* with mmap=None
[2021-01-24 02:47:08,509] INFO: loading trainables recursively from /Users/neo1/PycharmProjects/vec4irltr/model/ir/20210121231330551/model_word2vec_bibl_econtent.trainables.* with mmap=None
[2021-01-24 02:47:08,509] INFO: loading trainables recursively from /Users/neo1/PycharmProjects/vec4irltr/model/ir/20210121231330551/model_word2vec_bibl_econtent.trainables.* with mmap=None
[2021-01-24 02:47:08,510] INFO: setting ignored attribute cum_table to None
[2021-01-24 02:47:08,510] INFO: setting ignored attribute cum_table to None
[2021-01-24 02:47:08,510] INFO: loaded /Users/neo1/PycharmProjects/vec4irltr/model/ir/20210121231330551/model_word2vec_bibl_econtent
[2021-01-24 02:47:08,510] INFO: loaded /Users/neo1/PycharmProjects/vec4irltr/model/ir/20210121231330551/model_word2vec_bibl_econtent
[2021-01-24 02:47:08,511] INFO: load time:0.0053060054779052734
[2021-01-24 02:47:08,511] INFO: load time:0.0053060054779052734
[2021-01-24 02:47:09,514] INFO: pid:72713 done | load time: 1.0084459781646729
[2021-01-24 02:47:09,514] INFO: pid:72713 done | load time: 1.0084459781646729
