[2021-01-24 03:27:47,986] INFO: set_init_models_and_get_retrievals
[2021-01-24 03:27:47,986] INFO: set_init_models_and_get_retrievals
[2021-01-24 03:27:47,990] INFO: loading model_word2vec_bibl_bible_bcn
[2021-01-24 03:27:47,990] INFO: loading model_word2vec_bibl_bible_bcn
[2021-01-24 03:27:47,991] INFO: loading Word2Vec object from /Users/neo1/PycharmProjects/vec4irltr/model/ir/20210121231330551/model_word2vec_bibl_bible_bcn
[2021-01-24 03:27:47,991] INFO: loading Word2Vec object from /Users/neo1/PycharmProjects/vec4irltr/model/ir/20210121231330551/model_word2vec_bibl_bible_bcn
[2021-01-24 03:27:47,994] INFO: loading wv recursively from /Users/neo1/PycharmProjects/vec4irltr/model/ir/20210121231330551/model_word2vec_bibl_bible_bcn.wv.* with mmap=None
[2021-01-24 03:27:47,994] INFO: loading wv recursively from /Users/neo1/PycharmProjects/vec4irltr/model/ir/20210121231330551/model_word2vec_bibl_bible_bcn.wv.* with mmap=None
[2021-01-24 03:27:47,994] INFO: setting ignored attribute vectors_norm to None
[2021-01-24 03:27:47,994] INFO: setting ignored attribute vectors_norm to None
[2021-01-24 03:27:47,995] INFO: loading vocabulary recursively from /Users/neo1/PycharmProjects/vec4irltr/model/ir/20210121231330551/model_word2vec_bibl_bible_bcn.vocabulary.* with mmap=None
[2021-01-24 03:27:47,995] INFO: loading vocabulary recursively from /Users/neo1/PycharmProjects/vec4irltr/model/ir/20210121231330551/model_word2vec_bibl_bible_bcn.vocabulary.* with mmap=None
[2021-01-24 03:27:47,996] INFO: loading trainables recursively from /Users/neo1/PycharmProjects/vec4irltr/model/ir/20210121231330551/model_word2vec_bibl_bible_bcn.trainables.* with mmap=None
[2021-01-24 03:27:47,996] INFO: loading trainables recursively from /Users/neo1/PycharmProjects/vec4irltr/model/ir/20210121231330551/model_word2vec_bibl_bible_bcn.trainables.* with mmap=None
[2021-01-24 03:27:47,996] INFO: setting ignored attribute cum_table to None
[2021-01-24 03:27:47,996] INFO: setting ignored attribute cum_table to None
[2021-01-24 03:27:47,997] INFO: loaded /Users/neo1/PycharmProjects/vec4irltr/model/ir/20210121231330551/model_word2vec_bibl_bible_bcn
[2021-01-24 03:27:47,997] INFO: loaded /Users/neo1/PycharmProjects/vec4irltr/model/ir/20210121231330551/model_word2vec_bibl_bible_bcn
[2021-01-24 03:27:47,998] INFO: load time:0.006897926330566406
[2021-01-24 03:27:47,998] INFO: load time:0.006897926330566406
[2021-01-24 03:27:49,001] INFO: pid:75752 done | load time: 1.009793758392334
[2021-01-24 03:27:49,001] INFO: pid:75752 done | load time: 1.009793758392334
[2021-01-24 03:27:49,001] INFO: loading model_word2vec_bibl_content
[2021-01-24 03:27:49,001] INFO: loading model_word2vec_bibl_content
[2021-01-24 03:27:49,002] INFO: loading Word2Vec object from /Users/neo1/PycharmProjects/vec4irltr/model/ir/20210121231330551/model_word2vec_bibl_content
[2021-01-24 03:27:49,002] INFO: loading Word2Vec object from /Users/neo1/PycharmProjects/vec4irltr/model/ir/20210121231330551/model_word2vec_bibl_content
[2021-01-24 03:27:49,015] INFO: loading wv recursively from /Users/neo1/PycharmProjects/vec4irltr/model/ir/20210121231330551/model_word2vec_bibl_content.wv.* with mmap=None
[2021-01-24 03:27:49,015] INFO: loading wv recursively from /Users/neo1/PycharmProjects/vec4irltr/model/ir/20210121231330551/model_word2vec_bibl_content.wv.* with mmap=None
[2021-01-24 03:27:49,015] INFO: setting ignored attribute vectors_norm to None
[2021-01-24 03:27:49,015] INFO: setting ignored attribute vectors_norm to None
[2021-01-24 03:27:49,016] INFO: loading vocabulary recursively from /Users/neo1/PycharmProjects/vec4irltr/model/ir/20210121231330551/model_word2vec_bibl_content.vocabulary.* with mmap=None
[2021-01-24 03:27:49,016] INFO: loading vocabulary recursively from /Users/neo1/PycharmProjects/vec4irltr/model/ir/20210121231330551/model_word2vec_bibl_content.vocabulary.* with mmap=None
[2021-01-24 03:27:49,016] INFO: loading trainables recursively from /Users/neo1/PycharmProjects/vec4irltr/model/ir/20210121231330551/model_word2vec_bibl_content.trainables.* with mmap=None
[2021-01-24 03:27:49,016] INFO: loading trainables recursively from /Users/neo1/PycharmProjects/vec4irltr/model/ir/20210121231330551/model_word2vec_bibl_content.trainables.* with mmap=None
[2021-01-24 03:27:49,017] INFO: setting ignored attribute cum_table to None
[2021-01-24 03:27:49,017] INFO: setting ignored attribute cum_table to None
[2021-01-24 03:27:49,017] INFO: loaded /Users/neo1/PycharmProjects/vec4irltr/model/ir/20210121231330551/model_word2vec_bibl_content
[2021-01-24 03:27:49,017] INFO: loaded /Users/neo1/PycharmProjects/vec4irltr/model/ir/20210121231330551/model_word2vec_bibl_content
[2021-01-24 03:27:49,019] INFO: load time:0.01774311065673828
[2021-01-24 03:27:49,019] INFO: load time:0.01774311065673828
[2021-01-24 03:27:50,024] INFO: pid:75752 done | load time: 1.0219089984893799
[2021-01-24 03:27:50,024] INFO: pid:75752 done | load time: 1.0219089984893799
[2021-01-24 03:27:50,024] INFO: loading model_word2vec_bibl_econtent
[2021-01-24 03:27:50,024] INFO: loading model_word2vec_bibl_econtent
[2021-01-24 03:27:50,024] INFO: loading Word2Vec object from /Users/neo1/PycharmProjects/vec4irltr/model/ir/20210121231330551/model_word2vec_bibl_econtent
[2021-01-24 03:27:50,024] INFO: loading Word2Vec object from /Users/neo1/PycharmProjects/vec4irltr/model/ir/20210121231330551/model_word2vec_bibl_econtent
[2021-01-24 03:27:50,026] INFO: loading wv recursively from /Users/neo1/PycharmProjects/vec4irltr/model/ir/20210121231330551/model_word2vec_bibl_econtent.wv.* with mmap=None
[2021-01-24 03:27:50,026] INFO: loading wv recursively from /Users/neo1/PycharmProjects/vec4irltr/model/ir/20210121231330551/model_word2vec_bibl_econtent.wv.* with mmap=None
[2021-01-24 03:27:50,026] INFO: setting ignored attribute vectors_norm to None
[2021-01-24 03:27:50,026] INFO: setting ignored attribute vectors_norm to None
[2021-01-24 03:27:50,026] INFO: loading vocabulary recursively from /Users/neo1/PycharmProjects/vec4irltr/model/ir/20210121231330551/model_word2vec_bibl_econtent.vocabulary.* with mmap=None
[2021-01-24 03:27:50,026] INFO: loading vocabulary recursively from /Users/neo1/PycharmProjects/vec4irltr/model/ir/20210121231330551/model_word2vec_bibl_econtent.vocabulary.* with mmap=None
[2021-01-24 03:27:50,027] INFO: loading trainables recursively from /Users/neo1/PycharmProjects/vec4irltr/model/ir/20210121231330551/model_word2vec_bibl_econtent.trainables.* with mmap=None
[2021-01-24 03:27:50,027] INFO: loading trainables recursively from /Users/neo1/PycharmProjects/vec4irltr/model/ir/20210121231330551/model_word2vec_bibl_econtent.trainables.* with mmap=None
[2021-01-24 03:27:50,027] INFO: setting ignored attribute cum_table to None
[2021-01-24 03:27:50,027] INFO: setting ignored attribute cum_table to None
[2021-01-24 03:27:50,027] INFO: loaded /Users/neo1/PycharmProjects/vec4irltr/model/ir/20210121231330551/model_word2vec_bibl_econtent
[2021-01-24 03:27:50,027] INFO: loaded /Users/neo1/PycharmProjects/vec4irltr/model/ir/20210121231330551/model_word2vec_bibl_econtent
[2021-01-24 03:27:50,028] INFO: load time:0.0033049583435058594
[2021-01-24 03:27:50,028] INFO: load time:0.0033049583435058594
[2021-01-24 03:27:51,032] INFO: pid:75752 done | load time: 1.0078949928283691
[2021-01-24 03:27:51,032] INFO: pid:75752 done | load time: 1.0078949928283691
[2021-01-24 03:30:57,364] INFO: api/search?q=창조
[2021-01-24 03:30:57,364] INFO: api/search?q=창조
[2021-01-24 03:31:00,923] INFO: api/search?q=창조
[2021-01-24 03:31:00,923] INFO: api/search?q=창조
[2021-01-24 03:31:18,518] INFO: api/search?q=창조
[2021-01-24 03:31:18,518] INFO: api/search?q=창조
[2021-01-24 03:34:28,102] INFO: api/search?q=창
[2021-01-24 03:34:28,102] INFO: api/search?q=창
[2021-01-24 03:34:33,696] INFO: api/search?q=창조
[2021-01-24 03:34:33,696] INFO: api/search?q=창조
[2021-01-24 03:35:00,048] INFO: api/search?q=창
[2021-01-24 03:35:00,048] INFO: api/search?q=창
[2021-01-24 04:07:15,601] INFO: api/search?q=창
[2021-01-24 04:07:15,601] INFO: api/search?q=창
[2021-01-24 04:07:28,728] INFO: api/search?q=태초에 하나님께서
[2021-01-24 04:07:28,728] INFO: api/search?q=태초에 하나님께서
