[2021-01-23 23:42:42,386] INFO: set_init_models_and_get_retrievals
[2021-01-23 23:42:42,386] INFO: set_init_models_and_get_retrievals
[2021-01-23 23:42:42,394] INFO: loading model_word2vec_bibl_bible_bcn
[2021-01-23 23:42:42,394] INFO: loading model_word2vec_bibl_bible_bcn
[2021-01-23 23:42:42,395] INFO: loading Word2Vec object from /Users/neo1/PycharmProjects/vec4irltr/model/ir/20210121231330551/model_word2vec_bibl_bible_bcn
[2021-01-23 23:42:42,395] INFO: loading Word2Vec object from /Users/neo1/PycharmProjects/vec4irltr/model/ir/20210121231330551/model_word2vec_bibl_bible_bcn
[2021-01-23 23:42:42,403] INFO: loading wv recursively from /Users/neo1/PycharmProjects/vec4irltr/model/ir/20210121231330551/model_word2vec_bibl_bible_bcn.wv.* with mmap=None
[2021-01-23 23:42:42,403] INFO: loading wv recursively from /Users/neo1/PycharmProjects/vec4irltr/model/ir/20210121231330551/model_word2vec_bibl_bible_bcn.wv.* with mmap=None
[2021-01-23 23:42:42,404] INFO: setting ignored attribute vectors_norm to None
[2021-01-23 23:42:42,404] INFO: setting ignored attribute vectors_norm to None
[2021-01-23 23:42:42,405] INFO: loading vocabulary recursively from /Users/neo1/PycharmProjects/vec4irltr/model/ir/20210121231330551/model_word2vec_bibl_bible_bcn.vocabulary.* with mmap=None
[2021-01-23 23:42:42,405] INFO: loading vocabulary recursively from /Users/neo1/PycharmProjects/vec4irltr/model/ir/20210121231330551/model_word2vec_bibl_bible_bcn.vocabulary.* with mmap=None
[2021-01-23 23:42:42,405] INFO: loading trainables recursively from /Users/neo1/PycharmProjects/vec4irltr/model/ir/20210121231330551/model_word2vec_bibl_bible_bcn.trainables.* with mmap=None
[2021-01-23 23:42:42,405] INFO: loading trainables recursively from /Users/neo1/PycharmProjects/vec4irltr/model/ir/20210121231330551/model_word2vec_bibl_bible_bcn.trainables.* with mmap=None
[2021-01-23 23:42:42,406] INFO: setting ignored attribute cum_table to None
[2021-01-23 23:42:42,406] INFO: setting ignored attribute cum_table to None
[2021-01-23 23:42:42,406] INFO: loaded /Users/neo1/PycharmProjects/vec4irltr/model/ir/20210121231330551/model_word2vec_bibl_bible_bcn
[2021-01-23 23:42:42,406] INFO: loaded /Users/neo1/PycharmProjects/vec4irltr/model/ir/20210121231330551/model_word2vec_bibl_bible_bcn
[2021-01-23 23:42:42,411] INFO: load time:0.015951871871948242
[2021-01-23 23:42:42,411] INFO: load time:0.015951871871948242
[2021-01-23 23:42:43,413] INFO: pid:59642 done | load time: 1.0181350708007812
[2021-01-23 23:42:43,413] INFO: pid:59642 done | load time: 1.0181350708007812
[2021-01-23 23:42:43,413] INFO: loading model_word2vec_bibl_content
[2021-01-23 23:42:43,413] INFO: loading model_word2vec_bibl_content
[2021-01-23 23:42:43,414] INFO: loading Word2Vec object from /Users/neo1/PycharmProjects/vec4irltr/model/ir/20210121231330551/model_word2vec_bibl_content
[2021-01-23 23:42:43,414] INFO: loading Word2Vec object from /Users/neo1/PycharmProjects/vec4irltr/model/ir/20210121231330551/model_word2vec_bibl_content
[2021-01-23 23:42:43,430] INFO: loading wv recursively from /Users/neo1/PycharmProjects/vec4irltr/model/ir/20210121231330551/model_word2vec_bibl_content.wv.* with mmap=None
[2021-01-23 23:42:43,430] INFO: loading wv recursively from /Users/neo1/PycharmProjects/vec4irltr/model/ir/20210121231330551/model_word2vec_bibl_content.wv.* with mmap=None
[2021-01-23 23:42:43,430] INFO: setting ignored attribute vectors_norm to None
[2021-01-23 23:42:43,430] INFO: setting ignored attribute vectors_norm to None
[2021-01-23 23:42:43,431] INFO: loading vocabulary recursively from /Users/neo1/PycharmProjects/vec4irltr/model/ir/20210121231330551/model_word2vec_bibl_content.vocabulary.* with mmap=None
[2021-01-23 23:42:43,431] INFO: loading vocabulary recursively from /Users/neo1/PycharmProjects/vec4irltr/model/ir/20210121231330551/model_word2vec_bibl_content.vocabulary.* with mmap=None
[2021-01-23 23:42:43,431] INFO: loading trainables recursively from /Users/neo1/PycharmProjects/vec4irltr/model/ir/20210121231330551/model_word2vec_bibl_content.trainables.* with mmap=None
[2021-01-23 23:42:43,431] INFO: loading trainables recursively from /Users/neo1/PycharmProjects/vec4irltr/model/ir/20210121231330551/model_word2vec_bibl_content.trainables.* with mmap=None
[2021-01-23 23:42:43,432] INFO: setting ignored attribute cum_table to None
[2021-01-23 23:42:43,432] INFO: setting ignored attribute cum_table to None
[2021-01-23 23:42:43,432] INFO: loaded /Users/neo1/PycharmProjects/vec4irltr/model/ir/20210121231330551/model_word2vec_bibl_content
[2021-01-23 23:42:43,432] INFO: loaded /Users/neo1/PycharmProjects/vec4irltr/model/ir/20210121231330551/model_word2vec_bibl_content
[2021-01-23 23:42:43,435] INFO: load time:0.020914077758789062
[2021-01-23 23:42:43,435] INFO: load time:0.020914077758789062
[2021-01-23 23:42:44,437] INFO: pid:59642 done | load time: 1.0232629776000977
[2021-01-23 23:42:44,437] INFO: pid:59642 done | load time: 1.0232629776000977
[2021-01-23 23:42:44,437] INFO: loading model_word2vec_bibl_econtent
[2021-01-23 23:42:44,437] INFO: loading model_word2vec_bibl_econtent
[2021-01-23 23:42:44,438] INFO: loading Word2Vec object from /Users/neo1/PycharmProjects/vec4irltr/model/ir/20210121231330551/model_word2vec_bibl_econtent
[2021-01-23 23:42:44,438] INFO: loading Word2Vec object from /Users/neo1/PycharmProjects/vec4irltr/model/ir/20210121231330551/model_word2vec_bibl_econtent
[2021-01-23 23:42:44,443] INFO: loading wv recursively from /Users/neo1/PycharmProjects/vec4irltr/model/ir/20210121231330551/model_word2vec_bibl_econtent.wv.* with mmap=None
[2021-01-23 23:42:44,443] INFO: loading wv recursively from /Users/neo1/PycharmProjects/vec4irltr/model/ir/20210121231330551/model_word2vec_bibl_econtent.wv.* with mmap=None
[2021-01-23 23:42:44,443] INFO: setting ignored attribute vectors_norm to None
[2021-01-23 23:42:44,443] INFO: setting ignored attribute vectors_norm to None
[2021-01-23 23:42:44,443] INFO: loading vocabulary recursively from /Users/neo1/PycharmProjects/vec4irltr/model/ir/20210121231330551/model_word2vec_bibl_econtent.vocabulary.* with mmap=None
[2021-01-23 23:42:44,443] INFO: loading vocabulary recursively from /Users/neo1/PycharmProjects/vec4irltr/model/ir/20210121231330551/model_word2vec_bibl_econtent.vocabulary.* with mmap=None
[2021-01-23 23:42:44,444] INFO: loading trainables recursively from /Users/neo1/PycharmProjects/vec4irltr/model/ir/20210121231330551/model_word2vec_bibl_econtent.trainables.* with mmap=None
[2021-01-23 23:42:44,444] INFO: loading trainables recursively from /Users/neo1/PycharmProjects/vec4irltr/model/ir/20210121231330551/model_word2vec_bibl_econtent.trainables.* with mmap=None
[2021-01-23 23:42:44,444] INFO: setting ignored attribute cum_table to None
[2021-01-23 23:42:44,444] INFO: setting ignored attribute cum_table to None
[2021-01-23 23:42:44,445] INFO: loaded /Users/neo1/PycharmProjects/vec4irltr/model/ir/20210121231330551/model_word2vec_bibl_econtent
[2021-01-23 23:42:44,445] INFO: loaded /Users/neo1/PycharmProjects/vec4irltr/model/ir/20210121231330551/model_word2vec_bibl_econtent
[2021-01-23 23:42:44,445] INFO: load time:0.007447957992553711
[2021-01-23 23:42:44,445] INFO: load time:0.007447957992553711
[2021-01-23 23:42:45,450] INFO: pid:59642 done | load time: 1.012397050857544
[2021-01-23 23:42:45,450] INFO: pid:59642 done | load time: 1.012397050857544
