[2021-02-01 22:54:38,814] INFO: set_init_models_and_get_retrievals
[2021-02-01 22:54:38,814] INFO: set_init_models_and_get_retrievals
[2021-02-01 22:54:38,818] INFO: loading model_word2vec_bibl_bible_bcn
[2021-02-01 22:54:38,818] INFO: loading model_word2vec_bibl_bible_bcn
[2021-02-01 22:54:38,818] INFO: loading Word2Vec object from /Users/neo1/PycharmProjects/vec4irltr/model/ir/20210127210618894/model_word2vec_bibl_bible_bcn
[2021-02-01 22:54:38,818] INFO: loading Word2Vec object from /Users/neo1/PycharmProjects/vec4irltr/model/ir/20210127210618894/model_word2vec_bibl_bible_bcn
[2021-02-01 22:54:38,826] INFO: loading wv recursively from /Users/neo1/PycharmProjects/vec4irltr/model/ir/20210127210618894/model_word2vec_bibl_bible_bcn.wv.* with mmap=None
[2021-02-01 22:54:38,826] INFO: loading wv recursively from /Users/neo1/PycharmProjects/vec4irltr/model/ir/20210127210618894/model_word2vec_bibl_bible_bcn.wv.* with mmap=None
[2021-02-01 22:54:38,826] INFO: setting ignored attribute vectors_norm to None
[2021-02-01 22:54:38,826] INFO: setting ignored attribute vectors_norm to None
[2021-02-01 22:54:38,826] INFO: loading vocabulary recursively from /Users/neo1/PycharmProjects/vec4irltr/model/ir/20210127210618894/model_word2vec_bibl_bible_bcn.vocabulary.* with mmap=None
[2021-02-01 22:54:38,826] INFO: loading vocabulary recursively from /Users/neo1/PycharmProjects/vec4irltr/model/ir/20210127210618894/model_word2vec_bibl_bible_bcn.vocabulary.* with mmap=None
[2021-02-01 22:54:38,827] INFO: loading trainables recursively from /Users/neo1/PycharmProjects/vec4irltr/model/ir/20210127210618894/model_word2vec_bibl_bible_bcn.trainables.* with mmap=None
[2021-02-01 22:54:38,827] INFO: loading trainables recursively from /Users/neo1/PycharmProjects/vec4irltr/model/ir/20210127210618894/model_word2vec_bibl_bible_bcn.trainables.* with mmap=None
[2021-02-01 22:54:38,827] INFO: setting ignored attribute cum_table to None
[2021-02-01 22:54:38,827] INFO: setting ignored attribute cum_table to None
[2021-02-01 22:54:38,827] INFO: loaded /Users/neo1/PycharmProjects/vec4irltr/model/ir/20210127210618894/model_word2vec_bibl_bible_bcn
[2021-02-01 22:54:38,827] INFO: loaded /Users/neo1/PycharmProjects/vec4irltr/model/ir/20210127210618894/model_word2vec_bibl_bible_bcn
[2021-02-01 22:54:38,828] INFO: load time:0.009891033172607422
[2021-02-01 22:54:38,828] INFO: load time:0.009891033172607422
[2021-02-01 22:54:39,832] INFO: pid:50641 done | load time: 1.0143110752105713
[2021-02-01 22:54:39,832] INFO: pid:50641 done | load time: 1.0143110752105713
[2021-02-01 22:54:39,833] INFO: loading model_word2vec_bibl_content
[2021-02-01 22:54:39,833] INFO: loading model_word2vec_bibl_content
[2021-02-01 22:54:39,833] INFO: loading Word2Vec object from /Users/neo1/PycharmProjects/vec4irltr/model/ir/20210127210618894/model_word2vec_bibl_content
[2021-02-01 22:54:39,833] INFO: loading Word2Vec object from /Users/neo1/PycharmProjects/vec4irltr/model/ir/20210127210618894/model_word2vec_bibl_content
[2021-02-01 22:54:39,850] INFO: loading wv recursively from /Users/neo1/PycharmProjects/vec4irltr/model/ir/20210127210618894/model_word2vec_bibl_content.wv.* with mmap=None
[2021-02-01 22:54:39,850] INFO: loading wv recursively from /Users/neo1/PycharmProjects/vec4irltr/model/ir/20210127210618894/model_word2vec_bibl_content.wv.* with mmap=None
[2021-02-01 22:54:39,850] INFO: setting ignored attribute vectors_norm to None
[2021-02-01 22:54:39,850] INFO: setting ignored attribute vectors_norm to None
[2021-02-01 22:54:39,851] INFO: loading vocabulary recursively from /Users/neo1/PycharmProjects/vec4irltr/model/ir/20210127210618894/model_word2vec_bibl_content.vocabulary.* with mmap=None
[2021-02-01 22:54:39,851] INFO: loading vocabulary recursively from /Users/neo1/PycharmProjects/vec4irltr/model/ir/20210127210618894/model_word2vec_bibl_content.vocabulary.* with mmap=None
[2021-02-01 22:54:39,851] INFO: loading trainables recursively from /Users/neo1/PycharmProjects/vec4irltr/model/ir/20210127210618894/model_word2vec_bibl_content.trainables.* with mmap=None
[2021-02-01 22:54:39,851] INFO: loading trainables recursively from /Users/neo1/PycharmProjects/vec4irltr/model/ir/20210127210618894/model_word2vec_bibl_content.trainables.* with mmap=None
[2021-02-01 22:54:39,851] INFO: setting ignored attribute cum_table to None
[2021-02-01 22:54:39,851] INFO: setting ignored attribute cum_table to None
[2021-02-01 22:54:39,852] INFO: loaded /Users/neo1/PycharmProjects/vec4irltr/model/ir/20210127210618894/model_word2vec_bibl_content
[2021-02-01 22:54:39,852] INFO: loaded /Users/neo1/PycharmProjects/vec4irltr/model/ir/20210127210618894/model_word2vec_bibl_content
[2021-02-01 22:54:39,853] INFO: load time:0.0202329158782959
[2021-02-01 22:54:39,853] INFO: load time:0.0202329158782959
[2021-02-01 22:54:40,854] INFO: pid:50641 done | load time: 1.0205259323120117
[2021-02-01 22:54:40,854] INFO: pid:50641 done | load time: 1.0205259323120117
[2021-02-01 22:54:40,854] INFO: loading model_word2vec_bibl_econtent
[2021-02-01 22:54:40,854] INFO: loading model_word2vec_bibl_econtent
[2021-02-01 22:54:40,855] INFO: loading Word2Vec object from /Users/neo1/PycharmProjects/vec4irltr/model/ir/20210127210618894/model_word2vec_bibl_econtent
[2021-02-01 22:54:40,855] INFO: loading Word2Vec object from /Users/neo1/PycharmProjects/vec4irltr/model/ir/20210127210618894/model_word2vec_bibl_econtent
[2021-02-01 22:54:40,860] INFO: loading wv recursively from /Users/neo1/PycharmProjects/vec4irltr/model/ir/20210127210618894/model_word2vec_bibl_econtent.wv.* with mmap=None
[2021-02-01 22:54:40,860] INFO: loading wv recursively from /Users/neo1/PycharmProjects/vec4irltr/model/ir/20210127210618894/model_word2vec_bibl_econtent.wv.* with mmap=None
[2021-02-01 22:54:40,860] INFO: setting ignored attribute vectors_norm to None
[2021-02-01 22:54:40,860] INFO: setting ignored attribute vectors_norm to None
[2021-02-01 22:54:40,861] INFO: loading vocabulary recursively from /Users/neo1/PycharmProjects/vec4irltr/model/ir/20210127210618894/model_word2vec_bibl_econtent.vocabulary.* with mmap=None
[2021-02-01 22:54:40,861] INFO: loading vocabulary recursively from /Users/neo1/PycharmProjects/vec4irltr/model/ir/20210127210618894/model_word2vec_bibl_econtent.vocabulary.* with mmap=None
[2021-02-01 22:54:40,861] INFO: loading trainables recursively from /Users/neo1/PycharmProjects/vec4irltr/model/ir/20210127210618894/model_word2vec_bibl_econtent.trainables.* with mmap=None
[2021-02-01 22:54:40,861] INFO: loading trainables recursively from /Users/neo1/PycharmProjects/vec4irltr/model/ir/20210127210618894/model_word2vec_bibl_econtent.trainables.* with mmap=None
[2021-02-01 22:54:40,861] INFO: setting ignored attribute cum_table to None
[2021-02-01 22:54:40,861] INFO: setting ignored attribute cum_table to None
[2021-02-01 22:54:40,862] INFO: loaded /Users/neo1/PycharmProjects/vec4irltr/model/ir/20210127210618894/model_word2vec_bibl_econtent
[2021-02-01 22:54:40,862] INFO: loaded /Users/neo1/PycharmProjects/vec4irltr/model/ir/20210127210618894/model_word2vec_bibl_econtent
[2021-02-01 22:54:40,862] INFO: load time:0.007496356964111328
[2021-02-01 22:54:40,862] INFO: load time:0.007496356964111328
[2021-02-01 22:54:41,862] INFO: pid:50641 done | load time: 1.0079431533813477
[2021-02-01 22:54:41,862] INFO: pid:50641 done | load time: 1.0079431533813477
