[2021-01-23 15:13:01,334] INFO: set_init_models_and_get_retrievals
[2021-01-23 15:13:01,334] INFO: set_init_models_and_get_retrievals
[2021-01-23 15:13:01,339] INFO: loading model_word2vec_bibl_bible_bcn
[2021-01-23 15:13:01,339] INFO: loading model_word2vec_bibl_bible_bcn
[2021-01-23 15:13:01,340] INFO: loading Word2Vec object from /Users/neo1/PycharmProjects/vec4irltr/model/ir/20210121231330551/model_word2vec_bibl_bible_bcn
[2021-01-23 15:13:01,340] INFO: loading Word2Vec object from /Users/neo1/PycharmProjects/vec4irltr/model/ir/20210121231330551/model_word2vec_bibl_bible_bcn
[2021-01-23 15:13:01,343] INFO: loading wv recursively from /Users/neo1/PycharmProjects/vec4irltr/model/ir/20210121231330551/model_word2vec_bibl_bible_bcn.wv.* with mmap=None
[2021-01-23 15:13:01,343] INFO: loading wv recursively from /Users/neo1/PycharmProjects/vec4irltr/model/ir/20210121231330551/model_word2vec_bibl_bible_bcn.wv.* with mmap=None
[2021-01-23 15:13:01,344] INFO: setting ignored attribute vectors_norm to None
[2021-01-23 15:13:01,344] INFO: setting ignored attribute vectors_norm to None
[2021-01-23 15:13:01,344] INFO: loading vocabulary recursively from /Users/neo1/PycharmProjects/vec4irltr/model/ir/20210121231330551/model_word2vec_bibl_bible_bcn.vocabulary.* with mmap=None
[2021-01-23 15:13:01,344] INFO: loading vocabulary recursively from /Users/neo1/PycharmProjects/vec4irltr/model/ir/20210121231330551/model_word2vec_bibl_bible_bcn.vocabulary.* with mmap=None
[2021-01-23 15:13:01,345] INFO: loading trainables recursively from /Users/neo1/PycharmProjects/vec4irltr/model/ir/20210121231330551/model_word2vec_bibl_bible_bcn.trainables.* with mmap=None
[2021-01-23 15:13:01,345] INFO: loading trainables recursively from /Users/neo1/PycharmProjects/vec4irltr/model/ir/20210121231330551/model_word2vec_bibl_bible_bcn.trainables.* with mmap=None
[2021-01-23 15:13:01,345] INFO: setting ignored attribute cum_table to None
[2021-01-23 15:13:01,345] INFO: setting ignored attribute cum_table to None
[2021-01-23 15:13:01,346] INFO: loaded /Users/neo1/PycharmProjects/vec4irltr/model/ir/20210121231330551/model_word2vec_bibl_bible_bcn
[2021-01-23 15:13:01,346] INFO: loaded /Users/neo1/PycharmProjects/vec4irltr/model/ir/20210121231330551/model_word2vec_bibl_bible_bcn
[2021-01-23 15:13:01,347] INFO: load time:0.007162809371948242
[2021-01-23 15:13:01,347] INFO: load time:0.007162809371948242
[2021-01-23 15:13:02,353] INFO: pid:23497 done | load time: 1.012768030166626
[2021-01-23 15:13:02,353] INFO: pid:23497 done | load time: 1.012768030166626
[2021-01-23 15:13:02,354] INFO: loading model_word2vec_bibl_content
[2021-01-23 15:13:02,354] INFO: loading model_word2vec_bibl_content
[2021-01-23 15:13:02,354] INFO: loading Word2Vec object from /Users/neo1/PycharmProjects/vec4irltr/model/ir/20210121231330551/model_word2vec_bibl_content
[2021-01-23 15:13:02,354] INFO: loading Word2Vec object from /Users/neo1/PycharmProjects/vec4irltr/model/ir/20210121231330551/model_word2vec_bibl_content
[2021-01-23 15:13:02,365] INFO: loading wv recursively from /Users/neo1/PycharmProjects/vec4irltr/model/ir/20210121231330551/model_word2vec_bibl_content.wv.* with mmap=None
[2021-01-23 15:13:02,365] INFO: loading wv recursively from /Users/neo1/PycharmProjects/vec4irltr/model/ir/20210121231330551/model_word2vec_bibl_content.wv.* with mmap=None
[2021-01-23 15:13:02,365] INFO: setting ignored attribute vectors_norm to None
[2021-01-23 15:13:02,365] INFO: setting ignored attribute vectors_norm to None
[2021-01-23 15:13:02,366] INFO: loading vocabulary recursively from /Users/neo1/PycharmProjects/vec4irltr/model/ir/20210121231330551/model_word2vec_bibl_content.vocabulary.* with mmap=None
[2021-01-23 15:13:02,366] INFO: loading vocabulary recursively from /Users/neo1/PycharmProjects/vec4irltr/model/ir/20210121231330551/model_word2vec_bibl_content.vocabulary.* with mmap=None
[2021-01-23 15:13:02,367] INFO: loading trainables recursively from /Users/neo1/PycharmProjects/vec4irltr/model/ir/20210121231330551/model_word2vec_bibl_content.trainables.* with mmap=None
[2021-01-23 15:13:02,367] INFO: loading trainables recursively from /Users/neo1/PycharmProjects/vec4irltr/model/ir/20210121231330551/model_word2vec_bibl_content.trainables.* with mmap=None
[2021-01-23 15:13:02,367] INFO: setting ignored attribute cum_table to None
[2021-01-23 15:13:02,367] INFO: setting ignored attribute cum_table to None
[2021-01-23 15:13:02,368] INFO: loaded /Users/neo1/PycharmProjects/vec4irltr/model/ir/20210121231330551/model_word2vec_bibl_content
[2021-01-23 15:13:02,368] INFO: loaded /Users/neo1/PycharmProjects/vec4irltr/model/ir/20210121231330551/model_word2vec_bibl_content
[2021-01-23 15:13:02,371] INFO: load time:0.01717996597290039
[2021-01-23 15:13:02,371] INFO: load time:0.01717996597290039
[2021-01-23 15:13:03,373] INFO: pid:23497 done | load time: 1.0190629959106445
[2021-01-23 15:13:03,373] INFO: pid:23497 done | load time: 1.0190629959106445
[2021-01-23 15:13:03,374] INFO: loading model_word2vec_bibl_econtent
[2021-01-23 15:13:03,374] INFO: loading model_word2vec_bibl_econtent
[2021-01-23 15:13:03,375] INFO: loading Word2Vec object from /Users/neo1/PycharmProjects/vec4irltr/model/ir/20210121231330551/model_word2vec_bibl_econtent
[2021-01-23 15:13:03,375] INFO: loading Word2Vec object from /Users/neo1/PycharmProjects/vec4irltr/model/ir/20210121231330551/model_word2vec_bibl_econtent
[2021-01-23 15:13:03,376] INFO: loading wv recursively from /Users/neo1/PycharmProjects/vec4irltr/model/ir/20210121231330551/model_word2vec_bibl_econtent.wv.* with mmap=None
[2021-01-23 15:13:03,376] INFO: loading wv recursively from /Users/neo1/PycharmProjects/vec4irltr/model/ir/20210121231330551/model_word2vec_bibl_econtent.wv.* with mmap=None
[2021-01-23 15:13:03,377] INFO: setting ignored attribute vectors_norm to None
[2021-01-23 15:13:03,377] INFO: setting ignored attribute vectors_norm to None
[2021-01-23 15:13:03,378] INFO: loading vocabulary recursively from /Users/neo1/PycharmProjects/vec4irltr/model/ir/20210121231330551/model_word2vec_bibl_econtent.vocabulary.* with mmap=None
[2021-01-23 15:13:03,378] INFO: loading vocabulary recursively from /Users/neo1/PycharmProjects/vec4irltr/model/ir/20210121231330551/model_word2vec_bibl_econtent.vocabulary.* with mmap=None
[2021-01-23 15:13:03,378] INFO: loading trainables recursively from /Users/neo1/PycharmProjects/vec4irltr/model/ir/20210121231330551/model_word2vec_bibl_econtent.trainables.* with mmap=None
[2021-01-23 15:13:03,378] INFO: loading trainables recursively from /Users/neo1/PycharmProjects/vec4irltr/model/ir/20210121231330551/model_word2vec_bibl_econtent.trainables.* with mmap=None
[2021-01-23 15:13:03,379] INFO: setting ignored attribute cum_table to None
[2021-01-23 15:13:03,379] INFO: setting ignored attribute cum_table to None
[2021-01-23 15:13:03,379] INFO: loaded /Users/neo1/PycharmProjects/vec4irltr/model/ir/20210121231330551/model_word2vec_bibl_econtent
[2021-01-23 15:13:03,379] INFO: loaded /Users/neo1/PycharmProjects/vec4irltr/model/ir/20210121231330551/model_word2vec_bibl_econtent
[2021-01-23 15:13:03,380] INFO: load time:0.005717039108276367
[2021-01-23 15:13:03,380] INFO: load time:0.005717039108276367
[2021-01-23 15:13:04,383] INFO: pid:23497 done | load time: 1.0087370872497559
[2021-01-23 15:13:04,383] INFO: pid:23497 done | load time: 1.0087370872497559
