[2021-01-23 13:50:27,587] INFO: set_init_models_and_get_retrievals
[2021-01-23 13:50:27,587] INFO: set_init_models_and_get_retrievals
[2021-01-23 13:50:27,595] INFO: loading model_word2vec_bibl_bible_bcn
[2021-01-23 13:50:27,595] INFO: loading model_word2vec_bibl_bible_bcn
[2021-01-23 13:50:27,596] INFO: loading Word2Vec object from /Users/neo1/PycharmProjects/vec4irltr/model/ir/20210121231330551/model_word2vec_bibl_bible_bcn
[2021-01-23 13:50:27,596] INFO: loading Word2Vec object from /Users/neo1/PycharmProjects/vec4irltr/model/ir/20210121231330551/model_word2vec_bibl_bible_bcn
[2021-01-23 13:50:27,603] INFO: loading wv recursively from /Users/neo1/PycharmProjects/vec4irltr/model/ir/20210121231330551/model_word2vec_bibl_bible_bcn.wv.* with mmap=None
[2021-01-23 13:50:27,603] INFO: loading wv recursively from /Users/neo1/PycharmProjects/vec4irltr/model/ir/20210121231330551/model_word2vec_bibl_bible_bcn.wv.* with mmap=None
[2021-01-23 13:50:27,604] INFO: setting ignored attribute vectors_norm to None
[2021-01-23 13:50:27,604] INFO: setting ignored attribute vectors_norm to None
[2021-01-23 13:50:27,605] INFO: loading vocabulary recursively from /Users/neo1/PycharmProjects/vec4irltr/model/ir/20210121231330551/model_word2vec_bibl_bible_bcn.vocabulary.* with mmap=None
[2021-01-23 13:50:27,605] INFO: loading vocabulary recursively from /Users/neo1/PycharmProjects/vec4irltr/model/ir/20210121231330551/model_word2vec_bibl_bible_bcn.vocabulary.* with mmap=None
[2021-01-23 13:50:27,606] INFO: loading trainables recursively from /Users/neo1/PycharmProjects/vec4irltr/model/ir/20210121231330551/model_word2vec_bibl_bible_bcn.trainables.* with mmap=None
[2021-01-23 13:50:27,606] INFO: loading trainables recursively from /Users/neo1/PycharmProjects/vec4irltr/model/ir/20210121231330551/model_word2vec_bibl_bible_bcn.trainables.* with mmap=None
[2021-01-23 13:50:27,606] INFO: setting ignored attribute cum_table to None
[2021-01-23 13:50:27,606] INFO: setting ignored attribute cum_table to None
[2021-01-23 13:50:27,607] INFO: loaded /Users/neo1/PycharmProjects/vec4irltr/model/ir/20210121231330551/model_word2vec_bibl_bible_bcn
[2021-01-23 13:50:27,607] INFO: loaded /Users/neo1/PycharmProjects/vec4irltr/model/ir/20210121231330551/model_word2vec_bibl_bible_bcn
[2021-01-23 13:50:27,608] INFO: load time:0.01230621337890625
[2021-01-23 13:50:27,608] INFO: load time:0.01230621337890625
[2021-01-23 13:50:28,610] INFO: pid:17600 done | load time: 1.0142021179199219
[2021-01-23 13:50:28,610] INFO: pid:17600 done | load time: 1.0142021179199219
[2021-01-23 13:50:28,611] INFO: loading model_word2vec_bibl_content
[2021-01-23 13:50:28,611] INFO: loading model_word2vec_bibl_content
[2021-01-23 13:50:28,611] INFO: loading Word2Vec object from /Users/neo1/PycharmProjects/vec4irltr/model/ir/20210121231330551/model_word2vec_bibl_content
[2021-01-23 13:50:28,611] INFO: loading Word2Vec object from /Users/neo1/PycharmProjects/vec4irltr/model/ir/20210121231330551/model_word2vec_bibl_content
[2021-01-23 13:50:28,630] INFO: loading wv recursively from /Users/neo1/PycharmProjects/vec4irltr/model/ir/20210121231330551/model_word2vec_bibl_content.wv.* with mmap=None
[2021-01-23 13:50:28,630] INFO: loading wv recursively from /Users/neo1/PycharmProjects/vec4irltr/model/ir/20210121231330551/model_word2vec_bibl_content.wv.* with mmap=None
[2021-01-23 13:50:28,631] INFO: setting ignored attribute vectors_norm to None
[2021-01-23 13:50:28,631] INFO: setting ignored attribute vectors_norm to None
[2021-01-23 13:50:28,632] INFO: loading vocabulary recursively from /Users/neo1/PycharmProjects/vec4irltr/model/ir/20210121231330551/model_word2vec_bibl_content.vocabulary.* with mmap=None
[2021-01-23 13:50:28,632] INFO: loading vocabulary recursively from /Users/neo1/PycharmProjects/vec4irltr/model/ir/20210121231330551/model_word2vec_bibl_content.vocabulary.* with mmap=None
[2021-01-23 13:50:28,633] INFO: loading trainables recursively from /Users/neo1/PycharmProjects/vec4irltr/model/ir/20210121231330551/model_word2vec_bibl_content.trainables.* with mmap=None
[2021-01-23 13:50:28,633] INFO: loading trainables recursively from /Users/neo1/PycharmProjects/vec4irltr/model/ir/20210121231330551/model_word2vec_bibl_content.trainables.* with mmap=None
[2021-01-23 13:50:28,634] INFO: setting ignored attribute cum_table to None
[2021-01-23 13:50:28,634] INFO: setting ignored attribute cum_table to None
[2021-01-23 13:50:28,634] INFO: loaded /Users/neo1/PycharmProjects/vec4irltr/model/ir/20210121231330551/model_word2vec_bibl_content
[2021-01-23 13:50:28,634] INFO: loaded /Users/neo1/PycharmProjects/vec4irltr/model/ir/20210121231330551/model_word2vec_bibl_content
[2021-01-23 13:50:28,638] INFO: load time:0.026521921157836914
[2021-01-23 13:50:28,638] INFO: load time:0.026521921157836914
[2021-01-23 13:50:29,643] INFO: pid:17600 done | load time: 1.031203031539917
[2021-01-23 13:50:29,643] INFO: pid:17600 done | load time: 1.031203031539917
[2021-01-23 13:50:29,644] INFO: loading model_word2vec_bibl_econtent
[2021-01-23 13:50:29,644] INFO: loading model_word2vec_bibl_econtent
[2021-01-23 13:50:29,644] INFO: loading Word2Vec object from /Users/neo1/PycharmProjects/vec4irltr/model/ir/20210121231330551/model_word2vec_bibl_econtent
[2021-01-23 13:50:29,644] INFO: loading Word2Vec object from /Users/neo1/PycharmProjects/vec4irltr/model/ir/20210121231330551/model_word2vec_bibl_econtent
[2021-01-23 13:50:29,650] INFO: loading wv recursively from /Users/neo1/PycharmProjects/vec4irltr/model/ir/20210121231330551/model_word2vec_bibl_econtent.wv.* with mmap=None
[2021-01-23 13:50:29,650] INFO: loading wv recursively from /Users/neo1/PycharmProjects/vec4irltr/model/ir/20210121231330551/model_word2vec_bibl_econtent.wv.* with mmap=None
[2021-01-23 13:50:29,650] INFO: setting ignored attribute vectors_norm to None
[2021-01-23 13:50:29,650] INFO: setting ignored attribute vectors_norm to None
[2021-01-23 13:50:29,651] INFO: loading vocabulary recursively from /Users/neo1/PycharmProjects/vec4irltr/model/ir/20210121231330551/model_word2vec_bibl_econtent.vocabulary.* with mmap=None
[2021-01-23 13:50:29,651] INFO: loading vocabulary recursively from /Users/neo1/PycharmProjects/vec4irltr/model/ir/20210121231330551/model_word2vec_bibl_econtent.vocabulary.* with mmap=None
[2021-01-23 13:50:29,652] INFO: loading trainables recursively from /Users/neo1/PycharmProjects/vec4irltr/model/ir/20210121231330551/model_word2vec_bibl_econtent.trainables.* with mmap=None
[2021-01-23 13:50:29,652] INFO: loading trainables recursively from /Users/neo1/PycharmProjects/vec4irltr/model/ir/20210121231330551/model_word2vec_bibl_econtent.trainables.* with mmap=None
[2021-01-23 13:50:29,653] INFO: setting ignored attribute cum_table to None
[2021-01-23 13:50:29,653] INFO: setting ignored attribute cum_table to None
[2021-01-23 13:50:29,654] INFO: loaded /Users/neo1/PycharmProjects/vec4irltr/model/ir/20210121231330551/model_word2vec_bibl_econtent
[2021-01-23 13:50:29,654] INFO: loaded /Users/neo1/PycharmProjects/vec4irltr/model/ir/20210121231330551/model_word2vec_bibl_econtent
[2021-01-23 13:50:29,655] INFO: load time:0.010766267776489258
[2021-01-23 13:50:29,655] INFO: load time:0.010766267776489258
[2021-01-23 13:50:30,658] INFO: pid:17600 done | load time: 1.0135180950164795
[2021-01-23 13:50:30,658] INFO: pid:17600 done | load time: 1.0135180950164795
