[2021-01-23 21:37:37,187] INFO: set_init_models_and_get_retrievals
[2021-01-23 21:37:37,187] INFO: set_init_models_and_get_retrievals
[2021-01-23 21:37:37,190] INFO: loading model_word2vec_bibl_bible_bcn
[2021-01-23 21:37:37,190] INFO: loading model_word2vec_bibl_bible_bcn
[2021-01-23 21:37:37,191] INFO: loading Word2Vec object from /Users/neo1/PycharmProjects/vec4irltr/model/ir/20210121231330551/model_word2vec_bibl_bible_bcn
[2021-01-23 21:37:37,191] INFO: loading Word2Vec object from /Users/neo1/PycharmProjects/vec4irltr/model/ir/20210121231330551/model_word2vec_bibl_bible_bcn
[2021-01-23 21:37:37,193] INFO: loading wv recursively from /Users/neo1/PycharmProjects/vec4irltr/model/ir/20210121231330551/model_word2vec_bibl_bible_bcn.wv.* with mmap=None
[2021-01-23 21:37:37,193] INFO: loading wv recursively from /Users/neo1/PycharmProjects/vec4irltr/model/ir/20210121231330551/model_word2vec_bibl_bible_bcn.wv.* with mmap=None
[2021-01-23 21:37:37,193] INFO: setting ignored attribute vectors_norm to None
[2021-01-23 21:37:37,193] INFO: setting ignored attribute vectors_norm to None
[2021-01-23 21:37:37,193] INFO: loading vocabulary recursively from /Users/neo1/PycharmProjects/vec4irltr/model/ir/20210121231330551/model_word2vec_bibl_bible_bcn.vocabulary.* with mmap=None
[2021-01-23 21:37:37,193] INFO: loading vocabulary recursively from /Users/neo1/PycharmProjects/vec4irltr/model/ir/20210121231330551/model_word2vec_bibl_bible_bcn.vocabulary.* with mmap=None
[2021-01-23 21:37:37,194] INFO: loading trainables recursively from /Users/neo1/PycharmProjects/vec4irltr/model/ir/20210121231330551/model_word2vec_bibl_bible_bcn.trainables.* with mmap=None
[2021-01-23 21:37:37,194] INFO: loading trainables recursively from /Users/neo1/PycharmProjects/vec4irltr/model/ir/20210121231330551/model_word2vec_bibl_bible_bcn.trainables.* with mmap=None
[2021-01-23 21:37:37,194] INFO: setting ignored attribute cum_table to None
[2021-01-23 21:37:37,194] INFO: setting ignored attribute cum_table to None
[2021-01-23 21:37:37,194] INFO: loaded /Users/neo1/PycharmProjects/vec4irltr/model/ir/20210121231330551/model_word2vec_bibl_bible_bcn
[2021-01-23 21:37:37,194] INFO: loaded /Users/neo1/PycharmProjects/vec4irltr/model/ir/20210121231330551/model_word2vec_bibl_bible_bcn
[2021-01-23 21:37:37,195] INFO: load time:0.004487752914428711
[2021-01-23 21:37:37,195] INFO: load time:0.004487752914428711
[2021-01-23 21:37:38,199] INFO: pid:50721 done | load time: 1.0087831020355225
[2021-01-23 21:37:38,199] INFO: pid:50721 done | load time: 1.0087831020355225
[2021-01-23 21:37:38,200] INFO: loading model_word2vec_bibl_content
[2021-01-23 21:37:38,200] INFO: loading model_word2vec_bibl_content
[2021-01-23 21:37:38,200] INFO: loading Word2Vec object from /Users/neo1/PycharmProjects/vec4irltr/model/ir/20210121231330551/model_word2vec_bibl_content
[2021-01-23 21:37:38,200] INFO: loading Word2Vec object from /Users/neo1/PycharmProjects/vec4irltr/model/ir/20210121231330551/model_word2vec_bibl_content
[2021-01-23 21:37:38,211] INFO: loading wv recursively from /Users/neo1/PycharmProjects/vec4irltr/model/ir/20210121231330551/model_word2vec_bibl_content.wv.* with mmap=None
[2021-01-23 21:37:38,211] INFO: loading wv recursively from /Users/neo1/PycharmProjects/vec4irltr/model/ir/20210121231330551/model_word2vec_bibl_content.wv.* with mmap=None
[2021-01-23 21:37:38,211] INFO: setting ignored attribute vectors_norm to None
[2021-01-23 21:37:38,211] INFO: setting ignored attribute vectors_norm to None
[2021-01-23 21:37:38,212] INFO: loading vocabulary recursively from /Users/neo1/PycharmProjects/vec4irltr/model/ir/20210121231330551/model_word2vec_bibl_content.vocabulary.* with mmap=None
[2021-01-23 21:37:38,212] INFO: loading vocabulary recursively from /Users/neo1/PycharmProjects/vec4irltr/model/ir/20210121231330551/model_word2vec_bibl_content.vocabulary.* with mmap=None
[2021-01-23 21:37:38,212] INFO: loading trainables recursively from /Users/neo1/PycharmProjects/vec4irltr/model/ir/20210121231330551/model_word2vec_bibl_content.trainables.* with mmap=None
[2021-01-23 21:37:38,212] INFO: loading trainables recursively from /Users/neo1/PycharmProjects/vec4irltr/model/ir/20210121231330551/model_word2vec_bibl_content.trainables.* with mmap=None
[2021-01-23 21:37:38,212] INFO: setting ignored attribute cum_table to None
[2021-01-23 21:37:38,212] INFO: setting ignored attribute cum_table to None
[2021-01-23 21:37:38,213] INFO: loaded /Users/neo1/PycharmProjects/vec4irltr/model/ir/20210121231330551/model_word2vec_bibl_content
[2021-01-23 21:37:38,213] INFO: loaded /Users/neo1/PycharmProjects/vec4irltr/model/ir/20210121231330551/model_word2vec_bibl_content
[2021-01-23 21:37:38,215] INFO: load time:0.01448202133178711
[2021-01-23 21:37:38,215] INFO: load time:0.01448202133178711
[2021-01-23 21:37:39,217] INFO: pid:50721 done | load time: 1.0170819759368896
[2021-01-23 21:37:39,217] INFO: pid:50721 done | load time: 1.0170819759368896
[2021-01-23 21:37:39,218] INFO: loading model_word2vec_bibl_econtent
[2021-01-23 21:37:39,218] INFO: loading model_word2vec_bibl_econtent
[2021-01-23 21:37:39,218] INFO: loading Word2Vec object from /Users/neo1/PycharmProjects/vec4irltr/model/ir/20210121231330551/model_word2vec_bibl_econtent
[2021-01-23 21:37:39,218] INFO: loading Word2Vec object from /Users/neo1/PycharmProjects/vec4irltr/model/ir/20210121231330551/model_word2vec_bibl_econtent
[2021-01-23 21:37:39,220] INFO: loading wv recursively from /Users/neo1/PycharmProjects/vec4irltr/model/ir/20210121231330551/model_word2vec_bibl_econtent.wv.* with mmap=None
[2021-01-23 21:37:39,220] INFO: loading wv recursively from /Users/neo1/PycharmProjects/vec4irltr/model/ir/20210121231330551/model_word2vec_bibl_econtent.wv.* with mmap=None
[2021-01-23 21:37:39,220] INFO: setting ignored attribute vectors_norm to None
[2021-01-23 21:37:39,220] INFO: setting ignored attribute vectors_norm to None
[2021-01-23 21:37:39,220] INFO: loading vocabulary recursively from /Users/neo1/PycharmProjects/vec4irltr/model/ir/20210121231330551/model_word2vec_bibl_econtent.vocabulary.* with mmap=None
[2021-01-23 21:37:39,220] INFO: loading vocabulary recursively from /Users/neo1/PycharmProjects/vec4irltr/model/ir/20210121231330551/model_word2vec_bibl_econtent.vocabulary.* with mmap=None
[2021-01-23 21:37:39,221] INFO: loading trainables recursively from /Users/neo1/PycharmProjects/vec4irltr/model/ir/20210121231330551/model_word2vec_bibl_econtent.trainables.* with mmap=None
[2021-01-23 21:37:39,221] INFO: loading trainables recursively from /Users/neo1/PycharmProjects/vec4irltr/model/ir/20210121231330551/model_word2vec_bibl_econtent.trainables.* with mmap=None
[2021-01-23 21:37:39,221] INFO: setting ignored attribute cum_table to None
[2021-01-23 21:37:39,221] INFO: setting ignored attribute cum_table to None
[2021-01-23 21:37:39,221] INFO: loaded /Users/neo1/PycharmProjects/vec4irltr/model/ir/20210121231330551/model_word2vec_bibl_econtent
[2021-01-23 21:37:39,221] INFO: loaded /Users/neo1/PycharmProjects/vec4irltr/model/ir/20210121231330551/model_word2vec_bibl_econtent
[2021-01-23 21:37:39,222] INFO: load time:0.003512144088745117
[2021-01-23 21:37:39,222] INFO: load time:0.003512144088745117
[2021-01-23 21:37:40,226] INFO: pid:50721 done | load time: 1.0075750350952148
[2021-01-23 21:37:40,226] INFO: pid:50721 done | load time: 1.0075750350952148
[2021-01-23 21:38:03,574] INFO: api/search?q=하나님
[2021-01-23 21:38:03,574] INFO: api/search?q=하나님
[2021-01-23 21:38:33,890] INFO: api/search?q=하나님
[2021-01-23 21:38:33,890] INFO: api/search?q=하나님
[2021-01-23 21:39:00,719] INFO: api/search?q=태초에 하나님께서 천지를 창조하시다
[2021-01-23 21:39:00,719] INFO: api/search?q=태초에 하나님께서 천지를 창조하시다
[2021-01-23 21:40:09,537] INFO: api/search?q=태초에 하나님께서 천지를 창조하시다
[2021-01-23 21:40:09,537] INFO: api/search?q=태초에 하나님께서 천지를 창조하시다
[2021-01-23 21:40:28,669] INFO: api/search?q=태초에 하나님께서 천지를 창조하시다
[2021-01-23 21:40:28,669] INFO: api/search?q=태초에 하나님께서 천지를 창조하시다
