[2021-01-23 18:07:34,682] INFO: set_init_models_and_get_retrievals
[2021-01-23 18:07:34,682] INFO: set_init_models_and_get_retrievals
[2021-01-23 18:07:34,688] INFO: loading model_word2vec_bibl_bible_bcn
[2021-01-23 18:07:34,688] INFO: loading model_word2vec_bibl_bible_bcn
[2021-01-23 18:07:34,689] INFO: loading Word2Vec object from /Users/neo1/PycharmProjects/vec4irltr/model/ir/20210121231330551/model_word2vec_bibl_bible_bcn
[2021-01-23 18:07:34,689] INFO: loading Word2Vec object from /Users/neo1/PycharmProjects/vec4irltr/model/ir/20210121231330551/model_word2vec_bibl_bible_bcn
[2021-01-23 18:07:34,692] INFO: loading wv recursively from /Users/neo1/PycharmProjects/vec4irltr/model/ir/20210121231330551/model_word2vec_bibl_bible_bcn.wv.* with mmap=None
[2021-01-23 18:07:34,692] INFO: loading wv recursively from /Users/neo1/PycharmProjects/vec4irltr/model/ir/20210121231330551/model_word2vec_bibl_bible_bcn.wv.* with mmap=None
[2021-01-23 18:07:34,693] INFO: setting ignored attribute vectors_norm to None
[2021-01-23 18:07:34,693] INFO: setting ignored attribute vectors_norm to None
[2021-01-23 18:07:34,694] INFO: loading vocabulary recursively from /Users/neo1/PycharmProjects/vec4irltr/model/ir/20210121231330551/model_word2vec_bibl_bible_bcn.vocabulary.* with mmap=None
[2021-01-23 18:07:34,694] INFO: loading vocabulary recursively from /Users/neo1/PycharmProjects/vec4irltr/model/ir/20210121231330551/model_word2vec_bibl_bible_bcn.vocabulary.* with mmap=None
[2021-01-23 18:07:34,695] INFO: loading trainables recursively from /Users/neo1/PycharmProjects/vec4irltr/model/ir/20210121231330551/model_word2vec_bibl_bible_bcn.trainables.* with mmap=None
[2021-01-23 18:07:34,695] INFO: loading trainables recursively from /Users/neo1/PycharmProjects/vec4irltr/model/ir/20210121231330551/model_word2vec_bibl_bible_bcn.trainables.* with mmap=None
[2021-01-23 18:07:34,695] INFO: setting ignored attribute cum_table to None
[2021-01-23 18:07:34,695] INFO: setting ignored attribute cum_table to None
[2021-01-23 18:07:34,696] INFO: loaded /Users/neo1/PycharmProjects/vec4irltr/model/ir/20210121231330551/model_word2vec_bibl_bible_bcn
[2021-01-23 18:07:34,696] INFO: loaded /Users/neo1/PycharmProjects/vec4irltr/model/ir/20210121231330551/model_word2vec_bibl_bible_bcn
[2021-01-23 18:07:34,697] INFO: load time:0.00713801383972168
[2021-01-23 18:07:34,697] INFO: load time:0.00713801383972168
[2021-01-23 18:07:35,698] INFO: pid:35586 done | load time: 1.0089061260223389
[2021-01-23 18:07:35,698] INFO: pid:35586 done | load time: 1.0089061260223389
[2021-01-23 18:07:35,699] INFO: loading model_word2vec_bibl_content
[2021-01-23 18:07:35,699] INFO: loading model_word2vec_bibl_content
[2021-01-23 18:07:35,700] INFO: loading Word2Vec object from /Users/neo1/PycharmProjects/vec4irltr/model/ir/20210121231330551/model_word2vec_bibl_content
[2021-01-23 18:07:35,700] INFO: loading Word2Vec object from /Users/neo1/PycharmProjects/vec4irltr/model/ir/20210121231330551/model_word2vec_bibl_content
[2021-01-23 18:07:35,710] INFO: loading wv recursively from /Users/neo1/PycharmProjects/vec4irltr/model/ir/20210121231330551/model_word2vec_bibl_content.wv.* with mmap=None
[2021-01-23 18:07:35,710] INFO: loading wv recursively from /Users/neo1/PycharmProjects/vec4irltr/model/ir/20210121231330551/model_word2vec_bibl_content.wv.* with mmap=None
[2021-01-23 18:07:35,711] INFO: setting ignored attribute vectors_norm to None
[2021-01-23 18:07:35,711] INFO: setting ignored attribute vectors_norm to None
[2021-01-23 18:07:35,712] INFO: loading vocabulary recursively from /Users/neo1/PycharmProjects/vec4irltr/model/ir/20210121231330551/model_word2vec_bibl_content.vocabulary.* with mmap=None
[2021-01-23 18:07:35,712] INFO: loading vocabulary recursively from /Users/neo1/PycharmProjects/vec4irltr/model/ir/20210121231330551/model_word2vec_bibl_content.vocabulary.* with mmap=None
[2021-01-23 18:07:35,712] INFO: loading trainables recursively from /Users/neo1/PycharmProjects/vec4irltr/model/ir/20210121231330551/model_word2vec_bibl_content.trainables.* with mmap=None
[2021-01-23 18:07:35,712] INFO: loading trainables recursively from /Users/neo1/PycharmProjects/vec4irltr/model/ir/20210121231330551/model_word2vec_bibl_content.trainables.* with mmap=None
[2021-01-23 18:07:35,713] INFO: setting ignored attribute cum_table to None
[2021-01-23 18:07:35,713] INFO: setting ignored attribute cum_table to None
[2021-01-23 18:07:35,714] INFO: loaded /Users/neo1/PycharmProjects/vec4irltr/model/ir/20210121231330551/model_word2vec_bibl_content
[2021-01-23 18:07:35,714] INFO: loaded /Users/neo1/PycharmProjects/vec4irltr/model/ir/20210121231330551/model_word2vec_bibl_content
[2021-01-23 18:07:35,717] INFO: load time:0.01726698875427246
[2021-01-23 18:07:35,717] INFO: load time:0.01726698875427246
[2021-01-23 18:07:36,721] INFO: pid:35586 done | load time: 1.0211877822875977
[2021-01-23 18:07:36,721] INFO: pid:35586 done | load time: 1.0211877822875977
[2021-01-23 18:07:36,722] INFO: loading model_word2vec_bibl_econtent
[2021-01-23 18:07:36,722] INFO: loading model_word2vec_bibl_econtent
[2021-01-23 18:07:36,722] INFO: loading Word2Vec object from /Users/neo1/PycharmProjects/vec4irltr/model/ir/20210121231330551/model_word2vec_bibl_econtent
[2021-01-23 18:07:36,722] INFO: loading Word2Vec object from /Users/neo1/PycharmProjects/vec4irltr/model/ir/20210121231330551/model_word2vec_bibl_econtent
[2021-01-23 18:07:36,724] INFO: loading wv recursively from /Users/neo1/PycharmProjects/vec4irltr/model/ir/20210121231330551/model_word2vec_bibl_econtent.wv.* with mmap=None
[2021-01-23 18:07:36,724] INFO: loading wv recursively from /Users/neo1/PycharmProjects/vec4irltr/model/ir/20210121231330551/model_word2vec_bibl_econtent.wv.* with mmap=None
[2021-01-23 18:07:36,725] INFO: setting ignored attribute vectors_norm to None
[2021-01-23 18:07:36,725] INFO: setting ignored attribute vectors_norm to None
[2021-01-23 18:07:36,725] INFO: loading vocabulary recursively from /Users/neo1/PycharmProjects/vec4irltr/model/ir/20210121231330551/model_word2vec_bibl_econtent.vocabulary.* with mmap=None
[2021-01-23 18:07:36,725] INFO: loading vocabulary recursively from /Users/neo1/PycharmProjects/vec4irltr/model/ir/20210121231330551/model_word2vec_bibl_econtent.vocabulary.* with mmap=None
[2021-01-23 18:07:36,726] INFO: loading trainables recursively from /Users/neo1/PycharmProjects/vec4irltr/model/ir/20210121231330551/model_word2vec_bibl_econtent.trainables.* with mmap=None
[2021-01-23 18:07:36,726] INFO: loading trainables recursively from /Users/neo1/PycharmProjects/vec4irltr/model/ir/20210121231330551/model_word2vec_bibl_econtent.trainables.* with mmap=None
[2021-01-23 18:07:36,727] INFO: setting ignored attribute cum_table to None
[2021-01-23 18:07:36,727] INFO: setting ignored attribute cum_table to None
[2021-01-23 18:07:36,727] INFO: loaded /Users/neo1/PycharmProjects/vec4irltr/model/ir/20210121231330551/model_word2vec_bibl_econtent
[2021-01-23 18:07:36,727] INFO: loaded /Users/neo1/PycharmProjects/vec4irltr/model/ir/20210121231330551/model_word2vec_bibl_econtent
[2021-01-23 18:07:36,728] INFO: load time:0.0057790279388427734
[2021-01-23 18:07:36,728] INFO: load time:0.0057790279388427734
[2021-01-23 18:07:37,730] INFO: pid:35586 done | load time: 1.0078191757202148
[2021-01-23 18:07:37,730] INFO: pid:35586 done | load time: 1.0078191757202148
