[2021-01-23 19:39:54,530] INFO: set_init_models_and_get_retrievals
[2021-01-23 19:39:54,530] INFO: set_init_models_and_get_retrievals
[2021-01-23 19:39:54,537] INFO: loading model_word2vec_bibl_bible_bcn
[2021-01-23 19:39:54,537] INFO: loading model_word2vec_bibl_bible_bcn
[2021-01-23 19:39:54,538] INFO: loading Word2Vec object from /Users/neo1/PycharmProjects/vec4irltr/model/ir/20210121231330551/model_word2vec_bibl_bible_bcn
[2021-01-23 19:39:54,538] INFO: loading Word2Vec object from /Users/neo1/PycharmProjects/vec4irltr/model/ir/20210121231330551/model_word2vec_bibl_bible_bcn
[2021-01-23 19:39:54,542] INFO: loading wv recursively from /Users/neo1/PycharmProjects/vec4irltr/model/ir/20210121231330551/model_word2vec_bibl_bible_bcn.wv.* with mmap=None
[2021-01-23 19:39:54,542] INFO: loading wv recursively from /Users/neo1/PycharmProjects/vec4irltr/model/ir/20210121231330551/model_word2vec_bibl_bible_bcn.wv.* with mmap=None
[2021-01-23 19:39:54,542] INFO: setting ignored attribute vectors_norm to None
[2021-01-23 19:39:54,542] INFO: setting ignored attribute vectors_norm to None
[2021-01-23 19:39:54,544] INFO: loading vocabulary recursively from /Users/neo1/PycharmProjects/vec4irltr/model/ir/20210121231330551/model_word2vec_bibl_bible_bcn.vocabulary.* with mmap=None
[2021-01-23 19:39:54,544] INFO: loading vocabulary recursively from /Users/neo1/PycharmProjects/vec4irltr/model/ir/20210121231330551/model_word2vec_bibl_bible_bcn.vocabulary.* with mmap=None
[2021-01-23 19:39:54,544] INFO: loading trainables recursively from /Users/neo1/PycharmProjects/vec4irltr/model/ir/20210121231330551/model_word2vec_bibl_bible_bcn.trainables.* with mmap=None
[2021-01-23 19:39:54,544] INFO: loading trainables recursively from /Users/neo1/PycharmProjects/vec4irltr/model/ir/20210121231330551/model_word2vec_bibl_bible_bcn.trainables.* with mmap=None
[2021-01-23 19:39:54,546] INFO: setting ignored attribute cum_table to None
[2021-01-23 19:39:54,546] INFO: setting ignored attribute cum_table to None
[2021-01-23 19:39:54,546] INFO: loaded /Users/neo1/PycharmProjects/vec4irltr/model/ir/20210121231330551/model_word2vec_bibl_bible_bcn
[2021-01-23 19:39:54,546] INFO: loaded /Users/neo1/PycharmProjects/vec4irltr/model/ir/20210121231330551/model_word2vec_bibl_bible_bcn
[2021-01-23 19:39:54,547] INFO: load time:0.009317874908447266
[2021-01-23 19:39:54,547] INFO: load time:0.009317874908447266
[2021-01-23 19:39:55,550] INFO: pid:42171 done | load time: 1.0123331546783447
[2021-01-23 19:39:55,550] INFO: pid:42171 done | load time: 1.0123331546783447
[2021-01-23 19:39:55,551] INFO: loading model_word2vec_bibl_content
[2021-01-23 19:39:55,551] INFO: loading model_word2vec_bibl_content
[2021-01-23 19:39:55,552] INFO: loading Word2Vec object from /Users/neo1/PycharmProjects/vec4irltr/model/ir/20210121231330551/model_word2vec_bibl_content
[2021-01-23 19:39:55,552] INFO: loading Word2Vec object from /Users/neo1/PycharmProjects/vec4irltr/model/ir/20210121231330551/model_word2vec_bibl_content
[2021-01-23 19:39:55,563] INFO: loading wv recursively from /Users/neo1/PycharmProjects/vec4irltr/model/ir/20210121231330551/model_word2vec_bibl_content.wv.* with mmap=None
[2021-01-23 19:39:55,563] INFO: loading wv recursively from /Users/neo1/PycharmProjects/vec4irltr/model/ir/20210121231330551/model_word2vec_bibl_content.wv.* with mmap=None
[2021-01-23 19:39:55,564] INFO: setting ignored attribute vectors_norm to None
[2021-01-23 19:39:55,564] INFO: setting ignored attribute vectors_norm to None
[2021-01-23 19:39:55,565] INFO: loading vocabulary recursively from /Users/neo1/PycharmProjects/vec4irltr/model/ir/20210121231330551/model_word2vec_bibl_content.vocabulary.* with mmap=None
[2021-01-23 19:39:55,565] INFO: loading vocabulary recursively from /Users/neo1/PycharmProjects/vec4irltr/model/ir/20210121231330551/model_word2vec_bibl_content.vocabulary.* with mmap=None
[2021-01-23 19:39:55,565] INFO: loading trainables recursively from /Users/neo1/PycharmProjects/vec4irltr/model/ir/20210121231330551/model_word2vec_bibl_content.trainables.* with mmap=None
[2021-01-23 19:39:55,565] INFO: loading trainables recursively from /Users/neo1/PycharmProjects/vec4irltr/model/ir/20210121231330551/model_word2vec_bibl_content.trainables.* with mmap=None
[2021-01-23 19:39:55,566] INFO: setting ignored attribute cum_table to None
[2021-01-23 19:39:55,566] INFO: setting ignored attribute cum_table to None
[2021-01-23 19:39:55,567] INFO: loaded /Users/neo1/PycharmProjects/vec4irltr/model/ir/20210121231330551/model_word2vec_bibl_content
[2021-01-23 19:39:55,567] INFO: loaded /Users/neo1/PycharmProjects/vec4irltr/model/ir/20210121231330551/model_word2vec_bibl_content
[2021-01-23 19:39:55,571] INFO: load time:0.018777847290039062
[2021-01-23 19:39:55,571] INFO: load time:0.018777847290039062
[2021-01-23 19:39:56,576] INFO: pid:42171 done | load time: 1.0241379737854004
[2021-01-23 19:39:56,576] INFO: pid:42171 done | load time: 1.0241379737854004
[2021-01-23 19:39:56,577] INFO: loading model_word2vec_bibl_econtent
[2021-01-23 19:39:56,577] INFO: loading model_word2vec_bibl_econtent
[2021-01-23 19:39:56,577] INFO: loading Word2Vec object from /Users/neo1/PycharmProjects/vec4irltr/model/ir/20210121231330551/model_word2vec_bibl_econtent
[2021-01-23 19:39:56,577] INFO: loading Word2Vec object from /Users/neo1/PycharmProjects/vec4irltr/model/ir/20210121231330551/model_word2vec_bibl_econtent
[2021-01-23 19:39:56,579] INFO: loading wv recursively from /Users/neo1/PycharmProjects/vec4irltr/model/ir/20210121231330551/model_word2vec_bibl_econtent.wv.* with mmap=None
[2021-01-23 19:39:56,579] INFO: loading wv recursively from /Users/neo1/PycharmProjects/vec4irltr/model/ir/20210121231330551/model_word2vec_bibl_econtent.wv.* with mmap=None
[2021-01-23 19:39:56,580] INFO: setting ignored attribute vectors_norm to None
[2021-01-23 19:39:56,580] INFO: setting ignored attribute vectors_norm to None
[2021-01-23 19:39:56,581] INFO: loading vocabulary recursively from /Users/neo1/PycharmProjects/vec4irltr/model/ir/20210121231330551/model_word2vec_bibl_econtent.vocabulary.* with mmap=None
[2021-01-23 19:39:56,581] INFO: loading vocabulary recursively from /Users/neo1/PycharmProjects/vec4irltr/model/ir/20210121231330551/model_word2vec_bibl_econtent.vocabulary.* with mmap=None
[2021-01-23 19:39:56,581] INFO: loading trainables recursively from /Users/neo1/PycharmProjects/vec4irltr/model/ir/20210121231330551/model_word2vec_bibl_econtent.trainables.* with mmap=None
[2021-01-23 19:39:56,581] INFO: loading trainables recursively from /Users/neo1/PycharmProjects/vec4irltr/model/ir/20210121231330551/model_word2vec_bibl_econtent.trainables.* with mmap=None
[2021-01-23 19:39:56,582] INFO: setting ignored attribute cum_table to None
[2021-01-23 19:39:56,582] INFO: setting ignored attribute cum_table to None
[2021-01-23 19:39:56,582] INFO: loaded /Users/neo1/PycharmProjects/vec4irltr/model/ir/20210121231330551/model_word2vec_bibl_econtent
[2021-01-23 19:39:56,582] INFO: loaded /Users/neo1/PycharmProjects/vec4irltr/model/ir/20210121231330551/model_word2vec_bibl_econtent
[2021-01-23 19:39:56,583] INFO: load time:0.005774974822998047
[2021-01-23 19:39:56,583] INFO: load time:0.005774974822998047
[2021-01-23 19:39:57,587] INFO: pid:42171 done | load time: 1.0090618133544922
[2021-01-23 19:39:57,587] INFO: pid:42171 done | load time: 1.0090618133544922
