[2021-01-23 19:55:59,289] INFO: set_init_models_and_get_retrievals
[2021-01-23 19:55:59,289] INFO: set_init_models_and_get_retrievals
[2021-01-23 19:55:59,295] INFO: loading model_word2vec_bibl_bible_bcn
[2021-01-23 19:55:59,295] INFO: loading model_word2vec_bibl_bible_bcn
[2021-01-23 19:55:59,296] INFO: loading Word2Vec object from /Users/neo1/PycharmProjects/vec4irltr/model/ir/20210121231330551/model_word2vec_bibl_bible_bcn
[2021-01-23 19:55:59,296] INFO: loading Word2Vec object from /Users/neo1/PycharmProjects/vec4irltr/model/ir/20210121231330551/model_word2vec_bibl_bible_bcn
[2021-01-23 19:55:59,299] INFO: loading wv recursively from /Users/neo1/PycharmProjects/vec4irltr/model/ir/20210121231330551/model_word2vec_bibl_bible_bcn.wv.* with mmap=None
[2021-01-23 19:55:59,299] INFO: loading wv recursively from /Users/neo1/PycharmProjects/vec4irltr/model/ir/20210121231330551/model_word2vec_bibl_bible_bcn.wv.* with mmap=None
[2021-01-23 19:55:59,300] INFO: setting ignored attribute vectors_norm to None
[2021-01-23 19:55:59,300] INFO: setting ignored attribute vectors_norm to None
[2021-01-23 19:55:59,300] INFO: loading vocabulary recursively from /Users/neo1/PycharmProjects/vec4irltr/model/ir/20210121231330551/model_word2vec_bibl_bible_bcn.vocabulary.* with mmap=None
[2021-01-23 19:55:59,300] INFO: loading vocabulary recursively from /Users/neo1/PycharmProjects/vec4irltr/model/ir/20210121231330551/model_word2vec_bibl_bible_bcn.vocabulary.* with mmap=None
[2021-01-23 19:55:59,301] INFO: loading trainables recursively from /Users/neo1/PycharmProjects/vec4irltr/model/ir/20210121231330551/model_word2vec_bibl_bible_bcn.trainables.* with mmap=None
[2021-01-23 19:55:59,301] INFO: loading trainables recursively from /Users/neo1/PycharmProjects/vec4irltr/model/ir/20210121231330551/model_word2vec_bibl_bible_bcn.trainables.* with mmap=None
[2021-01-23 19:55:59,301] INFO: setting ignored attribute cum_table to None
[2021-01-23 19:55:59,301] INFO: setting ignored attribute cum_table to None
[2021-01-23 19:55:59,302] INFO: loaded /Users/neo1/PycharmProjects/vec4irltr/model/ir/20210121231330551/model_word2vec_bibl_bible_bcn
[2021-01-23 19:55:59,302] INFO: loaded /Users/neo1/PycharmProjects/vec4irltr/model/ir/20210121231330551/model_word2vec_bibl_bible_bcn
[2021-01-23 19:55:59,303] INFO: load time:0.007315874099731445
[2021-01-23 19:55:59,303] INFO: load time:0.007315874099731445
[2021-01-23 19:56:00,305] INFO: pid:43303 done | load time: 1.009613037109375
[2021-01-23 19:56:00,305] INFO: pid:43303 done | load time: 1.009613037109375
[2021-01-23 19:56:00,306] INFO: loading model_word2vec_bibl_content
[2021-01-23 19:56:00,306] INFO: loading model_word2vec_bibl_content
[2021-01-23 19:56:00,307] INFO: loading Word2Vec object from /Users/neo1/PycharmProjects/vec4irltr/model/ir/20210121231330551/model_word2vec_bibl_content
[2021-01-23 19:56:00,307] INFO: loading Word2Vec object from /Users/neo1/PycharmProjects/vec4irltr/model/ir/20210121231330551/model_word2vec_bibl_content
[2021-01-23 19:56:00,318] INFO: loading wv recursively from /Users/neo1/PycharmProjects/vec4irltr/model/ir/20210121231330551/model_word2vec_bibl_content.wv.* with mmap=None
[2021-01-23 19:56:00,318] INFO: loading wv recursively from /Users/neo1/PycharmProjects/vec4irltr/model/ir/20210121231330551/model_word2vec_bibl_content.wv.* with mmap=None
[2021-01-23 19:56:00,319] INFO: setting ignored attribute vectors_norm to None
[2021-01-23 19:56:00,319] INFO: setting ignored attribute vectors_norm to None
[2021-01-23 19:56:00,320] INFO: loading vocabulary recursively from /Users/neo1/PycharmProjects/vec4irltr/model/ir/20210121231330551/model_word2vec_bibl_content.vocabulary.* with mmap=None
[2021-01-23 19:56:00,320] INFO: loading vocabulary recursively from /Users/neo1/PycharmProjects/vec4irltr/model/ir/20210121231330551/model_word2vec_bibl_content.vocabulary.* with mmap=None
[2021-01-23 19:56:00,320] INFO: loading trainables recursively from /Users/neo1/PycharmProjects/vec4irltr/model/ir/20210121231330551/model_word2vec_bibl_content.trainables.* with mmap=None
[2021-01-23 19:56:00,320] INFO: loading trainables recursively from /Users/neo1/PycharmProjects/vec4irltr/model/ir/20210121231330551/model_word2vec_bibl_content.trainables.* with mmap=None
[2021-01-23 19:56:00,321] INFO: setting ignored attribute cum_table to None
[2021-01-23 19:56:00,321] INFO: setting ignored attribute cum_table to None
[2021-01-23 19:56:00,322] INFO: loaded /Users/neo1/PycharmProjects/vec4irltr/model/ir/20210121231330551/model_word2vec_bibl_content
[2021-01-23 19:56:00,322] INFO: loaded /Users/neo1/PycharmProjects/vec4irltr/model/ir/20210121231330551/model_word2vec_bibl_content
[2021-01-23 19:56:00,325] INFO: load time:0.018011808395385742
[2021-01-23 19:56:00,325] INFO: load time:0.018011808395385742
[2021-01-23 19:56:01,327] INFO: pid:43303 done | load time: 1.0201637744903564
[2021-01-23 19:56:01,327] INFO: pid:43303 done | load time: 1.0201637744903564
[2021-01-23 19:56:01,328] INFO: loading model_word2vec_bibl_econtent
[2021-01-23 19:56:01,328] INFO: loading model_word2vec_bibl_econtent
[2021-01-23 19:56:01,328] INFO: loading Word2Vec object from /Users/neo1/PycharmProjects/vec4irltr/model/ir/20210121231330551/model_word2vec_bibl_econtent
[2021-01-23 19:56:01,328] INFO: loading Word2Vec object from /Users/neo1/PycharmProjects/vec4irltr/model/ir/20210121231330551/model_word2vec_bibl_econtent
[2021-01-23 19:56:01,330] INFO: loading wv recursively from /Users/neo1/PycharmProjects/vec4irltr/model/ir/20210121231330551/model_word2vec_bibl_econtent.wv.* with mmap=None
[2021-01-23 19:56:01,330] INFO: loading wv recursively from /Users/neo1/PycharmProjects/vec4irltr/model/ir/20210121231330551/model_word2vec_bibl_econtent.wv.* with mmap=None
[2021-01-23 19:56:01,331] INFO: setting ignored attribute vectors_norm to None
[2021-01-23 19:56:01,331] INFO: setting ignored attribute vectors_norm to None
[2021-01-23 19:56:01,331] INFO: loading vocabulary recursively from /Users/neo1/PycharmProjects/vec4irltr/model/ir/20210121231330551/model_word2vec_bibl_econtent.vocabulary.* with mmap=None
[2021-01-23 19:56:01,331] INFO: loading vocabulary recursively from /Users/neo1/PycharmProjects/vec4irltr/model/ir/20210121231330551/model_word2vec_bibl_econtent.vocabulary.* with mmap=None
[2021-01-23 19:56:01,332] INFO: loading trainables recursively from /Users/neo1/PycharmProjects/vec4irltr/model/ir/20210121231330551/model_word2vec_bibl_econtent.trainables.* with mmap=None
[2021-01-23 19:56:01,332] INFO: loading trainables recursively from /Users/neo1/PycharmProjects/vec4irltr/model/ir/20210121231330551/model_word2vec_bibl_econtent.trainables.* with mmap=None
[2021-01-23 19:56:01,333] INFO: setting ignored attribute cum_table to None
[2021-01-23 19:56:01,333] INFO: setting ignored attribute cum_table to None
[2021-01-23 19:56:01,333] INFO: loaded /Users/neo1/PycharmProjects/vec4irltr/model/ir/20210121231330551/model_word2vec_bibl_econtent
[2021-01-23 19:56:01,333] INFO: loaded /Users/neo1/PycharmProjects/vec4irltr/model/ir/20210121231330551/model_word2vec_bibl_econtent
[2021-01-23 19:56:01,334] INFO: load time:0.005472660064697266
[2021-01-23 19:56:01,334] INFO: load time:0.005472660064697266
[2021-01-23 19:56:02,337] INFO: pid:43303 done | load time: 1.0086300373077393
[2021-01-23 19:56:02,337] INFO: pid:43303 done | load time: 1.0086300373077393
