[2021-01-24 12:51:25,082] INFO: set_init_models_and_get_retrievals
[2021-01-24 12:51:25,082] INFO: set_init_models_and_get_retrievals
[2021-01-24 12:51:25,088] INFO: loading model_word2vec_bibl_bible_bcn
[2021-01-24 12:51:25,088] INFO: loading model_word2vec_bibl_bible_bcn
[2021-01-24 12:51:25,088] INFO: loading Word2Vec object from /Users/neo1/PycharmProjects/vec4irltr/model/ir/20210121231330551/model_word2vec_bibl_bible_bcn
[2021-01-24 12:51:25,088] INFO: loading Word2Vec object from /Users/neo1/PycharmProjects/vec4irltr/model/ir/20210121231330551/model_word2vec_bibl_bible_bcn
[2021-01-24 12:51:25,094] INFO: loading wv recursively from /Users/neo1/PycharmProjects/vec4irltr/model/ir/20210121231330551/model_word2vec_bibl_bible_bcn.wv.* with mmap=None
[2021-01-24 12:51:25,094] INFO: loading wv recursively from /Users/neo1/PycharmProjects/vec4irltr/model/ir/20210121231330551/model_word2vec_bibl_bible_bcn.wv.* with mmap=None
[2021-01-24 12:51:25,095] INFO: setting ignored attribute vectors_norm to None
[2021-01-24 12:51:25,095] INFO: setting ignored attribute vectors_norm to None
[2021-01-24 12:51:25,095] INFO: loading vocabulary recursively from /Users/neo1/PycharmProjects/vec4irltr/model/ir/20210121231330551/model_word2vec_bibl_bible_bcn.vocabulary.* with mmap=None
[2021-01-24 12:51:25,095] INFO: loading vocabulary recursively from /Users/neo1/PycharmProjects/vec4irltr/model/ir/20210121231330551/model_word2vec_bibl_bible_bcn.vocabulary.* with mmap=None
[2021-01-24 12:51:25,096] INFO: loading trainables recursively from /Users/neo1/PycharmProjects/vec4irltr/model/ir/20210121231330551/model_word2vec_bibl_bible_bcn.trainables.* with mmap=None
[2021-01-24 12:51:25,096] INFO: loading trainables recursively from /Users/neo1/PycharmProjects/vec4irltr/model/ir/20210121231330551/model_word2vec_bibl_bible_bcn.trainables.* with mmap=None
[2021-01-24 12:51:25,096] INFO: setting ignored attribute cum_table to None
[2021-01-24 12:51:25,096] INFO: setting ignored attribute cum_table to None
[2021-01-24 12:51:25,097] INFO: loaded /Users/neo1/PycharmProjects/vec4irltr/model/ir/20210121231330551/model_word2vec_bibl_bible_bcn
[2021-01-24 12:51:25,097] INFO: loaded /Users/neo1/PycharmProjects/vec4irltr/model/ir/20210121231330551/model_word2vec_bibl_bible_bcn
[2021-01-24 12:51:25,097] INFO: load time:0.009003877639770508
[2021-01-24 12:51:25,097] INFO: load time:0.009003877639770508
[2021-01-24 12:51:26,103] INFO: pid:10689 done | load time: 1.014448881149292
[2021-01-24 12:51:26,103] INFO: pid:10689 done | load time: 1.014448881149292
[2021-01-24 12:51:26,103] INFO: loading model_word2vec_bibl_content
[2021-01-24 12:51:26,103] INFO: loading model_word2vec_bibl_content
[2021-01-24 12:51:26,104] INFO: loading Word2Vec object from /Users/neo1/PycharmProjects/vec4irltr/model/ir/20210121231330551/model_word2vec_bibl_content
[2021-01-24 12:51:26,104] INFO: loading Word2Vec object from /Users/neo1/PycharmProjects/vec4irltr/model/ir/20210121231330551/model_word2vec_bibl_content
[2021-01-24 12:51:26,120] INFO: loading wv recursively from /Users/neo1/PycharmProjects/vec4irltr/model/ir/20210121231330551/model_word2vec_bibl_content.wv.* with mmap=None
[2021-01-24 12:51:26,120] INFO: loading wv recursively from /Users/neo1/PycharmProjects/vec4irltr/model/ir/20210121231330551/model_word2vec_bibl_content.wv.* with mmap=None
[2021-01-24 12:51:26,121] INFO: setting ignored attribute vectors_norm to None
[2021-01-24 12:51:26,121] INFO: setting ignored attribute vectors_norm to None
[2021-01-24 12:51:26,121] INFO: loading vocabulary recursively from /Users/neo1/PycharmProjects/vec4irltr/model/ir/20210121231330551/model_word2vec_bibl_content.vocabulary.* with mmap=None
[2021-01-24 12:51:26,121] INFO: loading vocabulary recursively from /Users/neo1/PycharmProjects/vec4irltr/model/ir/20210121231330551/model_word2vec_bibl_content.vocabulary.* with mmap=None
[2021-01-24 12:51:26,121] INFO: loading trainables recursively from /Users/neo1/PycharmProjects/vec4irltr/model/ir/20210121231330551/model_word2vec_bibl_content.trainables.* with mmap=None
[2021-01-24 12:51:26,121] INFO: loading trainables recursively from /Users/neo1/PycharmProjects/vec4irltr/model/ir/20210121231330551/model_word2vec_bibl_content.trainables.* with mmap=None
[2021-01-24 12:51:26,122] INFO: setting ignored attribute cum_table to None
[2021-01-24 12:51:26,122] INFO: setting ignored attribute cum_table to None
[2021-01-24 12:51:26,122] INFO: loaded /Users/neo1/PycharmProjects/vec4irltr/model/ir/20210121231330551/model_word2vec_bibl_content
[2021-01-24 12:51:26,122] INFO: loaded /Users/neo1/PycharmProjects/vec4irltr/model/ir/20210121231330551/model_word2vec_bibl_content
[2021-01-24 12:51:26,124] INFO: load time:0.02073216438293457
[2021-01-24 12:51:26,124] INFO: load time:0.02073216438293457
[2021-01-24 12:51:27,128] INFO: pid:10689 done | load time: 1.0241169929504395
[2021-01-24 12:51:27,128] INFO: pid:10689 done | load time: 1.0241169929504395
[2021-01-24 12:51:27,128] INFO: loading model_word2vec_bibl_econtent
[2021-01-24 12:51:27,128] INFO: loading model_word2vec_bibl_econtent
[2021-01-24 12:51:27,129] INFO: loading Word2Vec object from /Users/neo1/PycharmProjects/vec4irltr/model/ir/20210121231330551/model_word2vec_bibl_econtent
[2021-01-24 12:51:27,129] INFO: loading Word2Vec object from /Users/neo1/PycharmProjects/vec4irltr/model/ir/20210121231330551/model_word2vec_bibl_econtent
[2021-01-24 12:51:27,133] INFO: loading wv recursively from /Users/neo1/PycharmProjects/vec4irltr/model/ir/20210121231330551/model_word2vec_bibl_econtent.wv.* with mmap=None
[2021-01-24 12:51:27,133] INFO: loading wv recursively from /Users/neo1/PycharmProjects/vec4irltr/model/ir/20210121231330551/model_word2vec_bibl_econtent.wv.* with mmap=None
[2021-01-24 12:51:27,134] INFO: setting ignored attribute vectors_norm to None
[2021-01-24 12:51:27,134] INFO: setting ignored attribute vectors_norm to None
[2021-01-24 12:51:27,134] INFO: loading vocabulary recursively from /Users/neo1/PycharmProjects/vec4irltr/model/ir/20210121231330551/model_word2vec_bibl_econtent.vocabulary.* with mmap=None
[2021-01-24 12:51:27,134] INFO: loading vocabulary recursively from /Users/neo1/PycharmProjects/vec4irltr/model/ir/20210121231330551/model_word2vec_bibl_econtent.vocabulary.* with mmap=None
[2021-01-24 12:51:27,134] INFO: loading trainables recursively from /Users/neo1/PycharmProjects/vec4irltr/model/ir/20210121231330551/model_word2vec_bibl_econtent.trainables.* with mmap=None
[2021-01-24 12:51:27,134] INFO: loading trainables recursively from /Users/neo1/PycharmProjects/vec4irltr/model/ir/20210121231330551/model_word2vec_bibl_econtent.trainables.* with mmap=None
[2021-01-24 12:51:27,135] INFO: setting ignored attribute cum_table to None
[2021-01-24 12:51:27,135] INFO: setting ignored attribute cum_table to None
[2021-01-24 12:51:27,135] INFO: loaded /Users/neo1/PycharmProjects/vec4irltr/model/ir/20210121231330551/model_word2vec_bibl_econtent
[2021-01-24 12:51:27,135] INFO: loaded /Users/neo1/PycharmProjects/vec4irltr/model/ir/20210121231330551/model_word2vec_bibl_econtent
[2021-01-24 12:51:27,136] INFO: load time:0.006887197494506836
[2021-01-24 12:51:27,136] INFO: load time:0.006887197494506836
[2021-01-24 12:51:28,138] INFO: pid:10689 done | load time: 1.0093951225280762
[2021-01-24 12:51:28,138] INFO: pid:10689 done | load time: 1.0093951225280762
