[2021-01-23 15:39:44,643] INFO: set_init_models_and_get_retrievals
[2021-01-23 15:39:44,643] INFO: set_init_models_and_get_retrievals
[2021-01-23 15:39:44,649] INFO: loading model_word2vec_bibl_bible_bcn
[2021-01-23 15:39:44,649] INFO: loading model_word2vec_bibl_bible_bcn
[2021-01-23 15:39:44,650] INFO: loading Word2Vec object from /Users/neo1/PycharmProjects/vec4irltr/model/ir/20210121231330551/model_word2vec_bibl_bible_bcn
[2021-01-23 15:39:44,650] INFO: loading Word2Vec object from /Users/neo1/PycharmProjects/vec4irltr/model/ir/20210121231330551/model_word2vec_bibl_bible_bcn
[2021-01-23 15:39:44,653] INFO: loading wv recursively from /Users/neo1/PycharmProjects/vec4irltr/model/ir/20210121231330551/model_word2vec_bibl_bible_bcn.wv.* with mmap=None
[2021-01-23 15:39:44,653] INFO: loading wv recursively from /Users/neo1/PycharmProjects/vec4irltr/model/ir/20210121231330551/model_word2vec_bibl_bible_bcn.wv.* with mmap=None
[2021-01-23 15:39:44,654] INFO: setting ignored attribute vectors_norm to None
[2021-01-23 15:39:44,654] INFO: setting ignored attribute vectors_norm to None
[2021-01-23 15:39:44,655] INFO: loading vocabulary recursively from /Users/neo1/PycharmProjects/vec4irltr/model/ir/20210121231330551/model_word2vec_bibl_bible_bcn.vocabulary.* with mmap=None
[2021-01-23 15:39:44,655] INFO: loading vocabulary recursively from /Users/neo1/PycharmProjects/vec4irltr/model/ir/20210121231330551/model_word2vec_bibl_bible_bcn.vocabulary.* with mmap=None
[2021-01-23 15:39:44,656] INFO: loading trainables recursively from /Users/neo1/PycharmProjects/vec4irltr/model/ir/20210121231330551/model_word2vec_bibl_bible_bcn.trainables.* with mmap=None
[2021-01-23 15:39:44,656] INFO: loading trainables recursively from /Users/neo1/PycharmProjects/vec4irltr/model/ir/20210121231330551/model_word2vec_bibl_bible_bcn.trainables.* with mmap=None
[2021-01-23 15:39:44,656] INFO: setting ignored attribute cum_table to None
[2021-01-23 15:39:44,656] INFO: setting ignored attribute cum_table to None
[2021-01-23 15:39:44,657] INFO: loaded /Users/neo1/PycharmProjects/vec4irltr/model/ir/20210121231330551/model_word2vec_bibl_bible_bcn
[2021-01-23 15:39:44,657] INFO: loaded /Users/neo1/PycharmProjects/vec4irltr/model/ir/20210121231330551/model_word2vec_bibl_bible_bcn
[2021-01-23 15:39:44,658] INFO: load time:0.00866389274597168
[2021-01-23 15:39:44,658] INFO: load time:0.00866389274597168
[2021-01-23 15:39:45,663] INFO: pid:25481 done | load time: 1.0130870342254639
[2021-01-23 15:39:45,663] INFO: pid:25481 done | load time: 1.0130870342254639
[2021-01-23 15:39:45,663] INFO: loading model_word2vec_bibl_content
[2021-01-23 15:39:45,663] INFO: loading model_word2vec_bibl_content
[2021-01-23 15:39:45,664] INFO: loading Word2Vec object from /Users/neo1/PycharmProjects/vec4irltr/model/ir/20210121231330551/model_word2vec_bibl_content
[2021-01-23 15:39:45,664] INFO: loading Word2Vec object from /Users/neo1/PycharmProjects/vec4irltr/model/ir/20210121231330551/model_word2vec_bibl_content
[2021-01-23 15:39:45,675] INFO: loading wv recursively from /Users/neo1/PycharmProjects/vec4irltr/model/ir/20210121231330551/model_word2vec_bibl_content.wv.* with mmap=None
[2021-01-23 15:39:45,675] INFO: loading wv recursively from /Users/neo1/PycharmProjects/vec4irltr/model/ir/20210121231330551/model_word2vec_bibl_content.wv.* with mmap=None
[2021-01-23 15:39:45,676] INFO: setting ignored attribute vectors_norm to None
[2021-01-23 15:39:45,676] INFO: setting ignored attribute vectors_norm to None
[2021-01-23 15:39:45,676] INFO: loading vocabulary recursively from /Users/neo1/PycharmProjects/vec4irltr/model/ir/20210121231330551/model_word2vec_bibl_content.vocabulary.* with mmap=None
[2021-01-23 15:39:45,676] INFO: loading vocabulary recursively from /Users/neo1/PycharmProjects/vec4irltr/model/ir/20210121231330551/model_word2vec_bibl_content.vocabulary.* with mmap=None
[2021-01-23 15:39:45,677] INFO: loading trainables recursively from /Users/neo1/PycharmProjects/vec4irltr/model/ir/20210121231330551/model_word2vec_bibl_content.trainables.* with mmap=None
[2021-01-23 15:39:45,677] INFO: loading trainables recursively from /Users/neo1/PycharmProjects/vec4irltr/model/ir/20210121231330551/model_word2vec_bibl_content.trainables.* with mmap=None
[2021-01-23 15:39:45,677] INFO: setting ignored attribute cum_table to None
[2021-01-23 15:39:45,677] INFO: setting ignored attribute cum_table to None
[2021-01-23 15:39:45,678] INFO: loaded /Users/neo1/PycharmProjects/vec4irltr/model/ir/20210121231330551/model_word2vec_bibl_content
[2021-01-23 15:39:45,678] INFO: loaded /Users/neo1/PycharmProjects/vec4irltr/model/ir/20210121231330551/model_word2vec_bibl_content
[2021-01-23 15:39:45,681] INFO: load time:0.01717400550842285
[2021-01-23 15:39:45,681] INFO: load time:0.01717400550842285
[2021-01-23 15:39:46,684] INFO: pid:25481 done | load time: 1.0204017162322998
[2021-01-23 15:39:46,684] INFO: pid:25481 done | load time: 1.0204017162322998
[2021-01-23 15:39:46,685] INFO: loading model_word2vec_bibl_econtent
[2021-01-23 15:39:46,685] INFO: loading model_word2vec_bibl_econtent
[2021-01-23 15:39:46,686] INFO: loading Word2Vec object from /Users/neo1/PycharmProjects/vec4irltr/model/ir/20210121231330551/model_word2vec_bibl_econtent
[2021-01-23 15:39:46,686] INFO: loading Word2Vec object from /Users/neo1/PycharmProjects/vec4irltr/model/ir/20210121231330551/model_word2vec_bibl_econtent
[2021-01-23 15:39:46,688] INFO: loading wv recursively from /Users/neo1/PycharmProjects/vec4irltr/model/ir/20210121231330551/model_word2vec_bibl_econtent.wv.* with mmap=None
[2021-01-23 15:39:46,688] INFO: loading wv recursively from /Users/neo1/PycharmProjects/vec4irltr/model/ir/20210121231330551/model_word2vec_bibl_econtent.wv.* with mmap=None
[2021-01-23 15:39:46,688] INFO: setting ignored attribute vectors_norm to None
[2021-01-23 15:39:46,688] INFO: setting ignored attribute vectors_norm to None
[2021-01-23 15:39:46,689] INFO: loading vocabulary recursively from /Users/neo1/PycharmProjects/vec4irltr/model/ir/20210121231330551/model_word2vec_bibl_econtent.vocabulary.* with mmap=None
[2021-01-23 15:39:46,689] INFO: loading vocabulary recursively from /Users/neo1/PycharmProjects/vec4irltr/model/ir/20210121231330551/model_word2vec_bibl_econtent.vocabulary.* with mmap=None
[2021-01-23 15:39:46,690] INFO: loading trainables recursively from /Users/neo1/PycharmProjects/vec4irltr/model/ir/20210121231330551/model_word2vec_bibl_econtent.trainables.* with mmap=None
[2021-01-23 15:39:46,690] INFO: loading trainables recursively from /Users/neo1/PycharmProjects/vec4irltr/model/ir/20210121231330551/model_word2vec_bibl_econtent.trainables.* with mmap=None
[2021-01-23 15:39:46,690] INFO: setting ignored attribute cum_table to None
[2021-01-23 15:39:46,690] INFO: setting ignored attribute cum_table to None
[2021-01-23 15:39:46,691] INFO: loaded /Users/neo1/PycharmProjects/vec4irltr/model/ir/20210121231330551/model_word2vec_bibl_econtent
[2021-01-23 15:39:46,691] INFO: loaded /Users/neo1/PycharmProjects/vec4irltr/model/ir/20210121231330551/model_word2vec_bibl_econtent
[2021-01-23 15:39:46,691] INFO: load time:0.005616188049316406
[2021-01-23 15:39:46,691] INFO: load time:0.005616188049316406
[2021-01-23 15:39:47,694] INFO: pid:25481 done | load time: 1.0084753036499023
[2021-01-23 15:39:47,694] INFO: pid:25481 done | load time: 1.0084753036499023
