[2021-01-23 22:37:02,905] INFO: set_init_models_and_get_retrievals
[2021-01-23 22:37:02,905] INFO: set_init_models_and_get_retrievals
[2021-01-23 22:37:02,908] INFO: loading model_word2vec_bibl_bible_bcn
[2021-01-23 22:37:02,908] INFO: loading model_word2vec_bibl_bible_bcn
[2021-01-23 22:37:02,909] INFO: loading Word2Vec object from /Users/neo1/PycharmProjects/vec4irltr/model/ir/20210121231330551/model_word2vec_bibl_bible_bcn
[2021-01-23 22:37:02,909] INFO: loading Word2Vec object from /Users/neo1/PycharmProjects/vec4irltr/model/ir/20210121231330551/model_word2vec_bibl_bible_bcn
[2021-01-23 22:37:02,916] INFO: loading wv recursively from /Users/neo1/PycharmProjects/vec4irltr/model/ir/20210121231330551/model_word2vec_bibl_bible_bcn.wv.* with mmap=None
[2021-01-23 22:37:02,916] INFO: loading wv recursively from /Users/neo1/PycharmProjects/vec4irltr/model/ir/20210121231330551/model_word2vec_bibl_bible_bcn.wv.* with mmap=None
[2021-01-23 22:37:02,916] INFO: setting ignored attribute vectors_norm to None
[2021-01-23 22:37:02,916] INFO: setting ignored attribute vectors_norm to None
[2021-01-23 22:37:02,917] INFO: loading vocabulary recursively from /Users/neo1/PycharmProjects/vec4irltr/model/ir/20210121231330551/model_word2vec_bibl_bible_bcn.vocabulary.* with mmap=None
[2021-01-23 22:37:02,917] INFO: loading vocabulary recursively from /Users/neo1/PycharmProjects/vec4irltr/model/ir/20210121231330551/model_word2vec_bibl_bible_bcn.vocabulary.* with mmap=None
[2021-01-23 22:37:02,917] INFO: loading trainables recursively from /Users/neo1/PycharmProjects/vec4irltr/model/ir/20210121231330551/model_word2vec_bibl_bible_bcn.trainables.* with mmap=None
[2021-01-23 22:37:02,917] INFO: loading trainables recursively from /Users/neo1/PycharmProjects/vec4irltr/model/ir/20210121231330551/model_word2vec_bibl_bible_bcn.trainables.* with mmap=None
[2021-01-23 22:37:02,917] INFO: setting ignored attribute cum_table to None
[2021-01-23 22:37:02,917] INFO: setting ignored attribute cum_table to None
[2021-01-23 22:37:02,918] INFO: loaded /Users/neo1/PycharmProjects/vec4irltr/model/ir/20210121231330551/model_word2vec_bibl_bible_bcn
[2021-01-23 22:37:02,918] INFO: loaded /Users/neo1/PycharmProjects/vec4irltr/model/ir/20210121231330551/model_word2vec_bibl_bible_bcn
[2021-01-23 22:37:02,918] INFO: load time:0.009078025817871094
[2021-01-23 22:37:02,918] INFO: load time:0.009078025817871094
[2021-01-23 22:37:03,922] INFO: pid:55052 done | load time: 1.0129148960113525
[2021-01-23 22:37:03,922] INFO: pid:55052 done | load time: 1.0129148960113525
[2021-01-23 22:37:03,922] INFO: loading model_word2vec_bibl_content
[2021-01-23 22:37:03,922] INFO: loading model_word2vec_bibl_content
[2021-01-23 22:37:03,923] INFO: loading Word2Vec object from /Users/neo1/PycharmProjects/vec4irltr/model/ir/20210121231330551/model_word2vec_bibl_content
[2021-01-23 22:37:03,923] INFO: loading Word2Vec object from /Users/neo1/PycharmProjects/vec4irltr/model/ir/20210121231330551/model_word2vec_bibl_content
[2021-01-23 22:37:03,940] INFO: loading wv recursively from /Users/neo1/PycharmProjects/vec4irltr/model/ir/20210121231330551/model_word2vec_bibl_content.wv.* with mmap=None
[2021-01-23 22:37:03,940] INFO: loading wv recursively from /Users/neo1/PycharmProjects/vec4irltr/model/ir/20210121231330551/model_word2vec_bibl_content.wv.* with mmap=None
[2021-01-23 22:37:03,940] INFO: setting ignored attribute vectors_norm to None
[2021-01-23 22:37:03,940] INFO: setting ignored attribute vectors_norm to None
[2021-01-23 22:37:03,941] INFO: loading vocabulary recursively from /Users/neo1/PycharmProjects/vec4irltr/model/ir/20210121231330551/model_word2vec_bibl_content.vocabulary.* with mmap=None
[2021-01-23 22:37:03,941] INFO: loading vocabulary recursively from /Users/neo1/PycharmProjects/vec4irltr/model/ir/20210121231330551/model_word2vec_bibl_content.vocabulary.* with mmap=None
[2021-01-23 22:37:03,941] INFO: loading trainables recursively from /Users/neo1/PycharmProjects/vec4irltr/model/ir/20210121231330551/model_word2vec_bibl_content.trainables.* with mmap=None
[2021-01-23 22:37:03,941] INFO: loading trainables recursively from /Users/neo1/PycharmProjects/vec4irltr/model/ir/20210121231330551/model_word2vec_bibl_content.trainables.* with mmap=None
[2021-01-23 22:37:03,941] INFO: setting ignored attribute cum_table to None
[2021-01-23 22:37:03,941] INFO: setting ignored attribute cum_table to None
[2021-01-23 22:37:03,942] INFO: loaded /Users/neo1/PycharmProjects/vec4irltr/model/ir/20210121231330551/model_word2vec_bibl_content
[2021-01-23 22:37:03,942] INFO: loaded /Users/neo1/PycharmProjects/vec4irltr/model/ir/20210121231330551/model_word2vec_bibl_content
[2021-01-23 22:37:03,944] INFO: load time:0.02118206024169922
[2021-01-23 22:37:03,944] INFO: load time:0.02118206024169922
[2021-01-23 22:37:04,944] INFO: pid:55052 done | load time: 1.0216379165649414
[2021-01-23 22:37:04,944] INFO: pid:55052 done | load time: 1.0216379165649414
[2021-01-23 22:37:04,945] INFO: loading model_word2vec_bibl_econtent
[2021-01-23 22:37:04,945] INFO: loading model_word2vec_bibl_econtent
[2021-01-23 22:37:04,946] INFO: loading Word2Vec object from /Users/neo1/PycharmProjects/vec4irltr/model/ir/20210121231330551/model_word2vec_bibl_econtent
[2021-01-23 22:37:04,946] INFO: loading Word2Vec object from /Users/neo1/PycharmProjects/vec4irltr/model/ir/20210121231330551/model_word2vec_bibl_econtent
[2021-01-23 22:37:04,951] INFO: loading wv recursively from /Users/neo1/PycharmProjects/vec4irltr/model/ir/20210121231330551/model_word2vec_bibl_econtent.wv.* with mmap=None
[2021-01-23 22:37:04,951] INFO: loading wv recursively from /Users/neo1/PycharmProjects/vec4irltr/model/ir/20210121231330551/model_word2vec_bibl_econtent.wv.* with mmap=None
[2021-01-23 22:37:04,951] INFO: setting ignored attribute vectors_norm to None
[2021-01-23 22:37:04,951] INFO: setting ignored attribute vectors_norm to None
[2021-01-23 22:37:04,952] INFO: loading vocabulary recursively from /Users/neo1/PycharmProjects/vec4irltr/model/ir/20210121231330551/model_word2vec_bibl_econtent.vocabulary.* with mmap=None
[2021-01-23 22:37:04,952] INFO: loading vocabulary recursively from /Users/neo1/PycharmProjects/vec4irltr/model/ir/20210121231330551/model_word2vec_bibl_econtent.vocabulary.* with mmap=None
[2021-01-23 22:37:04,952] INFO: loading trainables recursively from /Users/neo1/PycharmProjects/vec4irltr/model/ir/20210121231330551/model_word2vec_bibl_econtent.trainables.* with mmap=None
[2021-01-23 22:37:04,952] INFO: loading trainables recursively from /Users/neo1/PycharmProjects/vec4irltr/model/ir/20210121231330551/model_word2vec_bibl_econtent.trainables.* with mmap=None
[2021-01-23 22:37:04,953] INFO: setting ignored attribute cum_table to None
[2021-01-23 22:37:04,953] INFO: setting ignored attribute cum_table to None
[2021-01-23 22:37:04,953] INFO: loaded /Users/neo1/PycharmProjects/vec4irltr/model/ir/20210121231330551/model_word2vec_bibl_econtent
[2021-01-23 22:37:04,953] INFO: loaded /Users/neo1/PycharmProjects/vec4irltr/model/ir/20210121231330551/model_word2vec_bibl_econtent
[2021-01-23 22:37:04,954] INFO: load time:0.008256912231445312
[2021-01-23 22:37:04,954] INFO: load time:0.008256912231445312
[2021-01-23 22:37:05,956] INFO: pid:55052 done | load time: 1.0099787712097168
[2021-01-23 22:37:05,956] INFO: pid:55052 done | load time: 1.0099787712097168
