[2021-01-23 15:21:29,205] INFO: set_init_models_and_get_retrievals
[2021-01-23 15:21:29,205] INFO: set_init_models_and_get_retrievals
[2021-01-23 15:21:29,209] INFO: loading model_word2vec_bibl_bible_bcn
[2021-01-23 15:21:29,209] INFO: loading model_word2vec_bibl_bible_bcn
[2021-01-23 15:21:29,209] INFO: loading Word2Vec object from /Users/neo1/PycharmProjects/vec4irltr/model/ir/20210121231330551/model_word2vec_bibl_bible_bcn
[2021-01-23 15:21:29,209] INFO: loading Word2Vec object from /Users/neo1/PycharmProjects/vec4irltr/model/ir/20210121231330551/model_word2vec_bibl_bible_bcn
[2021-01-23 15:21:29,211] INFO: loading wv recursively from /Users/neo1/PycharmProjects/vec4irltr/model/ir/20210121231330551/model_word2vec_bibl_bible_bcn.wv.* with mmap=None
[2021-01-23 15:21:29,211] INFO: loading wv recursively from /Users/neo1/PycharmProjects/vec4irltr/model/ir/20210121231330551/model_word2vec_bibl_bible_bcn.wv.* with mmap=None
[2021-01-23 15:21:29,211] INFO: setting ignored attribute vectors_norm to None
[2021-01-23 15:21:29,211] INFO: setting ignored attribute vectors_norm to None
[2021-01-23 15:21:29,212] INFO: loading vocabulary recursively from /Users/neo1/PycharmProjects/vec4irltr/model/ir/20210121231330551/model_word2vec_bibl_bible_bcn.vocabulary.* with mmap=None
[2021-01-23 15:21:29,212] INFO: loading vocabulary recursively from /Users/neo1/PycharmProjects/vec4irltr/model/ir/20210121231330551/model_word2vec_bibl_bible_bcn.vocabulary.* with mmap=None
[2021-01-23 15:21:29,212] INFO: loading trainables recursively from /Users/neo1/PycharmProjects/vec4irltr/model/ir/20210121231330551/model_word2vec_bibl_bible_bcn.trainables.* with mmap=None
[2021-01-23 15:21:29,212] INFO: loading trainables recursively from /Users/neo1/PycharmProjects/vec4irltr/model/ir/20210121231330551/model_word2vec_bibl_bible_bcn.trainables.* with mmap=None
[2021-01-23 15:21:29,212] INFO: setting ignored attribute cum_table to None
[2021-01-23 15:21:29,212] INFO: setting ignored attribute cum_table to None
[2021-01-23 15:21:29,213] INFO: loaded /Users/neo1/PycharmProjects/vec4irltr/model/ir/20210121231330551/model_word2vec_bibl_bible_bcn
[2021-01-23 15:21:29,213] INFO: loaded /Users/neo1/PycharmProjects/vec4irltr/model/ir/20210121231330551/model_word2vec_bibl_bible_bcn
[2021-01-23 15:21:29,213] INFO: load time:0.004086017608642578
[2021-01-23 15:21:29,213] INFO: load time:0.004086017608642578
[2021-01-23 15:21:30,215] INFO: pid:24114 done | load time: 1.0055170059204102
[2021-01-23 15:21:30,215] INFO: pid:24114 done | load time: 1.0055170059204102
[2021-01-23 15:21:30,215] INFO: loading model_word2vec_bibl_content
[2021-01-23 15:21:30,215] INFO: loading model_word2vec_bibl_content
[2021-01-23 15:21:30,215] INFO: loading Word2Vec object from /Users/neo1/PycharmProjects/vec4irltr/model/ir/20210121231330551/model_word2vec_bibl_content
[2021-01-23 15:21:30,215] INFO: loading Word2Vec object from /Users/neo1/PycharmProjects/vec4irltr/model/ir/20210121231330551/model_word2vec_bibl_content
[2021-01-23 15:21:30,226] INFO: loading wv recursively from /Users/neo1/PycharmProjects/vec4irltr/model/ir/20210121231330551/model_word2vec_bibl_content.wv.* with mmap=None
[2021-01-23 15:21:30,226] INFO: loading wv recursively from /Users/neo1/PycharmProjects/vec4irltr/model/ir/20210121231330551/model_word2vec_bibl_content.wv.* with mmap=None
[2021-01-23 15:21:30,227] INFO: setting ignored attribute vectors_norm to None
[2021-01-23 15:21:30,227] INFO: setting ignored attribute vectors_norm to None
[2021-01-23 15:21:30,227] INFO: loading vocabulary recursively from /Users/neo1/PycharmProjects/vec4irltr/model/ir/20210121231330551/model_word2vec_bibl_content.vocabulary.* with mmap=None
[2021-01-23 15:21:30,227] INFO: loading vocabulary recursively from /Users/neo1/PycharmProjects/vec4irltr/model/ir/20210121231330551/model_word2vec_bibl_content.vocabulary.* with mmap=None
[2021-01-23 15:21:30,227] INFO: loading trainables recursively from /Users/neo1/PycharmProjects/vec4irltr/model/ir/20210121231330551/model_word2vec_bibl_content.trainables.* with mmap=None
[2021-01-23 15:21:30,227] INFO: loading trainables recursively from /Users/neo1/PycharmProjects/vec4irltr/model/ir/20210121231330551/model_word2vec_bibl_content.trainables.* with mmap=None
[2021-01-23 15:21:30,227] INFO: setting ignored attribute cum_table to None
[2021-01-23 15:21:30,227] INFO: setting ignored attribute cum_table to None
[2021-01-23 15:21:30,228] INFO: loaded /Users/neo1/PycharmProjects/vec4irltr/model/ir/20210121231330551/model_word2vec_bibl_content
[2021-01-23 15:21:30,228] INFO: loaded /Users/neo1/PycharmProjects/vec4irltr/model/ir/20210121231330551/model_word2vec_bibl_content
[2021-01-23 15:21:30,230] INFO: load time:0.014613151550292969
[2021-01-23 15:21:30,230] INFO: load time:0.014613151550292969
[2021-01-23 15:21:31,232] INFO: pid:24114 done | load time: 1.0168342590332031
[2021-01-23 15:21:31,232] INFO: pid:24114 done | load time: 1.0168342590332031
[2021-01-23 15:21:31,232] INFO: loading model_word2vec_bibl_econtent
[2021-01-23 15:21:31,232] INFO: loading model_word2vec_bibl_econtent
[2021-01-23 15:21:31,233] INFO: loading Word2Vec object from /Users/neo1/PycharmProjects/vec4irltr/model/ir/20210121231330551/model_word2vec_bibl_econtent
[2021-01-23 15:21:31,233] INFO: loading Word2Vec object from /Users/neo1/PycharmProjects/vec4irltr/model/ir/20210121231330551/model_word2vec_bibl_econtent
[2021-01-23 15:21:31,234] INFO: loading wv recursively from /Users/neo1/PycharmProjects/vec4irltr/model/ir/20210121231330551/model_word2vec_bibl_econtent.wv.* with mmap=None
[2021-01-23 15:21:31,234] INFO: loading wv recursively from /Users/neo1/PycharmProjects/vec4irltr/model/ir/20210121231330551/model_word2vec_bibl_econtent.wv.* with mmap=None
[2021-01-23 15:21:31,234] INFO: setting ignored attribute vectors_norm to None
[2021-01-23 15:21:31,234] INFO: setting ignored attribute vectors_norm to None
[2021-01-23 15:21:31,235] INFO: loading vocabulary recursively from /Users/neo1/PycharmProjects/vec4irltr/model/ir/20210121231330551/model_word2vec_bibl_econtent.vocabulary.* with mmap=None
[2021-01-23 15:21:31,235] INFO: loading vocabulary recursively from /Users/neo1/PycharmProjects/vec4irltr/model/ir/20210121231330551/model_word2vec_bibl_econtent.vocabulary.* with mmap=None
[2021-01-23 15:21:31,235] INFO: loading trainables recursively from /Users/neo1/PycharmProjects/vec4irltr/model/ir/20210121231330551/model_word2vec_bibl_econtent.trainables.* with mmap=None
[2021-01-23 15:21:31,235] INFO: loading trainables recursively from /Users/neo1/PycharmProjects/vec4irltr/model/ir/20210121231330551/model_word2vec_bibl_econtent.trainables.* with mmap=None
[2021-01-23 15:21:31,235] INFO: setting ignored attribute cum_table to None
[2021-01-23 15:21:31,235] INFO: setting ignored attribute cum_table to None
[2021-01-23 15:21:31,235] INFO: loaded /Users/neo1/PycharmProjects/vec4irltr/model/ir/20210121231330551/model_word2vec_bibl_econtent
[2021-01-23 15:21:31,235] INFO: loaded /Users/neo1/PycharmProjects/vec4irltr/model/ir/20210121231330551/model_word2vec_bibl_econtent
[2021-01-23 15:21:31,236] INFO: load time:0.003160715103149414
[2021-01-23 15:21:31,236] INFO: load time:0.003160715103149414
[2021-01-23 15:21:32,237] INFO: pid:24114 done | load time: 1.0040879249572754
[2021-01-23 15:21:32,237] INFO: pid:24114 done | load time: 1.0040879249572754
