[2021-01-24 01:32:54,406] INFO: set_init_models_and_get_retrievals
[2021-01-24 01:32:54,406] INFO: set_init_models_and_get_retrievals
[2021-01-24 01:32:54,414] INFO: loading model_word2vec_bibl_bible_bcn
[2021-01-24 01:32:54,414] INFO: loading model_word2vec_bibl_bible_bcn
[2021-01-24 01:32:54,414] INFO: loading Word2Vec object from /Users/neo1/PycharmProjects/vec4irltr/model/ir/20210121231330551/model_word2vec_bibl_bible_bcn
[2021-01-24 01:32:54,414] INFO: loading Word2Vec object from /Users/neo1/PycharmProjects/vec4irltr/model/ir/20210121231330551/model_word2vec_bibl_bible_bcn
[2021-01-24 01:32:54,421] INFO: loading wv recursively from /Users/neo1/PycharmProjects/vec4irltr/model/ir/20210121231330551/model_word2vec_bibl_bible_bcn.wv.* with mmap=None
[2021-01-24 01:32:54,421] INFO: loading wv recursively from /Users/neo1/PycharmProjects/vec4irltr/model/ir/20210121231330551/model_word2vec_bibl_bible_bcn.wv.* with mmap=None
[2021-01-24 01:32:54,422] INFO: setting ignored attribute vectors_norm to None
[2021-01-24 01:32:54,422] INFO: setting ignored attribute vectors_norm to None
[2021-01-24 01:32:54,423] INFO: loading vocabulary recursively from /Users/neo1/PycharmProjects/vec4irltr/model/ir/20210121231330551/model_word2vec_bibl_bible_bcn.vocabulary.* with mmap=None
[2021-01-24 01:32:54,423] INFO: loading vocabulary recursively from /Users/neo1/PycharmProjects/vec4irltr/model/ir/20210121231330551/model_word2vec_bibl_bible_bcn.vocabulary.* with mmap=None
[2021-01-24 01:32:54,424] INFO: loading trainables recursively from /Users/neo1/PycharmProjects/vec4irltr/model/ir/20210121231330551/model_word2vec_bibl_bible_bcn.trainables.* with mmap=None
[2021-01-24 01:32:54,424] INFO: loading trainables recursively from /Users/neo1/PycharmProjects/vec4irltr/model/ir/20210121231330551/model_word2vec_bibl_bible_bcn.trainables.* with mmap=None
[2021-01-24 01:32:54,425] INFO: setting ignored attribute cum_table to None
[2021-01-24 01:32:54,425] INFO: setting ignored attribute cum_table to None
[2021-01-24 01:32:54,425] INFO: loaded /Users/neo1/PycharmProjects/vec4irltr/model/ir/20210121231330551/model_word2vec_bibl_bible_bcn
[2021-01-24 01:32:54,425] INFO: loaded /Users/neo1/PycharmProjects/vec4irltr/model/ir/20210121231330551/model_word2vec_bibl_bible_bcn
[2021-01-24 01:32:54,426] INFO: load time:0.011754989624023438
[2021-01-24 01:32:54,426] INFO: load time:0.011754989624023438
[2021-01-24 01:32:55,430] INFO: pid:67478 done | load time: 1.0155818462371826
[2021-01-24 01:32:55,430] INFO: pid:67478 done | load time: 1.0155818462371826
[2021-01-24 01:32:55,431] INFO: loading model_word2vec_bibl_content
[2021-01-24 01:32:55,431] INFO: loading model_word2vec_bibl_content
[2021-01-24 01:32:55,431] INFO: loading Word2Vec object from /Users/neo1/PycharmProjects/vec4irltr/model/ir/20210121231330551/model_word2vec_bibl_content
[2021-01-24 01:32:55,431] INFO: loading Word2Vec object from /Users/neo1/PycharmProjects/vec4irltr/model/ir/20210121231330551/model_word2vec_bibl_content
[2021-01-24 01:32:55,448] INFO: loading wv recursively from /Users/neo1/PycharmProjects/vec4irltr/model/ir/20210121231330551/model_word2vec_bibl_content.wv.* with mmap=None
[2021-01-24 01:32:55,448] INFO: loading wv recursively from /Users/neo1/PycharmProjects/vec4irltr/model/ir/20210121231330551/model_word2vec_bibl_content.wv.* with mmap=None
[2021-01-24 01:32:55,449] INFO: setting ignored attribute vectors_norm to None
[2021-01-24 01:32:55,449] INFO: setting ignored attribute vectors_norm to None
[2021-01-24 01:32:55,450] INFO: loading vocabulary recursively from /Users/neo1/PycharmProjects/vec4irltr/model/ir/20210121231330551/model_word2vec_bibl_content.vocabulary.* with mmap=None
[2021-01-24 01:32:55,450] INFO: loading vocabulary recursively from /Users/neo1/PycharmProjects/vec4irltr/model/ir/20210121231330551/model_word2vec_bibl_content.vocabulary.* with mmap=None
[2021-01-24 01:32:55,450] INFO: loading trainables recursively from /Users/neo1/PycharmProjects/vec4irltr/model/ir/20210121231330551/model_word2vec_bibl_content.trainables.* with mmap=None
[2021-01-24 01:32:55,450] INFO: loading trainables recursively from /Users/neo1/PycharmProjects/vec4irltr/model/ir/20210121231330551/model_word2vec_bibl_content.trainables.* with mmap=None
[2021-01-24 01:32:55,451] INFO: setting ignored attribute cum_table to None
[2021-01-24 01:32:55,451] INFO: setting ignored attribute cum_table to None
[2021-01-24 01:32:55,452] INFO: loaded /Users/neo1/PycharmProjects/vec4irltr/model/ir/20210121231330551/model_word2vec_bibl_content
[2021-01-24 01:32:55,452] INFO: loaded /Users/neo1/PycharmProjects/vec4irltr/model/ir/20210121231330551/model_word2vec_bibl_content
[2021-01-24 01:32:55,455] INFO: load time:0.023886680603027344
[2021-01-24 01:32:55,455] INFO: load time:0.023886680603027344
[2021-01-24 01:32:56,460] INFO: pid:67478 done | load time: 1.028336763381958
[2021-01-24 01:32:56,460] INFO: pid:67478 done | load time: 1.028336763381958
[2021-01-24 01:32:56,461] INFO: loading model_word2vec_bibl_econtent
[2021-01-24 01:32:56,461] INFO: loading model_word2vec_bibl_econtent
[2021-01-24 01:32:56,461] INFO: loading Word2Vec object from /Users/neo1/PycharmProjects/vec4irltr/model/ir/20210121231330551/model_word2vec_bibl_econtent
[2021-01-24 01:32:56,461] INFO: loading Word2Vec object from /Users/neo1/PycharmProjects/vec4irltr/model/ir/20210121231330551/model_word2vec_bibl_econtent
[2021-01-24 01:32:56,463] INFO: loading wv recursively from /Users/neo1/PycharmProjects/vec4irltr/model/ir/20210121231330551/model_word2vec_bibl_econtent.wv.* with mmap=None
[2021-01-24 01:32:56,463] INFO: loading wv recursively from /Users/neo1/PycharmProjects/vec4irltr/model/ir/20210121231330551/model_word2vec_bibl_econtent.wv.* with mmap=None
[2021-01-24 01:32:56,464] INFO: setting ignored attribute vectors_norm to None
[2021-01-24 01:32:56,464] INFO: setting ignored attribute vectors_norm to None
[2021-01-24 01:32:56,464] INFO: loading vocabulary recursively from /Users/neo1/PycharmProjects/vec4irltr/model/ir/20210121231330551/model_word2vec_bibl_econtent.vocabulary.* with mmap=None
[2021-01-24 01:32:56,464] INFO: loading vocabulary recursively from /Users/neo1/PycharmProjects/vec4irltr/model/ir/20210121231330551/model_word2vec_bibl_econtent.vocabulary.* with mmap=None
[2021-01-24 01:32:56,465] INFO: loading trainables recursively from /Users/neo1/PycharmProjects/vec4irltr/model/ir/20210121231330551/model_word2vec_bibl_econtent.trainables.* with mmap=None
[2021-01-24 01:32:56,465] INFO: loading trainables recursively from /Users/neo1/PycharmProjects/vec4irltr/model/ir/20210121231330551/model_word2vec_bibl_econtent.trainables.* with mmap=None
[2021-01-24 01:32:56,466] INFO: setting ignored attribute cum_table to None
[2021-01-24 01:32:56,466] INFO: setting ignored attribute cum_table to None
[2021-01-24 01:32:56,466] INFO: loaded /Users/neo1/PycharmProjects/vec4irltr/model/ir/20210121231330551/model_word2vec_bibl_econtent
[2021-01-24 01:32:56,466] INFO: loaded /Users/neo1/PycharmProjects/vec4irltr/model/ir/20210121231330551/model_word2vec_bibl_econtent
[2021-01-24 01:32:56,467] INFO: load time:0.006084918975830078
[2021-01-24 01:32:56,467] INFO: load time:0.006084918975830078
[2021-01-24 01:32:57,471] INFO: pid:67478 done | load time: 1.0100839138031006
[2021-01-24 01:32:57,471] INFO: pid:67478 done | load time: 1.0100839138031006
