[2021-02-01 22:24:06,731] INFO: set_init_models_and_get_retrievals
[2021-02-01 22:24:06,731] INFO: set_init_models_and_get_retrievals
[2021-02-01 22:24:06,735] INFO: loading model_word2vec_bibl_bible_bcn
[2021-02-01 22:24:06,735] INFO: loading model_word2vec_bibl_bible_bcn
[2021-02-01 22:24:06,735] INFO: loading Word2Vec object from /Users/neo1/PycharmProjects/vec4irltr/model/ir/20210127210618894/model_word2vec_bibl_bible_bcn
[2021-02-01 22:24:06,735] INFO: loading Word2Vec object from /Users/neo1/PycharmProjects/vec4irltr/model/ir/20210127210618894/model_word2vec_bibl_bible_bcn
[2021-02-01 22:24:06,739] INFO: loading wv recursively from /Users/neo1/PycharmProjects/vec4irltr/model/ir/20210127210618894/model_word2vec_bibl_bible_bcn.wv.* with mmap=None
[2021-02-01 22:24:06,739] INFO: loading wv recursively from /Users/neo1/PycharmProjects/vec4irltr/model/ir/20210127210618894/model_word2vec_bibl_bible_bcn.wv.* with mmap=None
[2021-02-01 22:24:06,740] INFO: setting ignored attribute vectors_norm to None
[2021-02-01 22:24:06,740] INFO: setting ignored attribute vectors_norm to None
[2021-02-01 22:24:06,740] INFO: loading vocabulary recursively from /Users/neo1/PycharmProjects/vec4irltr/model/ir/20210127210618894/model_word2vec_bibl_bible_bcn.vocabulary.* with mmap=None
[2021-02-01 22:24:06,740] INFO: loading vocabulary recursively from /Users/neo1/PycharmProjects/vec4irltr/model/ir/20210127210618894/model_word2vec_bibl_bible_bcn.vocabulary.* with mmap=None
[2021-02-01 22:24:06,740] INFO: loading trainables recursively from /Users/neo1/PycharmProjects/vec4irltr/model/ir/20210127210618894/model_word2vec_bibl_bible_bcn.trainables.* with mmap=None
[2021-02-01 22:24:06,740] INFO: loading trainables recursively from /Users/neo1/PycharmProjects/vec4irltr/model/ir/20210127210618894/model_word2vec_bibl_bible_bcn.trainables.* with mmap=None
[2021-02-01 22:24:06,741] INFO: setting ignored attribute cum_table to None
[2021-02-01 22:24:06,741] INFO: setting ignored attribute cum_table to None
[2021-02-01 22:24:06,741] INFO: loaded /Users/neo1/PycharmProjects/vec4irltr/model/ir/20210127210618894/model_word2vec_bibl_bible_bcn
[2021-02-01 22:24:06,741] INFO: loaded /Users/neo1/PycharmProjects/vec4irltr/model/ir/20210127210618894/model_word2vec_bibl_bible_bcn
[2021-02-01 22:24:06,742] INFO: load time:0.006417036056518555
[2021-02-01 22:24:06,742] INFO: load time:0.006417036056518555
[2021-02-01 22:24:07,747] INFO: pid:47792 done | load time: 1.0117700099945068
[2021-02-01 22:24:07,747] INFO: pid:47792 done | load time: 1.0117700099945068
[2021-02-01 22:24:07,747] INFO: loading model_word2vec_bibl_content
[2021-02-01 22:24:07,747] INFO: loading model_word2vec_bibl_content
[2021-02-01 22:24:07,748] INFO: loading Word2Vec object from /Users/neo1/PycharmProjects/vec4irltr/model/ir/20210127210618894/model_word2vec_bibl_content
[2021-02-01 22:24:07,748] INFO: loading Word2Vec object from /Users/neo1/PycharmProjects/vec4irltr/model/ir/20210127210618894/model_word2vec_bibl_content
[2021-02-01 22:24:07,762] INFO: loading wv recursively from /Users/neo1/PycharmProjects/vec4irltr/model/ir/20210127210618894/model_word2vec_bibl_content.wv.* with mmap=None
[2021-02-01 22:24:07,762] INFO: loading wv recursively from /Users/neo1/PycharmProjects/vec4irltr/model/ir/20210127210618894/model_word2vec_bibl_content.wv.* with mmap=None
[2021-02-01 22:24:07,763] INFO: setting ignored attribute vectors_norm to None
[2021-02-01 22:24:07,763] INFO: setting ignored attribute vectors_norm to None
[2021-02-01 22:24:07,763] INFO: loading vocabulary recursively from /Users/neo1/PycharmProjects/vec4irltr/model/ir/20210127210618894/model_word2vec_bibl_content.vocabulary.* with mmap=None
[2021-02-01 22:24:07,763] INFO: loading vocabulary recursively from /Users/neo1/PycharmProjects/vec4irltr/model/ir/20210127210618894/model_word2vec_bibl_content.vocabulary.* with mmap=None
[2021-02-01 22:24:07,763] INFO: loading trainables recursively from /Users/neo1/PycharmProjects/vec4irltr/model/ir/20210127210618894/model_word2vec_bibl_content.trainables.* with mmap=None
[2021-02-01 22:24:07,763] INFO: loading trainables recursively from /Users/neo1/PycharmProjects/vec4irltr/model/ir/20210127210618894/model_word2vec_bibl_content.trainables.* with mmap=None
[2021-02-01 22:24:07,764] INFO: setting ignored attribute cum_table to None
[2021-02-01 22:24:07,764] INFO: setting ignored attribute cum_table to None
[2021-02-01 22:24:07,764] INFO: loaded /Users/neo1/PycharmProjects/vec4irltr/model/ir/20210127210618894/model_word2vec_bibl_content
[2021-02-01 22:24:07,764] INFO: loaded /Users/neo1/PycharmProjects/vec4irltr/model/ir/20210127210618894/model_word2vec_bibl_content
[2021-02-01 22:24:07,766] INFO: load time:0.018599271774291992
[2021-02-01 22:24:07,766] INFO: load time:0.018599271774291992
[2021-02-01 22:24:08,769] INFO: pid:47792 done | load time: 1.0209920406341553
[2021-02-01 22:24:08,769] INFO: pid:47792 done | load time: 1.0209920406341553
[2021-02-01 22:24:08,769] INFO: loading model_word2vec_bibl_econtent
[2021-02-01 22:24:08,769] INFO: loading model_word2vec_bibl_econtent
[2021-02-01 22:24:08,770] INFO: loading Word2Vec object from /Users/neo1/PycharmProjects/vec4irltr/model/ir/20210127210618894/model_word2vec_bibl_econtent
[2021-02-01 22:24:08,770] INFO: loading Word2Vec object from /Users/neo1/PycharmProjects/vec4irltr/model/ir/20210127210618894/model_word2vec_bibl_econtent
[2021-02-01 22:24:08,774] INFO: loading wv recursively from /Users/neo1/PycharmProjects/vec4irltr/model/ir/20210127210618894/model_word2vec_bibl_econtent.wv.* with mmap=None
[2021-02-01 22:24:08,774] INFO: loading wv recursively from /Users/neo1/PycharmProjects/vec4irltr/model/ir/20210127210618894/model_word2vec_bibl_econtent.wv.* with mmap=None
[2021-02-01 22:24:08,775] INFO: setting ignored attribute vectors_norm to None
[2021-02-01 22:24:08,775] INFO: setting ignored attribute vectors_norm to None
[2021-02-01 22:24:08,775] INFO: loading vocabulary recursively from /Users/neo1/PycharmProjects/vec4irltr/model/ir/20210127210618894/model_word2vec_bibl_econtent.vocabulary.* with mmap=None
[2021-02-01 22:24:08,775] INFO: loading vocabulary recursively from /Users/neo1/PycharmProjects/vec4irltr/model/ir/20210127210618894/model_word2vec_bibl_econtent.vocabulary.* with mmap=None
[2021-02-01 22:24:08,775] INFO: loading trainables recursively from /Users/neo1/PycharmProjects/vec4irltr/model/ir/20210127210618894/model_word2vec_bibl_econtent.trainables.* with mmap=None
[2021-02-01 22:24:08,775] INFO: loading trainables recursively from /Users/neo1/PycharmProjects/vec4irltr/model/ir/20210127210618894/model_word2vec_bibl_econtent.trainables.* with mmap=None
[2021-02-01 22:24:08,776] INFO: setting ignored attribute cum_table to None
[2021-02-01 22:24:08,776] INFO: setting ignored attribute cum_table to None
[2021-02-01 22:24:08,776] INFO: loaded /Users/neo1/PycharmProjects/vec4irltr/model/ir/20210127210618894/model_word2vec_bibl_econtent
[2021-02-01 22:24:08,776] INFO: loaded /Users/neo1/PycharmProjects/vec4irltr/model/ir/20210127210618894/model_word2vec_bibl_econtent
[2021-02-01 22:24:08,776] INFO: load time:0.006945133209228516
[2021-02-01 22:24:08,776] INFO: load time:0.006945133209228516
[2021-02-01 22:24:09,779] INFO: pid:47792 done | load time: 1.0097968578338623
[2021-02-01 22:24:09,779] INFO: pid:47792 done | load time: 1.0097968578338623
[2021-02-01 22:24:32,584] INFO: set_init_models_and_get_retrievals
[2021-02-01 22:24:32,584] INFO: set_init_models_and_get_retrievals
[2021-02-01 22:24:32,588] INFO: loading model_word2vec_bibl_bible_bcn
[2021-02-01 22:24:32,588] INFO: loading model_word2vec_bibl_bible_bcn
[2021-02-01 22:24:32,589] INFO: loading Word2Vec object from /Users/neo1/PycharmProjects/vec4irltr/model/ir/20210127210618894/model_word2vec_bibl_bible_bcn
[2021-02-01 22:24:32,589] INFO: loading Word2Vec object from /Users/neo1/PycharmProjects/vec4irltr/model/ir/20210127210618894/model_word2vec_bibl_bible_bcn
[2021-02-01 22:24:32,591] INFO: loading wv recursively from /Users/neo1/PycharmProjects/vec4irltr/model/ir/20210127210618894/model_word2vec_bibl_bible_bcn.wv.* with mmap=None
[2021-02-01 22:24:32,591] INFO: loading wv recursively from /Users/neo1/PycharmProjects/vec4irltr/model/ir/20210127210618894/model_word2vec_bibl_bible_bcn.wv.* with mmap=None
[2021-02-01 22:24:32,592] INFO: setting ignored attribute vectors_norm to None
[2021-02-01 22:24:32,592] INFO: setting ignored attribute vectors_norm to None
[2021-02-01 22:24:32,592] INFO: loading vocabulary recursively from /Users/neo1/PycharmProjects/vec4irltr/model/ir/20210127210618894/model_word2vec_bibl_bible_bcn.vocabulary.* with mmap=None
[2021-02-01 22:24:32,592] INFO: loading vocabulary recursively from /Users/neo1/PycharmProjects/vec4irltr/model/ir/20210127210618894/model_word2vec_bibl_bible_bcn.vocabulary.* with mmap=None
[2021-02-01 22:24:32,593] INFO: loading trainables recursively from /Users/neo1/PycharmProjects/vec4irltr/model/ir/20210127210618894/model_word2vec_bibl_bible_bcn.trainables.* with mmap=None
[2021-02-01 22:24:32,593] INFO: loading trainables recursively from /Users/neo1/PycharmProjects/vec4irltr/model/ir/20210127210618894/model_word2vec_bibl_bible_bcn.trainables.* with mmap=None
[2021-02-01 22:24:32,593] INFO: setting ignored attribute cum_table to None
[2021-02-01 22:24:32,593] INFO: setting ignored attribute cum_table to None
[2021-02-01 22:24:32,594] INFO: loaded /Users/neo1/PycharmProjects/vec4irltr/model/ir/20210127210618894/model_word2vec_bibl_bible_bcn
[2021-02-01 22:24:32,594] INFO: loaded /Users/neo1/PycharmProjects/vec4irltr/model/ir/20210127210618894/model_word2vec_bibl_bible_bcn
[2021-02-01 22:24:32,594] INFO: load time:0.0057220458984375
[2021-02-01 22:24:32,594] INFO: load time:0.0057220458984375
[2021-02-01 22:24:33,595] INFO: pid:47841 done | load time: 1.0067191123962402
[2021-02-01 22:24:33,595] INFO: pid:47841 done | load time: 1.0067191123962402
[2021-02-01 22:24:33,596] INFO: loading model_word2vec_bibl_content
[2021-02-01 22:24:33,596] INFO: loading model_word2vec_bibl_content
[2021-02-01 22:24:33,596] INFO: loading Word2Vec object from /Users/neo1/PycharmProjects/vec4irltr/model/ir/20210127210618894/model_word2vec_bibl_content
[2021-02-01 22:24:33,596] INFO: loading Word2Vec object from /Users/neo1/PycharmProjects/vec4irltr/model/ir/20210127210618894/model_word2vec_bibl_content
[2021-02-01 22:24:33,606] INFO: loading wv recursively from /Users/neo1/PycharmProjects/vec4irltr/model/ir/20210127210618894/model_word2vec_bibl_content.wv.* with mmap=None
[2021-02-01 22:24:33,606] INFO: loading wv recursively from /Users/neo1/PycharmProjects/vec4irltr/model/ir/20210127210618894/model_word2vec_bibl_content.wv.* with mmap=None
[2021-02-01 22:24:33,607] INFO: setting ignored attribute vectors_norm to None
[2021-02-01 22:24:33,607] INFO: setting ignored attribute vectors_norm to None
[2021-02-01 22:24:33,607] INFO: loading vocabulary recursively from /Users/neo1/PycharmProjects/vec4irltr/model/ir/20210127210618894/model_word2vec_bibl_content.vocabulary.* with mmap=None
[2021-02-01 22:24:33,607] INFO: loading vocabulary recursively from /Users/neo1/PycharmProjects/vec4irltr/model/ir/20210127210618894/model_word2vec_bibl_content.vocabulary.* with mmap=None
[2021-02-01 22:24:33,607] INFO: loading trainables recursively from /Users/neo1/PycharmProjects/vec4irltr/model/ir/20210127210618894/model_word2vec_bibl_content.trainables.* with mmap=None
[2021-02-01 22:24:33,607] INFO: loading trainables recursively from /Users/neo1/PycharmProjects/vec4irltr/model/ir/20210127210618894/model_word2vec_bibl_content.trainables.* with mmap=None
[2021-02-01 22:24:33,607] INFO: setting ignored attribute cum_table to None
[2021-02-01 22:24:33,607] INFO: setting ignored attribute cum_table to None
[2021-02-01 22:24:33,608] INFO: loaded /Users/neo1/PycharmProjects/vec4irltr/model/ir/20210127210618894/model_word2vec_bibl_content
[2021-02-01 22:24:33,608] INFO: loaded /Users/neo1/PycharmProjects/vec4irltr/model/ir/20210127210618894/model_word2vec_bibl_content
[2021-02-01 22:24:33,610] INFO: load time:0.013667821884155273
[2021-02-01 22:24:33,610] INFO: load time:0.013667821884155273
[2021-02-01 22:24:34,612] INFO: pid:47841 done | load time: 1.0158050060272217
[2021-02-01 22:24:34,612] INFO: pid:47841 done | load time: 1.0158050060272217
[2021-02-01 22:24:34,612] INFO: loading model_word2vec_bibl_econtent
[2021-02-01 22:24:34,612] INFO: loading model_word2vec_bibl_econtent
[2021-02-01 22:24:34,613] INFO: loading Word2Vec object from /Users/neo1/PycharmProjects/vec4irltr/model/ir/20210127210618894/model_word2vec_bibl_econtent
[2021-02-01 22:24:34,613] INFO: loading Word2Vec object from /Users/neo1/PycharmProjects/vec4irltr/model/ir/20210127210618894/model_word2vec_bibl_econtent
[2021-02-01 22:24:34,614] INFO: loading wv recursively from /Users/neo1/PycharmProjects/vec4irltr/model/ir/20210127210618894/model_word2vec_bibl_econtent.wv.* with mmap=None
[2021-02-01 22:24:34,614] INFO: loading wv recursively from /Users/neo1/PycharmProjects/vec4irltr/model/ir/20210127210618894/model_word2vec_bibl_econtent.wv.* with mmap=None
[2021-02-01 22:24:34,615] INFO: setting ignored attribute vectors_norm to None
[2021-02-01 22:24:34,615] INFO: setting ignored attribute vectors_norm to None
[2021-02-01 22:24:34,615] INFO: loading vocabulary recursively from /Users/neo1/PycharmProjects/vec4irltr/model/ir/20210127210618894/model_word2vec_bibl_econtent.vocabulary.* with mmap=None
[2021-02-01 22:24:34,615] INFO: loading vocabulary recursively from /Users/neo1/PycharmProjects/vec4irltr/model/ir/20210127210618894/model_word2vec_bibl_econtent.vocabulary.* with mmap=None
[2021-02-01 22:24:34,615] INFO: loading trainables recursively from /Users/neo1/PycharmProjects/vec4irltr/model/ir/20210127210618894/model_word2vec_bibl_econtent.trainables.* with mmap=None
[2021-02-01 22:24:34,615] INFO: loading trainables recursively from /Users/neo1/PycharmProjects/vec4irltr/model/ir/20210127210618894/model_word2vec_bibl_econtent.trainables.* with mmap=None
[2021-02-01 22:24:34,615] INFO: setting ignored attribute cum_table to None
[2021-02-01 22:24:34,615] INFO: setting ignored attribute cum_table to None
[2021-02-01 22:24:34,616] INFO: loaded /Users/neo1/PycharmProjects/vec4irltr/model/ir/20210127210618894/model_word2vec_bibl_econtent
[2021-02-01 22:24:34,616] INFO: loaded /Users/neo1/PycharmProjects/vec4irltr/model/ir/20210127210618894/model_word2vec_bibl_econtent
[2021-02-01 22:24:34,616] INFO: load time:0.0035047531127929688
[2021-02-01 22:24:34,616] INFO: load time:0.0035047531127929688
[2021-02-01 22:24:35,618] INFO: pid:47841 done | load time: 1.005030870437622
[2021-02-01 22:24:35,618] INFO: pid:47841 done | load time: 1.005030870437622
[2021-02-01 22:24:40,711] INFO: api/search?q=태초에 하나님께서 천지를
[2021-02-01 22:24:40,711] INFO: api/search?q=태초에 하나님께서 천지를
[2021-02-01 22:24:53,566] INFO: api/search?q=태초에 하나님께서 천지를
[2021-02-01 22:24:53,566] INFO: api/search?q=태초에 하나님께서 천지를
