[2021-01-23 13:03:11,693] INFO: set_init_models_and_get_retrievals
[2021-01-23 13:03:11,693] INFO: set_init_models_and_get_retrievals
[2021-01-23 13:03:11,699] INFO: loading model_word2vec_bibl_bible_bcn
[2021-01-23 13:03:11,699] INFO: loading model_word2vec_bibl_bible_bcn
[2021-01-23 13:03:11,700] INFO: loading Word2Vec object from /Users/neo1/PycharmProjects/vec4irltr/model/ir/20210121231330551/model_word2vec_bibl_bible_bcn
[2021-01-23 13:03:11,700] INFO: loading Word2Vec object from /Users/neo1/PycharmProjects/vec4irltr/model/ir/20210121231330551/model_word2vec_bibl_bible_bcn
[2021-01-23 13:03:11,703] INFO: loading wv recursively from /Users/neo1/PycharmProjects/vec4irltr/model/ir/20210121231330551/model_word2vec_bibl_bible_bcn.wv.* with mmap=None
[2021-01-23 13:03:11,703] INFO: loading wv recursively from /Users/neo1/PycharmProjects/vec4irltr/model/ir/20210121231330551/model_word2vec_bibl_bible_bcn.wv.* with mmap=None
[2021-01-23 13:03:11,704] INFO: setting ignored attribute vectors_norm to None
[2021-01-23 13:03:11,704] INFO: setting ignored attribute vectors_norm to None
[2021-01-23 13:03:11,704] INFO: loading vocabulary recursively from /Users/neo1/PycharmProjects/vec4irltr/model/ir/20210121231330551/model_word2vec_bibl_bible_bcn.vocabulary.* with mmap=None
[2021-01-23 13:03:11,704] INFO: loading vocabulary recursively from /Users/neo1/PycharmProjects/vec4irltr/model/ir/20210121231330551/model_word2vec_bibl_bible_bcn.vocabulary.* with mmap=None
[2021-01-23 13:03:11,705] INFO: loading trainables recursively from /Users/neo1/PycharmProjects/vec4irltr/model/ir/20210121231330551/model_word2vec_bibl_bible_bcn.trainables.* with mmap=None
[2021-01-23 13:03:11,705] INFO: loading trainables recursively from /Users/neo1/PycharmProjects/vec4irltr/model/ir/20210121231330551/model_word2vec_bibl_bible_bcn.trainables.* with mmap=None
[2021-01-23 13:03:11,706] INFO: setting ignored attribute cum_table to None
[2021-01-23 13:03:11,706] INFO: setting ignored attribute cum_table to None
[2021-01-23 13:03:11,707] INFO: loaded /Users/neo1/PycharmProjects/vec4irltr/model/ir/20210121231330551/model_word2vec_bibl_bible_bcn
[2021-01-23 13:03:11,707] INFO: loaded /Users/neo1/PycharmProjects/vec4irltr/model/ir/20210121231330551/model_word2vec_bibl_bible_bcn
[2021-01-23 13:03:11,708] INFO: load time:0.008148908615112305
[2021-01-23 13:03:11,708] INFO: load time:0.008148908615112305
[2021-01-23 13:03:12,709] INFO: pid:14127 done | load time: 1.0088629722595215
[2021-01-23 13:03:12,709] INFO: pid:14127 done | load time: 1.0088629722595215
[2021-01-23 13:03:12,710] INFO: loading model_word2vec_bibl_content
[2021-01-23 13:03:12,710] INFO: loading model_word2vec_bibl_content
[2021-01-23 13:03:12,710] INFO: loading Word2Vec object from /Users/neo1/PycharmProjects/vec4irltr/model/ir/20210121231330551/model_word2vec_bibl_content
[2021-01-23 13:03:12,710] INFO: loading Word2Vec object from /Users/neo1/PycharmProjects/vec4irltr/model/ir/20210121231330551/model_word2vec_bibl_content
[2021-01-23 13:03:12,721] INFO: loading wv recursively from /Users/neo1/PycharmProjects/vec4irltr/model/ir/20210121231330551/model_word2vec_bibl_content.wv.* with mmap=None
[2021-01-23 13:03:12,721] INFO: loading wv recursively from /Users/neo1/PycharmProjects/vec4irltr/model/ir/20210121231330551/model_word2vec_bibl_content.wv.* with mmap=None
[2021-01-23 13:03:12,722] INFO: setting ignored attribute vectors_norm to None
[2021-01-23 13:03:12,722] INFO: setting ignored attribute vectors_norm to None
[2021-01-23 13:03:12,723] INFO: loading vocabulary recursively from /Users/neo1/PycharmProjects/vec4irltr/model/ir/20210121231330551/model_word2vec_bibl_content.vocabulary.* with mmap=None
[2021-01-23 13:03:12,723] INFO: loading vocabulary recursively from /Users/neo1/PycharmProjects/vec4irltr/model/ir/20210121231330551/model_word2vec_bibl_content.vocabulary.* with mmap=None
[2021-01-23 13:03:12,724] INFO: loading trainables recursively from /Users/neo1/PycharmProjects/vec4irltr/model/ir/20210121231330551/model_word2vec_bibl_content.trainables.* with mmap=None
[2021-01-23 13:03:12,724] INFO: loading trainables recursively from /Users/neo1/PycharmProjects/vec4irltr/model/ir/20210121231330551/model_word2vec_bibl_content.trainables.* with mmap=None
[2021-01-23 13:03:12,724] INFO: setting ignored attribute cum_table to None
[2021-01-23 13:03:12,724] INFO: setting ignored attribute cum_table to None
[2021-01-23 13:03:12,725] INFO: loaded /Users/neo1/PycharmProjects/vec4irltr/model/ir/20210121231330551/model_word2vec_bibl_content
[2021-01-23 13:03:12,725] INFO: loaded /Users/neo1/PycharmProjects/vec4irltr/model/ir/20210121231330551/model_word2vec_bibl_content
[2021-01-23 13:03:12,729] INFO: load time:0.018249988555908203
[2021-01-23 13:03:12,729] INFO: load time:0.018249988555908203
[2021-01-23 13:03:13,733] INFO: pid:14127 done | load time: 1.0230870246887207
[2021-01-23 13:03:13,733] INFO: pid:14127 done | load time: 1.0230870246887207
[2021-01-23 13:03:13,734] INFO: loading model_word2vec_bibl_econtent
[2021-01-23 13:03:13,734] INFO: loading model_word2vec_bibl_econtent
[2021-01-23 13:03:13,735] INFO: loading Word2Vec object from /Users/neo1/PycharmProjects/vec4irltr/model/ir/20210121231330551/model_word2vec_bibl_econtent
[2021-01-23 13:03:13,735] INFO: loading Word2Vec object from /Users/neo1/PycharmProjects/vec4irltr/model/ir/20210121231330551/model_word2vec_bibl_econtent
[2021-01-23 13:03:13,737] INFO: loading wv recursively from /Users/neo1/PycharmProjects/vec4irltr/model/ir/20210121231330551/model_word2vec_bibl_econtent.wv.* with mmap=None
[2021-01-23 13:03:13,737] INFO: loading wv recursively from /Users/neo1/PycharmProjects/vec4irltr/model/ir/20210121231330551/model_word2vec_bibl_econtent.wv.* with mmap=None
[2021-01-23 13:03:13,738] INFO: setting ignored attribute vectors_norm to None
[2021-01-23 13:03:13,738] INFO: setting ignored attribute vectors_norm to None
[2021-01-23 13:03:13,738] INFO: loading vocabulary recursively from /Users/neo1/PycharmProjects/vec4irltr/model/ir/20210121231330551/model_word2vec_bibl_econtent.vocabulary.* with mmap=None
[2021-01-23 13:03:13,738] INFO: loading vocabulary recursively from /Users/neo1/PycharmProjects/vec4irltr/model/ir/20210121231330551/model_word2vec_bibl_econtent.vocabulary.* with mmap=None
[2021-01-23 13:03:13,739] INFO: loading trainables recursively from /Users/neo1/PycharmProjects/vec4irltr/model/ir/20210121231330551/model_word2vec_bibl_econtent.trainables.* with mmap=None
[2021-01-23 13:03:13,739] INFO: loading trainables recursively from /Users/neo1/PycharmProjects/vec4irltr/model/ir/20210121231330551/model_word2vec_bibl_econtent.trainables.* with mmap=None
[2021-01-23 13:03:13,740] INFO: setting ignored attribute cum_table to None
[2021-01-23 13:03:13,740] INFO: setting ignored attribute cum_table to None
[2021-01-23 13:03:13,741] INFO: loaded /Users/neo1/PycharmProjects/vec4irltr/model/ir/20210121231330551/model_word2vec_bibl_econtent
[2021-01-23 13:03:13,741] INFO: loaded /Users/neo1/PycharmProjects/vec4irltr/model/ir/20210121231330551/model_word2vec_bibl_econtent
[2021-01-23 13:03:13,741] INFO: load time:0.006426811218261719
[2021-01-23 13:03:13,741] INFO: load time:0.006426811218261719
[2021-01-23 13:03:14,744] INFO: pid:14127 done | load time: 1.008741855621338
[2021-01-23 13:03:14,744] INFO: pid:14127 done | load time: 1.008741855621338
[2021-01-23 13:03:23,372] INFO: loading model_fasttext_bibl_bible_bcn
[2021-01-23 13:03:23,372] INFO: loading model_fasttext_bibl_bible_bcn
[2021-01-23 13:03:23,373] INFO: loading FastText object from /Users/neo1/PycharmProjects/vec4irltr/model/ir/20210121231330551/model_fasttext_bibl_bible_bcn
[2021-01-23 13:03:23,373] INFO: loading FastText object from /Users/neo1/PycharmProjects/vec4irltr/model/ir/20210121231330551/model_fasttext_bibl_bible_bcn
[2021-01-23 13:03:23,379] INFO: loading wv recursively from /Users/neo1/PycharmProjects/vec4irltr/model/ir/20210121231330551/model_fasttext_bibl_bible_bcn.wv.* with mmap=None
[2021-01-23 13:03:23,379] INFO: loading wv recursively from /Users/neo1/PycharmProjects/vec4irltr/model/ir/20210121231330551/model_fasttext_bibl_bible_bcn.wv.* with mmap=None
[2021-01-23 13:03:23,380] INFO: loading vectors_ngrams from /Users/neo1/PycharmProjects/vec4irltr/model/ir/20210121231330551/model_fasttext_bibl_bible_bcn.wv.vectors_ngrams.npy with mmap=None
[2021-01-23 13:03:23,380] INFO: loading vectors_ngrams from /Users/neo1/PycharmProjects/vec4irltr/model/ir/20210121231330551/model_fasttext_bibl_bible_bcn.wv.vectors_ngrams.npy with mmap=None
[2021-01-23 13:03:25,032] INFO: setting ignored attribute vectors_norm to None
[2021-01-23 13:03:25,032] INFO: setting ignored attribute vectors_norm to None
[2021-01-23 13:03:25,033] INFO: setting ignored attribute vectors_vocab_norm to None
[2021-01-23 13:03:25,033] INFO: setting ignored attribute vectors_vocab_norm to None
[2021-01-23 13:03:25,033] INFO: setting ignored attribute vectors_ngrams_norm to None
[2021-01-23 13:03:25,033] INFO: setting ignored attribute vectors_ngrams_norm to None
[2021-01-23 13:03:25,034] INFO: setting ignored attribute buckets_word to None
[2021-01-23 13:03:25,034] INFO: setting ignored attribute buckets_word to None
[2021-01-23 13:03:25,035] INFO: loading vocabulary recursively from /Users/neo1/PycharmProjects/vec4irltr/model/ir/20210121231330551/model_fasttext_bibl_bible_bcn.vocabulary.* with mmap=None
[2021-01-23 13:03:25,035] INFO: loading vocabulary recursively from /Users/neo1/PycharmProjects/vec4irltr/model/ir/20210121231330551/model_fasttext_bibl_bible_bcn.vocabulary.* with mmap=None
[2021-01-23 13:03:25,036] INFO: loading trainables recursively from /Users/neo1/PycharmProjects/vec4irltr/model/ir/20210121231330551/model_fasttext_bibl_bible_bcn.trainables.* with mmap=None
[2021-01-23 13:03:25,036] INFO: loading trainables recursively from /Users/neo1/PycharmProjects/vec4irltr/model/ir/20210121231330551/model_fasttext_bibl_bible_bcn.trainables.* with mmap=None
[2021-01-23 13:03:25,037] INFO: loading vectors_ngrams_lockf from /Users/neo1/PycharmProjects/vec4irltr/model/ir/20210121231330551/model_fasttext_bibl_bible_bcn.trainables.vectors_ngrams_lockf.npy with mmap=None
[2021-01-23 13:03:25,037] INFO: loading vectors_ngrams_lockf from /Users/neo1/PycharmProjects/vec4irltr/model/ir/20210121231330551/model_fasttext_bibl_bible_bcn.trainables.vectors_ngrams_lockf.npy with mmap=None
[2021-01-23 13:03:26,009] INFO: loaded /Users/neo1/PycharmProjects/vec4irltr/model/ir/20210121231330551/model_fasttext_bibl_bible_bcn
[2021-01-23 13:03:26,009] INFO: loaded /Users/neo1/PycharmProjects/vec4irltr/model/ir/20210121231330551/model_fasttext_bibl_bible_bcn
[2021-01-23 13:03:26,010] INFO: load time:2.6374378204345703
[2021-01-23 13:03:26,010] INFO: load time:2.6374378204345703
[2021-01-23 13:03:27,011] INFO: pid:14127 done | load time: 3.638727903366089
[2021-01-23 13:03:27,011] INFO: pid:14127 done | load time: 3.638727903366089
[2021-01-23 13:03:27,012] INFO: loading model_fasttext_bibl_content
[2021-01-23 13:03:27,012] INFO: loading model_fasttext_bibl_content
[2021-01-23 13:03:27,013] INFO: loading FastText object from /Users/neo1/PycharmProjects/vec4irltr/model/ir/20210121231330551/model_fasttext_bibl_content
[2021-01-23 13:03:27,013] INFO: loading FastText object from /Users/neo1/PycharmProjects/vec4irltr/model/ir/20210121231330551/model_fasttext_bibl_content
[2021-01-23 13:03:27,033] INFO: loading wv recursively from /Users/neo1/PycharmProjects/vec4irltr/model/ir/20210121231330551/model_fasttext_bibl_content.wv.* with mmap=None
[2021-01-23 13:03:27,033] INFO: loading wv recursively from /Users/neo1/PycharmProjects/vec4irltr/model/ir/20210121231330551/model_fasttext_bibl_content.wv.* with mmap=None
[2021-01-23 13:03:27,034] INFO: loading vectors_ngrams from /Users/neo1/PycharmProjects/vec4irltr/model/ir/20210121231330551/model_fasttext_bibl_content.wv.vectors_ngrams.npy with mmap=None
[2021-01-23 13:03:27,034] INFO: loading vectors_ngrams from /Users/neo1/PycharmProjects/vec4irltr/model/ir/20210121231330551/model_fasttext_bibl_content.wv.vectors_ngrams.npy with mmap=None
[2021-01-23 13:03:27,476] INFO: setting ignored attribute vectors_norm to None
[2021-01-23 13:03:27,476] INFO: setting ignored attribute vectors_norm to None
[2021-01-23 13:03:27,477] INFO: setting ignored attribute vectors_vocab_norm to None
[2021-01-23 13:03:27,477] INFO: setting ignored attribute vectors_vocab_norm to None
[2021-01-23 13:03:27,478] INFO: setting ignored attribute vectors_ngrams_norm to None
[2021-01-23 13:03:27,478] INFO: setting ignored attribute vectors_ngrams_norm to None
[2021-01-23 13:03:27,478] INFO: setting ignored attribute buckets_word to None
[2021-01-23 13:03:27,478] INFO: setting ignored attribute buckets_word to None
[2021-01-23 13:03:27,479] INFO: loading vocabulary recursively from /Users/neo1/PycharmProjects/vec4irltr/model/ir/20210121231330551/model_fasttext_bibl_content.vocabulary.* with mmap=None
[2021-01-23 13:03:27,479] INFO: loading vocabulary recursively from /Users/neo1/PycharmProjects/vec4irltr/model/ir/20210121231330551/model_fasttext_bibl_content.vocabulary.* with mmap=None
[2021-01-23 13:03:27,480] INFO: loading trainables recursively from /Users/neo1/PycharmProjects/vec4irltr/model/ir/20210121231330551/model_fasttext_bibl_content.trainables.* with mmap=None
[2021-01-23 13:03:27,480] INFO: loading trainables recursively from /Users/neo1/PycharmProjects/vec4irltr/model/ir/20210121231330551/model_fasttext_bibl_content.trainables.* with mmap=None
[2021-01-23 13:03:27,481] INFO: loading vectors_ngrams_lockf from /Users/neo1/PycharmProjects/vec4irltr/model/ir/20210121231330551/model_fasttext_bibl_content.trainables.vectors_ngrams_lockf.npy with mmap=None
[2021-01-23 13:03:27,481] INFO: loading vectors_ngrams_lockf from /Users/neo1/PycharmProjects/vec4irltr/model/ir/20210121231330551/model_fasttext_bibl_content.trainables.vectors_ngrams_lockf.npy with mmap=None
[2021-01-23 13:03:27,945] INFO: loaded /Users/neo1/PycharmProjects/vec4irltr/model/ir/20210121231330551/model_fasttext_bibl_content
[2021-01-23 13:03:27,945] INFO: loaded /Users/neo1/PycharmProjects/vec4irltr/model/ir/20210121231330551/model_fasttext_bibl_content
[2021-01-23 13:03:27,952] INFO: load time:0.9391829967498779
[2021-01-23 13:03:27,952] INFO: load time:0.9391829967498779
[2021-01-23 13:03:28,953] INFO: pid:14127 done | load time: 1.9401988983154297
[2021-01-23 13:03:28,953] INFO: pid:14127 done | load time: 1.9401988983154297
[2021-01-23 13:03:28,954] INFO: loading model_fasttext_bibl_econtent
[2021-01-23 13:03:28,954] INFO: loading model_fasttext_bibl_econtent
[2021-01-23 13:03:28,955] INFO: loading FastText object from /Users/neo1/PycharmProjects/vec4irltr/model/ir/20210121231330551/model_fasttext_bibl_econtent
[2021-01-23 13:03:28,955] INFO: loading FastText object from /Users/neo1/PycharmProjects/vec4irltr/model/ir/20210121231330551/model_fasttext_bibl_econtent
[2021-01-23 13:03:28,960] INFO: loading wv recursively from /Users/neo1/PycharmProjects/vec4irltr/model/ir/20210121231330551/model_fasttext_bibl_econtent.wv.* with mmap=None
[2021-01-23 13:03:28,960] INFO: loading wv recursively from /Users/neo1/PycharmProjects/vec4irltr/model/ir/20210121231330551/model_fasttext_bibl_econtent.wv.* with mmap=None
[2021-01-23 13:03:28,961] INFO: loading vectors_ngrams from /Users/neo1/PycharmProjects/vec4irltr/model/ir/20210121231330551/model_fasttext_bibl_econtent.wv.vectors_ngrams.npy with mmap=None
[2021-01-23 13:03:28,961] INFO: loading vectors_ngrams from /Users/neo1/PycharmProjects/vec4irltr/model/ir/20210121231330551/model_fasttext_bibl_econtent.wv.vectors_ngrams.npy with mmap=None
[2021-01-23 13:03:30,257] INFO: setting ignored attribute vectors_norm to None
[2021-01-23 13:03:30,257] INFO: setting ignored attribute vectors_norm to None
[2021-01-23 13:03:30,259] INFO: setting ignored attribute vectors_vocab_norm to None
[2021-01-23 13:03:30,259] INFO: setting ignored attribute vectors_vocab_norm to None
[2021-01-23 13:03:30,260] INFO: setting ignored attribute vectors_ngrams_norm to None
[2021-01-23 13:03:30,260] INFO: setting ignored attribute vectors_ngrams_norm to None
[2021-01-23 13:03:30,261] INFO: setting ignored attribute buckets_word to None
[2021-01-23 13:03:30,261] INFO: setting ignored attribute buckets_word to None
[2021-01-23 13:03:30,262] INFO: loading vocabulary recursively from /Users/neo1/PycharmProjects/vec4irltr/model/ir/20210121231330551/model_fasttext_bibl_econtent.vocabulary.* with mmap=None
[2021-01-23 13:03:30,262] INFO: loading vocabulary recursively from /Users/neo1/PycharmProjects/vec4irltr/model/ir/20210121231330551/model_fasttext_bibl_econtent.vocabulary.* with mmap=None
[2021-01-23 13:03:30,263] INFO: loading trainables recursively from /Users/neo1/PycharmProjects/vec4irltr/model/ir/20210121231330551/model_fasttext_bibl_econtent.trainables.* with mmap=None
[2021-01-23 13:03:30,263] INFO: loading trainables recursively from /Users/neo1/PycharmProjects/vec4irltr/model/ir/20210121231330551/model_fasttext_bibl_econtent.trainables.* with mmap=None
[2021-01-23 13:03:30,264] INFO: loading vectors_ngrams_lockf from /Users/neo1/PycharmProjects/vec4irltr/model/ir/20210121231330551/model_fasttext_bibl_econtent.trainables.vectors_ngrams_lockf.npy with mmap=None
[2021-01-23 13:03:30,264] INFO: loading vectors_ngrams_lockf from /Users/neo1/PycharmProjects/vec4irltr/model/ir/20210121231330551/model_fasttext_bibl_econtent.trainables.vectors_ngrams_lockf.npy with mmap=None
[2021-01-23 13:03:31,842] INFO: loaded /Users/neo1/PycharmProjects/vec4irltr/model/ir/20210121231330551/model_fasttext_bibl_econtent
[2021-01-23 13:03:31,842] INFO: loaded /Users/neo1/PycharmProjects/vec4irltr/model/ir/20210121231330551/model_fasttext_bibl_econtent
[2021-01-23 13:03:31,843] INFO: load time:2.8881709575653076
[2021-01-23 13:03:31,843] INFO: load time:2.8881709575653076
[2021-01-23 13:03:32,846] INFO: pid:14127 done | load time: 3.891657829284668
[2021-01-23 13:03:32,846] INFO: pid:14127 done | load time: 3.891657829284668
[2021-01-23 13:03:45,785] INFO: api/search?q=태초에
[2021-01-23 13:03:45,785] INFO: api/search?q=태초에
[2021-01-23 13:03:46,072] ERROR: Internal Server Error: /api/search
Traceback (most recent call last):
  File "/Users/neo1/PycharmProjects/vec4irltr/venv/lib/python3.8/site-packages/django/core/handlers/exception.py", line 34, in inner
    response = get_response(request)
  File "/Users/neo1/PycharmProjects/vec4irltr/venv/lib/python3.8/site-packages/django/core/handlers/base.py", line 126, in _get_response
    response = self.process_exception_by_middleware(e, request)
  File "/Users/neo1/PycharmProjects/vec4irltr/venv/lib/python3.8/site-packages/django/core/handlers/base.py", line 124, in _get_response
    response = wrapped_callback(request, *callback_args, **callback_kwargs)
  File "/Users/neo1/PycharmProjects/vec4irltr/venv/lib/python3.8/site-packages/ninja/operation.py", line 227, in _sync_view
    return operation.run(request, *a, **kw)
  File "/Users/neo1/PycharmProjects/vec4irltr/venv/lib/python3.8/site-packages/ninja/operation.py", line 59, in run
    result = self.view_func(request, **values)
  File "/Users/neo1/PycharmProjects/vec4irltr/app/api.py", line 66, in search
    query_results = IRM.get_query_results(q=q, retrievals=RETRIEVALS, columns=columns, k=10)
  File "/Users/neo1/PycharmProjects/vec4irltr/ir/irmanager.py", line 215, in get_query_results
    query_result, score = retrievals[col].query(q=q, return_scores=True, k=k)
KeyError: 'bible_bcn'
[2021-01-23 13:03:46,072] ERROR: Internal Server Error: /api/search
Traceback (most recent call last):
  File "/Users/neo1/PycharmProjects/vec4irltr/venv/lib/python3.8/site-packages/django/core/handlers/exception.py", line 34, in inner
    response = get_response(request)
  File "/Users/neo1/PycharmProjects/vec4irltr/venv/lib/python3.8/site-packages/django/core/handlers/base.py", line 126, in _get_response
    response = self.process_exception_by_middleware(e, request)
  File "/Users/neo1/PycharmProjects/vec4irltr/venv/lib/python3.8/site-packages/django/core/handlers/base.py", line 124, in _get_response
    response = wrapped_callback(request, *callback_args, **callback_kwargs)
  File "/Users/neo1/PycharmProjects/vec4irltr/venv/lib/python3.8/site-packages/ninja/operation.py", line 227, in _sync_view
    return operation.run(request, *a, **kw)
  File "/Users/neo1/PycharmProjects/vec4irltr/venv/lib/python3.8/site-packages/ninja/operation.py", line 59, in run
    result = self.view_func(request, **values)
  File "/Users/neo1/PycharmProjects/vec4irltr/app/api.py", line 66, in search
    query_results = IRM.get_query_results(q=q, retrievals=RETRIEVALS, columns=columns, k=10)
  File "/Users/neo1/PycharmProjects/vec4irltr/ir/irmanager.py", line 215, in get_query_results
    query_result, score = retrievals[col].query(q=q, return_scores=True, k=k)
KeyError: 'bible_bcn'
[2021-01-23 13:04:22,341] INFO: api/search?q=태초에
[2021-01-23 13:04:22,341] INFO: api/search?q=태초에
