[2021-01-23 18:45:24,644] INFO: set_init_models_and_get_retrievals
[2021-01-23 18:45:24,644] INFO: set_init_models_and_get_retrievals
[2021-01-23 18:45:24,651] INFO: loading model_word2vec_bibl_bible_bcn
[2021-01-23 18:45:24,651] INFO: loading model_word2vec_bibl_bible_bcn
[2021-01-23 18:45:24,651] INFO: loading Word2Vec object from /Users/neo1/PycharmProjects/vec4irltr/model/ir/20210121231330551/model_word2vec_bibl_bible_bcn
[2021-01-23 18:45:24,651] INFO: loading Word2Vec object from /Users/neo1/PycharmProjects/vec4irltr/model/ir/20210121231330551/model_word2vec_bibl_bible_bcn
[2021-01-23 18:45:24,655] INFO: loading wv recursively from /Users/neo1/PycharmProjects/vec4irltr/model/ir/20210121231330551/model_word2vec_bibl_bible_bcn.wv.* with mmap=None
[2021-01-23 18:45:24,655] INFO: loading wv recursively from /Users/neo1/PycharmProjects/vec4irltr/model/ir/20210121231330551/model_word2vec_bibl_bible_bcn.wv.* with mmap=None
[2021-01-23 18:45:24,656] INFO: setting ignored attribute vectors_norm to None
[2021-01-23 18:45:24,656] INFO: setting ignored attribute vectors_norm to None
[2021-01-23 18:45:24,656] INFO: loading vocabulary recursively from /Users/neo1/PycharmProjects/vec4irltr/model/ir/20210121231330551/model_word2vec_bibl_bible_bcn.vocabulary.* with mmap=None
[2021-01-23 18:45:24,656] INFO: loading vocabulary recursively from /Users/neo1/PycharmProjects/vec4irltr/model/ir/20210121231330551/model_word2vec_bibl_bible_bcn.vocabulary.* with mmap=None
[2021-01-23 18:45:24,657] INFO: loading trainables recursively from /Users/neo1/PycharmProjects/vec4irltr/model/ir/20210121231330551/model_word2vec_bibl_bible_bcn.trainables.* with mmap=None
[2021-01-23 18:45:24,657] INFO: loading trainables recursively from /Users/neo1/PycharmProjects/vec4irltr/model/ir/20210121231330551/model_word2vec_bibl_bible_bcn.trainables.* with mmap=None
[2021-01-23 18:45:24,658] INFO: setting ignored attribute cum_table to None
[2021-01-23 18:45:24,658] INFO: setting ignored attribute cum_table to None
[2021-01-23 18:45:24,658] INFO: loaded /Users/neo1/PycharmProjects/vec4irltr/model/ir/20210121231330551/model_word2vec_bibl_bible_bcn
[2021-01-23 18:45:24,658] INFO: loaded /Users/neo1/PycharmProjects/vec4irltr/model/ir/20210121231330551/model_word2vec_bibl_bible_bcn
[2021-01-23 18:45:24,659] INFO: load time:0.0075871944427490234
[2021-01-23 18:45:24,659] INFO: load time:0.0075871944427490234
[2021-01-23 18:45:25,661] INFO: pid:38178 done | load time: 1.009742021560669
[2021-01-23 18:45:25,661] INFO: pid:38178 done | load time: 1.009742021560669
[2021-01-23 18:45:25,662] INFO: loading model_word2vec_bibl_content
[2021-01-23 18:45:25,662] INFO: loading model_word2vec_bibl_content
[2021-01-23 18:45:25,662] INFO: loading Word2Vec object from /Users/neo1/PycharmProjects/vec4irltr/model/ir/20210121231330551/model_word2vec_bibl_content
[2021-01-23 18:45:25,662] INFO: loading Word2Vec object from /Users/neo1/PycharmProjects/vec4irltr/model/ir/20210121231330551/model_word2vec_bibl_content
[2021-01-23 18:45:25,673] INFO: loading wv recursively from /Users/neo1/PycharmProjects/vec4irltr/model/ir/20210121231330551/model_word2vec_bibl_content.wv.* with mmap=None
[2021-01-23 18:45:25,673] INFO: loading wv recursively from /Users/neo1/PycharmProjects/vec4irltr/model/ir/20210121231330551/model_word2vec_bibl_content.wv.* with mmap=None
[2021-01-23 18:45:25,674] INFO: setting ignored attribute vectors_norm to None
[2021-01-23 18:45:25,674] INFO: setting ignored attribute vectors_norm to None
[2021-01-23 18:45:25,675] INFO: loading vocabulary recursively from /Users/neo1/PycharmProjects/vec4irltr/model/ir/20210121231330551/model_word2vec_bibl_content.vocabulary.* with mmap=None
[2021-01-23 18:45:25,675] INFO: loading vocabulary recursively from /Users/neo1/PycharmProjects/vec4irltr/model/ir/20210121231330551/model_word2vec_bibl_content.vocabulary.* with mmap=None
[2021-01-23 18:45:25,675] INFO: loading trainables recursively from /Users/neo1/PycharmProjects/vec4irltr/model/ir/20210121231330551/model_word2vec_bibl_content.trainables.* with mmap=None
[2021-01-23 18:45:25,675] INFO: loading trainables recursively from /Users/neo1/PycharmProjects/vec4irltr/model/ir/20210121231330551/model_word2vec_bibl_content.trainables.* with mmap=None
[2021-01-23 18:45:25,676] INFO: setting ignored attribute cum_table to None
[2021-01-23 18:45:25,676] INFO: setting ignored attribute cum_table to None
[2021-01-23 18:45:25,677] INFO: loaded /Users/neo1/PycharmProjects/vec4irltr/model/ir/20210121231330551/model_word2vec_bibl_content
[2021-01-23 18:45:25,677] INFO: loaded /Users/neo1/PycharmProjects/vec4irltr/model/ir/20210121231330551/model_word2vec_bibl_content
[2021-01-23 18:45:25,680] INFO: load time:0.01744699478149414
[2021-01-23 18:45:25,680] INFO: load time:0.01744699478149414
[2021-01-23 18:45:26,682] INFO: pid:38178 done | load time: 1.0197269916534424
[2021-01-23 18:45:26,682] INFO: pid:38178 done | load time: 1.0197269916534424
[2021-01-23 18:45:26,683] INFO: loading model_word2vec_bibl_econtent
[2021-01-23 18:45:26,683] INFO: loading model_word2vec_bibl_econtent
[2021-01-23 18:45:26,683] INFO: loading Word2Vec object from /Users/neo1/PycharmProjects/vec4irltr/model/ir/20210121231330551/model_word2vec_bibl_econtent
[2021-01-23 18:45:26,683] INFO: loading Word2Vec object from /Users/neo1/PycharmProjects/vec4irltr/model/ir/20210121231330551/model_word2vec_bibl_econtent
[2021-01-23 18:45:26,685] INFO: loading wv recursively from /Users/neo1/PycharmProjects/vec4irltr/model/ir/20210121231330551/model_word2vec_bibl_econtent.wv.* with mmap=None
[2021-01-23 18:45:26,685] INFO: loading wv recursively from /Users/neo1/PycharmProjects/vec4irltr/model/ir/20210121231330551/model_word2vec_bibl_econtent.wv.* with mmap=None
[2021-01-23 18:45:26,686] INFO: setting ignored attribute vectors_norm to None
[2021-01-23 18:45:26,686] INFO: setting ignored attribute vectors_norm to None
[2021-01-23 18:45:26,687] INFO: loading vocabulary recursively from /Users/neo1/PycharmProjects/vec4irltr/model/ir/20210121231330551/model_word2vec_bibl_econtent.vocabulary.* with mmap=None
[2021-01-23 18:45:26,687] INFO: loading vocabulary recursively from /Users/neo1/PycharmProjects/vec4irltr/model/ir/20210121231330551/model_word2vec_bibl_econtent.vocabulary.* with mmap=None
[2021-01-23 18:45:26,687] INFO: loading trainables recursively from /Users/neo1/PycharmProjects/vec4irltr/model/ir/20210121231330551/model_word2vec_bibl_econtent.trainables.* with mmap=None
[2021-01-23 18:45:26,687] INFO: loading trainables recursively from /Users/neo1/PycharmProjects/vec4irltr/model/ir/20210121231330551/model_word2vec_bibl_econtent.trainables.* with mmap=None
[2021-01-23 18:45:26,688] INFO: setting ignored attribute cum_table to None
[2021-01-23 18:45:26,688] INFO: setting ignored attribute cum_table to None
[2021-01-23 18:45:26,689] INFO: loaded /Users/neo1/PycharmProjects/vec4irltr/model/ir/20210121231330551/model_word2vec_bibl_econtent
[2021-01-23 18:45:26,689] INFO: loaded /Users/neo1/PycharmProjects/vec4irltr/model/ir/20210121231330551/model_word2vec_bibl_econtent
[2021-01-23 18:45:26,689] INFO: load time:0.005758047103881836
[2021-01-23 18:45:26,689] INFO: load time:0.005758047103881836
[2021-01-23 18:45:27,693] INFO: pid:38178 done | load time: 1.0091392993927002
[2021-01-23 18:45:27,693] INFO: pid:38178 done | load time: 1.0091392993927002
