[2021-01-23 18:36:45,871] INFO: set_init_models_and_get_retrievals
[2021-01-23 18:36:45,871] INFO: set_init_models_and_get_retrievals
[2021-01-23 18:36:45,877] INFO: loading model_word2vec_bibl_bible_bcn
[2021-01-23 18:36:45,877] INFO: loading model_word2vec_bibl_bible_bcn
[2021-01-23 18:36:45,877] INFO: loading Word2Vec object from /Users/neo1/PycharmProjects/vec4irltr/model/ir/20210121231330551/model_word2vec_bibl_bible_bcn
[2021-01-23 18:36:45,877] INFO: loading Word2Vec object from /Users/neo1/PycharmProjects/vec4irltr/model/ir/20210121231330551/model_word2vec_bibl_bible_bcn
[2021-01-23 18:36:45,881] INFO: loading wv recursively from /Users/neo1/PycharmProjects/vec4irltr/model/ir/20210121231330551/model_word2vec_bibl_bible_bcn.wv.* with mmap=None
[2021-01-23 18:36:45,881] INFO: loading wv recursively from /Users/neo1/PycharmProjects/vec4irltr/model/ir/20210121231330551/model_word2vec_bibl_bible_bcn.wv.* with mmap=None
[2021-01-23 18:36:45,882] INFO: setting ignored attribute vectors_norm to None
[2021-01-23 18:36:45,882] INFO: setting ignored attribute vectors_norm to None
[2021-01-23 18:36:45,882] INFO: loading vocabulary recursively from /Users/neo1/PycharmProjects/vec4irltr/model/ir/20210121231330551/model_word2vec_bibl_bible_bcn.vocabulary.* with mmap=None
[2021-01-23 18:36:45,882] INFO: loading vocabulary recursively from /Users/neo1/PycharmProjects/vec4irltr/model/ir/20210121231330551/model_word2vec_bibl_bible_bcn.vocabulary.* with mmap=None
[2021-01-23 18:36:45,883] INFO: loading trainables recursively from /Users/neo1/PycharmProjects/vec4irltr/model/ir/20210121231330551/model_word2vec_bibl_bible_bcn.trainables.* with mmap=None
[2021-01-23 18:36:45,883] INFO: loading trainables recursively from /Users/neo1/PycharmProjects/vec4irltr/model/ir/20210121231330551/model_word2vec_bibl_bible_bcn.trainables.* with mmap=None
[2021-01-23 18:36:45,884] INFO: setting ignored attribute cum_table to None
[2021-01-23 18:36:45,884] INFO: setting ignored attribute cum_table to None
[2021-01-23 18:36:45,885] INFO: loaded /Users/neo1/PycharmProjects/vec4irltr/model/ir/20210121231330551/model_word2vec_bibl_bible_bcn
[2021-01-23 18:36:45,885] INFO: loaded /Users/neo1/PycharmProjects/vec4irltr/model/ir/20210121231330551/model_word2vec_bibl_bible_bcn
[2021-01-23 18:36:45,886] INFO: load time:0.00807499885559082
[2021-01-23 18:36:45,886] INFO: load time:0.00807499885559082
[2021-01-23 18:36:46,890] INFO: pid:37546 done | load time: 1.012247085571289
[2021-01-23 18:36:46,890] INFO: pid:37546 done | load time: 1.012247085571289
[2021-01-23 18:36:46,891] INFO: loading model_word2vec_bibl_content
[2021-01-23 18:36:46,891] INFO: loading model_word2vec_bibl_content
[2021-01-23 18:36:46,891] INFO: loading Word2Vec object from /Users/neo1/PycharmProjects/vec4irltr/model/ir/20210121231330551/model_word2vec_bibl_content
[2021-01-23 18:36:46,891] INFO: loading Word2Vec object from /Users/neo1/PycharmProjects/vec4irltr/model/ir/20210121231330551/model_word2vec_bibl_content
[2021-01-23 18:36:46,902] INFO: loading wv recursively from /Users/neo1/PycharmProjects/vec4irltr/model/ir/20210121231330551/model_word2vec_bibl_content.wv.* with mmap=None
[2021-01-23 18:36:46,902] INFO: loading wv recursively from /Users/neo1/PycharmProjects/vec4irltr/model/ir/20210121231330551/model_word2vec_bibl_content.wv.* with mmap=None
[2021-01-23 18:36:46,903] INFO: setting ignored attribute vectors_norm to None
[2021-01-23 18:36:46,903] INFO: setting ignored attribute vectors_norm to None
[2021-01-23 18:36:46,904] INFO: loading vocabulary recursively from /Users/neo1/PycharmProjects/vec4irltr/model/ir/20210121231330551/model_word2vec_bibl_content.vocabulary.* with mmap=None
[2021-01-23 18:36:46,904] INFO: loading vocabulary recursively from /Users/neo1/PycharmProjects/vec4irltr/model/ir/20210121231330551/model_word2vec_bibl_content.vocabulary.* with mmap=None
[2021-01-23 18:36:46,904] INFO: loading trainables recursively from /Users/neo1/PycharmProjects/vec4irltr/model/ir/20210121231330551/model_word2vec_bibl_content.trainables.* with mmap=None
[2021-01-23 18:36:46,904] INFO: loading trainables recursively from /Users/neo1/PycharmProjects/vec4irltr/model/ir/20210121231330551/model_word2vec_bibl_content.trainables.* with mmap=None
[2021-01-23 18:36:46,905] INFO: setting ignored attribute cum_table to None
[2021-01-23 18:36:46,905] INFO: setting ignored attribute cum_table to None
[2021-01-23 18:36:46,906] INFO: loaded /Users/neo1/PycharmProjects/vec4irltr/model/ir/20210121231330551/model_word2vec_bibl_content
[2021-01-23 18:36:46,906] INFO: loaded /Users/neo1/PycharmProjects/vec4irltr/model/ir/20210121231330551/model_word2vec_bibl_content
[2021-01-23 18:36:46,909] INFO: load time:0.017869234085083008
[2021-01-23 18:36:46,909] INFO: load time:0.017869234085083008
[2021-01-23 18:36:47,911] INFO: pid:37546 done | load time: 1.020090103149414
[2021-01-23 18:36:47,911] INFO: pid:37546 done | load time: 1.020090103149414
[2021-01-23 18:36:47,912] INFO: loading model_word2vec_bibl_econtent
[2021-01-23 18:36:47,912] INFO: loading model_word2vec_bibl_econtent
[2021-01-23 18:36:47,913] INFO: loading Word2Vec object from /Users/neo1/PycharmProjects/vec4irltr/model/ir/20210121231330551/model_word2vec_bibl_econtent
[2021-01-23 18:36:47,913] INFO: loading Word2Vec object from /Users/neo1/PycharmProjects/vec4irltr/model/ir/20210121231330551/model_word2vec_bibl_econtent
[2021-01-23 18:36:47,914] INFO: loading wv recursively from /Users/neo1/PycharmProjects/vec4irltr/model/ir/20210121231330551/model_word2vec_bibl_econtent.wv.* with mmap=None
[2021-01-23 18:36:47,914] INFO: loading wv recursively from /Users/neo1/PycharmProjects/vec4irltr/model/ir/20210121231330551/model_word2vec_bibl_econtent.wv.* with mmap=None
[2021-01-23 18:36:47,915] INFO: setting ignored attribute vectors_norm to None
[2021-01-23 18:36:47,915] INFO: setting ignored attribute vectors_norm to None
[2021-01-23 18:36:47,916] INFO: loading vocabulary recursively from /Users/neo1/PycharmProjects/vec4irltr/model/ir/20210121231330551/model_word2vec_bibl_econtent.vocabulary.* with mmap=None
[2021-01-23 18:36:47,916] INFO: loading vocabulary recursively from /Users/neo1/PycharmProjects/vec4irltr/model/ir/20210121231330551/model_word2vec_bibl_econtent.vocabulary.* with mmap=None
[2021-01-23 18:36:47,916] INFO: loading trainables recursively from /Users/neo1/PycharmProjects/vec4irltr/model/ir/20210121231330551/model_word2vec_bibl_econtent.trainables.* with mmap=None
[2021-01-23 18:36:47,916] INFO: loading trainables recursively from /Users/neo1/PycharmProjects/vec4irltr/model/ir/20210121231330551/model_word2vec_bibl_econtent.trainables.* with mmap=None
[2021-01-23 18:36:47,917] INFO: setting ignored attribute cum_table to None
[2021-01-23 18:36:47,917] INFO: setting ignored attribute cum_table to None
[2021-01-23 18:36:47,917] INFO: loaded /Users/neo1/PycharmProjects/vec4irltr/model/ir/20210121231330551/model_word2vec_bibl_econtent
[2021-01-23 18:36:47,917] INFO: loaded /Users/neo1/PycharmProjects/vec4irltr/model/ir/20210121231330551/model_word2vec_bibl_econtent
[2021-01-23 18:36:47,918] INFO: load time:0.0053310394287109375
[2021-01-23 18:36:47,918] INFO: load time:0.0053310394287109375
[2021-01-23 18:36:48,921] INFO: pid:37546 done | load time: 1.008814811706543
[2021-01-23 18:36:48,921] INFO: pid:37546 done | load time: 1.008814811706543
