[2021-01-23 13:51:13,856] INFO: set_init_models_and_get_retrievals
[2021-01-23 13:51:13,856] INFO: set_init_models_and_get_retrievals
[2021-01-23 13:51:13,859] INFO: loading model_word2vec_bibl_bible_bcn
[2021-01-23 13:51:13,859] INFO: loading model_word2vec_bibl_bible_bcn
[2021-01-23 13:51:13,860] INFO: loading Word2Vec object from /Users/neo1/PycharmProjects/vec4irltr/model/ir/20210121231330551/model_word2vec_bibl_bible_bcn
[2021-01-23 13:51:13,860] INFO: loading Word2Vec object from /Users/neo1/PycharmProjects/vec4irltr/model/ir/20210121231330551/model_word2vec_bibl_bible_bcn
[2021-01-23 13:51:13,862] INFO: loading wv recursively from /Users/neo1/PycharmProjects/vec4irltr/model/ir/20210121231330551/model_word2vec_bibl_bible_bcn.wv.* with mmap=None
[2021-01-23 13:51:13,862] INFO: loading wv recursively from /Users/neo1/PycharmProjects/vec4irltr/model/ir/20210121231330551/model_word2vec_bibl_bible_bcn.wv.* with mmap=None
[2021-01-23 13:51:13,862] INFO: setting ignored attribute vectors_norm to None
[2021-01-23 13:51:13,862] INFO: setting ignored attribute vectors_norm to None
[2021-01-23 13:51:13,862] INFO: loading vocabulary recursively from /Users/neo1/PycharmProjects/vec4irltr/model/ir/20210121231330551/model_word2vec_bibl_bible_bcn.vocabulary.* with mmap=None
[2021-01-23 13:51:13,862] INFO: loading vocabulary recursively from /Users/neo1/PycharmProjects/vec4irltr/model/ir/20210121231330551/model_word2vec_bibl_bible_bcn.vocabulary.* with mmap=None
[2021-01-23 13:51:13,862] INFO: loading trainables recursively from /Users/neo1/PycharmProjects/vec4irltr/model/ir/20210121231330551/model_word2vec_bibl_bible_bcn.trainables.* with mmap=None
[2021-01-23 13:51:13,862] INFO: loading trainables recursively from /Users/neo1/PycharmProjects/vec4irltr/model/ir/20210121231330551/model_word2vec_bibl_bible_bcn.trainables.* with mmap=None
[2021-01-23 13:51:13,863] INFO: setting ignored attribute cum_table to None
[2021-01-23 13:51:13,863] INFO: setting ignored attribute cum_table to None
[2021-01-23 13:51:13,863] INFO: loaded /Users/neo1/PycharmProjects/vec4irltr/model/ir/20210121231330551/model_word2vec_bibl_bible_bcn
[2021-01-23 13:51:13,863] INFO: loaded /Users/neo1/PycharmProjects/vec4irltr/model/ir/20210121231330551/model_word2vec_bibl_bible_bcn
[2021-01-23 13:51:13,864] INFO: load time:0.003889799118041992
[2021-01-23 13:51:13,864] INFO: load time:0.003889799118041992
[2021-01-23 13:51:14,865] INFO: pid:17690 done | load time: 1.0052239894866943
[2021-01-23 13:51:14,865] INFO: pid:17690 done | load time: 1.0052239894866943
[2021-01-23 13:51:14,865] INFO: loading model_word2vec_bibl_content
[2021-01-23 13:51:14,865] INFO: loading model_word2vec_bibl_content
[2021-01-23 13:51:14,866] INFO: loading Word2Vec object from /Users/neo1/PycharmProjects/vec4irltr/model/ir/20210121231330551/model_word2vec_bibl_content
[2021-01-23 13:51:14,866] INFO: loading Word2Vec object from /Users/neo1/PycharmProjects/vec4irltr/model/ir/20210121231330551/model_word2vec_bibl_content
[2021-01-23 13:51:14,876] INFO: loading wv recursively from /Users/neo1/PycharmProjects/vec4irltr/model/ir/20210121231330551/model_word2vec_bibl_content.wv.* with mmap=None
[2021-01-23 13:51:14,876] INFO: loading wv recursively from /Users/neo1/PycharmProjects/vec4irltr/model/ir/20210121231330551/model_word2vec_bibl_content.wv.* with mmap=None
[2021-01-23 13:51:14,876] INFO: setting ignored attribute vectors_norm to None
[2021-01-23 13:51:14,876] INFO: setting ignored attribute vectors_norm to None
[2021-01-23 13:51:14,876] INFO: loading vocabulary recursively from /Users/neo1/PycharmProjects/vec4irltr/model/ir/20210121231330551/model_word2vec_bibl_content.vocabulary.* with mmap=None
[2021-01-23 13:51:14,876] INFO: loading vocabulary recursively from /Users/neo1/PycharmProjects/vec4irltr/model/ir/20210121231330551/model_word2vec_bibl_content.vocabulary.* with mmap=None
[2021-01-23 13:51:14,877] INFO: loading trainables recursively from /Users/neo1/PycharmProjects/vec4irltr/model/ir/20210121231330551/model_word2vec_bibl_content.trainables.* with mmap=None
[2021-01-23 13:51:14,877] INFO: loading trainables recursively from /Users/neo1/PycharmProjects/vec4irltr/model/ir/20210121231330551/model_word2vec_bibl_content.trainables.* with mmap=None
[2021-01-23 13:51:14,877] INFO: setting ignored attribute cum_table to None
[2021-01-23 13:51:14,877] INFO: setting ignored attribute cum_table to None
[2021-01-23 13:51:14,877] INFO: loaded /Users/neo1/PycharmProjects/vec4irltr/model/ir/20210121231330551/model_word2vec_bibl_content
[2021-01-23 13:51:14,877] INFO: loaded /Users/neo1/PycharmProjects/vec4irltr/model/ir/20210121231330551/model_word2vec_bibl_content
[2021-01-23 13:51:14,879] INFO: load time:0.013813018798828125
[2021-01-23 13:51:14,879] INFO: load time:0.013813018798828125
[2021-01-23 13:51:15,882] INFO: pid:17690 done | load time: 1.016496181488037
[2021-01-23 13:51:15,882] INFO: pid:17690 done | load time: 1.016496181488037
[2021-01-23 13:51:15,882] INFO: loading model_word2vec_bibl_econtent
[2021-01-23 13:51:15,882] INFO: loading model_word2vec_bibl_econtent
[2021-01-23 13:51:15,883] INFO: loading Word2Vec object from /Users/neo1/PycharmProjects/vec4irltr/model/ir/20210121231330551/model_word2vec_bibl_econtent
[2021-01-23 13:51:15,883] INFO: loading Word2Vec object from /Users/neo1/PycharmProjects/vec4irltr/model/ir/20210121231330551/model_word2vec_bibl_econtent
[2021-01-23 13:51:15,884] INFO: loading wv recursively from /Users/neo1/PycharmProjects/vec4irltr/model/ir/20210121231330551/model_word2vec_bibl_econtent.wv.* with mmap=None
[2021-01-23 13:51:15,884] INFO: loading wv recursively from /Users/neo1/PycharmProjects/vec4irltr/model/ir/20210121231330551/model_word2vec_bibl_econtent.wv.* with mmap=None
[2021-01-23 13:51:15,885] INFO: setting ignored attribute vectors_norm to None
[2021-01-23 13:51:15,885] INFO: setting ignored attribute vectors_norm to None
[2021-01-23 13:51:15,885] INFO: loading vocabulary recursively from /Users/neo1/PycharmProjects/vec4irltr/model/ir/20210121231330551/model_word2vec_bibl_econtent.vocabulary.* with mmap=None
[2021-01-23 13:51:15,885] INFO: loading vocabulary recursively from /Users/neo1/PycharmProjects/vec4irltr/model/ir/20210121231330551/model_word2vec_bibl_econtent.vocabulary.* with mmap=None
[2021-01-23 13:51:15,885] INFO: loading trainables recursively from /Users/neo1/PycharmProjects/vec4irltr/model/ir/20210121231330551/model_word2vec_bibl_econtent.trainables.* with mmap=None
[2021-01-23 13:51:15,885] INFO: loading trainables recursively from /Users/neo1/PycharmProjects/vec4irltr/model/ir/20210121231330551/model_word2vec_bibl_econtent.trainables.* with mmap=None
[2021-01-23 13:51:15,885] INFO: setting ignored attribute cum_table to None
[2021-01-23 13:51:15,885] INFO: setting ignored attribute cum_table to None
[2021-01-23 13:51:15,886] INFO: loaded /Users/neo1/PycharmProjects/vec4irltr/model/ir/20210121231330551/model_word2vec_bibl_econtent
[2021-01-23 13:51:15,886] INFO: loaded /Users/neo1/PycharmProjects/vec4irltr/model/ir/20210121231330551/model_word2vec_bibl_econtent
[2021-01-23 13:51:15,886] INFO: load time:0.0032477378845214844
[2021-01-23 13:51:15,886] INFO: load time:0.0032477378845214844
[2021-01-23 13:51:16,891] INFO: pid:17690 done | load time: 1.008495807647705
[2021-01-23 13:51:16,891] INFO: pid:17690 done | load time: 1.008495807647705
[2021-01-23 13:51:20,622] INFO: loading model_fasttext_bibl_bible_bcn
[2021-01-23 13:51:20,622] INFO: loading model_fasttext_bibl_bible_bcn
[2021-01-23 13:51:20,622] INFO: loading FastText object from /Users/neo1/PycharmProjects/vec4irltr/model/ir/20210121231330551/model_fasttext_bibl_bible_bcn
[2021-01-23 13:51:20,622] INFO: loading FastText object from /Users/neo1/PycharmProjects/vec4irltr/model/ir/20210121231330551/model_fasttext_bibl_bible_bcn
[2021-01-23 13:51:20,631] INFO: loading wv recursively from /Users/neo1/PycharmProjects/vec4irltr/model/ir/20210121231330551/model_fasttext_bibl_bible_bcn.wv.* with mmap=None
[2021-01-23 13:51:20,631] INFO: loading wv recursively from /Users/neo1/PycharmProjects/vec4irltr/model/ir/20210121231330551/model_fasttext_bibl_bible_bcn.wv.* with mmap=None
[2021-01-23 13:51:20,632] INFO: loading vectors_ngrams from /Users/neo1/PycharmProjects/vec4irltr/model/ir/20210121231330551/model_fasttext_bibl_bible_bcn.wv.vectors_ngrams.npy with mmap=None
[2021-01-23 13:51:20,632] INFO: loading vectors_ngrams from /Users/neo1/PycharmProjects/vec4irltr/model/ir/20210121231330551/model_fasttext_bibl_bible_bcn.wv.vectors_ngrams.npy with mmap=None
[2021-01-23 13:51:22,265] INFO: setting ignored attribute vectors_norm to None
[2021-01-23 13:51:22,265] INFO: setting ignored attribute vectors_norm to None
[2021-01-23 13:51:22,266] INFO: setting ignored attribute vectors_vocab_norm to None
[2021-01-23 13:51:22,266] INFO: setting ignored attribute vectors_vocab_norm to None
[2021-01-23 13:51:22,266] INFO: setting ignored attribute vectors_ngrams_norm to None
[2021-01-23 13:51:22,266] INFO: setting ignored attribute vectors_ngrams_norm to None
[2021-01-23 13:51:22,266] INFO: setting ignored attribute buckets_word to None
[2021-01-23 13:51:22,266] INFO: setting ignored attribute buckets_word to None
[2021-01-23 13:51:22,267] INFO: loading vocabulary recursively from /Users/neo1/PycharmProjects/vec4irltr/model/ir/20210121231330551/model_fasttext_bibl_bible_bcn.vocabulary.* with mmap=None
[2021-01-23 13:51:22,267] INFO: loading vocabulary recursively from /Users/neo1/PycharmProjects/vec4irltr/model/ir/20210121231330551/model_fasttext_bibl_bible_bcn.vocabulary.* with mmap=None
[2021-01-23 13:51:22,267] INFO: loading trainables recursively from /Users/neo1/PycharmProjects/vec4irltr/model/ir/20210121231330551/model_fasttext_bibl_bible_bcn.trainables.* with mmap=None
[2021-01-23 13:51:22,267] INFO: loading trainables recursively from /Users/neo1/PycharmProjects/vec4irltr/model/ir/20210121231330551/model_fasttext_bibl_bible_bcn.trainables.* with mmap=None
[2021-01-23 13:51:22,267] INFO: loading vectors_ngrams_lockf from /Users/neo1/PycharmProjects/vec4irltr/model/ir/20210121231330551/model_fasttext_bibl_bible_bcn.trainables.vectors_ngrams_lockf.npy with mmap=None
[2021-01-23 13:51:22,267] INFO: loading vectors_ngrams_lockf from /Users/neo1/PycharmProjects/vec4irltr/model/ir/20210121231330551/model_fasttext_bibl_bible_bcn.trainables.vectors_ngrams_lockf.npy with mmap=None
[2021-01-23 13:51:22,990] INFO: loaded /Users/neo1/PycharmProjects/vec4irltr/model/ir/20210121231330551/model_fasttext_bibl_bible_bcn
[2021-01-23 13:51:22,990] INFO: loaded /Users/neo1/PycharmProjects/vec4irltr/model/ir/20210121231330551/model_fasttext_bibl_bible_bcn
[2021-01-23 13:51:22,991] INFO: load time:2.3682868480682373
[2021-01-23 13:51:22,991] INFO: load time:2.3682868480682373
[2021-01-23 13:51:23,995] INFO: pid:17690 done | load time: 3.372437000274658
[2021-01-23 13:51:23,995] INFO: pid:17690 done | load time: 3.372437000274658
[2021-01-23 13:51:23,995] INFO: loading model_fasttext_bibl_content
[2021-01-23 13:51:23,995] INFO: loading model_fasttext_bibl_content
[2021-01-23 13:51:23,995] INFO: loading FastText object from /Users/neo1/PycharmProjects/vec4irltr/model/ir/20210121231330551/model_fasttext_bibl_content
[2021-01-23 13:51:23,995] INFO: loading FastText object from /Users/neo1/PycharmProjects/vec4irltr/model/ir/20210121231330551/model_fasttext_bibl_content
[2021-01-23 13:51:24,010] INFO: loading wv recursively from /Users/neo1/PycharmProjects/vec4irltr/model/ir/20210121231330551/model_fasttext_bibl_content.wv.* with mmap=None
[2021-01-23 13:51:24,010] INFO: loading wv recursively from /Users/neo1/PycharmProjects/vec4irltr/model/ir/20210121231330551/model_fasttext_bibl_content.wv.* with mmap=None
[2021-01-23 13:51:24,011] INFO: loading vectors_ngrams from /Users/neo1/PycharmProjects/vec4irltr/model/ir/20210121231330551/model_fasttext_bibl_content.wv.vectors_ngrams.npy with mmap=None
[2021-01-23 13:51:24,011] INFO: loading vectors_ngrams from /Users/neo1/PycharmProjects/vec4irltr/model/ir/20210121231330551/model_fasttext_bibl_content.wv.vectors_ngrams.npy with mmap=None
[2021-01-23 13:51:24,461] INFO: setting ignored attribute vectors_norm to None
[2021-01-23 13:51:24,461] INFO: setting ignored attribute vectors_norm to None
[2021-01-23 13:51:24,462] INFO: setting ignored attribute vectors_vocab_norm to None
[2021-01-23 13:51:24,462] INFO: setting ignored attribute vectors_vocab_norm to None
[2021-01-23 13:51:24,462] INFO: setting ignored attribute vectors_ngrams_norm to None
[2021-01-23 13:51:24,462] INFO: setting ignored attribute vectors_ngrams_norm to None
[2021-01-23 13:51:24,462] INFO: setting ignored attribute buckets_word to None
[2021-01-23 13:51:24,462] INFO: setting ignored attribute buckets_word to None
[2021-01-23 13:51:24,463] INFO: loading vocabulary recursively from /Users/neo1/PycharmProjects/vec4irltr/model/ir/20210121231330551/model_fasttext_bibl_content.vocabulary.* with mmap=None
[2021-01-23 13:51:24,463] INFO: loading vocabulary recursively from /Users/neo1/PycharmProjects/vec4irltr/model/ir/20210121231330551/model_fasttext_bibl_content.vocabulary.* with mmap=None
[2021-01-23 13:51:24,463] INFO: loading trainables recursively from /Users/neo1/PycharmProjects/vec4irltr/model/ir/20210121231330551/model_fasttext_bibl_content.trainables.* with mmap=None
[2021-01-23 13:51:24,463] INFO: loading trainables recursively from /Users/neo1/PycharmProjects/vec4irltr/model/ir/20210121231330551/model_fasttext_bibl_content.trainables.* with mmap=None
[2021-01-23 13:51:24,463] INFO: loading vectors_ngrams_lockf from /Users/neo1/PycharmProjects/vec4irltr/model/ir/20210121231330551/model_fasttext_bibl_content.trainables.vectors_ngrams_lockf.npy with mmap=None
[2021-01-23 13:51:24,463] INFO: loading vectors_ngrams_lockf from /Users/neo1/PycharmProjects/vec4irltr/model/ir/20210121231330551/model_fasttext_bibl_content.trainables.vectors_ngrams_lockf.npy with mmap=None
[2021-01-23 13:51:24,906] INFO: loaded /Users/neo1/PycharmProjects/vec4irltr/model/ir/20210121231330551/model_fasttext_bibl_content
[2021-01-23 13:51:24,906] INFO: loaded /Users/neo1/PycharmProjects/vec4irltr/model/ir/20210121231330551/model_fasttext_bibl_content
[2021-01-23 13:51:24,912] INFO: load time:0.9162650108337402
[2021-01-23 13:51:24,912] INFO: load time:0.9162650108337402
[2021-01-23 13:51:25,917] INFO: pid:17690 done | load time: 1.9214251041412354
[2021-01-23 13:51:25,917] INFO: pid:17690 done | load time: 1.9214251041412354
[2021-01-23 13:51:25,917] INFO: loading model_fasttext_bibl_econtent
[2021-01-23 13:51:25,917] INFO: loading model_fasttext_bibl_econtent
[2021-01-23 13:51:25,917] INFO: loading FastText object from /Users/neo1/PycharmProjects/vec4irltr/model/ir/20210121231330551/model_fasttext_bibl_econtent
[2021-01-23 13:51:25,917] INFO: loading FastText object from /Users/neo1/PycharmProjects/vec4irltr/model/ir/20210121231330551/model_fasttext_bibl_econtent
[2021-01-23 13:51:25,922] INFO: loading wv recursively from /Users/neo1/PycharmProjects/vec4irltr/model/ir/20210121231330551/model_fasttext_bibl_econtent.wv.* with mmap=None
[2021-01-23 13:51:25,922] INFO: loading wv recursively from /Users/neo1/PycharmProjects/vec4irltr/model/ir/20210121231330551/model_fasttext_bibl_econtent.wv.* with mmap=None
[2021-01-23 13:51:25,923] INFO: loading vectors_ngrams from /Users/neo1/PycharmProjects/vec4irltr/model/ir/20210121231330551/model_fasttext_bibl_econtent.wv.vectors_ngrams.npy with mmap=None
[2021-01-23 13:51:25,923] INFO: loading vectors_ngrams from /Users/neo1/PycharmProjects/vec4irltr/model/ir/20210121231330551/model_fasttext_bibl_econtent.wv.vectors_ngrams.npy with mmap=None
[2021-01-23 13:51:27,907] INFO: setting ignored attribute vectors_norm to None
[2021-01-23 13:51:27,907] INFO: setting ignored attribute vectors_norm to None
[2021-01-23 13:51:27,908] INFO: setting ignored attribute vectors_vocab_norm to None
[2021-01-23 13:51:27,908] INFO: setting ignored attribute vectors_vocab_norm to None
[2021-01-23 13:51:27,908] INFO: setting ignored attribute vectors_ngrams_norm to None
[2021-01-23 13:51:27,908] INFO: setting ignored attribute vectors_ngrams_norm to None
[2021-01-23 13:51:27,908] INFO: setting ignored attribute buckets_word to None
[2021-01-23 13:51:27,908] INFO: setting ignored attribute buckets_word to None
[2021-01-23 13:51:27,908] INFO: loading vocabulary recursively from /Users/neo1/PycharmProjects/vec4irltr/model/ir/20210121231330551/model_fasttext_bibl_econtent.vocabulary.* with mmap=None
[2021-01-23 13:51:27,908] INFO: loading vocabulary recursively from /Users/neo1/PycharmProjects/vec4irltr/model/ir/20210121231330551/model_fasttext_bibl_econtent.vocabulary.* with mmap=None
[2021-01-23 13:51:27,909] INFO: loading trainables recursively from /Users/neo1/PycharmProjects/vec4irltr/model/ir/20210121231330551/model_fasttext_bibl_econtent.trainables.* with mmap=None
[2021-01-23 13:51:27,909] INFO: loading trainables recursively from /Users/neo1/PycharmProjects/vec4irltr/model/ir/20210121231330551/model_fasttext_bibl_econtent.trainables.* with mmap=None
[2021-01-23 13:51:27,909] INFO: loading vectors_ngrams_lockf from /Users/neo1/PycharmProjects/vec4irltr/model/ir/20210121231330551/model_fasttext_bibl_econtent.trainables.vectors_ngrams_lockf.npy with mmap=None
[2021-01-23 13:51:27,909] INFO: loading vectors_ngrams_lockf from /Users/neo1/PycharmProjects/vec4irltr/model/ir/20210121231330551/model_fasttext_bibl_econtent.trainables.vectors_ngrams_lockf.npy with mmap=None
[2021-01-23 13:51:29,476] INFO: loaded /Users/neo1/PycharmProjects/vec4irltr/model/ir/20210121231330551/model_fasttext_bibl_econtent
[2021-01-23 13:51:29,476] INFO: loaded /Users/neo1/PycharmProjects/vec4irltr/model/ir/20210121231330551/model_fasttext_bibl_econtent
[2021-01-23 13:51:29,476] INFO: load time:3.5585920810699463
[2021-01-23 13:51:29,476] INFO: load time:3.5585920810699463
[2021-01-23 13:51:30,481] INFO: pid:17690 done | load time: 4.563046932220459
[2021-01-23 13:51:30,481] INFO: pid:17690 done | load time: 4.563046932220459
[2021-01-23 13:51:34,544] INFO: loading model_word2vec_bibl_bible_bcn
[2021-01-23 13:51:34,544] INFO: loading model_word2vec_bibl_bible_bcn
[2021-01-23 13:51:34,545] INFO: loading Word2Vec object from /Users/neo1/PycharmProjects/vec4irltr/model/ir/20210121231330551/model_word2vec_bibl_bible_bcn
[2021-01-23 13:51:34,545] INFO: loading Word2Vec object from /Users/neo1/PycharmProjects/vec4irltr/model/ir/20210121231330551/model_word2vec_bibl_bible_bcn
[2021-01-23 13:51:34,550] INFO: loading wv recursively from /Users/neo1/PycharmProjects/vec4irltr/model/ir/20210121231330551/model_word2vec_bibl_bible_bcn.wv.* with mmap=None
[2021-01-23 13:51:34,550] INFO: loading wv recursively from /Users/neo1/PycharmProjects/vec4irltr/model/ir/20210121231330551/model_word2vec_bibl_bible_bcn.wv.* with mmap=None
[2021-01-23 13:51:34,551] INFO: setting ignored attribute vectors_norm to None
[2021-01-23 13:51:34,551] INFO: setting ignored attribute vectors_norm to None
[2021-01-23 13:51:34,551] INFO: loading vocabulary recursively from /Users/neo1/PycharmProjects/vec4irltr/model/ir/20210121231330551/model_word2vec_bibl_bible_bcn.vocabulary.* with mmap=None
[2021-01-23 13:51:34,551] INFO: loading vocabulary recursively from /Users/neo1/PycharmProjects/vec4irltr/model/ir/20210121231330551/model_word2vec_bibl_bible_bcn.vocabulary.* with mmap=None
[2021-01-23 13:51:34,551] INFO: loading trainables recursively from /Users/neo1/PycharmProjects/vec4irltr/model/ir/20210121231330551/model_word2vec_bibl_bible_bcn.trainables.* with mmap=None
[2021-01-23 13:51:34,551] INFO: loading trainables recursively from /Users/neo1/PycharmProjects/vec4irltr/model/ir/20210121231330551/model_word2vec_bibl_bible_bcn.trainables.* with mmap=None
[2021-01-23 13:51:34,551] INFO: setting ignored attribute cum_table to None
[2021-01-23 13:51:34,551] INFO: setting ignored attribute cum_table to None
[2021-01-23 13:51:34,552] INFO: loaded /Users/neo1/PycharmProjects/vec4irltr/model/ir/20210121231330551/model_word2vec_bibl_bible_bcn
[2021-01-23 13:51:34,552] INFO: loaded /Users/neo1/PycharmProjects/vec4irltr/model/ir/20210121231330551/model_word2vec_bibl_bible_bcn
[2021-01-23 13:51:34,552] INFO: load time:0.007279157638549805
[2021-01-23 13:51:34,552] INFO: load time:0.007279157638549805
[2021-01-23 13:51:35,553] INFO: pid:17690 done | load time: 1.008491039276123
[2021-01-23 13:51:35,553] INFO: pid:17690 done | load time: 1.008491039276123
[2021-01-23 13:51:35,554] INFO: loading model_word2vec_bibl_content
[2021-01-23 13:51:35,554] INFO: loading model_word2vec_bibl_content
[2021-01-23 13:51:35,554] INFO: loading Word2Vec object from /Users/neo1/PycharmProjects/vec4irltr/model/ir/20210121231330551/model_word2vec_bibl_content
[2021-01-23 13:51:35,554] INFO: loading Word2Vec object from /Users/neo1/PycharmProjects/vec4irltr/model/ir/20210121231330551/model_word2vec_bibl_content
[2021-01-23 13:51:35,628] INFO: loading wv recursively from /Users/neo1/PycharmProjects/vec4irltr/model/ir/20210121231330551/model_word2vec_bibl_content.wv.* with mmap=None
[2021-01-23 13:51:35,628] INFO: loading wv recursively from /Users/neo1/PycharmProjects/vec4irltr/model/ir/20210121231330551/model_word2vec_bibl_content.wv.* with mmap=None
[2021-01-23 13:51:35,628] INFO: setting ignored attribute vectors_norm to None
[2021-01-23 13:51:35,628] INFO: setting ignored attribute vectors_norm to None
[2021-01-23 13:51:35,628] INFO: loading vocabulary recursively from /Users/neo1/PycharmProjects/vec4irltr/model/ir/20210121231330551/model_word2vec_bibl_content.vocabulary.* with mmap=None
[2021-01-23 13:51:35,628] INFO: loading vocabulary recursively from /Users/neo1/PycharmProjects/vec4irltr/model/ir/20210121231330551/model_word2vec_bibl_content.vocabulary.* with mmap=None
[2021-01-23 13:51:35,629] INFO: loading trainables recursively from /Users/neo1/PycharmProjects/vec4irltr/model/ir/20210121231330551/model_word2vec_bibl_content.trainables.* with mmap=None
[2021-01-23 13:51:35,629] INFO: loading trainables recursively from /Users/neo1/PycharmProjects/vec4irltr/model/ir/20210121231330551/model_word2vec_bibl_content.trainables.* with mmap=None
[2021-01-23 13:51:35,629] INFO: setting ignored attribute cum_table to None
[2021-01-23 13:51:35,629] INFO: setting ignored attribute cum_table to None
[2021-01-23 13:51:35,629] INFO: loaded /Users/neo1/PycharmProjects/vec4irltr/model/ir/20210121231330551/model_word2vec_bibl_content
[2021-01-23 13:51:35,629] INFO: loaded /Users/neo1/PycharmProjects/vec4irltr/model/ir/20210121231330551/model_word2vec_bibl_content
[2021-01-23 13:51:35,631] INFO: load time:0.07724905014038086
[2021-01-23 13:51:35,631] INFO: load time:0.07724905014038086
[2021-01-23 13:51:36,634] INFO: pid:17690 done | load time: 1.079758882522583
[2021-01-23 13:51:36,634] INFO: pid:17690 done | load time: 1.079758882522583
[2021-01-23 13:51:36,634] INFO: loading model_word2vec_bibl_econtent
[2021-01-23 13:51:36,634] INFO: loading model_word2vec_bibl_econtent
[2021-01-23 13:51:36,634] INFO: loading Word2Vec object from /Users/neo1/PycharmProjects/vec4irltr/model/ir/20210121231330551/model_word2vec_bibl_econtent
[2021-01-23 13:51:36,634] INFO: loading Word2Vec object from /Users/neo1/PycharmProjects/vec4irltr/model/ir/20210121231330551/model_word2vec_bibl_econtent
[2021-01-23 13:51:36,669] INFO: loading wv recursively from /Users/neo1/PycharmProjects/vec4irltr/model/ir/20210121231330551/model_word2vec_bibl_econtent.wv.* with mmap=None
[2021-01-23 13:51:36,669] INFO: loading wv recursively from /Users/neo1/PycharmProjects/vec4irltr/model/ir/20210121231330551/model_word2vec_bibl_econtent.wv.* with mmap=None
[2021-01-23 13:51:36,669] INFO: setting ignored attribute vectors_norm to None
[2021-01-23 13:51:36,669] INFO: setting ignored attribute vectors_norm to None
[2021-01-23 13:51:36,669] INFO: loading vocabulary recursively from /Users/neo1/PycharmProjects/vec4irltr/model/ir/20210121231330551/model_word2vec_bibl_econtent.vocabulary.* with mmap=None
[2021-01-23 13:51:36,669] INFO: loading vocabulary recursively from /Users/neo1/PycharmProjects/vec4irltr/model/ir/20210121231330551/model_word2vec_bibl_econtent.vocabulary.* with mmap=None
[2021-01-23 13:51:36,669] INFO: loading trainables recursively from /Users/neo1/PycharmProjects/vec4irltr/model/ir/20210121231330551/model_word2vec_bibl_econtent.trainables.* with mmap=None
[2021-01-23 13:51:36,669] INFO: loading trainables recursively from /Users/neo1/PycharmProjects/vec4irltr/model/ir/20210121231330551/model_word2vec_bibl_econtent.trainables.* with mmap=None
[2021-01-23 13:51:36,670] INFO: setting ignored attribute cum_table to None
[2021-01-23 13:51:36,670] INFO: setting ignored attribute cum_table to None
[2021-01-23 13:51:36,670] INFO: loaded /Users/neo1/PycharmProjects/vec4irltr/model/ir/20210121231330551/model_word2vec_bibl_econtent
[2021-01-23 13:51:36,670] INFO: loaded /Users/neo1/PycharmProjects/vec4irltr/model/ir/20210121231330551/model_word2vec_bibl_econtent
[2021-01-23 13:51:36,670] INFO: load time:0.035902976989746094
[2021-01-23 13:51:36,670] INFO: load time:0.035902976989746094
[2021-01-23 13:51:37,673] INFO: pid:17690 done | load time: 1.038578748703003
[2021-01-23 13:51:37,673] INFO: pid:17690 done | load time: 1.038578748703003
